[  1%] Built target axbot_interfaces__rosidl_generator_type_description
[  1%] Built target ament_cmake_python_copy_axbot_interfaces
[  1%] Built target axbot_interfaces__cpp
running egg_info
writing axbot_interfaces.egg-info/PKG-INFO
writing dependency_links to axbot_interfaces.egg-info/dependency_links.txt
writing top-level names to axbot_interfaces.egg-info/top_level.txt
reading manifest file 'axbot_interfaces.egg-info/SOURCES.txt'
writing manifest file 'axbot_interfaces.egg-info/SOURCES.txt'
[  1%] Built target ament_cmake_python_build_axbot_interfaces_egg
[ 26%] Built target axbot_interfaces__rosidl_generator_c
[ 35%] Built target axbot_interfaces__rosidl_typesupport_introspection_c
[ 45%] Built target axbot_interfaces__rosidl_typesupport_c
[ 54%] Built target axbot_interfaces__rosidl_typesupport_cpp
[ 64%] Built target axbot_interfaces__rosidl_typesupport_fastrtps_c
[ 74%] Built target axbot_interfaces__rosidl_typesupport_introspection_cpp
[ 84%] Built target axbot_interfaces__rosidl_typesupport_fastrtps_cpp
[ 84%] Built target axbot_interfaces
[ 85%] Built target axbot_interfaces__py
[ 94%] Built target axbot_interfaces__rosidl_generator_py
[ 96%] Built target axbot_interfaces_s__rosidl_typesupport_fastrtps_c
[ 98%] Built target axbot_interfaces_s__rosidl_typesupport_introspection_c
[100%] Built target axbot_interfaces_s__rosidl_typesupport_c
