[0.186s] Invoking command in '/media/roboserver/DATA/axbot_ws/build/axbot_interfaces': CMAKE_PREFIX_PATH=${CMAKE_PREFIX_PATH}:/media/roboserver/DATA/axbot_ws/install/pc2_listener:/media/roboserver/DATA/axbot_ws/install/axbot_examples:/media/roboserver/DATA/axbot_ws/install/axbot_driver:/media/roboserver/DATA/autox_ws/install/fielder_teleop:/media/roboserver/DATA/autox_ws/install/fielder_odometry:/media/roboserver/DATA/autox_ws/install/fielder_navigation:/opt/ros/jazzy DEBUGINFOD_URLS=https://debuginfod.ubuntu.com /usr/bin/cmake --build /media/roboserver/DATA/axbot_ws/build/axbot_interfaces -- -j8 -l8
[2.457s] [  1%] Built target axbot_interfaces__rosidl_generator_type_description
[2.702s] [  1%] Built target ament_cmake_python_copy_axbot_interfaces
[2.719s] [  1%] Built target axbot_interfaces__cpp
[3.053s] running egg_info
[3.081s] writing axbot_interfaces.egg-info/PKG-INFO
[3.081s] writing dependency_links to axbot_interfaces.egg-info/dependency_links.txt
[3.081s] writing top-level names to axbot_interfaces.egg-info/top_level.txt
[3.166s] reading manifest file 'axbot_interfaces.egg-info/SOURCES.txt'
[3.197s] writing manifest file 'axbot_interfaces.egg-info/SOURCES.txt'
[3.224s] [  1%] Built target ament_cmake_python_build_axbot_interfaces_egg
[4.093s] [ 26%] Built target axbot_interfaces__rosidl_generator_c
[4.462s] [ 35%] Built target axbot_interfaces__rosidl_typesupport_introspection_c
[4.620s] [ 45%] Built target axbot_interfaces__rosidl_typesupport_c
[4.729s] [ 54%] Built target axbot_interfaces__rosidl_typesupport_cpp
[4.763s] [ 64%] Built target axbot_interfaces__rosidl_typesupport_fastrtps_c
[4.828s] [ 74%] Built target axbot_interfaces__rosidl_typesupport_introspection_cpp
[4.898s] [ 84%] Built target axbot_interfaces__rosidl_typesupport_fastrtps_cpp
[5.036s] [ 84%] Built target axbot_interfaces
[5.179s] [ 85%] Built target axbot_interfaces__py
[5.757s] [ 94%] Built target axbot_interfaces__rosidl_generator_py
[5.858s] [ 96%] Built target axbot_interfaces_s__rosidl_typesupport_fastrtps_c
[5.901s] [ 98%] Built target axbot_interfaces_s__rosidl_typesupport_introspection_c
[5.904s] [100%] Built target axbot_interfaces_s__rosidl_typesupport_c
