[0.027s] Invoking command in '/media/roboserver/DATA/axbot_ws/build/axbot_interfaces': CMAKE_PREFIX_PATH=${CMAKE_PREFIX_PATH}:/media/roboserver/DATA/axbot_ws/install/pc2_listener:/media/roboserver/DATA/axbot_ws/install/axbot_examples:/media/roboserver/DATA/axbot_ws/install/axbot_driver:/media/roboserver/DATA/autox_ws/install/fielder_teleop:/media/roboserver/DATA/autox_ws/install/fielder_odometry:/media/roboserver/DATA/autox_ws/install/fielder_navigation:/opt/ros/jazzy DEBUGINFOD_URLS=https://debuginfod.ubuntu.com /usr/bin/cmake /media/roboserver/DATA/axbot_ws/src/axbot_interfaces -DCMAKE_INSTALL_PREFIX=/media/roboserver/DATA/axbot_ws/install/axbot_interfaces
[0.042s] -- Found ament_cmake: 2.5.4 (/opt/ros/jazzy/share/ament_cmake/cmake)
[0.071s] -- Found Python3: /usr/bin/python3 (found version "3.12.3") found components: Interpreter 
[0.156s] -- Override CMake install command with custom implementation using symlinks instead of copying resources
[0.164s] -- Found std_msgs: 5.3.6 (/opt/ros/jazzy/share/std_msgs/cmake)
[0.191s] -- Found rosidl_generator_c: 4.6.6 (/opt/ros/jazzy/share/rosidl_generator_c/cmake)
[0.201s] -- Found rosidl_generator_cpp: 4.6.6 (/opt/ros/jazzy/share/rosidl_generator_cpp/cmake)
[0.214s] -- Using all available rosidl_typesupport_c: rosidl_typesupport_fastrtps_c;rosidl_typesupport_introspection_c
[0.228s] -- Using all available rosidl_typesupport_cpp: rosidl_typesupport_fastrtps_cpp;rosidl_typesupport_introspection_cpp
[0.256s] -- Found geometry_msgs: 5.3.6 (/opt/ros/jazzy/share/geometry_msgs/cmake)
[0.272s] -- Found rosidl_default_generators: 1.6.0 (/opt/ros/jazzy/share/rosidl_default_generators/cmake)
[0.282s] -- Found rosidl_adapter: 4.6.6 (/opt/ros/jazzy/share/rosidl_adapter/cmake)
[0.672s] -- Found ament_cmake_ros: 0.12.0 (/opt/ros/jazzy/share/ament_cmake_ros/cmake)
[0.969s] -- Using all available rosidl_typesupport_c: rosidl_typesupport_fastrtps_c;rosidl_typesupport_introspection_c
[1.091s] -- Using all available rosidl_typesupport_cpp: rosidl_typesupport_fastrtps_cpp;rosidl_typesupport_introspection_cpp
[1.093s] -- Found python_cmake_module: 0.11.1 (/opt/ros/jazzy/share/python_cmake_module/cmake)
[1.355s] -- Found Python3: /usr/bin/python3 (found version "3.12.3") found components: Interpreter Development NumPy Development.Module Development.Embed 
[1.403s] -- Configuring done (1.4s)
[1.456s] -- Generating done (0.0s)
[1.467s] -- Build files have been written to: /media/roboserver/DATA/axbot_ws/build/axbot_interfaces
[1.474s] Invoked command in '/media/roboserver/DATA/axbot_ws/build/axbot_interfaces' returned '0': CMAKE_PREFIX_PATH=${CMAKE_PREFIX_PATH}:/media/roboserver/DATA/axbot_ws/install/pc2_listener:/media/roboserver/DATA/axbot_ws/install/axbot_examples:/media/roboserver/DATA/axbot_ws/install/axbot_driver:/media/roboserver/DATA/autox_ws/install/fielder_teleop:/media/roboserver/DATA/autox_ws/install/fielder_odometry:/media/roboserver/DATA/autox_ws/install/fielder_navigation:/opt/ros/jazzy DEBUGINFOD_URLS=https://debuginfod.ubuntu.com /usr/bin/cmake /media/roboserver/DATA/axbot_ws/src/axbot_interfaces -DCMAKE_INSTALL_PREFIX=/media/roboserver/DATA/axbot_ws/install/axbot_interfaces
[1.475s] Invoking command in '/media/roboserver/DATA/axbot_ws/build/axbot_interfaces': CMAKE_PREFIX_PATH=${CMAKE_PREFIX_PATH}:/media/roboserver/DATA/axbot_ws/install/pc2_listener:/media/roboserver/DATA/axbot_ws/install/axbot_examples:/media/roboserver/DATA/axbot_ws/install/axbot_driver:/media/roboserver/DATA/autox_ws/install/fielder_teleop:/media/roboserver/DATA/autox_ws/install/fielder_odometry:/media/roboserver/DATA/autox_ws/install/fielder_navigation:/opt/ros/jazzy DEBUGINFOD_URLS=https://debuginfod.ubuntu.com /usr/bin/cmake --build /media/roboserver/DATA/axbot_ws/build/axbot_interfaces -- -j8 -l8
[1.531s] [  1%] Built target axbot_interfaces__rosidl_generator_type_description
[1.540s] [  1%] Built target ament_cmake_python_symlink_axbot_interfaces
[1.554s] [  1%] Built target axbot_interfaces__cpp
[1.566s] [  1%] Built target axbot_interfaces__rosidl_generator_c
[1.607s] [  1%] Built target axbot_interfaces__rosidl_typesupport_introspection_c
[1.607s] [  1%] Built target axbot_interfaces__rosidl_typesupport_c
[1.614s] [  1%] Built target axbot_interfaces__rosidl_typesupport_cpp
[1.616s] [  1%] Built target axbot_interfaces__rosidl_typesupport_introspection_cpp
[1.617s] [  1%] Built target axbot_interfaces__rosidl_typesupport_fastrtps_cpp
[1.619s] [  1%] Built target axbot_interfaces__rosidl_typesupport_fastrtps_c
[1.642s] [  1%] Built target axbot_interfaces
[1.665s] [  1%] Built target axbot_interfaces__py
[1.699s] [  1%] Built target axbot_interfaces__rosidl_generator_py
[1.726s] [  1%] Built target axbot_interfaces_s__rosidl_typesupport_c
[1.727s] [  1%] Built target axbot_interfaces_s__rosidl_typesupport_fastrtps_c
[1.733s] [  1%] Built target axbot_interfaces_s__rosidl_typesupport_introspection_c
[1.821s] running egg_info
[1.846s] writing axbot_interfaces.egg-info/PKG-INFO
[1.846s] writing dependency_links to axbot_interfaces.egg-info/dependency_links.txt
[1.846s] writing top-level names to axbot_interfaces.egg-info/top_level.txt
[1.918s] reading manifest file 'axbot_interfaces.egg-info/SOURCES.txt'
[1.919s] writing manifest file 'axbot_interfaces.egg-info/SOURCES.txt'
[1.946s] [  1%] Built target ament_cmake_python_build_axbot_interfaces_egg
[1.957s] Invoked command in '/media/roboserver/DATA/axbot_ws/build/axbot_interfaces' returned '0': CMAKE_PREFIX_PATH=${CMAKE_PREFIX_PATH}:/media/roboserver/DATA/axbot_ws/install/pc2_listener:/media/roboserver/DATA/axbot_ws/install/axbot_examples:/media/roboserver/DATA/axbot_ws/install/axbot_driver:/media/roboserver/DATA/autox_ws/install/fielder_teleop:/media/roboserver/DATA/autox_ws/install/fielder_odometry:/media/roboserver/DATA/autox_ws/install/fielder_navigation:/opt/ros/jazzy DEBUGINFOD_URLS=https://debuginfod.ubuntu.com /usr/bin/cmake --build /media/roboserver/DATA/axbot_ws/build/axbot_interfaces -- -j8 -l8
[1.958s] Invoking command in '/media/roboserver/DATA/axbot_ws/build/axbot_interfaces': CMAKE_PREFIX_PATH=${CMAKE_PREFIX_PATH}:/media/roboserver/DATA/axbot_ws/install/pc2_listener:/media/roboserver/DATA/axbot_ws/install/axbot_examples:/media/roboserver/DATA/axbot_ws/install/axbot_driver:/media/roboserver/DATA/autox_ws/install/fielder_teleop:/media/roboserver/DATA/autox_ws/install/fielder_odometry:/media/roboserver/DATA/autox_ws/install/fielder_navigation:/opt/ros/jazzy DEBUGINFOD_URLS=https://debuginfod.ubuntu.com /usr/bin/cmake --install /media/roboserver/DATA/axbot_ws/build/axbot_interfaces
[1.966s] -- Install configuration: ""
[1.966s] -- Execute custom install script
[1.967s] -- Up-to-date symlink: /media/roboserver/DATA/axbot_ws/install/axbot_interfaces/share/ament_index/resource_index/rosidl_interfaces/axbot_interfaces
[1.967s] -- Up-to-date symlink: /media/roboserver/DATA/axbot_ws/install/axbot_interfaces/share/axbot_interfaces/msg/DeviceInfo.json
[1.967s] -- Up-to-date symlink: /media/roboserver/DATA/axbot_ws/install/axbot_interfaces/share/axbot_interfaces/msg/WheelState.json
[1.967s] -- Up-to-date symlink: /media/roboserver/DATA/axbot_ws/install/axbot_interfaces/share/axbot_interfaces/msg/SlamState.json
[1.967s] -- Up-to-date symlink: /media/roboserver/DATA/axbot_ws/install/axbot_interfaces/share/axbot_interfaces/msg/PlanningState.json
[1.968s] -- Up-to-date symlink: /media/roboserver/DATA/axbot_ws/install/axbot_interfaces/share/axbot_interfaces/msg/RobotPose.json
[1.968s] -- Up-to-date symlink: /media/roboserver/DATA/axbot_ws/install/axbot_interfaces/share/axbot_interfaces/srv/SetControlMode.json
[1.968s] -- Up-to-date symlink: /media/roboserver/DATA/axbot_ws/install/axbot_interfaces/share/axbot_interfaces/srv/SetEmergencyStop.json
[1.968s] -- Up-to-date symlink: /media/roboserver/DATA/axbot_ws/install/axbot_interfaces/share/axbot_interfaces/srv/GetDeviceInfo.json
[1.969s] -- Up-to-date symlink: /media/roboserver/DATA/axbot_ws/install/axbot_interfaces/include/axbot_interfaces/axbot_interfaces/msg/detail/device_info__functions.h
[1.969s] -- Up-to-date symlink: /media/roboserver/DATA/axbot_ws/install/axbot_interfaces/include/axbot_interfaces/axbot_interfaces/msg/detail/device_info__struct.h
[1.969s] -- Up-to-date symlink: /media/roboserver/DATA/axbot_ws/install/axbot_interfaces/include/axbot_interfaces/axbot_interfaces/msg/detail/device_info__type_support.h
[1.969s] -- Up-to-date symlink: /media/roboserver/DATA/axbot_ws/install/axbot_interfaces/include/axbot_interfaces/axbot_interfaces/msg/detail/planning_state__functions.h
[1.969s] -- Up-to-date symlink: /media/roboserver/DATA/axbot_ws/install/axbot_interfaces/include/axbot_interfaces/axbot_interfaces/msg/detail/planning_state__struct.h
[1.970s] -- Up-to-date symlink: /media/roboserver/DATA/axbot_ws/install/axbot_interfaces/include/axbot_interfaces/axbot_interfaces/msg/detail/planning_state__type_support.h
[1.970s] -- Up-to-date symlink: /media/roboserver/DATA/axbot_ws/install/axbot_interfaces/include/axbot_interfaces/axbot_interfaces/msg/detail/robot_pose__functions.h
[1.970s] -- Up-to-date symlink: /media/roboserver/DATA/axbot_ws/install/axbot_interfaces/include/axbot_interfaces/axbot_interfaces/msg/detail/robot_pose__struct.h
[1.970s] -- Up-to-date symlink: /media/roboserver/DATA/axbot_ws/install/axbot_interfaces/include/axbot_interfaces/axbot_interfaces/msg/detail/robot_pose__type_support.h
[1.970s] -- Up-to-date symlink: /media/roboserver/DATA/axbot_ws/install/axbot_interfaces/include/axbot_interfaces/axbot_interfaces/msg/detail/slam_state__functions.h
[1.970s] -- Up-to-date symlink: /media/roboserver/DATA/axbot_ws/install/axbot_interfaces/include/axbot_interfaces/axbot_interfaces/msg/detail/slam_state__struct.h
[1.970s] -- Up-to-date symlink: /media/roboserver/DATA/axbot_ws/install/axbot_interfaces/include/axbot_interfaces/axbot_interfaces/msg/detail/slam_state__type_support.h
[1.970s] -- Up-to-date symlink: /media/roboserver/DATA/axbot_ws/install/axbot_interfaces/include/axbot_interfaces/axbot_interfaces/msg/detail/wheel_state__functions.h
[1.970s] -- Up-to-date symlink: /media/roboserver/DATA/axbot_ws/install/axbot_interfaces/include/axbot_interfaces/axbot_interfaces/msg/detail/wheel_state__struct.h
[1.971s] -- Up-to-date symlink: /media/roboserver/DATA/axbot_ws/install/axbot_interfaces/include/axbot_interfaces/axbot_interfaces/msg/detail/wheel_state__type_support.h
[1.971s] -- Up-to-date symlink: /media/roboserver/DATA/axbot_ws/install/axbot_interfaces/include/axbot_interfaces/axbot_interfaces/msg/device_info.h
[1.971s] -- Up-to-date symlink: /media/roboserver/DATA/axbot_ws/install/axbot_interfaces/include/axbot_interfaces/axbot_interfaces/msg/planning_state.h
[1.971s] -- Up-to-date symlink: /media/roboserver/DATA/axbot_ws/install/axbot_interfaces/include/axbot_interfaces/axbot_interfaces/msg/robot_pose.h
[1.971s] -- Up-to-date symlink: /media/roboserver/DATA/axbot_ws/install/axbot_interfaces/include/axbot_interfaces/axbot_interfaces/msg/rosidl_generator_c__visibility_control.h
[1.971s] -- Up-to-date symlink: /media/roboserver/DATA/axbot_ws/install/axbot_interfaces/include/axbot_interfaces/axbot_interfaces/msg/slam_state.h
[1.971s] -- Up-to-date symlink: /media/roboserver/DATA/axbot_ws/install/axbot_interfaces/include/axbot_interfaces/axbot_interfaces/msg/wheel_state.h
[1.971s] -- Up-to-date symlink: /media/roboserver/DATA/axbot_ws/install/axbot_interfaces/include/axbot_interfaces/axbot_interfaces/srv/detail/get_device_info__functions.h
[1.972s] -- Up-to-date symlink: /media/roboserver/DATA/axbot_ws/install/axbot_interfaces/include/axbot_interfaces/axbot_interfaces/srv/detail/get_device_info__struct.h
[1.972s] -- Up-to-date symlink: /media/roboserver/DATA/axbot_ws/install/axbot_interfaces/include/axbot_interfaces/axbot_interfaces/srv/detail/get_device_info__type_support.h
[1.972s] -- Up-to-date symlink: /media/roboserver/DATA/axbot_ws/install/axbot_interfaces/include/axbot_interfaces/axbot_interfaces/srv/detail/set_control_mode__functions.h
[1.972s] -- Up-to-date symlink: /media/roboserver/DATA/axbot_ws/install/axbot_interfaces/include/axbot_interfaces/axbot_interfaces/srv/detail/set_control_mode__struct.h
[1.972s] -- Up-to-date symlink: /media/roboserver/DATA/axbot_ws/install/axbot_interfaces/include/axbot_interfaces/axbot_interfaces/srv/detail/set_control_mode__type_support.h
[1.972s] -- Up-to-date symlink: /media/roboserver/DATA/axbot_ws/install/axbot_interfaces/include/axbot_interfaces/axbot_interfaces/srv/detail/set_emergency_stop__functions.h
[1.972s] -- Up-to-date symlink: /media/roboserver/DATA/axbot_ws/install/axbot_interfaces/include/axbot_interfaces/axbot_interfaces/srv/detail/set_emergency_stop__struct.h
[1.972s] -- Up-to-date symlink: /media/roboserver/DATA/axbot_ws/install/axbot_interfaces/include/axbot_interfaces/axbot_interfaces/srv/detail/set_emergency_stop__type_support.h
[1.973s] -- Up-to-date symlink: /media/roboserver/DATA/axbot_ws/install/axbot_interfaces/include/axbot_interfaces/axbot_interfaces/srv/get_device_info.h
[1.973s] -- Up-to-date symlink: /media/roboserver/DATA/axbot_ws/install/axbot_interfaces/include/axbot_interfaces/axbot_interfaces/srv/set_control_mode.h
[1.973s] -- Up-to-date symlink: /media/roboserver/DATA/axbot_ws/install/axbot_interfaces/include/axbot_interfaces/axbot_interfaces/srv/set_emergency_stop.h
[1.973s] -- Up-to-date symlink: /media/roboserver/DATA/axbot_ws/install/axbot_interfaces/share/axbot_interfaces/environment/library_path.sh
[1.973s] -- Up-to-date symlink: /media/roboserver/DATA/axbot_ws/install/axbot_interfaces/share/axbot_interfaces/environment/library_path.dsv
[1.974s] -- Up-to-date symlink: /media/roboserver/DATA/axbot_ws/install/axbot_interfaces/include/axbot_interfaces/axbot_interfaces/msg/detail/device_info__rosidl_typesupport_fastrtps_c.h
[1.974s] -- Up-to-date symlink: /media/roboserver/DATA/axbot_ws/install/axbot_interfaces/include/axbot_interfaces/axbot_interfaces/msg/detail/planning_state__rosidl_typesupport_fastrtps_c.h
[1.974s] -- Up-to-date symlink: /media/roboserver/DATA/axbot_ws/install/axbot_interfaces/include/axbot_interfaces/axbot_interfaces/msg/detail/robot_pose__rosidl_typesupport_fastrtps_c.h
[1.974s] -- Up-to-date symlink: /media/roboserver/DATA/axbot_ws/install/axbot_interfaces/include/axbot_interfaces/axbot_interfaces/msg/detail/slam_state__rosidl_typesupport_fastrtps_c.h
[1.974s] -- Up-to-date symlink: /media/roboserver/DATA/axbot_ws/install/axbot_interfaces/include/axbot_interfaces/axbot_interfaces/msg/detail/wheel_state__rosidl_typesupport_fastrtps_c.h
[1.975s] -- Up-to-date symlink: /media/roboserver/DATA/axbot_ws/install/axbot_interfaces/include/axbot_interfaces/axbot_interfaces/msg/rosidl_typesupport_fastrtps_c__visibility_control.h
[1.975s] -- Up-to-date symlink: /media/roboserver/DATA/axbot_ws/install/axbot_interfaces/include/axbot_interfaces/axbot_interfaces/srv/detail/get_device_info__rosidl_typesupport_fastrtps_c.h
[1.975s] -- Up-to-date symlink: /media/roboserver/DATA/axbot_ws/install/axbot_interfaces/include/axbot_interfaces/axbot_interfaces/srv/detail/set_control_mode__rosidl_typesupport_fastrtps_c.h
[1.975s] -- Up-to-date symlink: /media/roboserver/DATA/axbot_ws/install/axbot_interfaces/include/axbot_interfaces/axbot_interfaces/srv/detail/set_emergency_stop__rosidl_typesupport_fastrtps_c.h
[1.976s] -- Up-to-date symlink: /media/roboserver/DATA/axbot_ws/install/axbot_interfaces/include/axbot_interfaces/axbot_interfaces/msg/detail/device_info__builder.hpp
[1.976s] -- Up-to-date symlink: /media/roboserver/DATA/axbot_ws/install/axbot_interfaces/include/axbot_interfaces/axbot_interfaces/msg/detail/device_info__struct.hpp
[1.976s] -- Up-to-date symlink: /media/roboserver/DATA/axbot_ws/install/axbot_interfaces/include/axbot_interfaces/axbot_interfaces/msg/detail/device_info__traits.hpp
[1.976s] -- Up-to-date symlink: /media/roboserver/DATA/axbot_ws/install/axbot_interfaces/include/axbot_interfaces/axbot_interfaces/msg/detail/device_info__type_support.hpp
[1.976s] -- Up-to-date symlink: /media/roboserver/DATA/axbot_ws/install/axbot_interfaces/include/axbot_interfaces/axbot_interfaces/msg/detail/planning_state__builder.hpp
[1.976s] -- Up-to-date symlink: /media/roboserver/DATA/axbot_ws/install/axbot_interfaces/include/axbot_interfaces/axbot_interfaces/msg/detail/planning_state__struct.hpp
[1.976s] -- Up-to-date symlink: /media/roboserver/DATA/axbot_ws/install/axbot_interfaces/include/axbot_interfaces/axbot_interfaces/msg/detail/planning_state__traits.hpp
[1.976s] -- Up-to-date symlink: /media/roboserver/DATA/axbot_ws/install/axbot_interfaces/include/axbot_interfaces/axbot_interfaces/msg/detail/planning_state__type_support.hpp
[1.977s] -- Up-to-date symlink: /media/roboserver/DATA/axbot_ws/install/axbot_interfaces/include/axbot_interfaces/axbot_interfaces/msg/detail/robot_pose__builder.hpp
[1.977s] -- Up-to-date symlink: /media/roboserver/DATA/axbot_ws/install/axbot_interfaces/include/axbot_interfaces/axbot_interfaces/msg/detail/robot_pose__struct.hpp
[1.977s] -- Up-to-date symlink: /media/roboserver/DATA/axbot_ws/install/axbot_interfaces/include/axbot_interfaces/axbot_interfaces/msg/detail/robot_pose__traits.hpp
[1.977s] -- Up-to-date symlink: /media/roboserver/DATA/axbot_ws/install/axbot_interfaces/include/axbot_interfaces/axbot_interfaces/msg/detail/robot_pose__type_support.hpp
[1.977s] -- Up-to-date symlink: /media/roboserver/DATA/axbot_ws/install/axbot_interfaces/include/axbot_interfaces/axbot_interfaces/msg/detail/slam_state__builder.hpp
[1.977s] -- Up-to-date symlink: /media/roboserver/DATA/axbot_ws/install/axbot_interfaces/include/axbot_interfaces/axbot_interfaces/msg/detail/slam_state__struct.hpp
[1.977s] -- Up-to-date symlink: /media/roboserver/DATA/axbot_ws/install/axbot_interfaces/include/axbot_interfaces/axbot_interfaces/msg/detail/slam_state__traits.hpp
[1.977s] -- Up-to-date symlink: /media/roboserver/DATA/axbot_ws/install/axbot_interfaces/include/axbot_interfaces/axbot_interfaces/msg/detail/slam_state__type_support.hpp
[1.978s] -- Up-to-date symlink: /media/roboserver/DATA/axbot_ws/install/axbot_interfaces/include/axbot_interfaces/axbot_interfaces/msg/detail/wheel_state__builder.hpp
[1.978s] -- Up-to-date symlink: /media/roboserver/DATA/axbot_ws/install/axbot_interfaces/include/axbot_interfaces/axbot_interfaces/msg/detail/wheel_state__struct.hpp
[1.978s] -- Up-to-date symlink: /media/roboserver/DATA/axbot_ws/install/axbot_interfaces/include/axbot_interfaces/axbot_interfaces/msg/detail/wheel_state__traits.hpp
[1.978s] -- Up-to-date symlink: /media/roboserver/DATA/axbot_ws/install/axbot_interfaces/include/axbot_interfaces/axbot_interfaces/msg/detail/wheel_state__type_support.hpp
[1.978s] -- Up-to-date symlink: /media/roboserver/DATA/axbot_ws/install/axbot_interfaces/include/axbot_interfaces/axbot_interfaces/msg/device_info.hpp
[1.978s] -- Up-to-date symlink: /media/roboserver/DATA/axbot_ws/install/axbot_interfaces/include/axbot_interfaces/axbot_interfaces/msg/planning_state.hpp
[1.978s] -- Up-to-date symlink: /media/roboserver/DATA/axbot_ws/install/axbot_interfaces/include/axbot_interfaces/axbot_interfaces/msg/robot_pose.hpp
[1.978s] -- Up-to-date symlink: /media/roboserver/DATA/axbot_ws/install/axbot_interfaces/include/axbot_interfaces/axbot_interfaces/msg/rosidl_generator_cpp__visibility_control.hpp
[1.979s] -- Up-to-date symlink: /media/roboserver/DATA/axbot_ws/install/axbot_interfaces/include/axbot_interfaces/axbot_interfaces/msg/slam_state.hpp
[1.979s] -- Up-to-date symlink: /media/roboserver/DATA/axbot_ws/install/axbot_interfaces/include/axbot_interfaces/axbot_interfaces/msg/wheel_state.hpp
[1.979s] -- Up-to-date symlink: /media/roboserver/DATA/axbot_ws/install/axbot_interfaces/include/axbot_interfaces/axbot_interfaces/srv/detail/get_device_info__builder.hpp
[1.979s] -- Up-to-date symlink: /media/roboserver/DATA/axbot_ws/install/axbot_interfaces/include/axbot_interfaces/axbot_interfaces/srv/detail/get_device_info__struct.hpp
[1.979s] -- Up-to-date symlink: /media/roboserver/DATA/axbot_ws/install/axbot_interfaces/include/axbot_interfaces/axbot_interfaces/srv/detail/get_device_info__traits.hpp
[1.979s] -- Up-to-date symlink: /media/roboserver/DATA/axbot_ws/install/axbot_interfaces/include/axbot_interfaces/axbot_interfaces/srv/detail/get_device_info__type_support.hpp
[1.979s] -- Up-to-date symlink: /media/roboserver/DATA/axbot_ws/install/axbot_interfaces/include/axbot_interfaces/axbot_interfaces/srv/detail/set_control_mode__builder.hpp
[1.979s] -- Up-to-date symlink: /media/roboserver/DATA/axbot_ws/install/axbot_interfaces/include/axbot_interfaces/axbot_interfaces/srv/detail/set_control_mode__struct.hpp
[1.980s] -- Up-to-date symlink: /media/roboserver/DATA/axbot_ws/install/axbot_interfaces/include/axbot_interfaces/axbot_interfaces/srv/detail/set_control_mode__traits.hpp
[1.980s] -- Up-to-date symlink: /media/roboserver/DATA/axbot_ws/install/axbot_interfaces/include/axbot_interfaces/axbot_interfaces/srv/detail/set_control_mode__type_support.hpp
[1.980s] -- Up-to-date symlink: /media/roboserver/DATA/axbot_ws/install/axbot_interfaces/include/axbot_interfaces/axbot_interfaces/srv/detail/set_emergency_stop__builder.hpp
[1.980s] -- Up-to-date symlink: /media/roboserver/DATA/axbot_ws/install/axbot_interfaces/include/axbot_interfaces/axbot_interfaces/srv/detail/set_emergency_stop__struct.hpp
[1.980s] -- Up-to-date symlink: /media/roboserver/DATA/axbot_ws/install/axbot_interfaces/include/axbot_interfaces/axbot_interfaces/srv/detail/set_emergency_stop__traits.hpp
[1.980s] -- Up-to-date symlink: /media/roboserver/DATA/axbot_ws/install/axbot_interfaces/include/axbot_interfaces/axbot_interfaces/srv/detail/set_emergency_stop__type_support.hpp
[1.980s] -- Up-to-date symlink: /media/roboserver/DATA/axbot_ws/install/axbot_interfaces/include/axbot_interfaces/axbot_interfaces/srv/get_device_info.hpp
[1.980s] -- Up-to-date symlink: /media/roboserver/DATA/axbot_ws/install/axbot_interfaces/include/axbot_interfaces/axbot_interfaces/srv/set_control_mode.hpp
[1.981s] -- Up-to-date symlink: /media/roboserver/DATA/axbot_ws/install/axbot_interfaces/include/axbot_interfaces/axbot_interfaces/srv/set_emergency_stop.hpp
[1.981s] -- Up-to-date symlink: /media/roboserver/DATA/axbot_ws/install/axbot_interfaces/include/axbot_interfaces/axbot_interfaces/msg/detail/device_info__rosidl_typesupport_fastrtps_cpp.hpp
[1.982s] -- Up-to-date symlink: /media/roboserver/DATA/axbot_ws/install/axbot_interfaces/include/axbot_interfaces/axbot_interfaces/msg/detail/planning_state__rosidl_typesupport_fastrtps_cpp.hpp
[1.982s] -- Up-to-date symlink: /media/roboserver/DATA/axbot_ws/install/axbot_interfaces/include/axbot_interfaces/axbot_interfaces/msg/detail/robot_pose__rosidl_typesupport_fastrtps_cpp.hpp
[1.982s] -- Up-to-date symlink: /media/roboserver/DATA/axbot_ws/install/axbot_interfaces/include/axbot_interfaces/axbot_interfaces/msg/detail/slam_state__rosidl_typesupport_fastrtps_cpp.hpp
[1.982s] -- Up-to-date symlink: /media/roboserver/DATA/axbot_ws/install/axbot_interfaces/include/axbot_interfaces/axbot_interfaces/msg/detail/wheel_state__rosidl_typesupport_fastrtps_cpp.hpp
[1.982s] -- Up-to-date symlink: /media/roboserver/DATA/axbot_ws/install/axbot_interfaces/include/axbot_interfaces/axbot_interfaces/msg/rosidl_typesupport_fastrtps_cpp__visibility_control.h
[1.982s] -- Up-to-date symlink: /media/roboserver/DATA/axbot_ws/install/axbot_interfaces/include/axbot_interfaces/axbot_interfaces/srv/detail/get_device_info__rosidl_typesupport_fastrtps_cpp.hpp
[1.982s] -- Up-to-date symlink: /media/roboserver/DATA/axbot_ws/install/axbot_interfaces/include/axbot_interfaces/axbot_interfaces/srv/detail/set_control_mode__rosidl_typesupport_fastrtps_cpp.hpp
[1.982s] -- Up-to-date symlink: /media/roboserver/DATA/axbot_ws/install/axbot_interfaces/include/axbot_interfaces/axbot_interfaces/srv/detail/set_emergency_stop__rosidl_typesupport_fastrtps_cpp.hpp
[1.983s] -- Up-to-date symlink: /media/roboserver/DATA/axbot_ws/install/axbot_interfaces/include/axbot_interfaces/axbot_interfaces/msg/detail/device_info__rosidl_typesupport_introspection_c.h
[1.983s] -- Up-to-date symlink: /media/roboserver/DATA/axbot_ws/install/axbot_interfaces/include/axbot_interfaces/axbot_interfaces/msg/detail/planning_state__rosidl_typesupport_introspection_c.h
[1.983s] -- Up-to-date symlink: /media/roboserver/DATA/axbot_ws/install/axbot_interfaces/include/axbot_interfaces/axbot_interfaces/msg/detail/robot_pose__rosidl_typesupport_introspection_c.h
[1.983s] -- Up-to-date symlink: /media/roboserver/DATA/axbot_ws/install/axbot_interfaces/include/axbot_interfaces/axbot_interfaces/msg/detail/slam_state__rosidl_typesupport_introspection_c.h
[1.983s] -- Up-to-date symlink: /media/roboserver/DATA/axbot_ws/install/axbot_interfaces/include/axbot_interfaces/axbot_interfaces/msg/detail/wheel_state__rosidl_typesupport_introspection_c.h
[1.984s] -- Up-to-date symlink: /media/roboserver/DATA/axbot_ws/install/axbot_interfaces/include/axbot_interfaces/axbot_interfaces/msg/rosidl_typesupport_introspection_c__visibility_control.h
[1.984s] -- Up-to-date symlink: /media/roboserver/DATA/axbot_ws/install/axbot_interfaces/include/axbot_interfaces/axbot_interfaces/srv/detail/get_device_info__rosidl_typesupport_introspection_c.h
[1.984s] -- Up-to-date symlink: /media/roboserver/DATA/axbot_ws/install/axbot_interfaces/include/axbot_interfaces/axbot_interfaces/srv/detail/set_control_mode__rosidl_typesupport_introspection_c.h
[1.984s] -- Up-to-date symlink: /media/roboserver/DATA/axbot_ws/install/axbot_interfaces/include/axbot_interfaces/axbot_interfaces/srv/detail/set_emergency_stop__rosidl_typesupport_introspection_c.h
[1.984s] -- Up-to-date symlink: /media/roboserver/DATA/axbot_ws/install/axbot_interfaces/include/axbot_interfaces/axbot_interfaces/msg/detail/device_info__rosidl_typesupport_introspection_cpp.hpp
[1.985s] -- Up-to-date symlink: /media/roboserver/DATA/axbot_ws/install/axbot_interfaces/include/axbot_interfaces/axbot_interfaces/msg/detail/planning_state__rosidl_typesupport_introspection_cpp.hpp
[1.985s] -- Up-to-date symlink: /media/roboserver/DATA/axbot_ws/install/axbot_interfaces/include/axbot_interfaces/axbot_interfaces/msg/detail/robot_pose__rosidl_typesupport_introspection_cpp.hpp
[1.985s] -- Up-to-date symlink: /media/roboserver/DATA/axbot_ws/install/axbot_interfaces/include/axbot_interfaces/axbot_interfaces/msg/detail/slam_state__rosidl_typesupport_introspection_cpp.hpp
[1.985s] -- Up-to-date symlink: /media/roboserver/DATA/axbot_ws/install/axbot_interfaces/include/axbot_interfaces/axbot_interfaces/msg/detail/wheel_state__rosidl_typesupport_introspection_cpp.hpp
[1.985s] -- Up-to-date symlink: /media/roboserver/DATA/axbot_ws/install/axbot_interfaces/include/axbot_interfaces/axbot_interfaces/srv/detail/get_device_info__rosidl_typesupport_introspection_cpp.hpp
[1.985s] -- Up-to-date symlink: /media/roboserver/DATA/axbot_ws/install/axbot_interfaces/include/axbot_interfaces/axbot_interfaces/srv/detail/set_control_mode__rosidl_typesupport_introspection_cpp.hpp
[1.985s] -- Up-to-date symlink: /media/roboserver/DATA/axbot_ws/install/axbot_interfaces/include/axbot_interfaces/axbot_interfaces/srv/detail/set_emergency_stop__rosidl_typesupport_introspection_cpp.hpp
[1.985s] -- Up-to-date symlink: /media/roboserver/DATA/axbot_ws/install/axbot_interfaces/share/axbot_interfaces/environment/pythonpath.sh
[1.986s] -- Up-to-date symlink: /media/roboserver/DATA/axbot_ws/install/axbot_interfaces/share/axbot_interfaces/environment/pythonpath.dsv
[1.986s] -- Up-to-date symlink: /media/roboserver/DATA/axbot_ws/install/axbot_interfaces/lib/python3.12/site-packages/axbot_interfaces-1.0.0-py3.12.egg-info/PKG-INFO
[1.986s] -- Up-to-date symlink: /media/roboserver/DATA/axbot_ws/install/axbot_interfaces/lib/python3.12/site-packages/axbot_interfaces-1.0.0-py3.12.egg-info/SOURCES.txt
[1.986s] -- Up-to-date symlink: /media/roboserver/DATA/axbot_ws/install/axbot_interfaces/lib/python3.12/site-packages/axbot_interfaces-1.0.0-py3.12.egg-info/dependency_links.txt
[1.986s] -- Up-to-date symlink: /media/roboserver/DATA/axbot_ws/install/axbot_interfaces/lib/python3.12/site-packages/axbot_interfaces-1.0.0-py3.12.egg-info/top_level.txt
[1.987s] -- Up-to-date symlink: /media/roboserver/DATA/axbot_ws/install/axbot_interfaces/lib/python3.12/site-packages/axbot_interfaces/__init__.py
[1.987s] -- Up-to-date symlink: /media/roboserver/DATA/axbot_ws/install/axbot_interfaces/lib/python3.12/site-packages/axbot_interfaces/_axbot_interfaces_s.ep.rosidl_typesupport_c.c
[1.988s] -- Up-to-date symlink: /media/roboserver/DATA/axbot_ws/install/axbot_interfaces/lib/python3.12/site-packages/axbot_interfaces/_axbot_interfaces_s.ep.rosidl_typesupport_fastrtps_c.c
[1.988s] -- Up-to-date symlink: /media/roboserver/DATA/axbot_ws/install/axbot_interfaces/lib/python3.12/site-packages/axbot_interfaces/_axbot_interfaces_s.ep.rosidl_typesupport_introspection_c.c
[1.988s] -- Up-to-date symlink: /media/roboserver/DATA/axbot_ws/install/axbot_interfaces/lib/python3.12/site-packages/axbot_interfaces/axbot_interfaces_s__rosidl_typesupport_c.so
[1.988s] -- Up-to-date symlink: /media/roboserver/DATA/axbot_ws/install/axbot_interfaces/lib/python3.12/site-packages/axbot_interfaces/axbot_interfaces_s__rosidl_typesupport_fastrtps_c.so
[1.988s] -- Up-to-date symlink: /media/roboserver/DATA/axbot_ws/install/axbot_interfaces/lib/python3.12/site-packages/axbot_interfaces/axbot_interfaces_s__rosidl_typesupport_introspection_c.so
[1.988s] -- Up-to-date symlink: /media/roboserver/DATA/axbot_ws/install/axbot_interfaces/lib/python3.12/site-packages/axbot_interfaces/msg/__init__.py
[1.988s] -- Up-to-date symlink: /media/roboserver/DATA/axbot_ws/install/axbot_interfaces/lib/python3.12/site-packages/axbot_interfaces/msg/_device_info.py
[1.988s] -- Up-to-date symlink: /media/roboserver/DATA/axbot_ws/install/axbot_interfaces/lib/python3.12/site-packages/axbot_interfaces/msg/_device_info_s.c
[1.988s] -- Up-to-date symlink: /media/roboserver/DATA/axbot_ws/install/axbot_interfaces/lib/python3.12/site-packages/axbot_interfaces/msg/_planning_state.py
[1.989s] -- Up-to-date symlink: /media/roboserver/DATA/axbot_ws/install/axbot_interfaces/lib/python3.12/site-packages/axbot_interfaces/msg/_planning_state_s.c
[1.989s] -- Up-to-date symlink: /media/roboserver/DATA/axbot_ws/install/axbot_interfaces/lib/python3.12/site-packages/axbot_interfaces/msg/_robot_pose.py
[1.989s] -- Up-to-date symlink: /media/roboserver/DATA/axbot_ws/install/axbot_interfaces/lib/python3.12/site-packages/axbot_interfaces/msg/_robot_pose_s.c
[1.989s] -- Up-to-date symlink: /media/roboserver/DATA/axbot_ws/install/axbot_interfaces/lib/python3.12/site-packages/axbot_interfaces/msg/_slam_state.py
[1.989s] -- Up-to-date symlink: /media/roboserver/DATA/axbot_ws/install/axbot_interfaces/lib/python3.12/site-packages/axbot_interfaces/msg/_slam_state_s.c
[1.989s] -- Up-to-date symlink: /media/roboserver/DATA/axbot_ws/install/axbot_interfaces/lib/python3.12/site-packages/axbot_interfaces/msg/_wheel_state.py
[1.989s] -- Up-to-date symlink: /media/roboserver/DATA/axbot_ws/install/axbot_interfaces/lib/python3.12/site-packages/axbot_interfaces/msg/_wheel_state_s.c
[1.989s] -- Up-to-date symlink: /media/roboserver/DATA/axbot_ws/install/axbot_interfaces/lib/python3.12/site-packages/axbot_interfaces/srv/__init__.py
[1.990s] -- Up-to-date symlink: /media/roboserver/DATA/axbot_ws/install/axbot_interfaces/lib/python3.12/site-packages/axbot_interfaces/srv/_get_device_info.py
[1.990s] -- Up-to-date symlink: /media/roboserver/DATA/axbot_ws/install/axbot_interfaces/lib/python3.12/site-packages/axbot_interfaces/srv/_get_device_info_s.c
[1.990s] -- Up-to-date symlink: /media/roboserver/DATA/axbot_ws/install/axbot_interfaces/lib/python3.12/site-packages/axbot_interfaces/srv/_set_control_mode.py
[1.990s] -- Up-to-date symlink: /media/roboserver/DATA/axbot_ws/install/axbot_interfaces/lib/python3.12/site-packages/axbot_interfaces/srv/_set_control_mode_s.c
[1.990s] -- Up-to-date symlink: /media/roboserver/DATA/axbot_ws/install/axbot_interfaces/lib/python3.12/site-packages/axbot_interfaces/srv/_set_emergency_stop.py
[1.990s] -- Up-to-date symlink: /media/roboserver/DATA/axbot_ws/install/axbot_interfaces/lib/python3.12/site-packages/axbot_interfaces/srv/_set_emergency_stop_s.c
[1.990s] -- Up-to-date symlink: /media/roboserver/DATA/axbot_ws/install/axbot_interfaces/lib/python3.12/site-packages/axbot_interfaces/axbot_interfaces_s__rosidl_typesupport_fastrtps_c.so
[1.991s] -- Up-to-date symlink: /media/roboserver/DATA/axbot_ws/install/axbot_interfaces/lib/python3.12/site-packages/axbot_interfaces/axbot_interfaces_s__rosidl_typesupport_introspection_c.so
[1.991s] -- Up-to-date symlink: /media/roboserver/DATA/axbot_ws/install/axbot_interfaces/lib/python3.12/site-packages/axbot_interfaces/axbot_interfaces_s__rosidl_typesupport_c.so
[1.991s] -- Up-to-date symlink: /media/roboserver/DATA/axbot_ws/install/axbot_interfaces/share/axbot_interfaces/msg/DeviceInfo.idl
[1.991s] -- Up-to-date symlink: /media/roboserver/DATA/axbot_ws/install/axbot_interfaces/share/axbot_interfaces/msg/WheelState.idl
[1.992s] -- Up-to-date symlink: /media/roboserver/DATA/axbot_ws/install/axbot_interfaces/share/axbot_interfaces/msg/SlamState.idl
[1.992s] -- Up-to-date symlink: /media/roboserver/DATA/axbot_ws/install/axbot_interfaces/share/axbot_interfaces/msg/PlanningState.idl
[1.992s] -- Up-to-date symlink: /media/roboserver/DATA/axbot_ws/install/axbot_interfaces/share/axbot_interfaces/msg/RobotPose.idl
[1.993s] -- Up-to-date symlink: /media/roboserver/DATA/axbot_ws/install/axbot_interfaces/share/axbot_interfaces/srv/SetControlMode.idl
[1.993s] -- Up-to-date symlink: /media/roboserver/DATA/axbot_ws/install/axbot_interfaces/share/axbot_interfaces/srv/SetEmergencyStop.idl
[1.993s] -- Up-to-date symlink: /media/roboserver/DATA/axbot_ws/install/axbot_interfaces/share/axbot_interfaces/srv/GetDeviceInfo.idl
[1.993s] -- Up-to-date symlink: /media/roboserver/DATA/axbot_ws/install/axbot_interfaces/share/axbot_interfaces/msg/DeviceInfo.msg
[1.993s] -- Up-to-date symlink: /media/roboserver/DATA/axbot_ws/install/axbot_interfaces/share/axbot_interfaces/msg/WheelState.msg
[1.994s] -- Up-to-date symlink: /media/roboserver/DATA/axbot_ws/install/axbot_interfaces/share/axbot_interfaces/msg/SlamState.msg
[1.994s] -- Up-to-date symlink: /media/roboserver/DATA/axbot_ws/install/axbot_interfaces/share/axbot_interfaces/msg/PlanningState.msg
[1.994s] -- Up-to-date symlink: /media/roboserver/DATA/axbot_ws/install/axbot_interfaces/share/axbot_interfaces/msg/RobotPose.msg
[1.994s] -- Up-to-date symlink: /media/roboserver/DATA/axbot_ws/install/axbot_interfaces/share/axbot_interfaces/srv/SetControlMode.srv
[1.995s] -- Up-to-date symlink: /media/roboserver/DATA/axbot_ws/install/axbot_interfaces/share/axbot_interfaces/srv/SetEmergencyStop.srv
[1.995s] -- Up-to-date symlink: /media/roboserver/DATA/axbot_ws/install/axbot_interfaces/share/axbot_interfaces/srv/GetDeviceInfo.srv
[1.995s] -- Up-to-date symlink: /media/roboserver/DATA/axbot_ws/install/axbot_interfaces/share/ament_index/resource_index/package_run_dependencies/axbot_interfaces
[1.996s] -- Up-to-date symlink: /media/roboserver/DATA/axbot_ws/install/axbot_interfaces/share/ament_index/resource_index/parent_prefix_path/axbot_interfaces
[1.996s] -- Up-to-date symlink: /media/roboserver/DATA/axbot_ws/install/axbot_interfaces/share/axbot_interfaces/environment/ament_prefix_path.sh
[1.996s] -- Up-to-date symlink: /media/roboserver/DATA/axbot_ws/install/axbot_interfaces/share/axbot_interfaces/environment/ament_prefix_path.dsv
[1.996s] -- Up-to-date symlink: /media/roboserver/DATA/axbot_ws/install/axbot_interfaces/share/axbot_interfaces/environment/path.sh
[1.996s] -- Up-to-date symlink: /media/roboserver/DATA/axbot_ws/install/axbot_interfaces/share/axbot_interfaces/environment/path.dsv
[1.997s] -- Up-to-date symlink: /media/roboserver/DATA/axbot_ws/install/axbot_interfaces/share/axbot_interfaces/local_setup.bash
[1.997s] -- Up-to-date symlink: /media/roboserver/DATA/axbot_ws/install/axbot_interfaces/share/axbot_interfaces/local_setup.sh
[1.997s] -- Up-to-date symlink: /media/roboserver/DATA/axbot_ws/install/axbot_interfaces/share/axbot_interfaces/local_setup.zsh
[1.997s] -- Up-to-date symlink: /media/roboserver/DATA/axbot_ws/install/axbot_interfaces/share/axbot_interfaces/local_setup.dsv
[1.998s] -- Symlinking: /media/roboserver/DATA/axbot_ws/install/axbot_interfaces/share/axbot_interfaces/package.dsv
[2.008s] -- Up-to-date symlink: /media/roboserver/DATA/axbot_ws/install/axbot_interfaces/share/ament_index/resource_index/packages/axbot_interfaces
[2.008s] -- Up-to-date symlink: /media/roboserver/DATA/axbot_ws/install/axbot_interfaces/share/axbot_interfaces/cmake/rosidl_cmake-extras.cmake
[2.009s] -- Up-to-date symlink: /media/roboserver/DATA/axbot_ws/install/axbot_interfaces/share/axbot_interfaces/cmake/ament_cmake_export_dependencies-extras.cmake
[2.009s] -- Up-to-date symlink: /media/roboserver/DATA/axbot_ws/install/axbot_interfaces/share/axbot_interfaces/cmake/ament_cmake_export_include_directories-extras.cmake
[2.009s] -- Up-to-date symlink: /media/roboserver/DATA/axbot_ws/install/axbot_interfaces/share/axbot_interfaces/cmake/ament_cmake_export_libraries-extras.cmake
[2.009s] -- Up-to-date symlink: /media/roboserver/DATA/axbot_ws/install/axbot_interfaces/share/axbot_interfaces/cmake/ament_cmake_export_targets-extras.cmake
[2.009s] -- Up-to-date symlink: /media/roboserver/DATA/axbot_ws/install/axbot_interfaces/share/axbot_interfaces/cmake/rosidl_cmake_export_typesupport_targets-extras.cmake
[2.010s] -- Up-to-date symlink: /media/roboserver/DATA/axbot_ws/install/axbot_interfaces/share/axbot_interfaces/cmake/rosidl_cmake_export_typesupport_libraries-extras.cmake
[2.010s] -- Up-to-date symlink: /media/roboserver/DATA/axbot_ws/install/axbot_interfaces/share/axbot_interfaces/cmake/axbot_interfacesConfig.cmake
[2.010s] -- Up-to-date symlink: /media/roboserver/DATA/axbot_ws/install/axbot_interfaces/share/axbot_interfaces/cmake/axbot_interfacesConfig-version.cmake
[2.010s] -- Up-to-date symlink: /media/roboserver/DATA/axbot_ws/install/axbot_interfaces/share/axbot_interfaces/package.xml
[2.011s] -- Up-to-date: /media/roboserver/DATA/axbot_ws/install/axbot_interfaces/lib/libaxbot_interfaces__rosidl_generator_c.so
[2.011s] -- Up-to-date: /media/roboserver/DATA/axbot_ws/install/axbot_interfaces/lib/libaxbot_interfaces__rosidl_typesupport_fastrtps_c.so
[2.012s] -- Up-to-date: /media/roboserver/DATA/axbot_ws/install/axbot_interfaces/lib/libaxbot_interfaces__rosidl_typesupport_fastrtps_cpp.so
[2.012s] -- Up-to-date: /media/roboserver/DATA/axbot_ws/install/axbot_interfaces/lib/libaxbot_interfaces__rosidl_typesupport_introspection_c.so
[2.012s] -- Up-to-date: /media/roboserver/DATA/axbot_ws/install/axbot_interfaces/lib/libaxbot_interfaces__rosidl_typesupport_c.so
[2.013s] -- Up-to-date: /media/roboserver/DATA/axbot_ws/install/axbot_interfaces/lib/libaxbot_interfaces__rosidl_typesupport_introspection_cpp.so
[2.013s] -- Up-to-date: /media/roboserver/DATA/axbot_ws/install/axbot_interfaces/lib/libaxbot_interfaces__rosidl_typesupport_cpp.so
[2.055s] Listing '/media/roboserver/DATA/axbot_ws/install/axbot_interfaces/lib/python3.12/site-packages/axbot_interfaces'...
[2.055s] Compiling '/media/roboserver/DATA/axbot_ws/install/axbot_interfaces/lib/python3.12/site-packages/axbot_interfaces/__init__.py'...
[2.055s] Listing '/media/roboserver/DATA/axbot_ws/install/axbot_interfaces/lib/python3.12/site-packages/axbot_interfaces/msg'...
[2.055s] Listing '/media/roboserver/DATA/axbot_ws/install/axbot_interfaces/lib/python3.12/site-packages/axbot_interfaces/srv'...
[2.060s] -- Up-to-date: /media/roboserver/DATA/axbot_ws/install/axbot_interfaces/lib/libaxbot_interfaces__rosidl_generator_py.so
[2.060s] -- Up-to-date: /media/roboserver/DATA/axbot_ws/install/axbot_interfaces/share/axbot_interfaces/cmake/export_axbot_interfaces__rosidl_generator_cExport.cmake
[2.060s] -- Up-to-date: /media/roboserver/DATA/axbot_ws/install/axbot_interfaces/share/axbot_interfaces/cmake/export_axbot_interfaces__rosidl_generator_cExport-noconfig.cmake
[2.061s] -- Up-to-date: /media/roboserver/DATA/axbot_ws/install/axbot_interfaces/share/axbot_interfaces/cmake/export_axbot_interfaces__rosidl_typesupport_fastrtps_cExport.cmake
[2.061s] -- Up-to-date: /media/roboserver/DATA/axbot_ws/install/axbot_interfaces/share/axbot_interfaces/cmake/export_axbot_interfaces__rosidl_typesupport_fastrtps_cExport-noconfig.cmake
[2.061s] -- Up-to-date: /media/roboserver/DATA/axbot_ws/install/axbot_interfaces/share/axbot_interfaces/cmake/export_axbot_interfaces__rosidl_generator_cppExport.cmake
[2.061s] -- Up-to-date: /media/roboserver/DATA/axbot_ws/install/axbot_interfaces/share/axbot_interfaces/cmake/export_axbot_interfaces__rosidl_typesupport_fastrtps_cppExport.cmake
[2.061s] -- Up-to-date: /media/roboserver/DATA/axbot_ws/install/axbot_interfaces/share/axbot_interfaces/cmake/export_axbot_interfaces__rosidl_typesupport_fastrtps_cppExport-noconfig.cmake
[2.061s] -- Up-to-date: /media/roboserver/DATA/axbot_ws/install/axbot_interfaces/share/axbot_interfaces/cmake/axbot_interfaces__rosidl_typesupport_introspection_cExport.cmake
[2.062s] -- Up-to-date: /media/roboserver/DATA/axbot_ws/install/axbot_interfaces/share/axbot_interfaces/cmake/axbot_interfaces__rosidl_typesupport_introspection_cExport-noconfig.cmake
[2.062s] -- Up-to-date: /media/roboserver/DATA/axbot_ws/install/axbot_interfaces/share/axbot_interfaces/cmake/axbot_interfaces__rosidl_typesupport_cExport.cmake
[2.062s] -- Up-to-date: /media/roboserver/DATA/axbot_ws/install/axbot_interfaces/share/axbot_interfaces/cmake/axbot_interfaces__rosidl_typesupport_cExport-noconfig.cmake
[2.062s] -- Up-to-date: /media/roboserver/DATA/axbot_ws/install/axbot_interfaces/share/axbot_interfaces/cmake/axbot_interfaces__rosidl_typesupport_introspection_cppExport.cmake
[2.062s] -- Up-to-date: /media/roboserver/DATA/axbot_ws/install/axbot_interfaces/share/axbot_interfaces/cmake/axbot_interfaces__rosidl_typesupport_introspection_cppExport-noconfig.cmake
[2.062s] -- Up-to-date: /media/roboserver/DATA/axbot_ws/install/axbot_interfaces/share/axbot_interfaces/cmake/axbot_interfaces__rosidl_typesupport_cppExport.cmake
[2.063s] -- Up-to-date: /media/roboserver/DATA/axbot_ws/install/axbot_interfaces/share/axbot_interfaces/cmake/axbot_interfaces__rosidl_typesupport_cppExport-noconfig.cmake
[2.063s] -- Up-to-date: /media/roboserver/DATA/axbot_ws/install/axbot_interfaces/share/axbot_interfaces/cmake/export_axbot_interfaces__rosidl_generator_pyExport.cmake
[2.063s] -- Up-to-date: /media/roboserver/DATA/axbot_ws/install/axbot_interfaces/share/axbot_interfaces/cmake/export_axbot_interfaces__rosidl_generator_pyExport-noconfig.cmake
[2.064s] Invoked command in '/media/roboserver/DATA/axbot_ws/build/axbot_interfaces' returned '0': CMAKE_PREFIX_PATH=${CMAKE_PREFIX_PATH}:/media/roboserver/DATA/axbot_ws/install/pc2_listener:/media/roboserver/DATA/axbot_ws/install/axbot_examples:/media/roboserver/DATA/axbot_ws/install/axbot_driver:/media/roboserver/DATA/autox_ws/install/fielder_teleop:/media/roboserver/DATA/autox_ws/install/fielder_odometry:/media/roboserver/DATA/autox_ws/install/fielder_navigation:/opt/ros/jazzy DEBUGINFOD_URLS=https://debuginfod.ubuntu.com /usr/bin/cmake --install /media/roboserver/DATA/axbot_ws/build/axbot_interfaces
