-- Found ament_cmake: 2.5.4 (/opt/ros/jazzy/share/ament_cmake/cmake)
-- Override CMake install command with custom implementation using symlinks instead of copying resources
-- Configuring done (0.3s)
-- Generating done (0.0s)
-- Build files have been written to: /media/roboserver/DATA/axbot_ws/build/axbot_description
-- Install configuration: ""
-- Execute custom install script
-- Up-to-date symlink: /media/roboserver/DATA/axbot_ws/install/axbot_description/share/axbot_description/urdf/axbot.urdf
-- Up-to-date symlink: /media/roboserver/DATA/axbot_ws/install/axbot_description/share/axbot_description/launch/display.launch.py
-- Up-to-date symlink: /media/roboserver/DATA/axbot_ws/install/axbot_description/share/ament_index/resource_index/package_run_dependencies/axbot_description
-- Up-to-date symlink: /media/roboserver/DATA/axbot_ws/install/axbot_description/share/ament_index/resource_index/parent_prefix_path/axbot_description
-- Up-to-date symlink: /media/roboserver/DATA/axbot_ws/install/axbot_description/share/axbot_description/environment/ament_prefix_path.sh
-- Up-to-date symlink: /media/roboserver/DATA/axbot_ws/install/axbot_description/share/axbot_description/environment/ament_prefix_path.dsv
-- Up-to-date symlink: /media/roboserver/DATA/axbot_ws/install/axbot_description/share/axbot_description/environment/path.sh
-- Up-to-date symlink: /media/roboserver/DATA/axbot_ws/install/axbot_description/share/axbot_description/environment/path.dsv
-- Up-to-date symlink: /media/roboserver/DATA/axbot_ws/install/axbot_description/share/axbot_description/local_setup.bash
-- Up-to-date symlink: /media/roboserver/DATA/axbot_ws/install/axbot_description/share/axbot_description/local_setup.sh
-- Up-to-date symlink: /media/roboserver/DATA/axbot_ws/install/axbot_description/share/axbot_description/local_setup.zsh
-- Up-to-date symlink: /media/roboserver/DATA/axbot_ws/install/axbot_description/share/axbot_description/local_setup.dsv
-- Symlinking: /media/roboserver/DATA/axbot_ws/install/axbot_description/share/axbot_description/package.dsv
-- Up-to-date symlink: /media/roboserver/DATA/axbot_ws/install/axbot_description/share/ament_index/resource_index/packages/axbot_description
-- Up-to-date symlink: /media/roboserver/DATA/axbot_ws/install/axbot_description/share/axbot_description/cmake/axbot_descriptionConfig.cmake
-- Up-to-date symlink: /media/roboserver/DATA/axbot_ws/install/axbot_description/share/axbot_description/cmake/axbot_descriptionConfig-version.cmake
-- Up-to-date symlink: /media/roboserver/DATA/axbot_ws/install/axbot_description/share/axbot_description/package.xml
