-- Install configuration: ""
-- Execute custom install script
-- Up-to-date symlink: /media/roboserver/DATA/axbot_ws/install/axbot_navigation/share/axbot_navigation/config/nav2_params.yaml
-- Up-to-date symlink: /media/roboserver/DATA/axbot_ws/install/axbot_navigation/share/axbot_navigation/config/slam_toolbox.yaml
-- Up-to-date symlink: /media/roboserver/DATA/axbot_ws/install/axbot_navigation/share/axbot_navigation/launch/navigation.launch.py
-- Up-to-date symlink: /media/roboserver/DATA/axbot_ws/install/axbot_navigation/share/axbot_navigation/launch/slam.launch.py
-- Symlinking: /media/roboserver/DATA/axbot_ws/install/axbot_navigation/share/axbot_navigation/launch/slam_activated.launch.py
-- Up-to-date symlink: /media/roboserver/DATA/axbot_ws/install/axbot_navigation/share/axbot_navigation/launch/slam_navigation.launch.py
-- Up-to-date symlink: /media/roboserver/DATA/axbot_ws/install/axbot_navigation/share/ament_index/resource_index/package_run_dependencies/axbot_navigation
-- Up-to-date symlink: /media/roboserver/DATA/axbot_ws/install/axbot_navigation/share/ament_index/resource_index/parent_prefix_path/axbot_navigation
-- Up-to-date symlink: /media/roboserver/DATA/axbot_ws/install/axbot_navigation/share/axbot_navigation/environment/ament_prefix_path.sh
-- Up-to-date symlink: /media/roboserver/DATA/axbot_ws/install/axbot_navigation/share/axbot_navigation/environment/ament_prefix_path.dsv
-- Up-to-date symlink: /media/roboserver/DATA/axbot_ws/install/axbot_navigation/share/axbot_navigation/environment/path.sh
-- Up-to-date symlink: /media/roboserver/DATA/axbot_ws/install/axbot_navigation/share/axbot_navigation/environment/path.dsv
-- Up-to-date symlink: /media/roboserver/DATA/axbot_ws/install/axbot_navigation/share/axbot_navigation/local_setup.bash
-- Up-to-date symlink: /media/roboserver/DATA/axbot_ws/install/axbot_navigation/share/axbot_navigation/local_setup.sh
-- Up-to-date symlink: /media/roboserver/DATA/axbot_ws/install/axbot_navigation/share/axbot_navigation/local_setup.zsh
-- Up-to-date symlink: /media/roboserver/DATA/axbot_ws/install/axbot_navigation/share/axbot_navigation/local_setup.dsv
-- Symlinking: /media/roboserver/DATA/axbot_ws/install/axbot_navigation/share/axbot_navigation/package.dsv
-- Up-to-date symlink: /media/roboserver/DATA/axbot_ws/install/axbot_navigation/share/ament_index/resource_index/packages/axbot_navigation
-- Up-to-date symlink: /media/roboserver/DATA/axbot_ws/install/axbot_navigation/share/axbot_navigation/cmake/axbot_navigationConfig.cmake
-- Up-to-date symlink: /media/roboserver/DATA/axbot_ws/install/axbot_navigation/share/axbot_navigation/cmake/axbot_navigationConfig-version.cmake
-- Up-to-date symlink: /media/roboserver/DATA/axbot_ws/install/axbot_navigation/share/axbot_navigation/package.xml
