[1.217s] Invoking command in '/media/roboserver/DATA/axbot_ws/build/axbot_examples': CMAKE_PREFIX_PATH=/media/roboserver/DATA/axbot_ws/install/axbot_interfaces:/media/roboserver/DATA/axbot_ws/install/axbot_navigation:/media/roboserver/DATA/axbot_ws/install/axbot_description:/opt/ros/jazzy/opt/gz_sim_vendor:/opt/ros/jazzy/opt/gz_sensors_vendor:/opt/ros/jazzy/opt/gz_physics_vendor:/opt/ros/jazzy/opt/sdformat_vendor:/opt/ros/jazzy/opt/gz_gui_vendor:/opt/ros/jazzy/opt/gz_transport_vendor:/opt/ros/jazzy/opt/gz_rendering_vendor:/opt/ros/jazzy/opt/gz_plugin_vendor:/opt/ros/jazzy/opt/gz_fuel_tools_vendor:/opt/ros/jazzy/opt/gz_msgs_vendor:/opt/ros/jazzy/opt/gz_common_vendor:/opt/ros/jazzy/opt/gz_math_vendor:/opt/ros/jazzy/opt/gz_utils_vendor:/opt/ros/jazzy/opt/gz_tools_vendor:/opt/ros/jazzy/opt/gz_ogre_next_vendor:/opt/ros/jazzy/opt/gz_dartsim_vendor:/opt/ros/jazzy/opt/gz_cmake_vendor DEBUGINFOD_URLS=https://debuginfod.ubuntu.com PYTHONPATH=/media/roboserver/DATA/axbot_ws/build/axbot_examples/prefix_override:/usr/lib/python3/dist-packages/colcon_core/task/python/colcon_distutils_commands:/media/roboserver/DATA/axbot_ws/install/axbot_examples/lib/python3.12/site-packages:/media/roboserver/DATA/axbot_ws/install/axbot_interfaces/lib/python3.12/site-packages:/media/roboserver/DATA/axbot_ws/install/axbot_examples/lib/python3.12/site-packages:/media/roboserver/DATA/axbot_ws/install/axbot_driver/lib/python3.12/site-packages:/media/roboserver/DATA/autox_ws/build/fielder_teleop:/media/roboserver/DATA/autox_ws/install/fielder_teleop/lib/python3.12/site-packages:/media/roboserver/DATA/autox_ws/build/fielder_odometry:/media/roboserver/DATA/autox_ws/install/fielder_odometry/lib/python3.12/site-packages:/media/roboserver/DATA/autox_ws/build/fielder_navigation:/media/roboserver/DATA/autox_ws/install/fielder_navigation/lib/python3.12/site-packages:/opt/ros/jazzy/lib/python3.12/site-packages /usr/bin/python3 -W ignore:setup.py install is deprecated -W ignore:easy_install command is deprecated setup.py develop --editable --build-directory /media/roboserver/DATA/axbot_ws/build/axbot_examples/build --no-deps symlink_data
[1.575s] running develop
[1.825s] running egg_info
[1.825s] creating axbot_examples.egg-info
[1.852s] writing axbot_examples.egg-info/PKG-INFO
[1.852s] writing dependency_links to axbot_examples.egg-info/dependency_links.txt
[1.853s] writing entry points to axbot_examples.egg-info/entry_points.txt
[1.853s] writing requirements to axbot_examples.egg-info/requires.txt
[1.853s] writing top-level names to axbot_examples.egg-info/top_level.txt
[1.853s] writing manifest file 'axbot_examples.egg-info/SOURCES.txt'
[1.903s] reading manifest file 'axbot_examples.egg-info/SOURCES.txt'
[1.905s] writing manifest file 'axbot_examples.egg-info/SOURCES.txt'
[1.931s] running build_ext
[1.931s] Creating /media/roboserver/DATA/axbot_ws/install/axbot_examples/lib/python3.12/site-packages/axbot-examples.egg-link (link to .)
[1.932s] Installing device_info_reader script to /media/roboserver/DATA/axbot_ws/install/axbot_examples/lib/axbot_examples
[1.932s] Installing pose_logger script to /media/roboserver/DATA/axbot_ws/install/axbot_examples/lib/axbot_examples
[1.933s] Installing square_mover script to /media/roboserver/DATA/axbot_ws/install/axbot_examples/lib/axbot_examples
[1.933s] Installing teleop_keyboard script to /media/roboserver/DATA/axbot_ws/install/axbot_examples/lib/axbot_examples
[1.933s] 
[1.933s] Installed /media/roboserver/DATA/axbot_ws/build/axbot_examples
[1.934s] running symlink_data
[1.934s] creating /media/roboserver/DATA/axbot_ws/install/axbot_examples/share/ament_index
[1.934s] creating /media/roboserver/DATA/axbot_ws/install/axbot_examples/share/ament_index/resource_index
[1.934s] creating /media/roboserver/DATA/axbot_ws/install/axbot_examples/share/ament_index/resource_index/packages
[1.934s] symbolically linking /media/roboserver/DATA/axbot_ws/build/axbot_examples/resource/axbot_examples -> /media/roboserver/DATA/axbot_ws/install/axbot_examples/share/ament_index/resource_index/packages
[1.934s] symbolically linking /media/roboserver/DATA/axbot_ws/build/axbot_examples/package.xml -> /media/roboserver/DATA/axbot_ws/install/axbot_examples/share/axbot_examples
[1.973s] Invoked command in '/media/roboserver/DATA/axbot_ws/build/axbot_examples' returned '0': CMAKE_PREFIX_PATH=/media/roboserver/DATA/axbot_ws/install/axbot_interfaces:/media/roboserver/DATA/axbot_ws/install/axbot_navigation:/media/roboserver/DATA/axbot_ws/install/axbot_description:/opt/ros/jazzy/opt/gz_sim_vendor:/opt/ros/jazzy/opt/gz_sensors_vendor:/opt/ros/jazzy/opt/gz_physics_vendor:/opt/ros/jazzy/opt/sdformat_vendor:/opt/ros/jazzy/opt/gz_gui_vendor:/opt/ros/jazzy/opt/gz_transport_vendor:/opt/ros/jazzy/opt/gz_rendering_vendor:/opt/ros/jazzy/opt/gz_plugin_vendor:/opt/ros/jazzy/opt/gz_fuel_tools_vendor:/opt/ros/jazzy/opt/gz_msgs_vendor:/opt/ros/jazzy/opt/gz_common_vendor:/opt/ros/jazzy/opt/gz_math_vendor:/opt/ros/jazzy/opt/gz_utils_vendor:/opt/ros/jazzy/opt/gz_tools_vendor:/opt/ros/jazzy/opt/gz_ogre_next_vendor:/opt/ros/jazzy/opt/gz_dartsim_vendor:/opt/ros/jazzy/opt/gz_cmake_vendor DEBUGINFOD_URLS=https://debuginfod.ubuntu.com PYTHONPATH=/media/roboserver/DATA/axbot_ws/build/axbot_examples/prefix_override:/usr/lib/python3/dist-packages/colcon_core/task/python/colcon_distutils_commands:/media/roboserver/DATA/axbot_ws/install/axbot_examples/lib/python3.12/site-packages:/media/roboserver/DATA/axbot_ws/install/axbot_interfaces/lib/python3.12/site-packages:/media/roboserver/DATA/axbot_ws/install/axbot_examples/lib/python3.12/site-packages:/media/roboserver/DATA/axbot_ws/install/axbot_driver/lib/python3.12/site-packages:/media/roboserver/DATA/autox_ws/build/fielder_teleop:/media/roboserver/DATA/autox_ws/install/fielder_teleop/lib/python3.12/site-packages:/media/roboserver/DATA/autox_ws/build/fielder_odometry:/media/roboserver/DATA/autox_ws/install/fielder_odometry/lib/python3.12/site-packages:/media/roboserver/DATA/autox_ws/build/fielder_navigation:/media/roboserver/DATA/autox_ws/install/fielder_navigation/lib/python3.12/site-packages:/opt/ros/jazzy/lib/python3.12/site-packages /usr/bin/python3 -W ignore:setup.py install is deprecated -W ignore:easy_install command is deprecated setup.py develop --editable --build-directory /media/roboserver/DATA/axbot_ws/build/axbot_examples/build --no-deps symlink_data
