[0.021s] Invoking command in '/media/roboserver/DATA/axbot_ws/build/axbot_interfaces': CMAKE_PREFIX_PATH=${CMAKE_PREFIX_PATH}:/media/roboserver/DATA/axbot_ws/install/axbot_examples:/media/roboserver/DATA/axbot_ws/install/axbot_driver:/media/roboserver/DATA/autox_ws/install/fielder_teleop:/media/roboserver/DATA/autox_ws/install/fielder_odometry:/media/roboserver/DATA/autox_ws/install/fielder_navigation:/opt/ros/jazzy DEBUGINFOD_URLS=https://debuginfod.ubuntu.com /usr/bin/cmake /media/roboserver/DATA/axbot_ws/src/axbot_interfaces -DCMAKE_INSTALL_PREFIX=/media/roboserver/DATA/axbot_ws/install/axbot_interfaces
[0.080s] -- The C compiler identification is GNU 13.3.0
[0.140s] -- The CXX compiler identification is GNU 13.3.0
[0.158s] -- Detecting C compiler ABI info
[0.250s] -- Detecting C compiler ABI info - done
[0.260s] -- Check for working C compiler: /usr/bin/cc - skipped
[0.260s] -- Detecting C compile features
[0.261s] -- Detecting C compile features - done
[0.271s] -- Detecting CXX compiler ABI info
[0.373s] -- Detecting CXX compiler ABI info - done
[0.383s] -- Check for working CXX compiler: /usr/bin/c++ - skipped
[0.383s] -- Detecting CXX compile features
[0.383s] -- Detecting CXX compile features - done
[0.388s] -- Found ament_cmake: 2.5.4 (/opt/ros/jazzy/share/ament_cmake/cmake)
[0.560s] -- Found Python3: /usr/bin/python3 (found version "3.12.3") found components: Interpreter 
[0.701s] -- Found std_msgs: 5.3.6 (/opt/ros/jazzy/share/std_msgs/cmake)
[0.765s] -- Found rosidl_generator_c: 4.6.6 (/opt/ros/jazzy/share/rosidl_generator_c/cmake)
[0.785s] -- Found rosidl_generator_cpp: 4.6.6 (/opt/ros/jazzy/share/rosidl_generator_cpp/cmake)
[0.812s] -- Using all available rosidl_typesupport_c: rosidl_typesupport_fastrtps_c;rosidl_typesupport_introspection_c
[0.844s] -- Using all available rosidl_typesupport_cpp: rosidl_typesupport_fastrtps_cpp;rosidl_typesupport_introspection_cpp
[0.890s] -- Found geometry_msgs: 5.3.6 (/opt/ros/jazzy/share/geometry_msgs/cmake)
[0.911s] -- Found rosidl_default_generators: 1.6.0 (/opt/ros/jazzy/share/rosidl_default_generators/cmake)
[0.935s] -- Found rosidl_adapter: 4.6.6 (/opt/ros/jazzy/share/rosidl_adapter/cmake)
[1.591s] -- Found ament_cmake_ros: 0.12.0 (/opt/ros/jazzy/share/ament_cmake_ros/cmake)
[2.413s] -- Using all available rosidl_typesupport_c: rosidl_typesupport_fastrtps_c;rosidl_typesupport_introspection_c
[2.737s] -- Using all available rosidl_typesupport_cpp: rosidl_typesupport_fastrtps_cpp;rosidl_typesupport_introspection_cpp
[2.742s] -- Found python_cmake_module: 0.11.1 (/opt/ros/jazzy/share/python_cmake_module/cmake)
[2.872s] -- Found PythonExtra: /usr/bin/python3  
[3.283s] -- Found Python3: /usr/bin/python3 (found version "3.12.3") found components: Interpreter Development NumPy Development.Module Development.Embed 
[3.349s] -- Configuring done (3.3s)
[3.400s] -- Generating done (0.0s)
[3.412s] -- Build files have been written to: /media/roboserver/DATA/axbot_ws/build/axbot_interfaces
[3.421s] Invoked command in '/media/roboserver/DATA/axbot_ws/build/axbot_interfaces' returned '0': CMAKE_PREFIX_PATH=${CMAKE_PREFIX_PATH}:/media/roboserver/DATA/axbot_ws/install/axbot_examples:/media/roboserver/DATA/axbot_ws/install/axbot_driver:/media/roboserver/DATA/autox_ws/install/fielder_teleop:/media/roboserver/DATA/autox_ws/install/fielder_odometry:/media/roboserver/DATA/autox_ws/install/fielder_navigation:/opt/ros/jazzy DEBUGINFOD_URLS=https://debuginfod.ubuntu.com /usr/bin/cmake /media/roboserver/DATA/axbot_ws/src/axbot_interfaces -DCMAKE_INSTALL_PREFIX=/media/roboserver/DATA/axbot_ws/install/axbot_interfaces
[3.422s] Invoking command in '/media/roboserver/DATA/axbot_ws/build/axbot_interfaces': CMAKE_PREFIX_PATH=${CMAKE_PREFIX_PATH}:/media/roboserver/DATA/axbot_ws/install/axbot_examples:/media/roboserver/DATA/axbot_ws/install/axbot_driver:/media/roboserver/DATA/autox_ws/install/fielder_teleop:/media/roboserver/DATA/autox_ws/install/fielder_odometry:/media/roboserver/DATA/autox_ws/install/fielder_navigation:/opt/ros/jazzy DEBUGINFOD_URLS=https://debuginfod.ubuntu.com /usr/bin/cmake --build /media/roboserver/DATA/axbot_ws/build/axbot_interfaces -- -j8 -l8
[3.475s] [  1%] [34m[1mGenerating type hashes for ROS interfaces[0m
[3.484s] [  1%] Built target ament_cmake_python_copy_axbot_interfaces
[3.719s] running egg_info
[3.720s] creating axbot_interfaces.egg-info
[3.744s] writing axbot_interfaces.egg-info/PKG-INFO
[3.744s] writing dependency_links to axbot_interfaces.egg-info/dependency_links.txt
[3.744s] writing top-level names to axbot_interfaces.egg-info/top_level.txt
[3.744s] writing manifest file 'axbot_interfaces.egg-info/SOURCES.txt'
[3.774s] [  1%] Built target axbot_interfaces__rosidl_generator_type_description
[3.785s] [  1%] [34m[1mGenerating C code for ROS interfaces[0m
[3.796s] [  1%] [34m[1mGenerating C++ code for ROS interfaces[0m
[3.826s] reading manifest file 'axbot_interfaces.egg-info/SOURCES.txt'
[3.827s] writing manifest file 'axbot_interfaces.egg-info/SOURCES.txt'
[3.859s] [  1%] Built target ament_cmake_python_build_axbot_interfaces_egg
[4.461s] [  1%] Built target axbot_interfaces__cpp
[4.652s] [  1%] [32mBuilding C object CMakeFiles/axbot_interfaces__rosidl_generator_c.dir/rosidl_generator_c/axbot_interfaces/msg/detail/device_info__description.c.o[0m
[4.652s] [  1%] [32mBuilding C object CMakeFiles/axbot_interfaces__rosidl_generator_c.dir/rosidl_generator_c/axbot_interfaces/msg/detail/device_info__functions.c.o[0m
[4.652s] [  1%] [32mBuilding C object CMakeFiles/axbot_interfaces__rosidl_generator_c.dir/rosidl_generator_c/axbot_interfaces/msg/detail/device_info__type_support.c.o[0m
[4.652s] [  1%] [32mBuilding C object CMakeFiles/axbot_interfaces__rosidl_generator_c.dir/rosidl_generator_c/axbot_interfaces/msg/detail/wheel_state__functions.c.o[0m
[4.652s] [  1%] [32mBuilding C object CMakeFiles/axbot_interfaces__rosidl_generator_c.dir/rosidl_generator_c/axbot_interfaces/msg/detail/wheel_state__type_support.c.o[0m
[4.652s] [  1%] [32mBuilding C object CMakeFiles/axbot_interfaces__rosidl_generator_c.dir/rosidl_generator_c/axbot_interfaces/msg/detail/wheel_state__description.c.o[0m
[4.652s] [  1%] [32mBuilding C object CMakeFiles/axbot_interfaces__rosidl_generator_c.dir/rosidl_generator_c/axbot_interfaces/msg/detail/slam_state__description.c.o[0m
[4.652s] [  1%] [32mBuilding C object CMakeFiles/axbot_interfaces__rosidl_generator_c.dir/rosidl_generator_c/axbot_interfaces/msg/detail/slam_state__functions.c.o[0m
[4.703s] [  1%] [32mBuilding C object CMakeFiles/axbot_interfaces__rosidl_generator_c.dir/rosidl_generator_c/axbot_interfaces/msg/detail/slam_state__type_support.c.o[0m
[4.703s] [  1%] [32mBuilding C object CMakeFiles/axbot_interfaces__rosidl_generator_c.dir/rosidl_generator_c/axbot_interfaces/msg/detail/planning_state__description.c.o[0m
[4.712s] [  1%] [32mBuilding C object CMakeFiles/axbot_interfaces__rosidl_generator_c.dir/rosidl_generator_c/axbot_interfaces/msg/detail/planning_state__type_support.c.o[0m
[4.712s] [  1%] [32mBuilding C object CMakeFiles/axbot_interfaces__rosidl_generator_c.dir/rosidl_generator_c/axbot_interfaces/msg/detail/robot_pose__description.c.o[0m
[4.716s] [  1%] [32mBuilding C object CMakeFiles/axbot_interfaces__rosidl_generator_c.dir/rosidl_generator_c/axbot_interfaces/msg/detail/planning_state__functions.c.o[0m
[4.728s] [  1%] [32mBuilding C object CMakeFiles/axbot_interfaces__rosidl_generator_c.dir/rosidl_generator_c/axbot_interfaces/msg/detail/robot_pose__functions.c.o[0m
[4.729s] [  1%] [32mBuilding C object CMakeFiles/axbot_interfaces__rosidl_generator_c.dir/rosidl_generator_c/axbot_interfaces/msg/detail/robot_pose__type_support.c.o[0m
[4.735s] [  1%] [32mBuilding C object CMakeFiles/axbot_interfaces__rosidl_generator_c.dir/rosidl_generator_c/axbot_interfaces/srv/detail/set_control_mode__description.c.o[0m
[4.758s] [  1%] [32mBuilding C object CMakeFiles/axbot_interfaces__rosidl_generator_c.dir/rosidl_generator_c/axbot_interfaces/srv/detail/set_control_mode__functions.c.o[0m
[4.765s] [  1%] [32mBuilding C object CMakeFiles/axbot_interfaces__rosidl_generator_c.dir/rosidl_generator_c/axbot_interfaces/srv/detail/set_control_mode__type_support.c.o[0m
[4.773s] [  1%] [32mBuilding C object CMakeFiles/axbot_interfaces__rosidl_generator_c.dir/rosidl_generator_c/axbot_interfaces/srv/detail/set_emergency_stop__description.c.o[0m
[4.779s] [  1%] [32mBuilding C object CMakeFiles/axbot_interfaces__rosidl_generator_c.dir/rosidl_generator_c/axbot_interfaces/srv/detail/set_emergency_stop__type_support.c.o[0m
[4.780s] [  1%] [32mBuilding C object CMakeFiles/axbot_interfaces__rosidl_generator_c.dir/rosidl_generator_c/axbot_interfaces/srv/detail/set_emergency_stop__functions.c.o[0m
[4.800s] [  1%] [32mBuilding C object CMakeFiles/axbot_interfaces__rosidl_generator_c.dir/rosidl_generator_c/axbot_interfaces/srv/detail/get_device_info__description.c.o[0m
[4.807s] [  1%] [32mBuilding C object CMakeFiles/axbot_interfaces__rosidl_generator_c.dir/rosidl_generator_c/axbot_interfaces/srv/detail/get_device_info__functions.c.o[0m
[4.817s] [  1%] [32mBuilding C object CMakeFiles/axbot_interfaces__rosidl_generator_c.dir/rosidl_generator_c/axbot_interfaces/srv/detail/get_device_info__type_support.c.o[0m
[4.931s] [  1%] [32m[1mLinking C shared library libaxbot_interfaces__rosidl_generator_c.so[0m
[4.978s] [  1%] Built target axbot_interfaces__rosidl_generator_c
[4.996s] [  1%] [34m[1mGenerating C++ type support dispatch for ROS interfaces[0m
[4.997s] [  1%] [34m[1mGenerating C type support for eProsima Fast-RTPS[0m
[5.004s] [  1%] [34m[1mGenerating C++ type support for eProsima Fast-RTPS[0m
[5.004s] [  1%] [34m[1mGenerating C++ introspection for ROS interfaces[0m
[5.005s] [  1%] [34m[1mGenerating C type support dispatch for ROS interfaces[0m
[5.005s] [  1%] [34m[1mGenerating C introspection for ROS interfaces[0m
[5.494s] [  1%] [32mBuilding CXX object CMakeFiles/axbot_interfaces__rosidl_typesupport_cpp.dir/rosidl_typesupport_cpp/axbot_interfaces/msg/slam_state__type_support.cpp.o[0m
[5.495s] [  1%] [32mBuilding CXX object CMakeFiles/axbot_interfaces__rosidl_typesupport_cpp.dir/rosidl_typesupport_cpp/axbot_interfaces/msg/wheel_state__type_support.cpp.o[0m
[5.495s] [  1%] [32mBuilding CXX object CMakeFiles/axbot_interfaces__rosidl_typesupport_cpp.dir/rosidl_typesupport_cpp/axbot_interfaces/msg/device_info__type_support.cpp.o[0m
[5.883s] [  1%] [32mBuilding CXX object CMakeFiles/axbot_interfaces__rosidl_typesupport_c.dir/rosidl_typesupport_c/axbot_interfaces/msg/device_info__type_support.cpp.o[0m
[5.911s] [  1%] [32mBuilding C object CMakeFiles/axbot_interfaces__rosidl_typesupport_introspection_c.dir/rosidl_typesupport_introspection_c/axbot_interfaces/msg/detail/device_info__type_support.c.o[0m
[5.954s] [  1%] [32mBuilding CXX object CMakeFiles/axbot_interfaces__rosidl_typesupport_c.dir/rosidl_typesupport_c/axbot_interfaces/msg/wheel_state__type_support.cpp.o[0m
[5.976s] [  1%] [32mBuilding C object CMakeFiles/axbot_interfaces__rosidl_typesupport_introspection_c.dir/rosidl_typesupport_introspection_c/axbot_interfaces/msg/detail/wheel_state__type_support.c.o[0m
[5.997s] [  1%] [32mBuilding CXX object CMakeFiles/axbot_interfaces__rosidl_typesupport_c.dir/rosidl_typesupport_c/axbot_interfaces/msg/slam_state__type_support.cpp.o[0m
[6.004s] [  1%] [32mBuilding CXX object CMakeFiles/axbot_interfaces__rosidl_typesupport_c.dir/rosidl_typesupport_c/axbot_interfaces/msg/planning_state__type_support.cpp.o[0m
[6.008s] [  1%] [32mBuilding CXX object CMakeFiles/axbot_interfaces__rosidl_typesupport_cpp.dir/rosidl_typesupport_cpp/axbot_interfaces/msg/planning_state__type_support.cpp.o[0m
[6.025s] [  1%] [32mBuilding CXX object CMakeFiles/axbot_interfaces__rosidl_typesupport_cpp.dir/rosidl_typesupport_cpp/axbot_interfaces/msg/robot_pose__type_support.cpp.o[0m
[6.041s] [  1%] [32mBuilding C object CMakeFiles/axbot_interfaces__rosidl_typesupport_introspection_c.dir/rosidl_typesupport_introspection_c/axbot_interfaces/msg/detail/slam_state__type_support.c.o[0m
[6.070s] [  1%] [32mBuilding CXX object CMakeFiles/axbot_interfaces__rosidl_typesupport_cpp.dir/rosidl_typesupport_cpp/axbot_interfaces/srv/set_control_mode__type_support.cpp.o[0m
[6.078s] [  1%] [32mBuilding CXX object CMakeFiles/axbot_interfaces__rosidl_typesupport_c.dir/rosidl_typesupport_c/axbot_interfaces/msg/robot_pose__type_support.cpp.o[0m
[6.103s] [  1%] [32mBuilding C object CMakeFiles/axbot_interfaces__rosidl_typesupport_introspection_c.dir/rosidl_typesupport_introspection_c/axbot_interfaces/msg/detail/planning_state__type_support.c.o[0m
[6.130s] [  1%] [32mBuilding CXX object CMakeFiles/axbot_interfaces__rosidl_typesupport_introspection_cpp.dir/rosidl_typesupport_introspection_cpp/axbot_interfaces/msg/detail/device_info__type_support.cpp.o[0m
[6.149s] [  1%] [32mBuilding CXX object CMakeFiles/axbot_interfaces__rosidl_typesupport_c.dir/rosidl_typesupport_c/axbot_interfaces/srv/set_control_mode__type_support.cpp.o[0m
[6.172s] [  1%] [32mBuilding C object CMakeFiles/axbot_interfaces__rosidl_typesupport_introspection_c.dir/rosidl_typesupport_introspection_c/axbot_interfaces/msg/detail/robot_pose__type_support.c.o[0m
[6.227s] [  1%] [32mBuilding CXX object CMakeFiles/axbot_interfaces__rosidl_typesupport_c.dir/rosidl_typesupport_c/axbot_interfaces/srv/set_emergency_stop__type_support.cpp.o[0m
[6.232s] [  1%] [32mBuilding C object CMakeFiles/axbot_interfaces__rosidl_typesupport_introspection_c.dir/rosidl_typesupport_introspection_c/axbot_interfaces/srv/detail/set_control_mode__type_support.c.o[0m
[6.307s] [  1%] [32mBuilding CXX object CMakeFiles/axbot_interfaces__rosidl_typesupport_c.dir/rosidl_typesupport_c/axbot_interfaces/srv/get_device_info__type_support.cpp.o[0m
[6.314s] [  1%] [32mBuilding C object CMakeFiles/axbot_interfaces__rosidl_typesupport_introspection_c.dir/rosidl_typesupport_introspection_c/axbot_interfaces/srv/detail/set_emergency_stop__type_support.c.o[0m
[6.388s] [  1%] [32m[1mLinking CXX shared library libaxbot_interfaces__rosidl_typesupport_c.so[0m
[6.394s] [  1%] [32mBuilding C object CMakeFiles/axbot_interfaces__rosidl_typesupport_introspection_c.dir/rosidl_typesupport_introspection_c/axbot_interfaces/srv/detail/get_device_info__type_support.c.o[0m
[6.463s] [  1%] Built target axbot_interfaces__rosidl_typesupport_c
[6.477s] [  1%] [32m[1mLinking C shared library libaxbot_interfaces__rosidl_typesupport_introspection_c.so[0m
[6.478s] [  1%] [32mBuilding CXX object CMakeFiles/axbot_interfaces__rosidl_typesupport_introspection_cpp.dir/rosidl_typesupport_introspection_cpp/axbot_interfaces/msg/detail/wheel_state__type_support.cpp.o[0m
[6.530s] [  1%] Built target axbot_interfaces__rosidl_typesupport_introspection_c
[6.547s] [  1%] [32mBuilding CXX object CMakeFiles/axbot_interfaces__rosidl_typesupport_introspection_cpp.dir/rosidl_typesupport_introspection_cpp/axbot_interfaces/msg/detail/slam_state__type_support.cpp.o[0m
[6.550s] [  1%] [32mBuilding CXX object CMakeFiles/axbot_interfaces__rosidl_typesupport_introspection_cpp.dir/rosidl_typesupport_introspection_cpp/axbot_interfaces/msg/detail/planning_state__type_support.cpp.o[0m
[6.557s] [  1%] [32mBuilding CXX object CMakeFiles/axbot_interfaces__rosidl_typesupport_introspection_cpp.dir/rosidl_typesupport_introspection_cpp/axbot_interfaces/msg/detail/robot_pose__type_support.cpp.o[0m
[6.565s] [  1%] [32mBuilding CXX object CMakeFiles/axbot_interfaces__rosidl_typesupport_fastrtps_cpp.dir/rosidl_typesupport_fastrtps_cpp/axbot_interfaces/msg/detail/dds_fastrtps/device_info__type_support.cpp.o[0m
[6.647s] [  1%] [32mBuilding CXX object CMakeFiles/axbot_interfaces__rosidl_typesupport_fastrtps_cpp.dir/rosidl_typesupport_fastrtps_cpp/axbot_interfaces/msg/detail/dds_fastrtps/wheel_state__type_support.cpp.o[0m
[6.699s] [  1%] [32mBuilding CXX object CMakeFiles/axbot_interfaces__rosidl_typesupport_fastrtps_c.dir/rosidl_typesupport_fastrtps_c/axbot_interfaces/msg/detail/device_info__type_support_c.cpp.o[0m
[6.735s] [  1%] [32mBuilding CXX object CMakeFiles/axbot_interfaces__rosidl_typesupport_cpp.dir/rosidl_typesupport_cpp/axbot_interfaces/srv/set_emergency_stop__type_support.cpp.o[0m
[6.989s] [  1%] [32mBuilding CXX object CMakeFiles/axbot_interfaces__rosidl_typesupport_fastrtps_c.dir/rosidl_typesupport_fastrtps_c/axbot_interfaces/msg/detail/wheel_state__type_support_c.cpp.o[0m
[7.057s] [  1%] [32mBuilding CXX object CMakeFiles/axbot_interfaces__rosidl_typesupport_fastrtps_c.dir/rosidl_typesupport_fastrtps_c/axbot_interfaces/msg/detail/slam_state__type_support_c.cpp.o[0m
[7.080s] [  1%] [32mBuilding CXX object CMakeFiles/axbot_interfaces__rosidl_typesupport_cpp.dir/rosidl_typesupport_cpp/axbot_interfaces/srv/get_device_info__type_support.cpp.o[0m
[7.126s] [  1%] [32mBuilding CXX object CMakeFiles/axbot_interfaces__rosidl_typesupport_introspection_cpp.dir/rosidl_typesupport_introspection_cpp/axbot_interfaces/srv/detail/set_control_mode__type_support.cpp.o[0m
[7.357s] [  1%] [32mBuilding CXX object CMakeFiles/axbot_interfaces__rosidl_typesupport_fastrtps_c.dir/rosidl_typesupport_fastrtps_c/axbot_interfaces/msg/detail/planning_state__type_support_c.cpp.o[0m
[7.406s] [  1%] [32mBuilding CXX object CMakeFiles/axbot_interfaces__rosidl_typesupport_introspection_cpp.dir/rosidl_typesupport_introspection_cpp/axbot_interfaces/srv/detail/set_emergency_stop__type_support.cpp.o[0m
[7.470s] [  1%] [32mBuilding CXX object CMakeFiles/axbot_interfaces__rosidl_typesupport_fastrtps_cpp.dir/rosidl_typesupport_fastrtps_cpp/axbot_interfaces/msg/detail/dds_fastrtps/slam_state__type_support.cpp.o[0m
[7.507s] [  1%] [32mBuilding CXX object CMakeFiles/axbot_interfaces__rosidl_typesupport_fastrtps_cpp.dir/rosidl_typesupport_fastrtps_cpp/axbot_interfaces/msg/detail/dds_fastrtps/planning_state__type_support.cpp.o[0m
[7.739s] [  1%] [32m[1mLinking CXX shared library libaxbot_interfaces__rosidl_typesupport_cpp.so[0m
[7.792s] [  1%] [32mBuilding CXX object CMakeFiles/axbot_interfaces__rosidl_typesupport_introspection_cpp.dir/rosidl_typesupport_introspection_cpp/axbot_interfaces/srv/detail/get_device_info__type_support.cpp.o[0m
[7.816s] [  1%] [32mBuilding CXX object CMakeFiles/axbot_interfaces__rosidl_typesupport_fastrtps_cpp.dir/rosidl_typesupport_fastrtps_cpp/axbot_interfaces/msg/detail/dds_fastrtps/robot_pose__type_support.cpp.o[0m
[7.824s] [  1%] [32mBuilding CXX object CMakeFiles/axbot_interfaces__rosidl_typesupport_fastrtps_cpp.dir/rosidl_typesupport_fastrtps_cpp/axbot_interfaces/srv/detail/dds_fastrtps/set_control_mode__type_support.cpp.o[0m
[7.896s] [  1%] Built target axbot_interfaces__rosidl_typesupport_cpp
[7.910s] [  1%] [32mBuilding CXX object CMakeFiles/axbot_interfaces__rosidl_typesupport_fastrtps_cpp.dir/rosidl_typesupport_fastrtps_cpp/axbot_interfaces/srv/detail/dds_fastrtps/set_emergency_stop__type_support.cpp.o[0m
[8.138s] [  1%] [32mBuilding CXX object CMakeFiles/axbot_interfaces__rosidl_typesupport_fastrtps_c.dir/rosidl_typesupport_fastrtps_c/axbot_interfaces/msg/detail/robot_pose__type_support_c.cpp.o[0m
[8.200s] [  1%] [32mBuilding CXX object CMakeFiles/axbot_interfaces__rosidl_typesupport_fastrtps_cpp.dir/rosidl_typesupport_fastrtps_cpp/axbot_interfaces/srv/detail/dds_fastrtps/get_device_info__type_support.cpp.o[0m
[8.336s] [  1%] [32mBuilding CXX object CMakeFiles/axbot_interfaces__rosidl_typesupport_fastrtps_c.dir/rosidl_typesupport_fastrtps_c/axbot_interfaces/srv/detail/set_control_mode__type_support_c.cpp.o[0m
[8.484s] [  1%] [32mBuilding CXX object CMakeFiles/axbot_interfaces__rosidl_typesupport_fastrtps_c.dir/rosidl_typesupport_fastrtps_c/axbot_interfaces/srv/detail/set_emergency_stop__type_support_c.cpp.o[0m
[8.723s] [  1%] [32m[1mLinking CXX shared library libaxbot_interfaces__rosidl_typesupport_introspection_cpp.so[0m
[8.936s] [  1%] Built target axbot_interfaces__rosidl_typesupport_introspection_cpp
[8.954s] [  1%] [32mBuilding CXX object CMakeFiles/axbot_interfaces__rosidl_typesupport_fastrtps_c.dir/rosidl_typesupport_fastrtps_c/axbot_interfaces/srv/detail/get_device_info__type_support_c.cpp.o[0m
[9.314s] [  1%] [32m[1mLinking CXX shared library libaxbot_interfaces__rosidl_typesupport_fastrtps_cpp.so[0m
[9.406s] [  1%] Built target axbot_interfaces__rosidl_typesupport_fastrtps_cpp
[9.516s] [  1%] [32m[1mLinking CXX shared library libaxbot_interfaces__rosidl_typesupport_fastrtps_c.so[0m
[9.593s] [  1%] Built target axbot_interfaces__rosidl_typesupport_fastrtps_c
[9.614s] [  1%] Built target axbot_interfaces
[9.635s] [  1%] [34m[1mGenerating Python code for ROS interfaces[0m
[10.738s] [  1%] Built target axbot_interfaces__py
[10.766s] [  1%] [32mBuilding C object CMakeFiles/axbot_interfaces__rosidl_generator_py.dir/rosidl_generator_py/axbot_interfaces/msg/_device_info_s.c.o[0m
[10.766s] [  1%] [32mBuilding C object CMakeFiles/axbot_interfaces__rosidl_generator_py.dir/rosidl_generator_py/axbot_interfaces/msg/_planning_state_s.c.o[0m
[10.766s] [  1%] [32mBuilding C object CMakeFiles/axbot_interfaces__rosidl_generator_py.dir/rosidl_generator_py/axbot_interfaces/msg/_wheel_state_s.c.o[0m
[10.766s] [  1%] [32mBuilding C object CMakeFiles/axbot_interfaces__rosidl_generator_py.dir/rosidl_generator_py/axbot_interfaces/msg/_robot_pose_s.c.o[0m
[10.766s] [  1%] [32mBuilding C object CMakeFiles/axbot_interfaces__rosidl_generator_py.dir/rosidl_generator_py/axbot_interfaces/msg/_slam_state_s.c.o[0m
[10.766s] [  1%] [32mBuilding C object CMakeFiles/axbot_interfaces__rosidl_generator_py.dir/rosidl_generator_py/axbot_interfaces/srv/_set_emergency_stop_s.c.o[0m
[10.766s] [  1%] [32mBuilding C object CMakeFiles/axbot_interfaces__rosidl_generator_py.dir/rosidl_generator_py/axbot_interfaces/srv/_set_control_mode_s.c.o[0m
[10.767s] [  1%] [32mBuilding C object CMakeFiles/axbot_interfaces__rosidl_generator_py.dir/rosidl_generator_py/axbot_interfaces/srv/_get_device_info_s.c.o[0m
[11.027s] [  1%] [32m[1mLinking C shared library libaxbot_interfaces__rosidl_generator_py.so[0m
[11.075s] [  1%] Built target axbot_interfaces__rosidl_generator_py
[11.097s] [  1%] [32mBuilding C object CMakeFiles/axbot_interfaces_s__rosidl_typesupport_introspection_c.dir/rosidl_generator_py/axbot_interfaces/_axbot_interfaces_s.ep.rosidl_typesupport_introspection_c.c.o[0m
[11.097s] [  1%] [32mBuilding C object CMakeFiles/axbot_interfaces_s__rosidl_typesupport_fastrtps_c.dir/rosidl_generator_py/axbot_interfaces/_axbot_interfaces_s.ep.rosidl_typesupport_fastrtps_c.c.o[0m
[11.097s] [  1%] [32mBuilding C object CMakeFiles/axbot_interfaces_s__rosidl_typesupport_c.dir/rosidl_generator_py/axbot_interfaces/_axbot_interfaces_s.ep.rosidl_typesupport_c.c.o[0m
[11.238s] [  1%] [32m[1mLinking C shared module rosidl_generator_py/axbot_interfaces/axbot_interfaces_s__rosidl_typesupport_c.so[0m
[11.238s] [  1%] [32m[1mLinking C shared module rosidl_generator_py/axbot_interfaces/axbot_interfaces_s__rosidl_typesupport_introspection_c.so[0m
[11.244s] [  1%] [32m[1mLinking C shared module rosidl_generator_py/axbot_interfaces/axbot_interfaces_s__rosidl_typesupport_fastrtps_c.so[0m
[11.273s] [  1%] Built target axbot_interfaces_s__rosidl_typesupport_c
[11.274s] [  1%] Built target axbot_interfaces_s__rosidl_typesupport_introspection_c
[11.282s] [  1%] Built target axbot_interfaces_s__rosidl_typesupport_fastrtps_c
[11.293s] Invoked command in '/media/roboserver/DATA/axbot_ws/build/axbot_interfaces' returned '0': CMAKE_PREFIX_PATH=${CMAKE_PREFIX_PATH}:/media/roboserver/DATA/axbot_ws/install/axbot_examples:/media/roboserver/DATA/axbot_ws/install/axbot_driver:/media/roboserver/DATA/autox_ws/install/fielder_teleop:/media/roboserver/DATA/autox_ws/install/fielder_odometry:/media/roboserver/DATA/autox_ws/install/fielder_navigation:/opt/ros/jazzy DEBUGINFOD_URLS=https://debuginfod.ubuntu.com /usr/bin/cmake --build /media/roboserver/DATA/axbot_ws/build/axbot_interfaces -- -j8 -l8
[11.294s] Invoking command in '/media/roboserver/DATA/axbot_ws/build/axbot_interfaces': CMAKE_PREFIX_PATH=${CMAKE_PREFIX_PATH}:/media/roboserver/DATA/axbot_ws/install/axbot_examples:/media/roboserver/DATA/axbot_ws/install/axbot_driver:/media/roboserver/DATA/autox_ws/install/fielder_teleop:/media/roboserver/DATA/autox_ws/install/fielder_odometry:/media/roboserver/DATA/autox_ws/install/fielder_navigation:/opt/ros/jazzy DEBUGINFOD_URLS=https://debuginfod.ubuntu.com /usr/bin/cmake --install /media/roboserver/DATA/axbot_ws/build/axbot_interfaces
[11.303s] -- Install configuration: ""
[11.303s] -- Installing: /media/roboserver/DATA/axbot_ws/install/axbot_interfaces/share/ament_index/resource_index/rosidl_interfaces/axbot_interfaces
[11.303s] -- Installing: /media/roboserver/DATA/axbot_ws/install/axbot_interfaces/share/axbot_interfaces/msg/DeviceInfo.json
[11.303s] -- Installing: /media/roboserver/DATA/axbot_ws/install/axbot_interfaces/share/axbot_interfaces/msg/WheelState.json
[11.303s] -- Installing: /media/roboserver/DATA/axbot_ws/install/axbot_interfaces/share/axbot_interfaces/msg/SlamState.json
[11.303s] -- Installing: /media/roboserver/DATA/axbot_ws/install/axbot_interfaces/share/axbot_interfaces/msg/PlanningState.json
[11.304s] -- Installing: /media/roboserver/DATA/axbot_ws/install/axbot_interfaces/share/axbot_interfaces/msg/RobotPose.json
[11.304s] -- Installing: /media/roboserver/DATA/axbot_ws/install/axbot_interfaces/share/axbot_interfaces/srv/SetControlMode.json
[11.304s] -- Installing: /media/roboserver/DATA/axbot_ws/install/axbot_interfaces/share/axbot_interfaces/srv/SetEmergencyStop.json
[11.304s] -- Installing: /media/roboserver/DATA/axbot_ws/install/axbot_interfaces/share/axbot_interfaces/srv/GetDeviceInfo.json
[11.304s] -- Installing: /media/roboserver/DATA/axbot_ws/install/axbot_interfaces/include/axbot_interfaces/axbot_interfaces
[11.304s] -- Installing: /media/roboserver/DATA/axbot_ws/install/axbot_interfaces/include/axbot_interfaces/axbot_interfaces/msg
[11.304s] -- Installing: /media/roboserver/DATA/axbot_ws/install/axbot_interfaces/include/axbot_interfaces/axbot_interfaces/msg/detail
[11.304s] -- Installing: /media/roboserver/DATA/axbot_ws/install/axbot_interfaces/include/axbot_interfaces/axbot_interfaces/msg/detail/robot_pose__functions.h
[11.304s] -- Installing: /media/roboserver/DATA/axbot_ws/install/axbot_interfaces/include/axbot_interfaces/axbot_interfaces/msg/detail/robot_pose__struct.h
[11.304s] -- Installing: /media/roboserver/DATA/axbot_ws/install/axbot_interfaces/include/axbot_interfaces/axbot_interfaces/msg/detail/robot_pose__type_support.c
[11.305s] -- Installing: /media/roboserver/DATA/axbot_ws/install/axbot_interfaces/include/axbot_interfaces/axbot_interfaces/msg/detail/robot_pose__type_support.h
[11.305s] -- Installing: /media/roboserver/DATA/axbot_ws/install/axbot_interfaces/include/axbot_interfaces/axbot_interfaces/msg/detail/slam_state__description.c
[11.305s] -- Installing: /media/roboserver/DATA/axbot_ws/install/axbot_interfaces/include/axbot_interfaces/axbot_interfaces/msg/detail/slam_state__functions.c
[11.305s] -- Installing: /media/roboserver/DATA/axbot_ws/install/axbot_interfaces/include/axbot_interfaces/axbot_interfaces/msg/detail/slam_state__functions.h
[11.305s] -- Installing: /media/roboserver/DATA/axbot_ws/install/axbot_interfaces/include/axbot_interfaces/axbot_interfaces/msg/detail/slam_state__struct.h
[11.305s] -- Installing: /media/roboserver/DATA/axbot_ws/install/axbot_interfaces/include/axbot_interfaces/axbot_interfaces/msg/detail/slam_state__type_support.c
[11.305s] -- Installing: /media/roboserver/DATA/axbot_ws/install/axbot_interfaces/include/axbot_interfaces/axbot_interfaces/msg/detail/slam_state__type_support.h
[11.305s] -- Installing: /media/roboserver/DATA/axbot_ws/install/axbot_interfaces/include/axbot_interfaces/axbot_interfaces/msg/detail/wheel_state__description.c
[11.305s] -- Installing: /media/roboserver/DATA/axbot_ws/install/axbot_interfaces/include/axbot_interfaces/axbot_interfaces/msg/detail/wheel_state__functions.c
[11.305s] -- Installing: /media/roboserver/DATA/axbot_ws/install/axbot_interfaces/include/axbot_interfaces/axbot_interfaces/msg/detail/wheel_state__functions.h
[11.306s] -- Installing: /media/roboserver/DATA/axbot_ws/install/axbot_interfaces/include/axbot_interfaces/axbot_interfaces/msg/detail/wheel_state__struct.h
[11.306s] -- Installing: /media/roboserver/DATA/axbot_ws/install/axbot_interfaces/include/axbot_interfaces/axbot_interfaces/msg/detail/wheel_state__type_support.c
[11.306s] -- Installing: /media/roboserver/DATA/axbot_ws/install/axbot_interfaces/include/axbot_interfaces/axbot_interfaces/msg/detail/wheel_state__type_support.h
[11.306s] -- Installing: /media/roboserver/DATA/axbot_ws/install/axbot_interfaces/include/axbot_interfaces/axbot_interfaces/msg/detail/device_info__description.c
[11.306s] -- Installing: /media/roboserver/DATA/axbot_ws/install/axbot_interfaces/include/axbot_interfaces/axbot_interfaces/msg/detail/device_info__functions.c
[11.306s] -- Installing: /media/roboserver/DATA/axbot_ws/install/axbot_interfaces/include/axbot_interfaces/axbot_interfaces/msg/detail/device_info__functions.h
[11.306s] -- Installing: /media/roboserver/DATA/axbot_ws/install/axbot_interfaces/include/axbot_interfaces/axbot_interfaces/msg/detail/device_info__struct.h
[11.306s] -- Installing: /media/roboserver/DATA/axbot_ws/install/axbot_interfaces/include/axbot_interfaces/axbot_interfaces/msg/detail/device_info__type_support.c
[11.306s] -- Installing: /media/roboserver/DATA/axbot_ws/install/axbot_interfaces/include/axbot_interfaces/axbot_interfaces/msg/detail/device_info__type_support.h
[11.306s] -- Installing: /media/roboserver/DATA/axbot_ws/install/axbot_interfaces/include/axbot_interfaces/axbot_interfaces/msg/detail/planning_state__description.c
[11.307s] -- Installing: /media/roboserver/DATA/axbot_ws/install/axbot_interfaces/include/axbot_interfaces/axbot_interfaces/msg/detail/planning_state__functions.c
[11.307s] -- Installing: /media/roboserver/DATA/axbot_ws/install/axbot_interfaces/include/axbot_interfaces/axbot_interfaces/msg/detail/planning_state__functions.h
[11.307s] -- Installing: /media/roboserver/DATA/axbot_ws/install/axbot_interfaces/include/axbot_interfaces/axbot_interfaces/msg/detail/planning_state__struct.h
[11.307s] -- Installing: /media/roboserver/DATA/axbot_ws/install/axbot_interfaces/include/axbot_interfaces/axbot_interfaces/msg/detail/planning_state__type_support.c
[11.307s] -- Installing: /media/roboserver/DATA/axbot_ws/install/axbot_interfaces/include/axbot_interfaces/axbot_interfaces/msg/detail/planning_state__type_support.h
[11.307s] -- Installing: /media/roboserver/DATA/axbot_ws/install/axbot_interfaces/include/axbot_interfaces/axbot_interfaces/msg/detail/robot_pose__description.c
[11.307s] -- Installing: /media/roboserver/DATA/axbot_ws/install/axbot_interfaces/include/axbot_interfaces/axbot_interfaces/msg/detail/robot_pose__functions.c
[11.307s] -- Installing: /media/roboserver/DATA/axbot_ws/install/axbot_interfaces/include/axbot_interfaces/axbot_interfaces/msg/device_info.h
[11.307s] -- Installing: /media/roboserver/DATA/axbot_ws/install/axbot_interfaces/include/axbot_interfaces/axbot_interfaces/msg/planning_state.h
[11.307s] -- Installing: /media/roboserver/DATA/axbot_ws/install/axbot_interfaces/include/axbot_interfaces/axbot_interfaces/msg/robot_pose.h
[11.308s] -- Installing: /media/roboserver/DATA/axbot_ws/install/axbot_interfaces/include/axbot_interfaces/axbot_interfaces/msg/rosidl_generator_c__visibility_control.h
[11.308s] -- Installing: /media/roboserver/DATA/axbot_ws/install/axbot_interfaces/include/axbot_interfaces/axbot_interfaces/msg/slam_state.h
[11.308s] -- Installing: /media/roboserver/DATA/axbot_ws/install/axbot_interfaces/include/axbot_interfaces/axbot_interfaces/msg/wheel_state.h
[11.308s] -- Installing: /media/roboserver/DATA/axbot_ws/install/axbot_interfaces/include/axbot_interfaces/axbot_interfaces/srv
[11.308s] -- Installing: /media/roboserver/DATA/axbot_ws/install/axbot_interfaces/include/axbot_interfaces/axbot_interfaces/srv/detail
[11.308s] -- Installing: /media/roboserver/DATA/axbot_ws/install/axbot_interfaces/include/axbot_interfaces/axbot_interfaces/srv/detail/get_device_info__description.c
[11.308s] -- Installing: /media/roboserver/DATA/axbot_ws/install/axbot_interfaces/include/axbot_interfaces/axbot_interfaces/srv/detail/get_device_info__functions.c
[11.308s] -- Installing: /media/roboserver/DATA/axbot_ws/install/axbot_interfaces/include/axbot_interfaces/axbot_interfaces/srv/detail/get_device_info__functions.h
[11.308s] -- Installing: /media/roboserver/DATA/axbot_ws/install/axbot_interfaces/include/axbot_interfaces/axbot_interfaces/srv/detail/get_device_info__struct.h
[11.308s] -- Installing: /media/roboserver/DATA/axbot_ws/install/axbot_interfaces/include/axbot_interfaces/axbot_interfaces/srv/detail/get_device_info__type_support.c
[11.308s] -- Installing: /media/roboserver/DATA/axbot_ws/install/axbot_interfaces/include/axbot_interfaces/axbot_interfaces/srv/detail/get_device_info__type_support.h
[11.308s] -- Installing: /media/roboserver/DATA/axbot_ws/install/axbot_interfaces/include/axbot_interfaces/axbot_interfaces/srv/detail/set_control_mode__description.c
[11.309s] -- Installing: /media/roboserver/DATA/axbot_ws/install/axbot_interfaces/include/axbot_interfaces/axbot_interfaces/srv/detail/set_control_mode__functions.c
[11.309s] -- Installing: /media/roboserver/DATA/axbot_ws/install/axbot_interfaces/include/axbot_interfaces/axbot_interfaces/srv/detail/set_control_mode__functions.h
[11.309s] -- Installing: /media/roboserver/DATA/axbot_ws/install/axbot_interfaces/include/axbot_interfaces/axbot_interfaces/srv/detail/set_control_mode__struct.h
[11.309s] -- Installing: /media/roboserver/DATA/axbot_ws/install/axbot_interfaces/include/axbot_interfaces/axbot_interfaces/srv/detail/set_control_mode__type_support.c
[11.309s] -- Installing: /media/roboserver/DATA/axbot_ws/install/axbot_interfaces/include/axbot_interfaces/axbot_interfaces/srv/detail/set_control_mode__type_support.h
[11.309s] -- Installing: /media/roboserver/DATA/axbot_ws/install/axbot_interfaces/include/axbot_interfaces/axbot_interfaces/srv/detail/set_emergency_stop__description.c
[11.309s] -- Installing: /media/roboserver/DATA/axbot_ws/install/axbot_interfaces/include/axbot_interfaces/axbot_interfaces/srv/detail/set_emergency_stop__functions.c
[11.309s] -- Installing: /media/roboserver/DATA/axbot_ws/install/axbot_interfaces/include/axbot_interfaces/axbot_interfaces/srv/detail/set_emergency_stop__functions.h
[11.309s] -- Installing: /media/roboserver/DATA/axbot_ws/install/axbot_interfaces/include/axbot_interfaces/axbot_interfaces/srv/detail/set_emergency_stop__struct.h
[11.310s] -- Installing: /media/roboserver/DATA/axbot_ws/install/axbot_interfaces/include/axbot_interfaces/axbot_interfaces/srv/detail/set_emergency_stop__type_support.c
[11.310s] -- Installing: /media/roboserver/DATA/axbot_ws/install/axbot_interfaces/include/axbot_interfaces/axbot_interfaces/srv/detail/set_emergency_stop__type_support.h
[11.310s] -- Installing: /media/roboserver/DATA/axbot_ws/install/axbot_interfaces/include/axbot_interfaces/axbot_interfaces/srv/get_device_info.h
[11.310s] -- Installing: /media/roboserver/DATA/axbot_ws/install/axbot_interfaces/include/axbot_interfaces/axbot_interfaces/srv/set_control_mode.h
[11.310s] -- Installing: /media/roboserver/DATA/axbot_ws/install/axbot_interfaces/include/axbot_interfaces/axbot_interfaces/srv/set_emergency_stop.h
[11.310s] -- Installing: /media/roboserver/DATA/axbot_ws/install/axbot_interfaces/share/axbot_interfaces/environment/library_path.sh
[11.310s] -- Installing: /media/roboserver/DATA/axbot_ws/install/axbot_interfaces/share/axbot_interfaces/environment/library_path.dsv
[11.310s] -- Installing: /media/roboserver/DATA/axbot_ws/install/axbot_interfaces/lib/libaxbot_interfaces__rosidl_generator_c.so
[11.311s] -- Set non-toolchain portion of runtime path of "/media/roboserver/DATA/axbot_ws/install/axbot_interfaces/lib/libaxbot_interfaces__rosidl_generator_c.so" to ""
[11.311s] -- Up-to-date: /media/roboserver/DATA/axbot_ws/install/axbot_interfaces/include/axbot_interfaces/axbot_interfaces
[11.311s] -- Up-to-date: /media/roboserver/DATA/axbot_ws/install/axbot_interfaces/include/axbot_interfaces/axbot_interfaces/msg
[11.311s] -- Up-to-date: /media/roboserver/DATA/axbot_ws/install/axbot_interfaces/include/axbot_interfaces/axbot_interfaces/msg/detail
[11.311s] -- Installing: /media/roboserver/DATA/axbot_ws/install/axbot_interfaces/include/axbot_interfaces/axbot_interfaces/msg/detail/device_info__rosidl_typesupport_fastrtps_c.h
[11.311s] -- Installing: /media/roboserver/DATA/axbot_ws/install/axbot_interfaces/include/axbot_interfaces/axbot_interfaces/msg/detail/planning_state__rosidl_typesupport_fastrtps_c.h
[11.311s] -- Installing: /media/roboserver/DATA/axbot_ws/install/axbot_interfaces/include/axbot_interfaces/axbot_interfaces/msg/detail/robot_pose__rosidl_typesupport_fastrtps_c.h
[11.311s] -- Installing: /media/roboserver/DATA/axbot_ws/install/axbot_interfaces/include/axbot_interfaces/axbot_interfaces/msg/detail/slam_state__rosidl_typesupport_fastrtps_c.h
[11.311s] -- Installing: /media/roboserver/DATA/axbot_ws/install/axbot_interfaces/include/axbot_interfaces/axbot_interfaces/msg/detail/wheel_state__rosidl_typesupport_fastrtps_c.h
[11.312s] -- Installing: /media/roboserver/DATA/axbot_ws/install/axbot_interfaces/include/axbot_interfaces/axbot_interfaces/msg/rosidl_typesupport_fastrtps_c__visibility_control.h
[11.312s] -- Up-to-date: /media/roboserver/DATA/axbot_ws/install/axbot_interfaces/include/axbot_interfaces/axbot_interfaces/srv
[11.312s] -- Up-to-date: /media/roboserver/DATA/axbot_ws/install/axbot_interfaces/include/axbot_interfaces/axbot_interfaces/srv/detail
[11.312s] -- Installing: /media/roboserver/DATA/axbot_ws/install/axbot_interfaces/include/axbot_interfaces/axbot_interfaces/srv/detail/get_device_info__rosidl_typesupport_fastrtps_c.h
[11.312s] -- Installing: /media/roboserver/DATA/axbot_ws/install/axbot_interfaces/include/axbot_interfaces/axbot_interfaces/srv/detail/set_control_mode__rosidl_typesupport_fastrtps_c.h
[11.312s] -- Installing: /media/roboserver/DATA/axbot_ws/install/axbot_interfaces/include/axbot_interfaces/axbot_interfaces/srv/detail/set_emergency_stop__rosidl_typesupport_fastrtps_c.h
[11.312s] -- Installing: /media/roboserver/DATA/axbot_ws/install/axbot_interfaces/lib/libaxbot_interfaces__rosidl_typesupport_fastrtps_c.so
[11.312s] -- Set non-toolchain portion of runtime path of "/media/roboserver/DATA/axbot_ws/install/axbot_interfaces/lib/libaxbot_interfaces__rosidl_typesupport_fastrtps_c.so" to ""
[11.313s] -- Up-to-date: /media/roboserver/DATA/axbot_ws/install/axbot_interfaces/include/axbot_interfaces/axbot_interfaces
[11.313s] -- Up-to-date: /media/roboserver/DATA/axbot_ws/install/axbot_interfaces/include/axbot_interfaces/axbot_interfaces/msg
[11.313s] -- Up-to-date: /media/roboserver/DATA/axbot_ws/install/axbot_interfaces/include/axbot_interfaces/axbot_interfaces/msg/detail
[11.313s] -- Installing: /media/roboserver/DATA/axbot_ws/install/axbot_interfaces/include/axbot_interfaces/axbot_interfaces/msg/detail/device_info__builder.hpp
[11.313s] -- Installing: /media/roboserver/DATA/axbot_ws/install/axbot_interfaces/include/axbot_interfaces/axbot_interfaces/msg/detail/device_info__struct.hpp
[11.313s] -- Installing: /media/roboserver/DATA/axbot_ws/install/axbot_interfaces/include/axbot_interfaces/axbot_interfaces/msg/detail/device_info__traits.hpp
[11.313s] -- Installing: /media/roboserver/DATA/axbot_ws/install/axbot_interfaces/include/axbot_interfaces/axbot_interfaces/msg/detail/device_info__type_support.hpp
[11.313s] -- Installing: /media/roboserver/DATA/axbot_ws/install/axbot_interfaces/include/axbot_interfaces/axbot_interfaces/msg/detail/planning_state__builder.hpp
[11.313s] -- Installing: /media/roboserver/DATA/axbot_ws/install/axbot_interfaces/include/axbot_interfaces/axbot_interfaces/msg/detail/planning_state__struct.hpp
[11.313s] -- Installing: /media/roboserver/DATA/axbot_ws/install/axbot_interfaces/include/axbot_interfaces/axbot_interfaces/msg/detail/planning_state__traits.hpp
[11.313s] -- Installing: /media/roboserver/DATA/axbot_ws/install/axbot_interfaces/include/axbot_interfaces/axbot_interfaces/msg/detail/planning_state__type_support.hpp
[11.313s] -- Installing: /media/roboserver/DATA/axbot_ws/install/axbot_interfaces/include/axbot_interfaces/axbot_interfaces/msg/detail/robot_pose__builder.hpp
[11.314s] -- Installing: /media/roboserver/DATA/axbot_ws/install/axbot_interfaces/include/axbot_interfaces/axbot_interfaces/msg/detail/robot_pose__struct.hpp
[11.314s] -- Installing: /media/roboserver/DATA/axbot_ws/install/axbot_interfaces/include/axbot_interfaces/axbot_interfaces/msg/detail/robot_pose__traits.hpp
[11.314s] -- Installing: /media/roboserver/DATA/axbot_ws/install/axbot_interfaces/include/axbot_interfaces/axbot_interfaces/msg/detail/robot_pose__type_support.hpp
[11.314s] -- Installing: /media/roboserver/DATA/axbot_ws/install/axbot_interfaces/include/axbot_interfaces/axbot_interfaces/msg/detail/slam_state__builder.hpp
[11.314s] -- Installing: /media/roboserver/DATA/axbot_ws/install/axbot_interfaces/include/axbot_interfaces/axbot_interfaces/msg/detail/slam_state__struct.hpp
[11.314s] -- Installing: /media/roboserver/DATA/axbot_ws/install/axbot_interfaces/include/axbot_interfaces/axbot_interfaces/msg/detail/slam_state__traits.hpp
[11.314s] -- Installing: /media/roboserver/DATA/axbot_ws/install/axbot_interfaces/include/axbot_interfaces/axbot_interfaces/msg/detail/slam_state__type_support.hpp
[11.314s] -- Installing: /media/roboserver/DATA/axbot_ws/install/axbot_interfaces/include/axbot_interfaces/axbot_interfaces/msg/detail/wheel_state__builder.hpp
[11.314s] -- Installing: /media/roboserver/DATA/axbot_ws/install/axbot_interfaces/include/axbot_interfaces/axbot_interfaces/msg/detail/wheel_state__struct.hpp
[11.314s] -- Installing: /media/roboserver/DATA/axbot_ws/install/axbot_interfaces/include/axbot_interfaces/axbot_interfaces/msg/detail/wheel_state__traits.hpp
[11.314s] -- Installing: /media/roboserver/DATA/axbot_ws/install/axbot_interfaces/include/axbot_interfaces/axbot_interfaces/msg/detail/wheel_state__type_support.hpp
[11.314s] -- Installing: /media/roboserver/DATA/axbot_ws/install/axbot_interfaces/include/axbot_interfaces/axbot_interfaces/msg/device_info.hpp
[11.315s] -- Installing: /media/roboserver/DATA/axbot_ws/install/axbot_interfaces/include/axbot_interfaces/axbot_interfaces/msg/planning_state.hpp
[11.315s] -- Installing: /media/roboserver/DATA/axbot_ws/install/axbot_interfaces/include/axbot_interfaces/axbot_interfaces/msg/robot_pose.hpp
[11.315s] -- Installing: /media/roboserver/DATA/axbot_ws/install/axbot_interfaces/include/axbot_interfaces/axbot_interfaces/msg/rosidl_generator_cpp__visibility_control.hpp
[11.315s] -- Installing: /media/roboserver/DATA/axbot_ws/install/axbot_interfaces/include/axbot_interfaces/axbot_interfaces/msg/slam_state.hpp
[11.315s] -- Installing: /media/roboserver/DATA/axbot_ws/install/axbot_interfaces/include/axbot_interfaces/axbot_interfaces/msg/wheel_state.hpp
[11.315s] -- Up-to-date: /media/roboserver/DATA/axbot_ws/install/axbot_interfaces/include/axbot_interfaces/axbot_interfaces/srv
[11.315s] -- Up-to-date: /media/roboserver/DATA/axbot_ws/install/axbot_interfaces/include/axbot_interfaces/axbot_interfaces/srv/detail
[11.315s] -- Installing: /media/roboserver/DATA/axbot_ws/install/axbot_interfaces/include/axbot_interfaces/axbot_interfaces/srv/detail/get_device_info__builder.hpp
[11.315s] -- Installing: /media/roboserver/DATA/axbot_ws/install/axbot_interfaces/include/axbot_interfaces/axbot_interfaces/srv/detail/get_device_info__struct.hpp
[11.315s] -- Installing: /media/roboserver/DATA/axbot_ws/install/axbot_interfaces/include/axbot_interfaces/axbot_interfaces/srv/detail/get_device_info__traits.hpp
[11.315s] -- Installing: /media/roboserver/DATA/axbot_ws/install/axbot_interfaces/include/axbot_interfaces/axbot_interfaces/srv/detail/get_device_info__type_support.hpp
[11.316s] -- Installing: /media/roboserver/DATA/axbot_ws/install/axbot_interfaces/include/axbot_interfaces/axbot_interfaces/srv/detail/set_control_mode__builder.hpp
[11.316s] -- Installing: /media/roboserver/DATA/axbot_ws/install/axbot_interfaces/include/axbot_interfaces/axbot_interfaces/srv/detail/set_control_mode__struct.hpp
[11.316s] -- Installing: /media/roboserver/DATA/axbot_ws/install/axbot_interfaces/include/axbot_interfaces/axbot_interfaces/srv/detail/set_control_mode__traits.hpp
[11.316s] -- Installing: /media/roboserver/DATA/axbot_ws/install/axbot_interfaces/include/axbot_interfaces/axbot_interfaces/srv/detail/set_control_mode__type_support.hpp
[11.316s] -- Installing: /media/roboserver/DATA/axbot_ws/install/axbot_interfaces/include/axbot_interfaces/axbot_interfaces/srv/detail/set_emergency_stop__builder.hpp
[11.316s] -- Installing: /media/roboserver/DATA/axbot_ws/install/axbot_interfaces/include/axbot_interfaces/axbot_interfaces/srv/detail/set_emergency_stop__struct.hpp
[11.316s] -- Installing: /media/roboserver/DATA/axbot_ws/install/axbot_interfaces/include/axbot_interfaces/axbot_interfaces/srv/detail/set_emergency_stop__traits.hpp
[11.316s] -- Installing: /media/roboserver/DATA/axbot_ws/install/axbot_interfaces/include/axbot_interfaces/axbot_interfaces/srv/detail/set_emergency_stop__type_support.hpp
[11.316s] -- Installing: /media/roboserver/DATA/axbot_ws/install/axbot_interfaces/include/axbot_interfaces/axbot_interfaces/srv/get_device_info.hpp
[11.316s] -- Installing: /media/roboserver/DATA/axbot_ws/install/axbot_interfaces/include/axbot_interfaces/axbot_interfaces/srv/set_control_mode.hpp
[11.317s] -- Installing: /media/roboserver/DATA/axbot_ws/install/axbot_interfaces/include/axbot_interfaces/axbot_interfaces/srv/set_emergency_stop.hpp
[11.317s] -- Up-to-date: /media/roboserver/DATA/axbot_ws/install/axbot_interfaces/include/axbot_interfaces/axbot_interfaces
[11.317s] -- Up-to-date: /media/roboserver/DATA/axbot_ws/install/axbot_interfaces/include/axbot_interfaces/axbot_interfaces/msg
[11.317s] -- Up-to-date: /media/roboserver/DATA/axbot_ws/install/axbot_interfaces/include/axbot_interfaces/axbot_interfaces/msg/detail
[11.317s] -- Installing: /media/roboserver/DATA/axbot_ws/install/axbot_interfaces/include/axbot_interfaces/axbot_interfaces/msg/detail/dds_fastrtps
[11.317s] -- Installing: /media/roboserver/DATA/axbot_ws/install/axbot_interfaces/include/axbot_interfaces/axbot_interfaces/msg/detail/device_info__rosidl_typesupport_fastrtps_cpp.hpp
[11.317s] -- Installing: /media/roboserver/DATA/axbot_ws/install/axbot_interfaces/include/axbot_interfaces/axbot_interfaces/msg/detail/planning_state__rosidl_typesupport_fastrtps_cpp.hpp
[11.317s] -- Installing: /media/roboserver/DATA/axbot_ws/install/axbot_interfaces/include/axbot_interfaces/axbot_interfaces/msg/detail/robot_pose__rosidl_typesupport_fastrtps_cpp.hpp
[11.317s] -- Installing: /media/roboserver/DATA/axbot_ws/install/axbot_interfaces/include/axbot_interfaces/axbot_interfaces/msg/detail/slam_state__rosidl_typesupport_fastrtps_cpp.hpp
[11.317s] -- Installing: /media/roboserver/DATA/axbot_ws/install/axbot_interfaces/include/axbot_interfaces/axbot_interfaces/msg/detail/wheel_state__rosidl_typesupport_fastrtps_cpp.hpp
[11.317s] -- Installing: /media/roboserver/DATA/axbot_ws/install/axbot_interfaces/include/axbot_interfaces/axbot_interfaces/msg/rosidl_typesupport_fastrtps_cpp__visibility_control.h
[11.317s] -- Up-to-date: /media/roboserver/DATA/axbot_ws/install/axbot_interfaces/include/axbot_interfaces/axbot_interfaces/srv
[11.317s] -- Up-to-date: /media/roboserver/DATA/axbot_ws/install/axbot_interfaces/include/axbot_interfaces/axbot_interfaces/srv/detail
[11.318s] -- Installing: /media/roboserver/DATA/axbot_ws/install/axbot_interfaces/include/axbot_interfaces/axbot_interfaces/srv/detail/dds_fastrtps
[11.318s] -- Installing: /media/roboserver/DATA/axbot_ws/install/axbot_interfaces/include/axbot_interfaces/axbot_interfaces/srv/detail/get_device_info__rosidl_typesupport_fastrtps_cpp.hpp
[11.318s] -- Installing: /media/roboserver/DATA/axbot_ws/install/axbot_interfaces/include/axbot_interfaces/axbot_interfaces/srv/detail/set_control_mode__rosidl_typesupport_fastrtps_cpp.hpp
[11.318s] -- Installing: /media/roboserver/DATA/axbot_ws/install/axbot_interfaces/include/axbot_interfaces/axbot_interfaces/srv/detail/set_emergency_stop__rosidl_typesupport_fastrtps_cpp.hpp
[11.318s] -- Installing: /media/roboserver/DATA/axbot_ws/install/axbot_interfaces/lib/libaxbot_interfaces__rosidl_typesupport_fastrtps_cpp.so
[11.319s] -- Set non-toolchain portion of runtime path of "/media/roboserver/DATA/axbot_ws/install/axbot_interfaces/lib/libaxbot_interfaces__rosidl_typesupport_fastrtps_cpp.so" to ""
[11.319s] -- Up-to-date: /media/roboserver/DATA/axbot_ws/install/axbot_interfaces/include/axbot_interfaces/axbot_interfaces
[11.319s] -- Up-to-date: /media/roboserver/DATA/axbot_ws/install/axbot_interfaces/include/axbot_interfaces/axbot_interfaces/msg
[11.319s] -- Up-to-date: /media/roboserver/DATA/axbot_ws/install/axbot_interfaces/include/axbot_interfaces/axbot_interfaces/msg/detail
[11.319s] -- Installing: /media/roboserver/DATA/axbot_ws/install/axbot_interfaces/include/axbot_interfaces/axbot_interfaces/msg/detail/device_info__rosidl_typesupport_introspection_c.h
[11.319s] -- Installing: /media/roboserver/DATA/axbot_ws/install/axbot_interfaces/include/axbot_interfaces/axbot_interfaces/msg/detail/device_info__type_support.c
[11.319s] -- Installing: /media/roboserver/DATA/axbot_ws/install/axbot_interfaces/include/axbot_interfaces/axbot_interfaces/msg/detail/planning_state__rosidl_typesupport_introspection_c.h
[11.319s] -- Installing: /media/roboserver/DATA/axbot_ws/install/axbot_interfaces/include/axbot_interfaces/axbot_interfaces/msg/detail/planning_state__type_support.c
[11.319s] -- Installing: /media/roboserver/DATA/axbot_ws/install/axbot_interfaces/include/axbot_interfaces/axbot_interfaces/msg/detail/robot_pose__rosidl_typesupport_introspection_c.h
[11.319s] -- Installing: /media/roboserver/DATA/axbot_ws/install/axbot_interfaces/include/axbot_interfaces/axbot_interfaces/msg/detail/robot_pose__type_support.c
[11.319s] -- Installing: /media/roboserver/DATA/axbot_ws/install/axbot_interfaces/include/axbot_interfaces/axbot_interfaces/msg/detail/slam_state__rosidl_typesupport_introspection_c.h
[11.319s] -- Installing: /media/roboserver/DATA/axbot_ws/install/axbot_interfaces/include/axbot_interfaces/axbot_interfaces/msg/detail/slam_state__type_support.c
[11.320s] -- Installing: /media/roboserver/DATA/axbot_ws/install/axbot_interfaces/include/axbot_interfaces/axbot_interfaces/msg/detail/wheel_state__rosidl_typesupport_introspection_c.h
[11.320s] -- Installing: /media/roboserver/DATA/axbot_ws/install/axbot_interfaces/include/axbot_interfaces/axbot_interfaces/msg/detail/wheel_state__type_support.c
[11.320s] -- Installing: /media/roboserver/DATA/axbot_ws/install/axbot_interfaces/include/axbot_interfaces/axbot_interfaces/msg/rosidl_typesupport_introspection_c__visibility_control.h
[11.320s] -- Up-to-date: /media/roboserver/DATA/axbot_ws/install/axbot_interfaces/include/axbot_interfaces/axbot_interfaces/srv
[11.320s] -- Up-to-date: /media/roboserver/DATA/axbot_ws/install/axbot_interfaces/include/axbot_interfaces/axbot_interfaces/srv/detail
[11.320s] -- Installing: /media/roboserver/DATA/axbot_ws/install/axbot_interfaces/include/axbot_interfaces/axbot_interfaces/srv/detail/get_device_info__rosidl_typesupport_introspection_c.h
[11.320s] -- Installing: /media/roboserver/DATA/axbot_ws/install/axbot_interfaces/include/axbot_interfaces/axbot_interfaces/srv/detail/get_device_info__type_support.c
[11.320s] -- Installing: /media/roboserver/DATA/axbot_ws/install/axbot_interfaces/include/axbot_interfaces/axbot_interfaces/srv/detail/set_control_mode__rosidl_typesupport_introspection_c.h
[11.320s] -- Installing: /media/roboserver/DATA/axbot_ws/install/axbot_interfaces/include/axbot_interfaces/axbot_interfaces/srv/detail/set_control_mode__type_support.c
[11.320s] -- Installing: /media/roboserver/DATA/axbot_ws/install/axbot_interfaces/include/axbot_interfaces/axbot_interfaces/srv/detail/set_emergency_stop__rosidl_typesupport_introspection_c.h
[11.320s] -- Installing: /media/roboserver/DATA/axbot_ws/install/axbot_interfaces/include/axbot_interfaces/axbot_interfaces/srv/detail/set_emergency_stop__type_support.c
[11.321s] -- Installing: /media/roboserver/DATA/axbot_ws/install/axbot_interfaces/lib/libaxbot_interfaces__rosidl_typesupport_introspection_c.so
[11.321s] -- Set non-toolchain portion of runtime path of "/media/roboserver/DATA/axbot_ws/install/axbot_interfaces/lib/libaxbot_interfaces__rosidl_typesupport_introspection_c.so" to ""
[11.321s] -- Installing: /media/roboserver/DATA/axbot_ws/install/axbot_interfaces/lib/libaxbot_interfaces__rosidl_typesupport_c.so
[11.321s] -- Set non-toolchain portion of runtime path of "/media/roboserver/DATA/axbot_ws/install/axbot_interfaces/lib/libaxbot_interfaces__rosidl_typesupport_c.so" to ""
[11.322s] -- Up-to-date: /media/roboserver/DATA/axbot_ws/install/axbot_interfaces/include/axbot_interfaces/axbot_interfaces
[11.322s] -- Up-to-date: /media/roboserver/DATA/axbot_ws/install/axbot_interfaces/include/axbot_interfaces/axbot_interfaces/msg
[11.322s] -- Up-to-date: /media/roboserver/DATA/axbot_ws/install/axbot_interfaces/include/axbot_interfaces/axbot_interfaces/msg/detail
[11.322s] -- Installing: /media/roboserver/DATA/axbot_ws/install/axbot_interfaces/include/axbot_interfaces/axbot_interfaces/msg/detail/device_info__rosidl_typesupport_introspection_cpp.hpp
[11.322s] -- Installing: /media/roboserver/DATA/axbot_ws/install/axbot_interfaces/include/axbot_interfaces/axbot_interfaces/msg/detail/device_info__type_support.cpp
[11.322s] -- Installing: /media/roboserver/DATA/axbot_ws/install/axbot_interfaces/include/axbot_interfaces/axbot_interfaces/msg/detail/planning_state__rosidl_typesupport_introspection_cpp.hpp
[11.322s] -- Installing: /media/roboserver/DATA/axbot_ws/install/axbot_interfaces/include/axbot_interfaces/axbot_interfaces/msg/detail/planning_state__type_support.cpp
[11.322s] -- Installing: /media/roboserver/DATA/axbot_ws/install/axbot_interfaces/include/axbot_interfaces/axbot_interfaces/msg/detail/robot_pose__rosidl_typesupport_introspection_cpp.hpp
[11.322s] -- Installing: /media/roboserver/DATA/axbot_ws/install/axbot_interfaces/include/axbot_interfaces/axbot_interfaces/msg/detail/robot_pose__type_support.cpp
[11.322s] -- Installing: /media/roboserver/DATA/axbot_ws/install/axbot_interfaces/include/axbot_interfaces/axbot_interfaces/msg/detail/slam_state__rosidl_typesupport_introspection_cpp.hpp
[11.322s] -- Installing: /media/roboserver/DATA/axbot_ws/install/axbot_interfaces/include/axbot_interfaces/axbot_interfaces/msg/detail/slam_state__type_support.cpp
[11.322s] -- Installing: /media/roboserver/DATA/axbot_ws/install/axbot_interfaces/include/axbot_interfaces/axbot_interfaces/msg/detail/wheel_state__rosidl_typesupport_introspection_cpp.hpp
[11.322s] -- Installing: /media/roboserver/DATA/axbot_ws/install/axbot_interfaces/include/axbot_interfaces/axbot_interfaces/msg/detail/wheel_state__type_support.cpp
[11.323s] -- Up-to-date: /media/roboserver/DATA/axbot_ws/install/axbot_interfaces/include/axbot_interfaces/axbot_interfaces/srv
[11.323s] -- Up-to-date: /media/roboserver/DATA/axbot_ws/install/axbot_interfaces/include/axbot_interfaces/axbot_interfaces/srv/detail
[11.323s] -- Installing: /media/roboserver/DATA/axbot_ws/install/axbot_interfaces/include/axbot_interfaces/axbot_interfaces/srv/detail/get_device_info__rosidl_typesupport_introspection_cpp.hpp
[11.323s] -- Installing: /media/roboserver/DATA/axbot_ws/install/axbot_interfaces/include/axbot_interfaces/axbot_interfaces/srv/detail/get_device_info__type_support.cpp
[11.323s] -- Installing: /media/roboserver/DATA/axbot_ws/install/axbot_interfaces/include/axbot_interfaces/axbot_interfaces/srv/detail/set_control_mode__rosidl_typesupport_introspection_cpp.hpp
[11.323s] -- Installing: /media/roboserver/DATA/axbot_ws/install/axbot_interfaces/include/axbot_interfaces/axbot_interfaces/srv/detail/set_control_mode__type_support.cpp
[11.323s] -- Installing: /media/roboserver/DATA/axbot_ws/install/axbot_interfaces/include/axbot_interfaces/axbot_interfaces/srv/detail/set_emergency_stop__rosidl_typesupport_introspection_cpp.hpp
[11.323s] -- Installing: /media/roboserver/DATA/axbot_ws/install/axbot_interfaces/include/axbot_interfaces/axbot_interfaces/srv/detail/set_emergency_stop__type_support.cpp
[11.323s] -- Installing: /media/roboserver/DATA/axbot_ws/install/axbot_interfaces/lib/libaxbot_interfaces__rosidl_typesupport_introspection_cpp.so
[11.324s] -- Set non-toolchain portion of runtime path of "/media/roboserver/DATA/axbot_ws/install/axbot_interfaces/lib/libaxbot_interfaces__rosidl_typesupport_introspection_cpp.so" to ""
[11.324s] -- Installing: /media/roboserver/DATA/axbot_ws/install/axbot_interfaces/lib/libaxbot_interfaces__rosidl_typesupport_cpp.so
[11.325s] -- Set non-toolchain portion of runtime path of "/media/roboserver/DATA/axbot_ws/install/axbot_interfaces/lib/libaxbot_interfaces__rosidl_typesupport_cpp.so" to ""
[11.325s] -- Installing: /media/roboserver/DATA/axbot_ws/install/axbot_interfaces/share/axbot_interfaces/environment/pythonpath.sh
[11.325s] -- Installing: /media/roboserver/DATA/axbot_ws/install/axbot_interfaces/share/axbot_interfaces/environment/pythonpath.dsv
[11.325s] -- Installing: /media/roboserver/DATA/axbot_ws/install/axbot_interfaces/lib/python3.12/site-packages/axbot_interfaces-1.0.0-py3.12.egg-info
[11.325s] -- Installing: /media/roboserver/DATA/axbot_ws/install/axbot_interfaces/lib/python3.12/site-packages/axbot_interfaces-1.0.0-py3.12.egg-info/dependency_links.txt
[11.325s] -- Installing: /media/roboserver/DATA/axbot_ws/install/axbot_interfaces/lib/python3.12/site-packages/axbot_interfaces-1.0.0-py3.12.egg-info/PKG-INFO
[11.325s] -- Installing: /media/roboserver/DATA/axbot_ws/install/axbot_interfaces/lib/python3.12/site-packages/axbot_interfaces-1.0.0-py3.12.egg-info/SOURCES.txt
[11.325s] -- Installing: /media/roboserver/DATA/axbot_ws/install/axbot_interfaces/lib/python3.12/site-packages/axbot_interfaces-1.0.0-py3.12.egg-info/top_level.txt
[11.325s] -- Installing: /media/roboserver/DATA/axbot_ws/install/axbot_interfaces/lib/python3.12/site-packages/axbot_interfaces
[11.325s] -- Installing: /media/roboserver/DATA/axbot_ws/install/axbot_interfaces/lib/python3.12/site-packages/axbot_interfaces/axbot_interfaces_s__rosidl_typesupport_c.so
[11.325s] -- Installing: /media/roboserver/DATA/axbot_ws/install/axbot_interfaces/lib/python3.12/site-packages/axbot_interfaces/axbot_interfaces_s__rosidl_typesupport_fastrtps_c.so
[11.325s] -- Installing: /media/roboserver/DATA/axbot_ws/install/axbot_interfaces/lib/python3.12/site-packages/axbot_interfaces/axbot_interfaces_s__rosidl_typesupport_introspection_c.so
[11.326s] -- Installing: /media/roboserver/DATA/axbot_ws/install/axbot_interfaces/lib/python3.12/site-packages/axbot_interfaces/msg
[11.326s] -- Installing: /media/roboserver/DATA/axbot_ws/install/axbot_interfaces/lib/python3.12/site-packages/axbot_interfaces/msg/_device_info.py
[11.326s] -- Installing: /media/roboserver/DATA/axbot_ws/install/axbot_interfaces/lib/python3.12/site-packages/axbot_interfaces/msg/_device_info_s.c
[11.326s] -- Installing: /media/roboserver/DATA/axbot_ws/install/axbot_interfaces/lib/python3.12/site-packages/axbot_interfaces/msg/_planning_state.py
[11.326s] -- Installing: /media/roboserver/DATA/axbot_ws/install/axbot_interfaces/lib/python3.12/site-packages/axbot_interfaces/msg/_planning_state_s.c
[11.326s] -- Installing: /media/roboserver/DATA/axbot_ws/install/axbot_interfaces/lib/python3.12/site-packages/axbot_interfaces/msg/_robot_pose.py
[11.326s] -- Installing: /media/roboserver/DATA/axbot_ws/install/axbot_interfaces/lib/python3.12/site-packages/axbot_interfaces/msg/_robot_pose_s.c
[11.326s] -- Installing: /media/roboserver/DATA/axbot_ws/install/axbot_interfaces/lib/python3.12/site-packages/axbot_interfaces/msg/_slam_state.py
[11.326s] -- Installing: /media/roboserver/DATA/axbot_ws/install/axbot_interfaces/lib/python3.12/site-packages/axbot_interfaces/msg/_slam_state_s.c
[11.326s] -- Installing: /media/roboserver/DATA/axbot_ws/install/axbot_interfaces/lib/python3.12/site-packages/axbot_interfaces/msg/_wheel_state.py
[11.326s] -- Installing: /media/roboserver/DATA/axbot_ws/install/axbot_interfaces/lib/python3.12/site-packages/axbot_interfaces/msg/_wheel_state_s.c
[11.327s] -- Installing: /media/roboserver/DATA/axbot_ws/install/axbot_interfaces/lib/python3.12/site-packages/axbot_interfaces/msg/__init__.py
[11.327s] -- Installing: /media/roboserver/DATA/axbot_ws/install/axbot_interfaces/lib/python3.12/site-packages/axbot_interfaces/srv
[11.327s] -- Installing: /media/roboserver/DATA/axbot_ws/install/axbot_interfaces/lib/python3.12/site-packages/axbot_interfaces/srv/_get_device_info.py
[11.327s] -- Installing: /media/roboserver/DATA/axbot_ws/install/axbot_interfaces/lib/python3.12/site-packages/axbot_interfaces/srv/_get_device_info_s.c
[11.327s] -- Installing: /media/roboserver/DATA/axbot_ws/install/axbot_interfaces/lib/python3.12/site-packages/axbot_interfaces/srv/_set_control_mode.py
[11.327s] -- Installing: /media/roboserver/DATA/axbot_ws/install/axbot_interfaces/lib/python3.12/site-packages/axbot_interfaces/srv/_set_control_mode_s.c
[11.327s] -- Installing: /media/roboserver/DATA/axbot_ws/install/axbot_interfaces/lib/python3.12/site-packages/axbot_interfaces/srv/_set_emergency_stop.py
[11.327s] -- Installing: /media/roboserver/DATA/axbot_ws/install/axbot_interfaces/lib/python3.12/site-packages/axbot_interfaces/srv/_set_emergency_stop_s.c
[11.327s] -- Installing: /media/roboserver/DATA/axbot_ws/install/axbot_interfaces/lib/python3.12/site-packages/axbot_interfaces/srv/__init__.py
[11.327s] -- Installing: /media/roboserver/DATA/axbot_ws/install/axbot_interfaces/lib/python3.12/site-packages/axbot_interfaces/_axbot_interfaces_s.ep.rosidl_typesupport_c.c
[11.328s] -- Installing: /media/roboserver/DATA/axbot_ws/install/axbot_interfaces/lib/python3.12/site-packages/axbot_interfaces/_axbot_interfaces_s.ep.rosidl_typesupport_fastrtps_c.c
[11.328s] -- Installing: /media/roboserver/DATA/axbot_ws/install/axbot_interfaces/lib/python3.12/site-packages/axbot_interfaces/_axbot_interfaces_s.ep.rosidl_typesupport_introspection_c.c
[11.328s] -- Installing: /media/roboserver/DATA/axbot_ws/install/axbot_interfaces/lib/python3.12/site-packages/axbot_interfaces/__init__.py
[11.381s] Listing '/media/roboserver/DATA/axbot_ws/install/axbot_interfaces/lib/python3.12/site-packages/axbot_interfaces'...
[11.381s] Compiling '/media/roboserver/DATA/axbot_ws/install/axbot_interfaces/lib/python3.12/site-packages/axbot_interfaces/__init__.py'...
[11.381s] Listing '/media/roboserver/DATA/axbot_ws/install/axbot_interfaces/lib/python3.12/site-packages/axbot_interfaces/msg'...
[11.381s] Compiling '/media/roboserver/DATA/axbot_ws/install/axbot_interfaces/lib/python3.12/site-packages/axbot_interfaces/msg/__init__.py'...
[11.381s] Compiling '/media/roboserver/DATA/axbot_ws/install/axbot_interfaces/lib/python3.12/site-packages/axbot_interfaces/msg/_device_info.py'...
[11.381s] Compiling '/media/roboserver/DATA/axbot_ws/install/axbot_interfaces/lib/python3.12/site-packages/axbot_interfaces/msg/_planning_state.py'...
[11.381s] Compiling '/media/roboserver/DATA/axbot_ws/install/axbot_interfaces/lib/python3.12/site-packages/axbot_interfaces/msg/_robot_pose.py'...
[11.381s] Compiling '/media/roboserver/DATA/axbot_ws/install/axbot_interfaces/lib/python3.12/site-packages/axbot_interfaces/msg/_slam_state.py'...
[11.381s] Compiling '/media/roboserver/DATA/axbot_ws/install/axbot_interfaces/lib/python3.12/site-packages/axbot_interfaces/msg/_wheel_state.py'...
[11.381s] Listing '/media/roboserver/DATA/axbot_ws/install/axbot_interfaces/lib/python3.12/site-packages/axbot_interfaces/srv'...
[11.381s] Compiling '/media/roboserver/DATA/axbot_ws/install/axbot_interfaces/lib/python3.12/site-packages/axbot_interfaces/srv/__init__.py'...
[11.381s] Compiling '/media/roboserver/DATA/axbot_ws/install/axbot_interfaces/lib/python3.12/site-packages/axbot_interfaces/srv/_get_device_info.py'...
[11.381s] Compiling '/media/roboserver/DATA/axbot_ws/install/axbot_interfaces/lib/python3.12/site-packages/axbot_interfaces/srv/_set_control_mode.py'...
[11.381s] Compiling '/media/roboserver/DATA/axbot_ws/install/axbot_interfaces/lib/python3.12/site-packages/axbot_interfaces/srv/_set_emergency_stop.py'...
[11.386s] -- Installing: /media/roboserver/DATA/axbot_ws/install/axbot_interfaces/lib/python3.12/site-packages/axbot_interfaces/axbot_interfaces_s__rosidl_typesupport_fastrtps_c.so
[11.386s] -- Set non-toolchain portion of runtime path of "/media/roboserver/DATA/axbot_ws/install/axbot_interfaces/lib/python3.12/site-packages/axbot_interfaces/axbot_interfaces_s__rosidl_typesupport_fastrtps_c.so" to ""
[11.386s] -- Installing: /media/roboserver/DATA/axbot_ws/install/axbot_interfaces/lib/python3.12/site-packages/axbot_interfaces/axbot_interfaces_s__rosidl_typesupport_introspection_c.so
[11.387s] -- Set non-toolchain portion of runtime path of "/media/roboserver/DATA/axbot_ws/install/axbot_interfaces/lib/python3.12/site-packages/axbot_interfaces/axbot_interfaces_s__rosidl_typesupport_introspection_c.so" to ""
[11.387s] -- Installing: /media/roboserver/DATA/axbot_ws/install/axbot_interfaces/lib/python3.12/site-packages/axbot_interfaces/axbot_interfaces_s__rosidl_typesupport_c.so
[11.387s] -- Set non-toolchain portion of runtime path of "/media/roboserver/DATA/axbot_ws/install/axbot_interfaces/lib/python3.12/site-packages/axbot_interfaces/axbot_interfaces_s__rosidl_typesupport_c.so" to ""
[11.388s] -- Installing: /media/roboserver/DATA/axbot_ws/install/axbot_interfaces/lib/libaxbot_interfaces__rosidl_generator_py.so
[11.388s] -- Set non-toolchain portion of runtime path of "/media/roboserver/DATA/axbot_ws/install/axbot_interfaces/lib/libaxbot_interfaces__rosidl_generator_py.so" to ""
[11.388s] -- Installing: /media/roboserver/DATA/axbot_ws/install/axbot_interfaces/share/axbot_interfaces/msg/DeviceInfo.idl
[11.388s] -- Installing: /media/roboserver/DATA/axbot_ws/install/axbot_interfaces/share/axbot_interfaces/msg/WheelState.idl
[11.389s] -- Installing: /media/roboserver/DATA/axbot_ws/install/axbot_interfaces/share/axbot_interfaces/msg/SlamState.idl
[11.389s] -- Installing: /media/roboserver/DATA/axbot_ws/install/axbot_interfaces/share/axbot_interfaces/msg/PlanningState.idl
[11.389s] -- Installing: /media/roboserver/DATA/axbot_ws/install/axbot_interfaces/share/axbot_interfaces/msg/RobotPose.idl
[11.389s] -- Installing: /media/roboserver/DATA/axbot_ws/install/axbot_interfaces/share/axbot_interfaces/srv/SetControlMode.idl
[11.389s] -- Installing: /media/roboserver/DATA/axbot_ws/install/axbot_interfaces/share/axbot_interfaces/srv/SetEmergencyStop.idl
[11.389s] -- Installing: /media/roboserver/DATA/axbot_ws/install/axbot_interfaces/share/axbot_interfaces/srv/GetDeviceInfo.idl
[11.389s] -- Installing: /media/roboserver/DATA/axbot_ws/install/axbot_interfaces/share/axbot_interfaces/msg/DeviceInfo.msg
[11.390s] -- Installing: /media/roboserver/DATA/axbot_ws/install/axbot_interfaces/share/axbot_interfaces/msg/WheelState.msg
[11.390s] -- Installing: /media/roboserver/DATA/axbot_ws/install/axbot_interfaces/share/axbot_interfaces/msg/SlamState.msg
[11.390s] -- Installing: /media/roboserver/DATA/axbot_ws/install/axbot_interfaces/share/axbot_interfaces/msg/PlanningState.msg
[11.390s] -- Installing: /media/roboserver/DATA/axbot_ws/install/axbot_interfaces/share/axbot_interfaces/msg/RobotPose.msg
[11.390s] -- Installing: /media/roboserver/DATA/axbot_ws/install/axbot_interfaces/share/axbot_interfaces/srv/SetControlMode.srv
[11.390s] -- Installing: /media/roboserver/DATA/axbot_ws/install/axbot_interfaces/share/axbot_interfaces/srv/SetEmergencyStop.srv
[11.390s] -- Installing: /media/roboserver/DATA/axbot_ws/install/axbot_interfaces/share/axbot_interfaces/srv/GetDeviceInfo.srv
[11.391s] -- Installing: /media/roboserver/DATA/axbot_ws/install/axbot_interfaces/share/ament_index/resource_index/package_run_dependencies/axbot_interfaces
[11.391s] -- Installing: /media/roboserver/DATA/axbot_ws/install/axbot_interfaces/share/ament_index/resource_index/parent_prefix_path/axbot_interfaces
[11.391s] -- Installing: /media/roboserver/DATA/axbot_ws/install/axbot_interfaces/share/axbot_interfaces/environment/ament_prefix_path.sh
[11.391s] -- Installing: /media/roboserver/DATA/axbot_ws/install/axbot_interfaces/share/axbot_interfaces/environment/ament_prefix_path.dsv
[11.391s] -- Installing: /media/roboserver/DATA/axbot_ws/install/axbot_interfaces/share/axbot_interfaces/environment/path.sh
[11.391s] -- Installing: /media/roboserver/DATA/axbot_ws/install/axbot_interfaces/share/axbot_interfaces/environment/path.dsv
[11.391s] -- Installing: /media/roboserver/DATA/axbot_ws/install/axbot_interfaces/share/axbot_interfaces/local_setup.bash
[11.392s] -- Installing: /media/roboserver/DATA/axbot_ws/install/axbot_interfaces/share/axbot_interfaces/local_setup.sh
[11.392s] -- Installing: /media/roboserver/DATA/axbot_ws/install/axbot_interfaces/share/axbot_interfaces/local_setup.zsh
[11.392s] -- Installing: /media/roboserver/DATA/axbot_ws/install/axbot_interfaces/share/axbot_interfaces/local_setup.dsv
[11.392s] -- Installing: /media/roboserver/DATA/axbot_ws/install/axbot_interfaces/share/axbot_interfaces/package.dsv
[11.392s] -- Installing: /media/roboserver/DATA/axbot_ws/install/axbot_interfaces/share/ament_index/resource_index/packages/axbot_interfaces
[11.392s] -- Installing: /media/roboserver/DATA/axbot_ws/install/axbot_interfaces/share/axbot_interfaces/cmake/export_axbot_interfaces__rosidl_generator_cExport.cmake
[11.392s] -- Installing: /media/roboserver/DATA/axbot_ws/install/axbot_interfaces/share/axbot_interfaces/cmake/export_axbot_interfaces__rosidl_generator_cExport-noconfig.cmake
[11.393s] -- Installing: /media/roboserver/DATA/axbot_ws/install/axbot_interfaces/share/axbot_interfaces/cmake/export_axbot_interfaces__rosidl_typesupport_fastrtps_cExport.cmake
[11.393s] -- Installing: /media/roboserver/DATA/axbot_ws/install/axbot_interfaces/share/axbot_interfaces/cmake/export_axbot_interfaces__rosidl_typesupport_fastrtps_cExport-noconfig.cmake
[11.393s] -- Installing: /media/roboserver/DATA/axbot_ws/install/axbot_interfaces/share/axbot_interfaces/cmake/export_axbot_interfaces__rosidl_generator_cppExport.cmake
[11.393s] -- Installing: /media/roboserver/DATA/axbot_ws/install/axbot_interfaces/share/axbot_interfaces/cmake/export_axbot_interfaces__rosidl_typesupport_fastrtps_cppExport.cmake
[11.393s] -- Installing: /media/roboserver/DATA/axbot_ws/install/axbot_interfaces/share/axbot_interfaces/cmake/export_axbot_interfaces__rosidl_typesupport_fastrtps_cppExport-noconfig.cmake
[11.393s] -- Installing: /media/roboserver/DATA/axbot_ws/install/axbot_interfaces/share/axbot_interfaces/cmake/axbot_interfaces__rosidl_typesupport_introspection_cExport.cmake
[11.393s] -- Installing: /media/roboserver/DATA/axbot_ws/install/axbot_interfaces/share/axbot_interfaces/cmake/axbot_interfaces__rosidl_typesupport_introspection_cExport-noconfig.cmake
[11.394s] -- Installing: /media/roboserver/DATA/axbot_ws/install/axbot_interfaces/share/axbot_interfaces/cmake/axbot_interfaces__rosidl_typesupport_cExport.cmake
[11.394s] -- Installing: /media/roboserver/DATA/axbot_ws/install/axbot_interfaces/share/axbot_interfaces/cmake/axbot_interfaces__rosidl_typesupport_cExport-noconfig.cmake
[11.394s] -- Installing: /media/roboserver/DATA/axbot_ws/install/axbot_interfaces/share/axbot_interfaces/cmake/axbot_interfaces__rosidl_typesupport_introspection_cppExport.cmake
[11.394s] -- Installing: /media/roboserver/DATA/axbot_ws/install/axbot_interfaces/share/axbot_interfaces/cmake/axbot_interfaces__rosidl_typesupport_introspection_cppExport-noconfig.cmake
[11.394s] -- Installing: /media/roboserver/DATA/axbot_ws/install/axbot_interfaces/share/axbot_interfaces/cmake/axbot_interfaces__rosidl_typesupport_cppExport.cmake
[11.394s] -- Installing: /media/roboserver/DATA/axbot_ws/install/axbot_interfaces/share/axbot_interfaces/cmake/axbot_interfaces__rosidl_typesupport_cppExport-noconfig.cmake
[11.394s] -- Installing: /media/roboserver/DATA/axbot_ws/install/axbot_interfaces/share/axbot_interfaces/cmake/export_axbot_interfaces__rosidl_generator_pyExport.cmake
[11.394s] -- Installing: /media/roboserver/DATA/axbot_ws/install/axbot_interfaces/share/axbot_interfaces/cmake/export_axbot_interfaces__rosidl_generator_pyExport-noconfig.cmake
[11.395s] -- Installing: /media/roboserver/DATA/axbot_ws/install/axbot_interfaces/share/axbot_interfaces/cmake/rosidl_cmake-extras.cmake
[11.395s] -- Installing: /media/roboserver/DATA/axbot_ws/install/axbot_interfaces/share/axbot_interfaces/cmake/ament_cmake_export_dependencies-extras.cmake
[11.395s] -- Installing: /media/roboserver/DATA/axbot_ws/install/axbot_interfaces/share/axbot_interfaces/cmake/ament_cmake_export_include_directories-extras.cmake
[11.395s] -- Installing: /media/roboserver/DATA/axbot_ws/install/axbot_interfaces/share/axbot_interfaces/cmake/ament_cmake_export_libraries-extras.cmake
[11.395s] -- Installing: /media/roboserver/DATA/axbot_ws/install/axbot_interfaces/share/axbot_interfaces/cmake/ament_cmake_export_targets-extras.cmake
[11.395s] -- Installing: /media/roboserver/DATA/axbot_ws/install/axbot_interfaces/share/axbot_interfaces/cmake/rosidl_cmake_export_typesupport_targets-extras.cmake
[11.396s] -- Installing: /media/roboserver/DATA/axbot_ws/install/axbot_interfaces/share/axbot_interfaces/cmake/rosidl_cmake_export_typesupport_libraries-extras.cmake
[11.396s] -- Installing: /media/roboserver/DATA/axbot_ws/install/axbot_interfaces/share/axbot_interfaces/cmake/axbot_interfacesConfig.cmake
[11.396s] -- Installing: /media/roboserver/DATA/axbot_ws/install/axbot_interfaces/share/axbot_interfaces/cmake/axbot_interfacesConfig-version.cmake
[11.396s] -- Installing: /media/roboserver/DATA/axbot_ws/install/axbot_interfaces/share/axbot_interfaces/package.xml
[11.397s] Invoked command in '/media/roboserver/DATA/axbot_ws/build/axbot_interfaces' returned '0': CMAKE_PREFIX_PATH=${CMAKE_PREFIX_PATH}:/media/roboserver/DATA/axbot_ws/install/axbot_examples:/media/roboserver/DATA/axbot_ws/install/axbot_driver:/media/roboserver/DATA/autox_ws/install/fielder_teleop:/media/roboserver/DATA/autox_ws/install/fielder_odometry:/media/roboserver/DATA/autox_ws/install/fielder_navigation:/opt/ros/jazzy DEBUGINFOD_URLS=https://debuginfod.ubuntu.com /usr/bin/cmake --install /media/roboserver/DATA/axbot_ws/build/axbot_interfaces
