[1.140s] Invoking command in '/media/roboserver/DATA/axbot_ws/src/axbot_examples': AMENT_PREFIX_PATH=/media/roboserver/DATA/axbot_ws/install/axbot_interfaces:${AMENT_PREFIX_PATH} CMAKE_PREFIX_PATH=/media/roboserver/DATA/axbot_ws/install/axbot_interfaces:${CMAKE_PREFIX_PATH} DEBUGINFOD_URLS=https://debuginfod.ubuntu.com LD_LIBRARY_PATH=/media/roboserver/DATA/axbot_ws/install/axbot_interfaces/lib:${LD_LIBRARY_PATH} PYTHONPATH=/media/roboserver/DATA/axbot_ws/build/axbot_examples/prefix_override:/usr/lib/python3/dist-packages/colcon_core/task/python/colcon_distutils_commands:/media/roboserver/DATA/axbot_ws/install/axbot_examples/lib/python3.12/site-packages:/media/roboserver/DATA/axbot_ws/install/axbot_interfaces/lib/python3.12/site-packages:${PYTHONPATH} /usr/bin/python3 -W ignore:setup.py install is deprecated -W ignore:easy_install command is deprecated setup.py egg_info --egg-base ../../build/axbot_examples build --build-base /media/roboserver/DATA/axbot_ws/build/axbot_examples/build install --record /media/roboserver/DATA/axbot_ws/build/axbot_examples/install.log --single-version-externally-managed install_data
[1.439s] running egg_info
[1.439s] creating ../../build/axbot_examples/axbot_examples.egg-info
[1.463s] writing ../../build/axbot_examples/axbot_examples.egg-info/PKG-INFO
[1.464s] writing dependency_links to ../../build/axbot_examples/axbot_examples.egg-info/dependency_links.txt
[1.464s] writing entry points to ../../build/axbot_examples/axbot_examples.egg-info/entry_points.txt
[1.464s] writing requirements to ../../build/axbot_examples/axbot_examples.egg-info/requires.txt
[1.464s] writing top-level names to ../../build/axbot_examples/axbot_examples.egg-info/top_level.txt
[1.464s] writing manifest file '../../build/axbot_examples/axbot_examples.egg-info/SOURCES.txt'
[1.512s] reading manifest file '../../build/axbot_examples/axbot_examples.egg-info/SOURCES.txt'
[1.513s] writing manifest file '../../build/axbot_examples/axbot_examples.egg-info/SOURCES.txt'
[1.513s] running build
[1.513s] running build_py
[1.513s] creating /media/roboserver/DATA/axbot_ws/build/axbot_examples/build
[1.513s] creating /media/roboserver/DATA/axbot_ws/build/axbot_examples/build/lib
[1.513s] creating /media/roboserver/DATA/axbot_ws/build/axbot_examples/build/lib/axbot_examples
[1.514s] copying axbot_examples/bag_recorder.py -> /media/roboserver/DATA/axbot_ws/build/axbot_examples/build/lib/axbot_examples
[1.514s] copying axbot_examples/device_info_reader.py -> /media/roboserver/DATA/axbot_ws/build/axbot_examples/build/lib/axbot_examples
[1.514s] copying axbot_examples/pose_logger.py -> /media/roboserver/DATA/axbot_ws/build/axbot_examples/build/lib/axbot_examples
[1.514s] copying axbot_examples/square_mover.py -> /media/roboserver/DATA/axbot_ws/build/axbot_examples/build/lib/axbot_examples
[1.514s] copying axbot_examples/teleop_keyboard.py -> /media/roboserver/DATA/axbot_ws/build/axbot_examples/build/lib/axbot_examples
[1.514s] copying axbot_examples/__init__.py -> /media/roboserver/DATA/axbot_ws/build/axbot_examples/build/lib/axbot_examples
[1.514s] running install
[1.520s] running install_lib
[1.547s] creating /media/roboserver/DATA/axbot_ws/install/axbot_examples/lib/python3.12/site-packages/axbot_examples
[1.547s] copying /media/roboserver/DATA/axbot_ws/build/axbot_examples/build/lib/axbot_examples/bag_recorder.py -> /media/roboserver/DATA/axbot_ws/install/axbot_examples/lib/python3.12/site-packages/axbot_examples
[1.547s] copying /media/roboserver/DATA/axbot_ws/build/axbot_examples/build/lib/axbot_examples/device_info_reader.py -> /media/roboserver/DATA/axbot_ws/install/axbot_examples/lib/python3.12/site-packages/axbot_examples
[1.547s] copying /media/roboserver/DATA/axbot_ws/build/axbot_examples/build/lib/axbot_examples/pose_logger.py -> /media/roboserver/DATA/axbot_ws/install/axbot_examples/lib/python3.12/site-packages/axbot_examples
[1.547s] copying /media/roboserver/DATA/axbot_ws/build/axbot_examples/build/lib/axbot_examples/square_mover.py -> /media/roboserver/DATA/axbot_ws/install/axbot_examples/lib/python3.12/site-packages/axbot_examples
[1.548s] copying /media/roboserver/DATA/axbot_ws/build/axbot_examples/build/lib/axbot_examples/teleop_keyboard.py -> /media/roboserver/DATA/axbot_ws/install/axbot_examples/lib/python3.12/site-packages/axbot_examples
[1.548s] copying /media/roboserver/DATA/axbot_ws/build/axbot_examples/build/lib/axbot_examples/__init__.py -> /media/roboserver/DATA/axbot_ws/install/axbot_examples/lib/python3.12/site-packages/axbot_examples
[1.548s] byte-compiling /media/roboserver/DATA/axbot_ws/install/axbot_examples/lib/python3.12/site-packages/axbot_examples/bag_recorder.py to bag_recorder.cpython-312.pyc
[1.549s] byte-compiling /media/roboserver/DATA/axbot_ws/install/axbot_examples/lib/python3.12/site-packages/axbot_examples/device_info_reader.py to device_info_reader.cpython-312.pyc
[1.549s] byte-compiling /media/roboserver/DATA/axbot_ws/install/axbot_examples/lib/python3.12/site-packages/axbot_examples/pose_logger.py to pose_logger.cpython-312.pyc
[1.550s] byte-compiling /media/roboserver/DATA/axbot_ws/install/axbot_examples/lib/python3.12/site-packages/axbot_examples/square_mover.py to square_mover.cpython-312.pyc
[1.552s] byte-compiling /media/roboserver/DATA/axbot_ws/install/axbot_examples/lib/python3.12/site-packages/axbot_examples/teleop_keyboard.py to teleop_keyboard.cpython-312.pyc
[1.552s] byte-compiling /media/roboserver/DATA/axbot_ws/install/axbot_examples/lib/python3.12/site-packages/axbot_examples/__init__.py to __init__.cpython-312.pyc
[1.553s] running install_data
[1.553s] creating /media/roboserver/DATA/axbot_ws/install/axbot_examples/share/ament_index
[1.553s] creating /media/roboserver/DATA/axbot_ws/install/axbot_examples/share/ament_index/resource_index
[1.553s] creating /media/roboserver/DATA/axbot_ws/install/axbot_examples/share/ament_index/resource_index/packages
[1.554s] copying resource/axbot_examples -> /media/roboserver/DATA/axbot_ws/install/axbot_examples/share/ament_index/resource_index/packages
[1.554s] copying package.xml -> /media/roboserver/DATA/axbot_ws/install/axbot_examples/share/axbot_examples
[1.554s] running install_egg_info
[1.579s] Copying ../../build/axbot_examples/axbot_examples.egg-info to /media/roboserver/DATA/axbot_ws/install/axbot_examples/lib/python3.12/site-packages/axbot_examples-1.0.0-py3.12.egg-info
[1.579s] running install_scripts
[1.737s] Installing device_info_reader script to /media/roboserver/DATA/axbot_ws/install/axbot_examples/lib/axbot_examples
[1.737s] Installing pose_logger script to /media/roboserver/DATA/axbot_ws/install/axbot_examples/lib/axbot_examples
[1.737s] Installing square_mover script to /media/roboserver/DATA/axbot_ws/install/axbot_examples/lib/axbot_examples
[1.737s] Installing teleop_keyboard script to /media/roboserver/DATA/axbot_ws/install/axbot_examples/lib/axbot_examples
[1.737s] writing list of installed files to '/media/roboserver/DATA/axbot_ws/build/axbot_examples/install.log'
[1.771s] Invoked command in '/media/roboserver/DATA/axbot_ws/src/axbot_examples' returned '0': AMENT_PREFIX_PATH=/media/roboserver/DATA/axbot_ws/install/axbot_interfaces:${AMENT_PREFIX_PATH} CMAKE_PREFIX_PATH=/media/roboserver/DATA/axbot_ws/install/axbot_interfaces:${CMAKE_PREFIX_PATH} DEBUGINFOD_URLS=https://debuginfod.ubuntu.com LD_LIBRARY_PATH=/media/roboserver/DATA/axbot_ws/install/axbot_interfaces/lib:${LD_LIBRARY_PATH} PYTHONPATH=/media/roboserver/DATA/axbot_ws/build/axbot_examples/prefix_override:/usr/lib/python3/dist-packages/colcon_core/task/python/colcon_distutils_commands:/media/roboserver/DATA/axbot_ws/install/axbot_examples/lib/python3.12/site-packages:/media/roboserver/DATA/axbot_ws/install/axbot_interfaces/lib/python3.12/site-packages:${PYTHONPATH} /usr/bin/python3 -W ignore:setup.py install is deprecated -W ignore:easy_install command is deprecated setup.py egg_info --egg-base ../../build/axbot_examples build --build-base /media/roboserver/DATA/axbot_ws/build/axbot_examples/build install --record /media/roboserver/DATA/axbot_ws/build/axbot_examples/install.log --single-version-externally-managed install_data
