-- The C compiler identification is GNU 13.3.0
-- The CXX compiler identification is GNU 13.3.0
-- Detecting C compiler ABI info
-- Detecting C compiler ABI info - done
-- Check for working C compiler: /usr/bin/cc - skipped
-- Detecting C compile features
-- Detecting C compile features - done
-- Detecting CXX compiler ABI info
-- Detecting CXX compiler ABI info - done
-- Check for working CXX compiler: /usr/bin/c++ - skipped
-- Detecting CXX compile features
-- Detecting CXX compile features - done
-- Found ament_cmake: 2.5.4 (/opt/ros/jazzy/share/ament_cmake/cmake)
-- Found Python3: /usr/bin/python3 (found version "3.12.3") found components: Interpreter 
-- Override CMake install command with custom implementation using symlinks instead of copying resources
-- Configuring done (0.8s)
-- Generating done (0.0s)
-- Build files have been written to: /media/roboserver/DATA/axbot_ws/build/axbot_navigation
-- Install configuration: ""
-- Execute custom install script
-- Symlinking: /media/roboserver/DATA/axbot_ws/install/axbot_navigation/share/axbot_navigation/config/nav2_params.yaml
-- Symlinking: /media/roboserver/DATA/axbot_ws/install/axbot_navigation/share/axbot_navigation/config/slam_toolbox.yaml
-- Symlinking: /media/roboserver/DATA/axbot_ws/install/axbot_navigation/share/axbot_navigation/launch/navigation.launch.py
-- Symlinking: /media/roboserver/DATA/axbot_ws/install/axbot_navigation/share/axbot_navigation/launch/slam.launch.py
-- Symlinking: /media/roboserver/DATA/axbot_ws/install/axbot_navigation/share/axbot_navigation/launch/slam_activated.launch.py
-- Symlinking: /media/roboserver/DATA/axbot_ws/install/axbot_navigation/share/axbot_navigation/launch/slam_navigation.launch.py
-- Symlinking: /media/roboserver/DATA/axbot_ws/install/axbot_navigation/share/ament_index/resource_index/package_run_dependencies/axbot_navigation
-- Symlinking: /media/roboserver/DATA/axbot_ws/install/axbot_navigation/share/ament_index/resource_index/parent_prefix_path/axbot_navigation
-- Symlinking: /media/roboserver/DATA/axbot_ws/install/axbot_navigation/share/axbot_navigation/environment/ament_prefix_path.sh
-- Symlinking: /media/roboserver/DATA/axbot_ws/install/axbot_navigation/share/axbot_navigation/environment/ament_prefix_path.dsv
-- Symlinking: /media/roboserver/DATA/axbot_ws/install/axbot_navigation/share/axbot_navigation/environment/path.sh
-- Symlinking: /media/roboserver/DATA/axbot_ws/install/axbot_navigation/share/axbot_navigation/environment/path.dsv
-- Symlinking: /media/roboserver/DATA/axbot_ws/install/axbot_navigation/share/axbot_navigation/local_setup.bash
-- Symlinking: /media/roboserver/DATA/axbot_ws/install/axbot_navigation/share/axbot_navigation/local_setup.sh
-- Symlinking: /media/roboserver/DATA/axbot_ws/install/axbot_navigation/share/axbot_navigation/local_setup.zsh
-- Symlinking: /media/roboserver/DATA/axbot_ws/install/axbot_navigation/share/axbot_navigation/local_setup.dsv
-- Symlinking: /media/roboserver/DATA/axbot_ws/install/axbot_navigation/share/axbot_navigation/package.dsv
-- Symlinking: /media/roboserver/DATA/axbot_ws/install/axbot_navigation/share/ament_index/resource_index/packages/axbot_navigation
-- Symlinking: /media/roboserver/DATA/axbot_ws/install/axbot_navigation/share/axbot_navigation/cmake/axbot_navigationConfig.cmake
-- Symlinking: /media/roboserver/DATA/axbot_ws/install/axbot_navigation/share/axbot_navigation/cmake/axbot_navigationConfig-version.cmake
-- Symlinking: /media/roboserver/DATA/axbot_ws/install/axbot_navigation/share/axbot_navigation/package.xml
