[0.106s] DEBUG:colcon:Command line arguments: ['/usr/bin/colcon', 'build', '--packages-select', 'axbot_navigation']
[0.106s] DEBUG:colcon:Parsed command line arguments: Namespace(log_base=None, log_level=None, verb_name='build', build_base='build', install_base='install', merge_install=False, symlink_install=False, test_result_base=None, continue_on_error=False, executor='parallel', parallel_workers=8, event_handlers=None, ignore_user_meta=False, metas=['./colcon.meta'], base_paths=['.'], packages_ignore=None, packages_ignore_regex=None, paths=None, packages_up_to=None, packages_up_to_regex=None, packages_above=None, packages_above_and_dependencies=None, packages_above_depth=None, packages_select_by_dep=None, packages_skip_by_dep=None, packages_skip_up_to=None, packages_select_build_failed=False, packages_skip_build_finished=False, packages_select_test_failures=False, packages_skip_test_passed=False, packages_select=['axbot_navigation'], packages_skip=None, packages_select_regex=None, packages_skip_regex=None, packages_start=None, packages_end=None, allow_overriding=[], cmake_args=None, cmake_target=None, cmake_target_skip_unavailable=False, cmake_clean_cache=False, cmake_clean_first=False, cmake_force_configure=False, ament_cmake_args=None, catkin_cmake_args=None, catkin_skip_building_tests=False, mixin_files=None, mixin=None, verb_parser=<colcon_mixin.mixin.mixin_argument.MixinArgumentDecorator object at 0x7f57914bb590>, verb_extension=<colcon_core.verb.build.BuildVerb object at 0x7f5791cae540>, main=<bound method BuildVerb.main of <colcon_core.verb.build.BuildVerb object at 0x7f5791cae540>>, mixin_verb=('build',))
[0.139s] Level 1:colcon.colcon_core.package_discovery:discover_packages(colcon_meta) check parameters
[0.140s] Level 1:colcon.colcon_core.package_discovery:discover_packages(recursive) check parameters
[0.140s] Level 1:colcon.colcon_core.package_discovery:discover_packages(ignore) check parameters
[0.140s] Level 1:colcon.colcon_core.package_discovery:discover_packages(path) check parameters
[0.140s] Level 1:colcon.colcon_core.package_discovery:discover_packages(colcon_meta) discover
[0.140s] Level 1:colcon.colcon_core.package_discovery:discover_packages(recursive) discover
[0.140s] INFO:colcon.colcon_core.package_discovery:Crawling recursively for packages in '/media/roboserver/DATA/axbot_ws'
[0.140s] Level 1:colcon.colcon_core.package_identification:_identify(.) by extensions ['ignore', 'ignore_ament_install']
[0.140s] Level 1:colcon.colcon_core.package_identification:_identify(.) by extension 'ignore'
[0.140s] Level 1:colcon.colcon_core.package_identification:_identify(.) by extension 'ignore_ament_install'
[0.140s] Level 1:colcon.colcon_core.package_identification:_identify(.) by extensions ['colcon_pkg']
[0.140s] Level 1:colcon.colcon_core.package_identification:_identify(.) by extension 'colcon_pkg'
[0.140s] Level 1:colcon.colcon_core.package_identification:_identify(.) by extensions ['colcon_meta']
[0.140s] Level 1:colcon.colcon_core.package_identification:_identify(.) by extension 'colcon_meta'
[0.140s] Level 1:colcon.colcon_core.package_identification:_identify(.) by extensions ['ros']
[0.140s] Level 1:colcon.colcon_core.package_identification:_identify(.) by extension 'ros'
[0.163s] Level 1:colcon.colcon_core.package_identification:_identify(.) by extensions ['cmake', 'python']
[0.163s] Level 1:colcon.colcon_core.package_identification:_identify(.) by extension 'cmake'
[0.163s] Level 1:colcon.colcon_core.package_identification:_identify(.) by extension 'python'
[0.163s] Level 1:colcon.colcon_core.package_identification:_identify(.) by extensions ['python_setup_py']
[0.163s] Level 1:colcon.colcon_core.package_identification:_identify(.) by extension 'python_setup_py'
[0.163s] Level 1:colcon.colcon_core.package_identification:_identify(build) by extensions ['ignore', 'ignore_ament_install']
[0.163s] Level 1:colcon.colcon_core.package_identification:_identify(build) by extension 'ignore'
[0.163s] Level 1:colcon.colcon_core.package_identification:_identify(build) ignored
[0.163s] Level 1:colcon.colcon_core.package_identification:_identify(install) by extensions ['ignore', 'ignore_ament_install']
[0.163s] Level 1:colcon.colcon_core.package_identification:_identify(install) by extension 'ignore'
[0.163s] Level 1:colcon.colcon_core.package_identification:_identify(install) ignored
[0.163s] Level 1:colcon.colcon_core.package_identification:_identify(log) by extensions ['ignore', 'ignore_ament_install']
[0.163s] Level 1:colcon.colcon_core.package_identification:_identify(log) by extension 'ignore'
[0.163s] Level 1:colcon.colcon_core.package_identification:_identify(log) ignored
[0.163s] Level 1:colcon.colcon_core.package_identification:_identify(scripts) by extensions ['ignore', 'ignore_ament_install']
[0.163s] Level 1:colcon.colcon_core.package_identification:_identify(scripts) by extension 'ignore'
[0.164s] Level 1:colcon.colcon_core.package_identification:_identify(scripts) by extension 'ignore_ament_install'
[0.164s] Level 1:colcon.colcon_core.package_identification:_identify(scripts) by extensions ['colcon_pkg']
[0.164s] Level 1:colcon.colcon_core.package_identification:_identify(scripts) by extension 'colcon_pkg'
[0.164s] Level 1:colcon.colcon_core.package_identification:_identify(scripts) by extensions ['colcon_meta']
[0.164s] Level 1:colcon.colcon_core.package_identification:_identify(scripts) by extension 'colcon_meta'
[0.164s] Level 1:colcon.colcon_core.package_identification:_identify(scripts) by extensions ['ros']
[0.164s] Level 1:colcon.colcon_core.package_identification:_identify(scripts) by extension 'ros'
[0.164s] Level 1:colcon.colcon_core.package_identification:_identify(scripts) by extensions ['cmake', 'python']
[0.164s] Level 1:colcon.colcon_core.package_identification:_identify(scripts) by extension 'cmake'
[0.164s] Level 1:colcon.colcon_core.package_identification:_identify(scripts) by extension 'python'
[0.164s] Level 1:colcon.colcon_core.package_identification:_identify(scripts) by extensions ['python_setup_py']
[0.164s] Level 1:colcon.colcon_core.package_identification:_identify(scripts) by extension 'python_setup_py'
[0.164s] Level 1:colcon.colcon_core.package_identification:_identify(src) by extensions ['ignore', 'ignore_ament_install']
[0.164s] Level 1:colcon.colcon_core.package_identification:_identify(src) by extension 'ignore'
[0.164s] Level 1:colcon.colcon_core.package_identification:_identify(src) by extension 'ignore_ament_install'
[0.164s] Level 1:colcon.colcon_core.package_identification:_identify(src) by extensions ['colcon_pkg']
[0.164s] Level 1:colcon.colcon_core.package_identification:_identify(src) by extension 'colcon_pkg'
[0.164s] Level 1:colcon.colcon_core.package_identification:_identify(src) by extensions ['colcon_meta']
[0.164s] Level 1:colcon.colcon_core.package_identification:_identify(src) by extension 'colcon_meta'
[0.164s] Level 1:colcon.colcon_core.package_identification:_identify(src) by extensions ['ros']
[0.164s] Level 1:colcon.colcon_core.package_identification:_identify(src) by extension 'ros'
[0.164s] Level 1:colcon.colcon_core.package_identification:_identify(src) by extensions ['cmake', 'python']
[0.164s] Level 1:colcon.colcon_core.package_identification:_identify(src) by extension 'cmake'
[0.164s] Level 1:colcon.colcon_core.package_identification:_identify(src) by extension 'python'
[0.164s] Level 1:colcon.colcon_core.package_identification:_identify(src) by extensions ['python_setup_py']
[0.165s] Level 1:colcon.colcon_core.package_identification:_identify(src) by extension 'python_setup_py'
[0.165s] Level 1:colcon.colcon_core.package_identification:_identify(src/axbot_description) by extensions ['ignore', 'ignore_ament_install']
[0.165s] Level 1:colcon.colcon_core.package_identification:_identify(src/axbot_description) by extension 'ignore'
[0.165s] Level 1:colcon.colcon_core.package_identification:_identify(src/axbot_description) by extension 'ignore_ament_install'
[0.165s] Level 1:colcon.colcon_core.package_identification:_identify(src/axbot_description) by extensions ['colcon_pkg']
[0.165s] Level 1:colcon.colcon_core.package_identification:_identify(src/axbot_description) by extension 'colcon_pkg'
[0.165s] Level 1:colcon.colcon_core.package_identification:_identify(src/axbot_description) by extensions ['colcon_meta']
[0.165s] Level 1:colcon.colcon_core.package_identification:_identify(src/axbot_description) by extension 'colcon_meta'
[0.165s] Level 1:colcon.colcon_core.package_identification:_identify(src/axbot_description) by extensions ['ros']
[0.165s] Level 1:colcon.colcon_core.package_identification:_identify(src/axbot_description) by extension 'ros'
[0.167s] DEBUG:colcon.colcon_core.package_identification:Package 'src/axbot_description' with type 'ros.ament_cmake' and name 'axbot_description'
[0.167s] Level 1:colcon.colcon_core.package_identification:_identify(src/axbot_driver) by extensions ['ignore', 'ignore_ament_install']
[0.167s] Level 1:colcon.colcon_core.package_identification:_identify(src/axbot_driver) by extension 'ignore'
[0.167s] Level 1:colcon.colcon_core.package_identification:_identify(src/axbot_driver) by extension 'ignore_ament_install'
[0.167s] Level 1:colcon.colcon_core.package_identification:_identify(src/axbot_driver) by extensions ['colcon_pkg']
[0.167s] Level 1:colcon.colcon_core.package_identification:_identify(src/axbot_driver) by extension 'colcon_pkg'
[0.167s] Level 1:colcon.colcon_core.package_identification:_identify(src/axbot_driver) by extensions ['colcon_meta']
[0.167s] Level 1:colcon.colcon_core.package_identification:_identify(src/axbot_driver) by extension 'colcon_meta'
[0.167s] Level 1:colcon.colcon_core.package_identification:_identify(src/axbot_driver) by extensions ['ros']
[0.167s] Level 1:colcon.colcon_core.package_identification:_identify(src/axbot_driver) by extension 'ros'
[0.168s] DEBUG:colcon.colcon_core.package_identification:Package 'src/axbot_driver' with type 'ros.ament_python' and name 'axbot_driver'
[0.168s] Level 1:colcon.colcon_core.package_identification:_identify(src/axbot_examples) by extensions ['ignore', 'ignore_ament_install']
[0.168s] Level 1:colcon.colcon_core.package_identification:_identify(src/axbot_examples) by extension 'ignore'
[0.168s] Level 1:colcon.colcon_core.package_identification:_identify(src/axbot_examples) by extension 'ignore_ament_install'
[0.168s] Level 1:colcon.colcon_core.package_identification:_identify(src/axbot_examples) by extensions ['colcon_pkg']
[0.168s] Level 1:colcon.colcon_core.package_identification:_identify(src/axbot_examples) by extension 'colcon_pkg'
[0.168s] Level 1:colcon.colcon_core.package_identification:_identify(src/axbot_examples) by extensions ['colcon_meta']
[0.168s] Level 1:colcon.colcon_core.package_identification:_identify(src/axbot_examples) by extension 'colcon_meta'
[0.168s] Level 1:colcon.colcon_core.package_identification:_identify(src/axbot_examples) by extensions ['ros']
[0.168s] Level 1:colcon.colcon_core.package_identification:_identify(src/axbot_examples) by extension 'ros'
[0.169s] DEBUG:colcon.colcon_core.package_identification:Package 'src/axbot_examples' with type 'ros.ament_python' and name 'axbot_examples'
[0.169s] Level 1:colcon.colcon_core.package_identification:_identify(src/axbot_interfaces) by extensions ['ignore', 'ignore_ament_install']
[0.169s] Level 1:colcon.colcon_core.package_identification:_identify(src/axbot_interfaces) by extension 'ignore'
[0.169s] Level 1:colcon.colcon_core.package_identification:_identify(src/axbot_interfaces) by extension 'ignore_ament_install'
[0.169s] Level 1:colcon.colcon_core.package_identification:_identify(src/axbot_interfaces) by extensions ['colcon_pkg']
[0.169s] Level 1:colcon.colcon_core.package_identification:_identify(src/axbot_interfaces) by extension 'colcon_pkg'
[0.169s] Level 1:colcon.colcon_core.package_identification:_identify(src/axbot_interfaces) by extensions ['colcon_meta']
[0.169s] Level 1:colcon.colcon_core.package_identification:_identify(src/axbot_interfaces) by extension 'colcon_meta'
[0.169s] Level 1:colcon.colcon_core.package_identification:_identify(src/axbot_interfaces) by extensions ['ros']
[0.169s] Level 1:colcon.colcon_core.package_identification:_identify(src/axbot_interfaces) by extension 'ros'
[0.170s] DEBUG:colcon.colcon_core.package_identification:Package 'src/axbot_interfaces' with type 'ros.ament_cmake' and name 'axbot_interfaces'
[0.170s] Level 1:colcon.colcon_core.package_identification:_identify(src/axbot_navigation) by extensions ['ignore', 'ignore_ament_install']
[0.170s] Level 1:colcon.colcon_core.package_identification:_identify(src/axbot_navigation) by extension 'ignore'
[0.170s] Level 1:colcon.colcon_core.package_identification:_identify(src/axbot_navigation) by extension 'ignore_ament_install'
[0.170s] Level 1:colcon.colcon_core.package_identification:_identify(src/axbot_navigation) by extensions ['colcon_pkg']
[0.170s] Level 1:colcon.colcon_core.package_identification:_identify(src/axbot_navigation) by extension 'colcon_pkg'
[0.170s] Level 1:colcon.colcon_core.package_identification:_identify(src/axbot_navigation) by extensions ['colcon_meta']
[0.170s] Level 1:colcon.colcon_core.package_identification:_identify(src/axbot_navigation) by extension 'colcon_meta'
[0.170s] Level 1:colcon.colcon_core.package_identification:_identify(src/axbot_navigation) by extensions ['ros']
[0.170s] Level 1:colcon.colcon_core.package_identification:_identify(src/axbot_navigation) by extension 'ros'
[0.170s] DEBUG:colcon.colcon_core.package_identification:Package 'src/axbot_navigation' with type 'ros.ament_cmake' and name 'axbot_navigation'
[0.171s] Level 1:colcon.colcon_core.package_identification:_identify(src/pc2_listener) by extensions ['ignore', 'ignore_ament_install']
[0.171s] Level 1:colcon.colcon_core.package_identification:_identify(src/pc2_listener) by extension 'ignore'
[0.171s] Level 1:colcon.colcon_core.package_identification:_identify(src/pc2_listener) by extension 'ignore_ament_install'
[0.171s] Level 1:colcon.colcon_core.package_identification:_identify(src/pc2_listener) by extensions ['colcon_pkg']
[0.171s] Level 1:colcon.colcon_core.package_identification:_identify(src/pc2_listener) by extension 'colcon_pkg'
[0.171s] Level 1:colcon.colcon_core.package_identification:_identify(src/pc2_listener) by extensions ['colcon_meta']
[0.171s] Level 1:colcon.colcon_core.package_identification:_identify(src/pc2_listener) by extension 'colcon_meta'
[0.171s] Level 1:colcon.colcon_core.package_identification:_identify(src/pc2_listener) by extensions ['ros']
[0.171s] Level 1:colcon.colcon_core.package_identification:_identify(src/pc2_listener) by extension 'ros'
[0.171s] DEBUG:colcon.colcon_core.package_identification:Package 'src/pc2_listener' with type 'ros.ament_python' and name 'pc2_listener'
[0.171s] Level 1:colcon.colcon_core.package_discovery:discover_packages(recursive) using defaults
[0.171s] Level 1:colcon.colcon_core.package_discovery:discover_packages(ignore) discover
[0.171s] Level 1:colcon.colcon_core.package_discovery:discover_packages(ignore) using defaults
[0.171s] Level 1:colcon.colcon_core.package_discovery:discover_packages(path) discover
[0.171s] Level 1:colcon.colcon_core.package_discovery:discover_packages(path) using defaults
[0.188s] INFO:colcon.colcon_core.package_selection:Skipping not selected package 'axbot_description' in 'src/axbot_description'
[0.188s] INFO:colcon.colcon_core.package_selection:Skipping not selected package 'axbot_interfaces' in 'src/axbot_interfaces'
[0.188s] INFO:colcon.colcon_core.package_selection:Skipping not selected package 'pc2_listener' in 'src/pc2_listener'
[0.188s] INFO:colcon.colcon_core.package_selection:Skipping not selected package 'axbot_driver' in 'src/axbot_driver'
[0.188s] INFO:colcon.colcon_core.package_selection:Skipping not selected package 'axbot_examples' in 'src/axbot_examples'
[0.188s] Level 1:colcon.colcon_core.package_discovery:discover_packages(prefix_path) check parameters
[0.188s] Level 1:colcon.colcon_core.package_discovery:discover_packages(prefix_path) discover
[0.190s] DEBUG:colcon.colcon_installed_package_information.package_discovery:Found 6 installed packages in /media/roboserver/DATA/axbot_ws/install
[0.191s] DEBUG:colcon.colcon_installed_package_information.package_discovery:Found 3 installed packages in /media/roboserver/DATA/autox_ws/install
[0.192s] DEBUG:colcon.colcon_installed_package_information.package_discovery:Found 426 installed packages in /opt/ros/jazzy
[0.194s] Level 1:colcon.colcon_core.package_discovery:discover_packages(prefix_path) using defaults
[0.250s] Level 5:colcon.colcon_core.verb:set package 'axbot_navigation' build argument 'cmake_args' from command line to 'None'
[0.250s] Level 5:colcon.colcon_core.verb:set package 'axbot_navigation' build argument 'cmake_target' from command line to 'None'
[0.250s] Level 5:colcon.colcon_core.verb:set package 'axbot_navigation' build argument 'cmake_target_skip_unavailable' from command line to 'False'
[0.250s] Level 5:colcon.colcon_core.verb:set package 'axbot_navigation' build argument 'cmake_clean_cache' from command line to 'False'
[0.250s] Level 5:colcon.colcon_core.verb:set package 'axbot_navigation' build argument 'cmake_clean_first' from command line to 'False'
[0.250s] Level 5:colcon.colcon_core.verb:set package 'axbot_navigation' build argument 'cmake_force_configure' from command line to 'False'
[0.250s] Level 5:colcon.colcon_core.verb:set package 'axbot_navigation' build argument 'ament_cmake_args' from command line to 'None'
[0.250s] Level 5:colcon.colcon_core.verb:set package 'axbot_navigation' build argument 'catkin_cmake_args' from command line to 'None'
[0.250s] Level 5:colcon.colcon_core.verb:set package 'axbot_navigation' build argument 'catkin_skip_building_tests' from command line to 'False'
[0.250s] DEBUG:colcon.colcon_core.verb:Building package 'axbot_navigation' with the following arguments: {'ament_cmake_args': None, 'build_base': '/media/roboserver/DATA/axbot_ws/build/axbot_navigation', 'catkin_cmake_args': None, 'catkin_skip_building_tests': False, 'cmake_args': None, 'cmake_clean_cache': False, 'cmake_clean_first': False, 'cmake_force_configure': False, 'cmake_target': None, 'cmake_target_skip_unavailable': False, 'install_base': '/media/roboserver/DATA/axbot_ws/install/axbot_navigation', 'merge_install': False, 'path': '/media/roboserver/DATA/axbot_ws/src/axbot_navigation', 'symlink_install': False, 'test_result_base': None}
[0.250s] INFO:colcon.colcon_core.executor:Executing jobs using 'parallel' executor
[0.251s] DEBUG:colcon.colcon_parallel_executor.executor.parallel:run_until_complete
[0.251s] INFO:colcon.colcon_ros.task.ament_cmake.build:Building ROS package in '/media/roboserver/DATA/axbot_ws/src/axbot_navigation' with build type 'ament_cmake'
[0.251s] INFO:colcon.colcon_cmake.task.cmake.build:Building CMake package in '/media/roboserver/DATA/axbot_ws/src/axbot_navigation'
[0.254s] INFO:colcon.colcon_core.plugin_system:Skipping extension 'colcon_core.shell.bat': Not used on non-Windows systems
[0.254s] INFO:colcon.colcon_core.shell:Skip shell extension 'powershell' for command environment: Not usable outside of PowerShell
[0.254s] DEBUG:colcon.colcon_core.shell:Skip shell extension 'dsv' for command environment
[0.266s] DEBUG:colcon.colcon_core.event_handler.log_command:Invoking command in '/media/roboserver/DATA/axbot_ws/build/axbot_navigation': CMAKE_PREFIX_PATH=${CMAKE_PREFIX_PATH}:/media/roboserver/DATA/axbot_ws/install/pc2_listener:/media/roboserver/DATA/axbot_ws/install/axbot_examples:/media/roboserver/DATA/axbot_ws/install/axbot_driver:/media/roboserver/DATA/autox_ws/install/fielder_teleop:/media/roboserver/DATA/autox_ws/install/fielder_odometry:/media/roboserver/DATA/autox_ws/install/fielder_navigation:/opt/ros/jazzy DEBUGINFOD_URLS=https://debuginfod.ubuntu.com /usr/bin/cmake --build /media/roboserver/DATA/axbot_ws/build/axbot_navigation -- -j8 -l8
[0.306s] DEBUG:colcon.colcon_core.event_handler.log_command:Invoked command in '/media/roboserver/DATA/axbot_ws/build/axbot_navigation' returned '0': CMAKE_PREFIX_PATH=${CMAKE_PREFIX_PATH}:/media/roboserver/DATA/axbot_ws/install/pc2_listener:/media/roboserver/DATA/axbot_ws/install/axbot_examples:/media/roboserver/DATA/axbot_ws/install/axbot_driver:/media/roboserver/DATA/autox_ws/install/fielder_teleop:/media/roboserver/DATA/autox_ws/install/fielder_odometry:/media/roboserver/DATA/autox_ws/install/fielder_navigation:/opt/ros/jazzy DEBUGINFOD_URLS=https://debuginfod.ubuntu.com /usr/bin/cmake --build /media/roboserver/DATA/axbot_ws/build/axbot_navigation -- -j8 -l8
[0.316s] DEBUG:colcon.colcon_core.event_handler.log_command:Invoking command in '/media/roboserver/DATA/axbot_ws/build/axbot_navigation': CMAKE_PREFIX_PATH=${CMAKE_PREFIX_PATH}:/media/roboserver/DATA/axbot_ws/install/pc2_listener:/media/roboserver/DATA/axbot_ws/install/axbot_examples:/media/roboserver/DATA/axbot_ws/install/axbot_driver:/media/roboserver/DATA/autox_ws/install/fielder_teleop:/media/roboserver/DATA/autox_ws/install/fielder_odometry:/media/roboserver/DATA/autox_ws/install/fielder_navigation:/opt/ros/jazzy DEBUGINFOD_URLS=https://debuginfod.ubuntu.com /usr/bin/cmake --install /media/roboserver/DATA/axbot_ws/build/axbot_navigation
[0.347s] Level 1:colcon.colcon_core.environment:create_environment_scripts_only(axbot_navigation)
[0.347s] DEBUG:colcon.colcon_core.event_handler.log_command:Invoked command in '/media/roboserver/DATA/axbot_ws/build/axbot_navigation' returned '0': CMAKE_PREFIX_PATH=${CMAKE_PREFIX_PATH}:/media/roboserver/DATA/axbot_ws/install/pc2_listener:/media/roboserver/DATA/axbot_ws/install/axbot_examples:/media/roboserver/DATA/axbot_ws/install/axbot_driver:/media/roboserver/DATA/autox_ws/install/fielder_teleop:/media/roboserver/DATA/autox_ws/install/fielder_odometry:/media/roboserver/DATA/autox_ws/install/fielder_navigation:/opt/ros/jazzy DEBUGINFOD_URLS=https://debuginfod.ubuntu.com /usr/bin/cmake --install /media/roboserver/DATA/axbot_ws/build/axbot_navigation
[0.349s] Level 1:colcon.colcon_core.environment:checking '/media/roboserver/DATA/axbot_ws/install/axbot_navigation' for CMake module files
[0.350s] Level 1:colcon.colcon_core.environment:checking '/media/roboserver/DATA/axbot_ws/install/axbot_navigation' for CMake config files
[0.350s] Level 1:colcon.colcon_core.shell:create_environment_hook('axbot_navigation', 'cmake_prefix_path')
[0.350s] INFO:colcon.colcon_core.shell:Creating environment hook '/media/roboserver/DATA/axbot_ws/install/axbot_navigation/share/axbot_navigation/hook/cmake_prefix_path.ps1'
[0.351s] INFO:colcon.colcon_core.shell:Creating environment descriptor '/media/roboserver/DATA/axbot_ws/install/axbot_navigation/share/axbot_navigation/hook/cmake_prefix_path.dsv'
[0.351s] INFO:colcon.colcon_core.shell:Creating environment hook '/media/roboserver/DATA/axbot_ws/install/axbot_navigation/share/axbot_navigation/hook/cmake_prefix_path.sh'
[0.352s] Level 1:colcon.colcon_core.environment:checking '/media/roboserver/DATA/axbot_ws/install/axbot_navigation/bin'
[0.352s] Level 1:colcon.colcon_core.environment:checking '/media/roboserver/DATA/axbot_ws/install/axbot_navigation/lib/pkgconfig/axbot_navigation.pc'
[0.352s] Level 1:colcon.colcon_core.environment:checking '/media/roboserver/DATA/axbot_ws/install/axbot_navigation/lib/python3.12/site-packages'
[0.352s] Level 1:colcon.colcon_core.environment:checking '/media/roboserver/DATA/axbot_ws/install/axbot_navigation/bin'
[0.352s] INFO:colcon.colcon_core.shell:Creating package script '/media/roboserver/DATA/axbot_ws/install/axbot_navigation/share/axbot_navigation/package.ps1'
[0.353s] INFO:colcon.colcon_core.shell:Creating package descriptor '/media/roboserver/DATA/axbot_ws/install/axbot_navigation/share/axbot_navigation/package.dsv'
[0.353s] INFO:colcon.colcon_core.shell:Creating package script '/media/roboserver/DATA/axbot_ws/install/axbot_navigation/share/axbot_navigation/package.sh'
[0.354s] INFO:colcon.colcon_core.shell:Creating package script '/media/roboserver/DATA/axbot_ws/install/axbot_navigation/share/axbot_navigation/package.bash'
[0.354s] INFO:colcon.colcon_core.shell:Creating package script '/media/roboserver/DATA/axbot_ws/install/axbot_navigation/share/axbot_navigation/package.zsh'
[0.355s] Level 1:colcon.colcon_core.environment:create_file_with_runtime_dependencies(/media/roboserver/DATA/axbot_ws/install/axbot_navigation/share/colcon-core/packages/axbot_navigation)
[0.355s] Level 1:colcon.colcon_core.environment:create_environment_scripts_only(axbot_navigation)
[0.356s] Level 1:colcon.colcon_core.environment:checking '/media/roboserver/DATA/axbot_ws/install/axbot_navigation' for CMake module files
[0.356s] Level 1:colcon.colcon_core.environment:checking '/media/roboserver/DATA/axbot_ws/install/axbot_navigation' for CMake config files
[0.356s] Level 1:colcon.colcon_core.shell:create_environment_hook('axbot_navigation', 'cmake_prefix_path')
[0.357s] INFO:colcon.colcon_core.shell:Creating environment hook '/media/roboserver/DATA/axbot_ws/install/axbot_navigation/share/axbot_navigation/hook/cmake_prefix_path.ps1'
[0.357s] INFO:colcon.colcon_core.shell:Creating environment descriptor '/media/roboserver/DATA/axbot_ws/install/axbot_navigation/share/axbot_navigation/hook/cmake_prefix_path.dsv'
[0.358s] INFO:colcon.colcon_core.shell:Creating environment hook '/media/roboserver/DATA/axbot_ws/install/axbot_navigation/share/axbot_navigation/hook/cmake_prefix_path.sh'
[0.358s] Level 1:colcon.colcon_core.environment:checking '/media/roboserver/DATA/axbot_ws/install/axbot_navigation/bin'
[0.358s] Level 1:colcon.colcon_core.environment:checking '/media/roboserver/DATA/axbot_ws/install/axbot_navigation/lib/pkgconfig/axbot_navigation.pc'
[0.358s] Level 1:colcon.colcon_core.environment:checking '/media/roboserver/DATA/axbot_ws/install/axbot_navigation/lib/python3.12/site-packages'
[0.359s] Level 1:colcon.colcon_core.environment:checking '/media/roboserver/DATA/axbot_ws/install/axbot_navigation/bin'
[0.359s] INFO:colcon.colcon_core.shell:Creating package script '/media/roboserver/DATA/axbot_ws/install/axbot_navigation/share/axbot_navigation/package.ps1'
[0.359s] INFO:colcon.colcon_core.shell:Creating package descriptor '/media/roboserver/DATA/axbot_ws/install/axbot_navigation/share/axbot_navigation/package.dsv'
[0.360s] INFO:colcon.colcon_core.shell:Creating package script '/media/roboserver/DATA/axbot_ws/install/axbot_navigation/share/axbot_navigation/package.sh'
[0.360s] INFO:colcon.colcon_core.shell:Creating package script '/media/roboserver/DATA/axbot_ws/install/axbot_navigation/share/axbot_navigation/package.bash'
[0.360s] INFO:colcon.colcon_core.shell:Creating package script '/media/roboserver/DATA/axbot_ws/install/axbot_navigation/share/axbot_navigation/package.zsh'
[0.361s] Level 1:colcon.colcon_core.environment:create_file_with_runtime_dependencies(/media/roboserver/DATA/axbot_ws/install/axbot_navigation/share/colcon-core/packages/axbot_navigation)
[0.361s] DEBUG:colcon.colcon_parallel_executor.executor.parallel:closing loop
[0.361s] DEBUG:colcon.colcon_parallel_executor.executor.parallel:loop closed
[0.361s] DEBUG:colcon.colcon_parallel_executor.executor.parallel:run_until_complete finished with '0'
[0.361s] DEBUG:colcon.colcon_core.event_reactor:joining thread
[0.366s] INFO:colcon.colcon_core.plugin_system:Skipping extension 'colcon_notification.desktop_notification.terminal_notifier': Not used on non-Darwin systems
[0.366s] INFO:colcon.colcon_core.plugin_system:Skipping extension 'colcon_notification.desktop_notification.win32': Not used on non-Windows systems
[0.367s] INFO:colcon.colcon_notification.desktop_notification:Sending desktop notification using 'notify2'
[0.379s] DEBUG:colcon.colcon_core.event_reactor:joined thread
[0.380s] INFO:colcon.colcon_core.shell:Creating prefix script '/media/roboserver/DATA/axbot_ws/install/local_setup.ps1'
[0.381s] INFO:colcon.colcon_core.shell:Creating prefix util module '/media/roboserver/DATA/axbot_ws/install/_local_setup_util_ps1.py'
[0.382s] INFO:colcon.colcon_core.shell:Creating prefix chain script '/media/roboserver/DATA/axbot_ws/install/setup.ps1'
[0.384s] INFO:colcon.colcon_core.shell:Creating prefix script '/media/roboserver/DATA/axbot_ws/install/local_setup.sh'
[0.384s] INFO:colcon.colcon_core.shell:Creating prefix util module '/media/roboserver/DATA/axbot_ws/install/_local_setup_util_sh.py'
[0.385s] INFO:colcon.colcon_core.shell:Creating prefix chain script '/media/roboserver/DATA/axbot_ws/install/setup.sh'
[0.386s] INFO:colcon.colcon_core.shell:Creating prefix script '/media/roboserver/DATA/axbot_ws/install/local_setup.bash'
[0.386s] INFO:colcon.colcon_core.shell:Creating prefix chain script '/media/roboserver/DATA/axbot_ws/install/setup.bash'
[0.387s] INFO:colcon.colcon_core.shell:Creating prefix script '/media/roboserver/DATA/axbot_ws/install/local_setup.zsh'
[0.388s] INFO:colcon.colcon_core.shell:Creating prefix chain script '/media/roboserver/DATA/axbot_ws/install/setup.zsh'
