[0.018s] Invoking command in '/media/roboserver/DATA/axbot_ws/build/axbot_navigation': CMAKE_PREFIX_PATH=${CMAKE_PREFIX_PATH}:/media/roboserver/DATA/axbot_ws/install/axbot_examples:/media/roboserver/DATA/axbot_ws/install/axbot_driver:/media/roboserver/DATA/autox_ws/install/fielder_teleop:/media/roboserver/DATA/autox_ws/install/fielder_odometry:/media/roboserver/DATA/autox_ws/install/fielder_navigation:/opt/ros/jazzy DEBUGINFOD_URLS=https://debuginfod.ubuntu.com /usr/bin/cmake /media/roboserver/DATA/axbot_ws/src/axbot_navigation -DAMENT_CMAKE_SYMLINK_INSTALL=1 -DCMAKE_INSTALL_PREFIX=/media/roboserver/DATA/axbot_ws/install/axbot_navigation
[0.085s] -- The C compiler identification is GNU 13.3.0
[0.148s] -- The CXX compiler identification is GNU 13.3.0
[0.165s] -- Detecting C compiler ABI info
[0.259s] -- Detecting C compiler ABI info - done
[0.277s] -- Check for working C compiler: /usr/bin/cc - skipped
[0.277s] -- Detecting C compile features
[0.278s] -- Detecting C compile features - done
[0.289s] -- Detecting CXX compiler ABI info
[0.399s] -- Detecting CXX compiler ABI info - done
[0.410s] -- Check for working CXX compiler: /usr/bin/c++ - skipped
[0.411s] -- Detecting CXX compile features
[0.411s] -- Detecting CXX compile features - done
[0.416s] -- Found ament_cmake: 2.5.4 (/opt/ros/jazzy/share/ament_cmake/cmake)
[0.591s] -- Found Python3: /usr/bin/python3 (found version "3.12.3") found components: Interpreter 
[0.670s] -- Override CMake install command with custom implementation using symlinks instead of copying resources
[0.827s] -- Configuring done (0.8s)
[0.830s] -- Generating done (0.0s)
[0.832s] -- Build files have been written to: /media/roboserver/DATA/axbot_ws/build/axbot_navigation
[0.837s] Invoked command in '/media/roboserver/DATA/axbot_ws/build/axbot_navigation' returned '0': CMAKE_PREFIX_PATH=${CMAKE_PREFIX_PATH}:/media/roboserver/DATA/axbot_ws/install/axbot_examples:/media/roboserver/DATA/axbot_ws/install/axbot_driver:/media/roboserver/DATA/autox_ws/install/fielder_teleop:/media/roboserver/DATA/autox_ws/install/fielder_odometry:/media/roboserver/DATA/autox_ws/install/fielder_navigation:/opt/ros/jazzy DEBUGINFOD_URLS=https://debuginfod.ubuntu.com /usr/bin/cmake /media/roboserver/DATA/axbot_ws/src/axbot_navigation -DAMENT_CMAKE_SYMLINK_INSTALL=1 -DCMAKE_INSTALL_PREFIX=/media/roboserver/DATA/axbot_ws/install/axbot_navigation
[0.838s] Invoking command in '/media/roboserver/DATA/axbot_ws/build/axbot_navigation': CMAKE_PREFIX_PATH=${CMAKE_PREFIX_PATH}:/media/roboserver/DATA/axbot_ws/install/axbot_examples:/media/roboserver/DATA/axbot_ws/install/axbot_driver:/media/roboserver/DATA/autox_ws/install/fielder_teleop:/media/roboserver/DATA/autox_ws/install/fielder_odometry:/media/roboserver/DATA/autox_ws/install/fielder_navigation:/opt/ros/jazzy DEBUGINFOD_URLS=https://debuginfod.ubuntu.com /usr/bin/cmake --build /media/roboserver/DATA/axbot_ws/build/axbot_navigation -- -j8 -l8
[0.880s] Invoked command in '/media/roboserver/DATA/axbot_ws/build/axbot_navigation' returned '0': CMAKE_PREFIX_PATH=${CMAKE_PREFIX_PATH}:/media/roboserver/DATA/axbot_ws/install/axbot_examples:/media/roboserver/DATA/axbot_ws/install/axbot_driver:/media/roboserver/DATA/autox_ws/install/fielder_teleop:/media/roboserver/DATA/autox_ws/install/fielder_odometry:/media/roboserver/DATA/autox_ws/install/fielder_navigation:/opt/ros/jazzy DEBUGINFOD_URLS=https://debuginfod.ubuntu.com /usr/bin/cmake --build /media/roboserver/DATA/axbot_ws/build/axbot_navigation -- -j8 -l8
[0.890s] Invoking command in '/media/roboserver/DATA/axbot_ws/build/axbot_navigation': CMAKE_PREFIX_PATH=${CMAKE_PREFIX_PATH}:/media/roboserver/DATA/axbot_ws/install/axbot_examples:/media/roboserver/DATA/axbot_ws/install/axbot_driver:/media/roboserver/DATA/autox_ws/install/fielder_teleop:/media/roboserver/DATA/autox_ws/install/fielder_odometry:/media/roboserver/DATA/autox_ws/install/fielder_navigation:/opt/ros/jazzy DEBUGINFOD_URLS=https://debuginfod.ubuntu.com /usr/bin/cmake --install /media/roboserver/DATA/axbot_ws/build/axbot_navigation
[0.899s] -- Install configuration: ""
[0.900s] -- Execute custom install script
[0.900s] -- Symlinking: /media/roboserver/DATA/axbot_ws/install/axbot_navigation/share/axbot_navigation/config/nav2_params.yaml
[0.910s] -- Symlinking: /media/roboserver/DATA/axbot_ws/install/axbot_navigation/share/axbot_navigation/config/slam_toolbox.yaml
[0.920s] -- Symlinking: /media/roboserver/DATA/axbot_ws/install/axbot_navigation/share/axbot_navigation/launch/navigation.launch.py
[0.930s] -- Symlinking: /media/roboserver/DATA/axbot_ws/install/axbot_navigation/share/axbot_navigation/launch/slam.launch.py
[0.940s] -- Symlinking: /media/roboserver/DATA/axbot_ws/install/axbot_navigation/share/axbot_navigation/launch/slam_navigation.launch.py
[0.950s] -- Symlinking: /media/roboserver/DATA/axbot_ws/install/axbot_navigation/share/ament_index/resource_index/package_run_dependencies/axbot_navigation
[0.959s] -- Symlinking: /media/roboserver/DATA/axbot_ws/install/axbot_navigation/share/ament_index/resource_index/parent_prefix_path/axbot_navigation
[0.969s] -- Symlinking: /media/roboserver/DATA/axbot_ws/install/axbot_navigation/share/axbot_navigation/environment/ament_prefix_path.sh
[0.978s] -- Symlinking: /media/roboserver/DATA/axbot_ws/install/axbot_navigation/share/axbot_navigation/environment/ament_prefix_path.dsv
[0.988s] -- Symlinking: /media/roboserver/DATA/axbot_ws/install/axbot_navigation/share/axbot_navigation/environment/path.sh
[0.998s] -- Symlinking: /media/roboserver/DATA/axbot_ws/install/axbot_navigation/share/axbot_navigation/environment/path.dsv
[1.008s] -- Symlinking: /media/roboserver/DATA/axbot_ws/install/axbot_navigation/share/axbot_navigation/local_setup.bash
[1.018s] -- Symlinking: /media/roboserver/DATA/axbot_ws/install/axbot_navigation/share/axbot_navigation/local_setup.sh
[1.029s] -- Symlinking: /media/roboserver/DATA/axbot_ws/install/axbot_navigation/share/axbot_navigation/local_setup.zsh
[1.039s] -- Symlinking: /media/roboserver/DATA/axbot_ws/install/axbot_navigation/share/axbot_navigation/local_setup.dsv
[1.049s] -- Symlinking: /media/roboserver/DATA/axbot_ws/install/axbot_navigation/share/axbot_navigation/package.dsv
[1.060s] -- Symlinking: /media/roboserver/DATA/axbot_ws/install/axbot_navigation/share/ament_index/resource_index/packages/axbot_navigation
[1.070s] -- Symlinking: /media/roboserver/DATA/axbot_ws/install/axbot_navigation/share/axbot_navigation/cmake/axbot_navigationConfig.cmake
[1.081s] -- Symlinking: /media/roboserver/DATA/axbot_ws/install/axbot_navigation/share/axbot_navigation/cmake/axbot_navigationConfig-version.cmake
[1.093s] -- Symlinking: /media/roboserver/DATA/axbot_ws/install/axbot_navigation/share/axbot_navigation/package.xml
[1.106s] Invoked command in '/media/roboserver/DATA/axbot_ws/build/axbot_navigation' returned '0': CMAKE_PREFIX_PATH=${CMAKE_PREFIX_PATH}:/media/roboserver/DATA/axbot_ws/install/axbot_examples:/media/roboserver/DATA/axbot_ws/install/axbot_driver:/media/roboserver/DATA/autox_ws/install/fielder_teleop:/media/roboserver/DATA/autox_ws/install/fielder_odometry:/media/roboserver/DATA/autox_ws/install/fielder_navigation:/opt/ros/jazzy DEBUGINFOD_URLS=https://debuginfod.ubuntu.com /usr/bin/cmake --install /media/roboserver/DATA/axbot_ws/build/axbot_navigation
