running egg_info
creating ../../build/axbot_examples/axbot_examples.egg-info
writing ../../build/axbot_examples/axbot_examples.egg-info/PKG-INFO
writing dependency_links to ../../build/axbot_examples/axbot_examples.egg-info/dependency_links.txt
writing entry points to ../../build/axbot_examples/axbot_examples.egg-info/entry_points.txt
writing requirements to ../../build/axbot_examples/axbot_examples.egg-info/requires.txt
writing top-level names to ../../build/axbot_examples/axbot_examples.egg-info/top_level.txt
writing manifest file '../../build/axbot_examples/axbot_examples.egg-info/SOURCES.txt'
reading manifest file '../../build/axbot_examples/axbot_examples.egg-info/SOURCES.txt'
writing manifest file '../../build/axbot_examples/axbot_examples.egg-info/SOURCES.txt'
running build
running build_py
creating /media/roboserver/DATA/axbot_ws/build/axbot_examples/build
creating /media/roboserver/DATA/axbot_ws/build/axbot_examples/build/lib
creating /media/roboserver/DATA/axbot_ws/build/axbot_examples/build/lib/axbot_examples
copying axbot_examples/bag_recorder.py -> /media/roboserver/DATA/axbot_ws/build/axbot_examples/build/lib/axbot_examples
copying axbot_examples/device_info_reader.py -> /media/roboserver/DATA/axbot_ws/build/axbot_examples/build/lib/axbot_examples
copying axbot_examples/pose_logger.py -> /media/roboserver/DATA/axbot_ws/build/axbot_examples/build/lib/axbot_examples
copying axbot_examples/square_mover.py -> /media/roboserver/DATA/axbot_ws/build/axbot_examples/build/lib/axbot_examples
copying axbot_examples/teleop_keyboard.py -> /media/roboserver/DATA/axbot_ws/build/axbot_examples/build/lib/axbot_examples
copying axbot_examples/__init__.py -> /media/roboserver/DATA/axbot_ws/build/axbot_examples/build/lib/axbot_examples
running install
running install_lib
creating /media/roboserver/DATA/axbot_ws/install/axbot_examples/lib/python3.12/site-packages/axbot_examples
copying /media/roboserver/DATA/axbot_ws/build/axbot_examples/build/lib/axbot_examples/bag_recorder.py -> /media/roboserver/DATA/axbot_ws/install/axbot_examples/lib/python3.12/site-packages/axbot_examples
copying /media/roboserver/DATA/axbot_ws/build/axbot_examples/build/lib/axbot_examples/device_info_reader.py -> /media/roboserver/DATA/axbot_ws/install/axbot_examples/lib/python3.12/site-packages/axbot_examples
copying /media/roboserver/DATA/axbot_ws/build/axbot_examples/build/lib/axbot_examples/pose_logger.py -> /media/roboserver/DATA/axbot_ws/install/axbot_examples/lib/python3.12/site-packages/axbot_examples
copying /media/roboserver/DATA/axbot_ws/build/axbot_examples/build/lib/axbot_examples/square_mover.py -> /media/roboserver/DATA/axbot_ws/install/axbot_examples/lib/python3.12/site-packages/axbot_examples
copying /media/roboserver/DATA/axbot_ws/build/axbot_examples/build/lib/axbot_examples/teleop_keyboard.py -> /media/roboserver/DATA/axbot_ws/install/axbot_examples/lib/python3.12/site-packages/axbot_examples
copying /media/roboserver/DATA/axbot_ws/build/axbot_examples/build/lib/axbot_examples/__init__.py -> /media/roboserver/DATA/axbot_ws/install/axbot_examples/lib/python3.12/site-packages/axbot_examples
byte-compiling /media/roboserver/DATA/axbot_ws/install/axbot_examples/lib/python3.12/site-packages/axbot_examples/bag_recorder.py to bag_recorder.cpython-312.pyc
byte-compiling /media/roboserver/DATA/axbot_ws/install/axbot_examples/lib/python3.12/site-packages/axbot_examples/device_info_reader.py to device_info_reader.cpython-312.pyc
byte-compiling /media/roboserver/DATA/axbot_ws/install/axbot_examples/lib/python3.12/site-packages/axbot_examples/pose_logger.py to pose_logger.cpython-312.pyc
byte-compiling /media/roboserver/DATA/axbot_ws/install/axbot_examples/lib/python3.12/site-packages/axbot_examples/square_mover.py to square_mover.cpython-312.pyc
byte-compiling /media/roboserver/DATA/axbot_ws/install/axbot_examples/lib/python3.12/site-packages/axbot_examples/teleop_keyboard.py to teleop_keyboard.cpython-312.pyc
byte-compiling /media/roboserver/DATA/axbot_ws/install/axbot_examples/lib/python3.12/site-packages/axbot_examples/__init__.py to __init__.cpython-312.pyc
running install_data
creating /media/roboserver/DATA/axbot_ws/install/axbot_examples/share/ament_index
creating /media/roboserver/DATA/axbot_ws/install/axbot_examples/share/ament_index/resource_index
creating /media/roboserver/DATA/axbot_ws/install/axbot_examples/share/ament_index/resource_index/packages
copying resource/axbot_examples -> /media/roboserver/DATA/axbot_ws/install/axbot_examples/share/ament_index/resource_index/packages
copying package.xml -> /media/roboserver/DATA/axbot_ws/install/axbot_examples/share/axbot_examples
running install_egg_info
Copying ../../build/axbot_examples/axbot_examples.egg-info to /media/roboserver/DATA/axbot_ws/install/axbot_examples/lib/python3.12/site-packages/axbot_examples-1.0.0-py3.12.egg-info
running install_scripts
Installing device_info_reader script to /media/roboserver/DATA/axbot_ws/install/axbot_examples/lib/axbot_examples
Installing pose_logger script to /media/roboserver/DATA/axbot_ws/install/axbot_examples/lib/axbot_examples
Installing square_mover script to /media/roboserver/DATA/axbot_ws/install/axbot_examples/lib/axbot_examples
Installing teleop_keyboard script to /media/roboserver/DATA/axbot_ws/install/axbot_examples/lib/axbot_examples
writing list of installed files to '/media/roboserver/DATA/axbot_ws/build/axbot_examples/install.log'
