[0.022s] Invoking command in '/media/roboserver/DATA/axbot_ws/build/axbot_description': CMAKE_PREFIX_PATH=${CMAKE_PREFIX_PATH}:/media/roboserver/DATA/axbot_ws/install/axbot_examples:/media/roboserver/DATA/axbot_ws/install/axbot_driver:/media/roboserver/DATA/autox_ws/install/fielder_teleop:/media/roboserver/DATA/autox_ws/install/fielder_odometry:/media/roboserver/DATA/autox_ws/install/fielder_navigation:/opt/ros/jazzy DEBUGINFOD_URLS=https://debuginfod.ubuntu.com /usr/bin/cmake /media/roboserver/DATA/axbot_ws/src/axbot_description -DAMENT_CMAKE_SYMLINK_INSTALL=1 -DCMAKE_INSTALL_PREFIX=/media/roboserver/DATA/axbot_ws/install/axbot_description
[0.091s] -- The C compiler identification is GNU 13.3.0
[0.159s] -- The CXX compiler identification is GNU 13.3.0
[0.178s] -- Detecting C compiler ABI info
[0.273s] -- Detecting C compiler ABI info - done
[0.283s] -- Check for working C compiler: /usr/bin/cc - skipped
[0.283s] -- Detecting C compile features
[0.283s] -- Detecting C compile features - done
[0.294s] -- Detecting CXX compiler ABI info
[0.405s] -- Detecting CXX compiler ABI info - done
[0.423s] -- Check for working CXX compiler: /usr/bin/c++ - skipped
[0.424s] -- Detecting CXX compile features
[0.424s] -- Detecting CXX compile features - done
[0.432s] -- Found ament_cmake: 2.5.4 (/opt/ros/jazzy/share/ament_cmake/cmake)
[0.607s] -- Found Python3: /usr/bin/python3 (found version "3.12.3") found components: Interpreter 
[0.692s] -- Override CMake install command with custom implementation using symlinks instead of copying resources
[0.844s] -- Configuring done (0.8s)
[0.846s] -- Generating done (0.0s)
[0.848s] -- Build files have been written to: /media/roboserver/DATA/axbot_ws/build/axbot_description
[0.853s] Invoked command in '/media/roboserver/DATA/axbot_ws/build/axbot_description' returned '0': CMAKE_PREFIX_PATH=${CMAKE_PREFIX_PATH}:/media/roboserver/DATA/axbot_ws/install/axbot_examples:/media/roboserver/DATA/axbot_ws/install/axbot_driver:/media/roboserver/DATA/autox_ws/install/fielder_teleop:/media/roboserver/DATA/autox_ws/install/fielder_odometry:/media/roboserver/DATA/autox_ws/install/fielder_navigation:/opt/ros/jazzy DEBUGINFOD_URLS=https://debuginfod.ubuntu.com /usr/bin/cmake /media/roboserver/DATA/axbot_ws/src/axbot_description -DAMENT_CMAKE_SYMLINK_INSTALL=1 -DCMAKE_INSTALL_PREFIX=/media/roboserver/DATA/axbot_ws/install/axbot_description
[0.854s] Invoking command in '/media/roboserver/DATA/axbot_ws/build/axbot_description': CMAKE_PREFIX_PATH=${CMAKE_PREFIX_PATH}:/media/roboserver/DATA/axbot_ws/install/axbot_examples:/media/roboserver/DATA/axbot_ws/install/axbot_driver:/media/roboserver/DATA/autox_ws/install/fielder_teleop:/media/roboserver/DATA/autox_ws/install/fielder_odometry:/media/roboserver/DATA/autox_ws/install/fielder_navigation:/opt/ros/jazzy DEBUGINFOD_URLS=https://debuginfod.ubuntu.com /usr/bin/cmake --build /media/roboserver/DATA/axbot_ws/build/axbot_description -- -j8 -l8
[0.897s] Invoked command in '/media/roboserver/DATA/axbot_ws/build/axbot_description' returned '0': CMAKE_PREFIX_PATH=${CMAKE_PREFIX_PATH}:/media/roboserver/DATA/axbot_ws/install/axbot_examples:/media/roboserver/DATA/axbot_ws/install/axbot_driver:/media/roboserver/DATA/autox_ws/install/fielder_teleop:/media/roboserver/DATA/autox_ws/install/fielder_odometry:/media/roboserver/DATA/autox_ws/install/fielder_navigation:/opt/ros/jazzy DEBUGINFOD_URLS=https://debuginfod.ubuntu.com /usr/bin/cmake --build /media/roboserver/DATA/axbot_ws/build/axbot_description -- -j8 -l8
[0.898s] Invoking command in '/media/roboserver/DATA/axbot_ws/build/axbot_description': CMAKE_PREFIX_PATH=${CMAKE_PREFIX_PATH}:/media/roboserver/DATA/axbot_ws/install/axbot_examples:/media/roboserver/DATA/axbot_ws/install/axbot_driver:/media/roboserver/DATA/autox_ws/install/fielder_teleop:/media/roboserver/DATA/autox_ws/install/fielder_odometry:/media/roboserver/DATA/autox_ws/install/fielder_navigation:/opt/ros/jazzy DEBUGINFOD_URLS=https://debuginfod.ubuntu.com /usr/bin/cmake --install /media/roboserver/DATA/axbot_ws/build/axbot_description
[0.907s] -- Install configuration: ""
[0.907s] -- Execute custom install script
[0.908s] -- Symlinking: /media/roboserver/DATA/axbot_ws/install/axbot_description/share/axbot_description/urdf/axbot.urdf
[0.918s] -- Symlinking: /media/roboserver/DATA/axbot_ws/install/axbot_description/share/axbot_description/launch/display.launch.py
[0.927s] -- Symlinking: /media/roboserver/DATA/axbot_ws/install/axbot_description/share/ament_index/resource_index/package_run_dependencies/axbot_description
[0.936s] -- Symlinking: /media/roboserver/DATA/axbot_ws/install/axbot_description/share/ament_index/resource_index/parent_prefix_path/axbot_description
[0.946s] -- Symlinking: /media/roboserver/DATA/axbot_ws/install/axbot_description/share/axbot_description/environment/ament_prefix_path.sh
[0.955s] -- Symlinking: /media/roboserver/DATA/axbot_ws/install/axbot_description/share/axbot_description/environment/ament_prefix_path.dsv
[0.964s] -- Symlinking: /media/roboserver/DATA/axbot_ws/install/axbot_description/share/axbot_description/environment/path.sh
[0.974s] -- Symlinking: /media/roboserver/DATA/axbot_ws/install/axbot_description/share/axbot_description/environment/path.dsv
[0.983s] -- Symlinking: /media/roboserver/DATA/axbot_ws/install/axbot_description/share/axbot_description/local_setup.bash
[0.993s] -- Symlinking: /media/roboserver/DATA/axbot_ws/install/axbot_description/share/axbot_description/local_setup.sh
[1.003s] -- Symlinking: /media/roboserver/DATA/axbot_ws/install/axbot_description/share/axbot_description/local_setup.zsh
[1.013s] -- Symlinking: /media/roboserver/DATA/axbot_ws/install/axbot_description/share/axbot_description/local_setup.dsv
[1.023s] -- Symlinking: /media/roboserver/DATA/axbot_ws/install/axbot_description/share/axbot_description/package.dsv
[1.034s] -- Symlinking: /media/roboserver/DATA/axbot_ws/install/axbot_description/share/ament_index/resource_index/packages/axbot_description
[1.044s] -- Symlinking: /media/roboserver/DATA/axbot_ws/install/axbot_description/share/axbot_description/cmake/axbot_descriptionConfig.cmake
[1.054s] -- Symlinking: /media/roboserver/DATA/axbot_ws/install/axbot_description/share/axbot_description/cmake/axbot_descriptionConfig-version.cmake
[1.065s] -- Symlinking: /media/roboserver/DATA/axbot_ws/install/axbot_description/share/axbot_description/package.xml
[1.077s] Invoked command in '/media/roboserver/DATA/axbot_ws/build/axbot_description' returned '0': CMAKE_PREFIX_PATH=${CMAKE_PREFIX_PATH}:/media/roboserver/DATA/axbot_ws/install/axbot_examples:/media/roboserver/DATA/axbot_ws/install/axbot_driver:/media/roboserver/DATA/autox_ws/install/fielder_teleop:/media/roboserver/DATA/autox_ws/install/fielder_odometry:/media/roboserver/DATA/autox_ws/install/fielder_navigation:/opt/ros/jazzy DEBUGINFOD_URLS=https://debuginfod.ubuntu.com /usr/bin/cmake --install /media/roboserver/DATA/axbot_ws/build/axbot_description
