[1.003s] Invoking command in '/media/roboserver/DATA/axbot_ws/build/pc2_listener': DEBUGINFOD_URLS=https://debuginfod.ubuntu.com PYTHONPATH=/media/roboserver/DATA/axbot_ws/build/pc2_listener/prefix_override:/usr/lib/python3/dist-packages/colcon_core/task/python/colcon_distutils_commands:/media/roboserver/DATA/axbot_ws/install/pc2_listener/lib/python3.12/site-packages:${PYTHONPATH} /usr/bin/python3 -W ignore:setup.py install is deprecated -W ignore:easy_install command is deprecated setup.py develop --uninstall --editable --build-directory /media/roboserver/DATA/axbot_ws/build/pc2_listener/build
[1.349s] running develop
[1.643s] Removing /media/roboserver/DATA/axbot_ws/install/pc2_listener/lib/python3.12/site-packages/pc2-listener.egg-link (link to .)
[1.679s] Invoked command in '/media/roboserver/DATA/axbot_ws/build/pc2_listener' returned '0': DEBUGINFOD_URLS=https://debuginfod.ubuntu.com PYTHONPATH=/media/roboserver/DATA/axbot_ws/build/pc2_listener/prefix_override:/usr/lib/python3/dist-packages/colcon_core/task/python/colcon_distutils_commands:/media/roboserver/DATA/axbot_ws/install/pc2_listener/lib/python3.12/site-packages:${PYTHONPATH} /usr/bin/python3 -W ignore:setup.py install is deprecated -W ignore:easy_install command is deprecated setup.py develop --uninstall --editable --build-directory /media/roboserver/DATA/axbot_ws/build/pc2_listener/build
[1.680s] Invoking command in '/media/roboserver/DATA/axbot_ws/src/pc2_listener': DEBUGINFOD_URLS=https://debuginfod.ubuntu.com PYTHONPATH=/media/roboserver/DATA/axbot_ws/build/pc2_listener/prefix_override:/usr/lib/python3/dist-packages/colcon_core/task/python/colcon_distutils_commands:/media/roboserver/DATA/axbot_ws/install/pc2_listener/lib/python3.12/site-packages:${PYTHONPATH} /usr/bin/python3 -W ignore:setup.py install is deprecated -W ignore:easy_install command is deprecated setup.py egg_info --egg-base ../../build/pc2_listener build --build-base /media/roboserver/DATA/axbot_ws/build/pc2_listener/build install --record /media/roboserver/DATA/axbot_ws/build/pc2_listener/install.log --single-version-externally-managed
[1.976s] running egg_info
[2.004s] writing ../../build/pc2_listener/pc2_listener.egg-info/PKG-INFO
[2.004s] writing dependency_links to ../../build/pc2_listener/pc2_listener.egg-info/dependency_links.txt
[2.004s] writing entry points to ../../build/pc2_listener/pc2_listener.egg-info/entry_points.txt
[2.004s] writing requirements to ../../build/pc2_listener/pc2_listener.egg-info/requires.txt
[2.004s] writing top-level names to ../../build/pc2_listener/pc2_listener.egg-info/top_level.txt
[2.055s] reading manifest file '../../build/pc2_listener/pc2_listener.egg-info/SOURCES.txt'
[2.055s] writing manifest file '../../build/pc2_listener/pc2_listener.egg-info/SOURCES.txt'
[2.056s] running build
[2.056s] running build_py
[2.056s] creating /media/roboserver/DATA/axbot_ws/build/pc2_listener/build
[2.056s] creating /media/roboserver/DATA/axbot_ws/build/pc2_listener/build/lib
[2.056s] creating /media/roboserver/DATA/axbot_ws/build/pc2_listener/build/lib/pc2_listener
[2.056s] copying pc2_listener/__init__.py -> /media/roboserver/DATA/axbot_ws/build/pc2_listener/build/lib/pc2_listener
[2.056s] running install
[2.062s] running install_lib
[2.096s] creating /media/roboserver/DATA/axbot_ws/install/pc2_listener/lib/python3.12/site-packages/pc2_listener
[2.096s] copying /media/roboserver/DATA/axbot_ws/build/pc2_listener/build/lib/pc2_listener/__init__.py -> /media/roboserver/DATA/axbot_ws/install/pc2_listener/lib/python3.12/site-packages/pc2_listener
[2.096s] byte-compiling /media/roboserver/DATA/axbot_ws/install/pc2_listener/lib/python3.12/site-packages/pc2_listener/__init__.py to __init__.cpython-312.pyc
[2.097s] running install_egg_info
[2.125s] Copying ../../build/pc2_listener/pc2_listener.egg-info to /media/roboserver/DATA/axbot_ws/install/pc2_listener/lib/python3.12/site-packages/pc2_listener-0.0.1-py3.12.egg-info
[2.126s] running install_scripts
[2.284s] Installing pc2_listener script to /media/roboserver/DATA/axbot_ws/install/pc2_listener/lib/pc2_listener
[2.284s] writing list of installed files to '/media/roboserver/DATA/axbot_ws/build/pc2_listener/install.log'
[2.554s] Invoked command in '/media/roboserver/DATA/axbot_ws/src/pc2_listener' returned '0': DEBUGINFOD_URLS=https://debuginfod.ubuntu.com PYTHONPATH=/media/roboserver/DATA/axbot_ws/build/pc2_listener/prefix_override:/usr/lib/python3/dist-packages/colcon_core/task/python/colcon_distutils_commands:/media/roboserver/DATA/axbot_ws/install/pc2_listener/lib/python3.12/site-packages:${PYTHONPATH} /usr/bin/python3 -W ignore:setup.py install is deprecated -W ignore:easy_install command is deprecated setup.py egg_info --egg-base ../../build/pc2_listener build --build-base /media/roboserver/DATA/axbot_ws/build/pc2_listener/build install --record /media/roboserver/DATA/axbot_ws/build/pc2_listener/install.log --single-version-externally-managed
