[1.103s] Invoking command in '/media/roboserver/DATA/axbot_ws/src/pc2_listener': DEBUGINFOD_URLS=https://debuginfod.ubuntu.com PYTHONPATH=/media/roboserver/DATA/axbot_ws/build/pc2_listener/prefix_override:/usr/lib/python3/dist-packages/colcon_core/task/python/colcon_distutils_commands:/media/roboserver/DATA/axbot_ws/install/pc2_listener/lib/python3.12/site-packages:${PYTHONPATH} /usr/bin/python3 -W ignore:setup.py install is deprecated -W ignore:easy_install command is deprecated setup.py egg_info --egg-base ../../build/pc2_listener build --build-base /media/roboserver/DATA/axbot_ws/build/pc2_listener/build install --record /media/roboserver/DATA/axbot_ws/build/pc2_listener/install.log --single-version-externally-managed
[1.380s] running egg_info
[1.405s] writing ../../build/pc2_listener/pc2_listener.egg-info/PKG-INFO
[1.405s] writing dependency_links to ../../build/pc2_listener/pc2_listener.egg-info/dependency_links.txt
[1.405s] writing entry points to ../../build/pc2_listener/pc2_listener.egg-info/entry_points.txt
[1.405s] writing requirements to ../../build/pc2_listener/pc2_listener.egg-info/requires.txt
[1.405s] writing top-level names to ../../build/pc2_listener/pc2_listener.egg-info/top_level.txt
[1.456s] reading manifest file '../../build/pc2_listener/pc2_listener.egg-info/SOURCES.txt'
[1.457s] writing manifest file '../../build/pc2_listener/pc2_listener.egg-info/SOURCES.txt'
[1.457s] running build
[1.457s] running build_py
[1.458s] running install
[1.464s] running install_lib
[1.491s] running install_egg_info
[1.517s] removing '/media/roboserver/DATA/axbot_ws/install/pc2_listener/lib/python3.12/site-packages/pc2_listener-0.0.1-py3.12.egg-info' (and everything under it)
[1.517s] Copying ../../build/pc2_listener/pc2_listener.egg-info to /media/roboserver/DATA/axbot_ws/install/pc2_listener/lib/python3.12/site-packages/pc2_listener-0.0.1-py3.12.egg-info
[1.518s] running install_scripts
[1.676s] Installing pc2_listener script to /media/roboserver/DATA/axbot_ws/install/pc2_listener/lib/pc2_listener
[1.676s] writing list of installed files to '/media/roboserver/DATA/axbot_ws/build/pc2_listener/install.log'
[1.710s] Invoked command in '/media/roboserver/DATA/axbot_ws/src/pc2_listener' returned '0': DEBUGINFOD_URLS=https://debuginfod.ubuntu.com PYTHONPATH=/media/roboserver/DATA/axbot_ws/build/pc2_listener/prefix_override:/usr/lib/python3/dist-packages/colcon_core/task/python/colcon_distutils_commands:/media/roboserver/DATA/axbot_ws/install/pc2_listener/lib/python3.12/site-packages:${PYTHONPATH} /usr/bin/python3 -W ignore:setup.py install is deprecated -W ignore:easy_install command is deprecated setup.py egg_info --egg-base ../../build/pc2_listener build --build-base /media/roboserver/DATA/axbot_ws/build/pc2_listener/build install --record /media/roboserver/DATA/axbot_ws/build/pc2_listener/install.log --single-version-externally-managed
