/media/roboserver/DATA/axbot_ws/install/axbot_driver/lib/python3.12/site-packages/axbot_driver/axbot_node.py
/media/roboserver/DATA/axbot_ws/install/axbot_driver/lib/python3.12/site-packages/axbot_driver/pointcloud_to_scan.py
/media/roboserver/DATA/axbot_ws/install/axbot_driver/lib/python3.12/site-packages/axbot_driver/rest_client.py
/media/roboserver/DATA/axbot_ws/install/axbot_driver/lib/python3.12/site-packages/axbot_driver/scan_bridge.py
/media/roboserver/DATA/axbot_ws/install/axbot_driver/lib/python3.12/site-packages/axbot_driver/websocket_client.py
/media/roboserver/DATA/axbot_ws/install/axbot_driver/lib/python3.12/site-packages/axbot_driver/__init__.py
/media/roboserver/DATA/axbot_ws/install/axbot_driver/lib/python3.12/site-packages/axbot_driver/__pycache__/axbot_node.cpython-312.pyc
/media/roboserver/DATA/axbot_ws/install/axbot_driver/lib/python3.12/site-packages/axbot_driver/__pycache__/pointcloud_to_scan.cpython-312.pyc
/media/roboserver/DATA/axbot_ws/install/axbot_driver/lib/python3.12/site-packages/axbot_driver/__pycache__/rest_client.cpython-312.pyc
/media/roboserver/DATA/axbot_ws/install/axbot_driver/lib/python3.12/site-packages/axbot_driver/__pycache__/scan_bridge.cpython-312.pyc
/media/roboserver/DATA/axbot_ws/install/axbot_driver/lib/python3.12/site-packages/axbot_driver/__pycache__/websocket_client.cpython-312.pyc
/media/roboserver/DATA/axbot_ws/install/axbot_driver/lib/python3.12/site-packages/axbot_driver/__pycache__/__init__.cpython-312.pyc
/media/roboserver/DATA/axbot_ws/install/axbot_driver/share/ament_index/resource_index/packages/axbot_driver
/media/roboserver/DATA/axbot_ws/install/axbot_driver/share/axbot_driver/package.xml
/media/roboserver/DATA/axbot_ws/install/axbot_driver/share/axbot_driver/launch/axbot_driver.launch.py
/media/roboserver/DATA/axbot_ws/install/axbot_driver/share/axbot_driver/launch/bringup.launch.py
/media/roboserver/DATA/axbot_ws/install/axbot_driver/share/axbot_driver/launch/bringup_complete.launch.py
/media/roboserver/DATA/axbot_ws/install/axbot_driver/share/axbot_driver/launch/complete_bringup.launch.py
/media/roboserver/DATA/axbot_ws/install/axbot_driver/share/axbot_driver/launch/rviz.launch.py
/media/roboserver/DATA/axbot_ws/install/axbot_driver/share/axbot_driver/launch/slam_bringup.launch.py
/media/roboserver/DATA/axbot_ws/install/axbot_driver/share/axbot_driver/config/axbot_params.yaml
/media/roboserver/DATA/axbot_ws/install/axbot_driver/share/axbot_driver/rviz/slam_view.rviz
/media/roboserver/DATA/axbot_ws/install/axbot_driver/lib/python3.12/site-packages/axbot_driver-1.0.0-py3.12.egg-info/dependency_links.txt
/media/roboserver/DATA/axbot_ws/install/axbot_driver/lib/python3.12/site-packages/axbot_driver-1.0.0-py3.12.egg-info/entry_points.txt
/media/roboserver/DATA/axbot_ws/install/axbot_driver/lib/python3.12/site-packages/axbot_driver-1.0.0-py3.12.egg-info/PKG-INFO
/media/roboserver/DATA/axbot_ws/install/axbot_driver/lib/python3.12/site-packages/axbot_driver-1.0.0-py3.12.egg-info/requires.txt
/media/roboserver/DATA/axbot_ws/install/axbot_driver/lib/python3.12/site-packages/axbot_driver-1.0.0-py3.12.egg-info/SOURCES.txt
/media/roboserver/DATA/axbot_ws/install/axbot_driver/lib/python3.12/site-packages/axbot_driver-1.0.0-py3.12.egg-info/top_level.txt
/media/roboserver/DATA/axbot_ws/install/axbot_driver/lib/python3.12/site-packages/axbot_driver-1.0.0-py3.12.egg-info/zip-safe
/media/roboserver/DATA/axbot_ws/install/axbot_driver/lib/axbot_driver/axbot_node
/media/roboserver/DATA/axbot_ws/install/axbot_driver/lib/axbot_driver/scan_bridge
