[0.104s] DEBUG:colcon:Command line arguments: ['/usr/bin/colcon', 'build']
[0.104s] DEBUG:colcon:Parsed command line arguments: Namespace(log_base=None, log_level=None, verb_name='build', build_base='build', install_base='install', merge_install=False, symlink_install=False, test_result_base=None, continue_on_error=False, executor='parallel', parallel_workers=8, event_handlers=None, ignore_user_meta=False, metas=['./colcon.meta'], base_paths=['.'], packages_ignore=None, packages_ignore_regex=None, paths=None, packages_up_to=None, packages_up_to_regex=None, packages_above=None, packages_above_and_dependencies=None, packages_above_depth=None, packages_select_by_dep=None, packages_skip_by_dep=None, packages_skip_up_to=None, packages_select_build_failed=False, packages_skip_build_finished=False, packages_select_test_failures=False, packages_skip_test_passed=False, packages_select=None, packages_skip=None, packages_select_regex=None, packages_skip_regex=None, packages_start=None, packages_end=None, allow_overriding=[], cmake_args=None, cmake_target=None, cmake_target_skip_unavailable=False, cmake_clean_cache=False, cmake_clean_first=False, cmake_force_configure=False, ament_cmake_args=None, catkin_cmake_args=None, catkin_skip_building_tests=False, mixin_files=None, mixin=None, verb_parser=<colcon_mixin.mixin.mixin_argument.MixinArgumentDecorator object at 0x7509513a3440>, verb_extension=<colcon_core.verb.build.BuildVerb object at 0x7509513a2a80>, main=<bound method BuildVerb.main of <colcon_core.verb.build.BuildVerb object at 0x7509513a2a80>>, mixin_verb=('build',))
[0.138s] Level 1:colcon.colcon_core.package_discovery:discover_packages(colcon_meta) check parameters
[0.138s] Level 1:colcon.colcon_core.package_discovery:discover_packages(recursive) check parameters
[0.138s] Level 1:colcon.colcon_core.package_discovery:discover_packages(ignore) check parameters
[0.138s] Level 1:colcon.colcon_core.package_discovery:discover_packages(path) check parameters
[0.138s] Level 1:colcon.colcon_core.package_discovery:discover_packages(colcon_meta) discover
[0.138s] Level 1:colcon.colcon_core.package_discovery:discover_packages(recursive) discover
[0.138s] INFO:colcon.colcon_core.package_discovery:Crawling recursively for packages in '/media/roboserver/DATA/axbot_ws'
[0.138s] Level 1:colcon.colcon_core.package_identification:_identify(.) by extensions ['ignore', 'ignore_ament_install']
[0.139s] Level 1:colcon.colcon_core.package_identification:_identify(.) by extension 'ignore'
[0.139s] Level 1:colcon.colcon_core.package_identification:_identify(.) by extension 'ignore_ament_install'
[0.139s] Level 1:colcon.colcon_core.package_identification:_identify(.) by extensions ['colcon_pkg']
[0.139s] Level 1:colcon.colcon_core.package_identification:_identify(.) by extension 'colcon_pkg'
[0.139s] Level 1:colcon.colcon_core.package_identification:_identify(.) by extensions ['colcon_meta']
[0.139s] Level 1:colcon.colcon_core.package_identification:_identify(.) by extension 'colcon_meta'
[0.139s] Level 1:colcon.colcon_core.package_identification:_identify(.) by extensions ['ros']
[0.139s] Level 1:colcon.colcon_core.package_identification:_identify(.) by extension 'ros'
[0.161s] Level 1:colcon.colcon_core.package_identification:_identify(.) by extensions ['cmake', 'python']
[0.161s] Level 1:colcon.colcon_core.package_identification:_identify(.) by extension 'cmake'
[0.161s] Level 1:colcon.colcon_core.package_identification:_identify(.) by extension 'python'
[0.161s] Level 1:colcon.colcon_core.package_identification:_identify(.) by extensions ['python_setup_py']
[0.161s] Level 1:colcon.colcon_core.package_identification:_identify(.) by extension 'python_setup_py'
[0.161s] Level 1:colcon.colcon_core.package_identification:_identify(build) by extensions ['ignore', 'ignore_ament_install']
[0.161s] Level 1:colcon.colcon_core.package_identification:_identify(build) by extension 'ignore'
[0.161s] Level 1:colcon.colcon_core.package_identification:_identify(build) ignored
[0.161s] Level 1:colcon.colcon_core.package_identification:_identify(install) by extensions ['ignore', 'ignore_ament_install']
[0.161s] Level 1:colcon.colcon_core.package_identification:_identify(install) by extension 'ignore'
[0.162s] Level 1:colcon.colcon_core.package_identification:_identify(install) ignored
[0.162s] Level 1:colcon.colcon_core.package_identification:_identify(log) by extensions ['ignore', 'ignore_ament_install']
[0.162s] Level 1:colcon.colcon_core.package_identification:_identify(log) by extension 'ignore'
[0.162s] Level 1:colcon.colcon_core.package_identification:_identify(log) ignored
[0.162s] Level 1:colcon.colcon_core.package_identification:_identify(scripts) by extensions ['ignore', 'ignore_ament_install']
[0.162s] Level 1:colcon.colcon_core.package_identification:_identify(scripts) by extension 'ignore'
[0.162s] Level 1:colcon.colcon_core.package_identification:_identify(scripts) by extension 'ignore_ament_install'
[0.162s] Level 1:colcon.colcon_core.package_identification:_identify(scripts) by extensions ['colcon_pkg']
[0.162s] Level 1:colcon.colcon_core.package_identification:_identify(scripts) by extension 'colcon_pkg'
[0.162s] Level 1:colcon.colcon_core.package_identification:_identify(scripts) by extensions ['colcon_meta']
[0.162s] Level 1:colcon.colcon_core.package_identification:_identify(scripts) by extension 'colcon_meta'
[0.162s] Level 1:colcon.colcon_core.package_identification:_identify(scripts) by extensions ['ros']
[0.162s] Level 1:colcon.colcon_core.package_identification:_identify(scripts) by extension 'ros'
[0.162s] Level 1:colcon.colcon_core.package_identification:_identify(scripts) by extensions ['cmake', 'python']
[0.162s] Level 1:colcon.colcon_core.package_identification:_identify(scripts) by extension 'cmake'
[0.162s] Level 1:colcon.colcon_core.package_identification:_identify(scripts) by extension 'python'
[0.162s] Level 1:colcon.colcon_core.package_identification:_identify(scripts) by extensions ['python_setup_py']
[0.162s] Level 1:colcon.colcon_core.package_identification:_identify(scripts) by extension 'python_setup_py'
[0.162s] Level 1:colcon.colcon_core.package_identification:_identify(src) by extensions ['ignore', 'ignore_ament_install']
[0.162s] Level 1:colcon.colcon_core.package_identification:_identify(src) by extension 'ignore'
[0.162s] Level 1:colcon.colcon_core.package_identification:_identify(src) by extension 'ignore_ament_install'
[0.163s] Level 1:colcon.colcon_core.package_identification:_identify(src) by extensions ['colcon_pkg']
[0.163s] Level 1:colcon.colcon_core.package_identification:_identify(src) by extension 'colcon_pkg'
[0.163s] Level 1:colcon.colcon_core.package_identification:_identify(src) by extensions ['colcon_meta']
[0.163s] Level 1:colcon.colcon_core.package_identification:_identify(src) by extension 'colcon_meta'
[0.163s] Level 1:colcon.colcon_core.package_identification:_identify(src) by extensions ['ros']
[0.163s] Level 1:colcon.colcon_core.package_identification:_identify(src) by extension 'ros'
[0.163s] Level 1:colcon.colcon_core.package_identification:_identify(src) by extensions ['cmake', 'python']
[0.163s] Level 1:colcon.colcon_core.package_identification:_identify(src) by extension 'cmake'
[0.163s] Level 1:colcon.colcon_core.package_identification:_identify(src) by extension 'python'
[0.163s] Level 1:colcon.colcon_core.package_identification:_identify(src) by extensions ['python_setup_py']
[0.163s] Level 1:colcon.colcon_core.package_identification:_identify(src) by extension 'python_setup_py'
[0.163s] Level 1:colcon.colcon_core.package_identification:_identify(src/axbot_description) by extensions ['ignore', 'ignore_ament_install']
[0.163s] Level 1:colcon.colcon_core.package_identification:_identify(src/axbot_description) by extension 'ignore'
[0.163s] Level 1:colcon.colcon_core.package_identification:_identify(src/axbot_description) by extension 'ignore_ament_install'
[0.163s] Level 1:colcon.colcon_core.package_identification:_identify(src/axbot_description) by extensions ['colcon_pkg']
[0.163s] Level 1:colcon.colcon_core.package_identification:_identify(src/axbot_description) by extension 'colcon_pkg'
[0.163s] Level 1:colcon.colcon_core.package_identification:_identify(src/axbot_description) by extensions ['colcon_meta']
[0.163s] Level 1:colcon.colcon_core.package_identification:_identify(src/axbot_description) by extension 'colcon_meta'
[0.163s] Level 1:colcon.colcon_core.package_identification:_identify(src/axbot_description) by extensions ['ros']
[0.163s] Level 1:colcon.colcon_core.package_identification:_identify(src/axbot_description) by extension 'ros'
[0.165s] DEBUG:colcon.colcon_core.package_identification:Package 'src/axbot_description' with type 'ros.ament_cmake' and name 'axbot_description'
[0.165s] Level 1:colcon.colcon_core.package_identification:_identify(src/axbot_driver) by extensions ['ignore', 'ignore_ament_install']
[0.165s] Level 1:colcon.colcon_core.package_identification:_identify(src/axbot_driver) by extension 'ignore'
[0.165s] Level 1:colcon.colcon_core.package_identification:_identify(src/axbot_driver) by extension 'ignore_ament_install'
[0.165s] Level 1:colcon.colcon_core.package_identification:_identify(src/axbot_driver) by extensions ['colcon_pkg']
[0.165s] Level 1:colcon.colcon_core.package_identification:_identify(src/axbot_driver) by extension 'colcon_pkg'
[0.165s] Level 1:colcon.colcon_core.package_identification:_identify(src/axbot_driver) by extensions ['colcon_meta']
[0.165s] Level 1:colcon.colcon_core.package_identification:_identify(src/axbot_driver) by extension 'colcon_meta'
[0.165s] Level 1:colcon.colcon_core.package_identification:_identify(src/axbot_driver) by extensions ['ros']
[0.166s] Level 1:colcon.colcon_core.package_identification:_identify(src/axbot_driver) by extension 'ros'
[0.166s] DEBUG:colcon.colcon_core.package_identification:Package 'src/axbot_driver' with type 'ros.ament_python' and name 'axbot_driver'
[0.166s] Level 1:colcon.colcon_core.package_identification:_identify(src/axbot_examples) by extensions ['ignore', 'ignore_ament_install']
[0.166s] Level 1:colcon.colcon_core.package_identification:_identify(src/axbot_examples) by extension 'ignore'
[0.166s] Level 1:colcon.colcon_core.package_identification:_identify(src/axbot_examples) by extension 'ignore_ament_install'
[0.166s] Level 1:colcon.colcon_core.package_identification:_identify(src/axbot_examples) by extensions ['colcon_pkg']
[0.166s] Level 1:colcon.colcon_core.package_identification:_identify(src/axbot_examples) by extension 'colcon_pkg'
[0.167s] Level 1:colcon.colcon_core.package_identification:_identify(src/axbot_examples) by extensions ['colcon_meta']
[0.167s] Level 1:colcon.colcon_core.package_identification:_identify(src/axbot_examples) by extension 'colcon_meta'
[0.167s] Level 1:colcon.colcon_core.package_identification:_identify(src/axbot_examples) by extensions ['ros']
[0.167s] Level 1:colcon.colcon_core.package_identification:_identify(src/axbot_examples) by extension 'ros'
[0.167s] DEBUG:colcon.colcon_core.package_identification:Package 'src/axbot_examples' with type 'ros.ament_python' and name 'axbot_examples'
[0.167s] Level 1:colcon.colcon_core.package_identification:_identify(src/axbot_interfaces) by extensions ['ignore', 'ignore_ament_install']
[0.167s] Level 1:colcon.colcon_core.package_identification:_identify(src/axbot_interfaces) by extension 'ignore'
[0.167s] Level 1:colcon.colcon_core.package_identification:_identify(src/axbot_interfaces) by extension 'ignore_ament_install'
[0.167s] Level 1:colcon.colcon_core.package_identification:_identify(src/axbot_interfaces) by extensions ['colcon_pkg']
[0.167s] Level 1:colcon.colcon_core.package_identification:_identify(src/axbot_interfaces) by extension 'colcon_pkg'
[0.167s] Level 1:colcon.colcon_core.package_identification:_identify(src/axbot_interfaces) by extensions ['colcon_meta']
[0.167s] Level 1:colcon.colcon_core.package_identification:_identify(src/axbot_interfaces) by extension 'colcon_meta'
[0.167s] Level 1:colcon.colcon_core.package_identification:_identify(src/axbot_interfaces) by extensions ['ros']
[0.167s] Level 1:colcon.colcon_core.package_identification:_identify(src/axbot_interfaces) by extension 'ros'
[0.168s] DEBUG:colcon.colcon_core.package_identification:Package 'src/axbot_interfaces' with type 'ros.ament_cmake' and name 'axbot_interfaces'
[0.168s] Level 1:colcon.colcon_core.package_identification:_identify(src/axbot_navigation) by extensions ['ignore', 'ignore_ament_install']
[0.168s] Level 1:colcon.colcon_core.package_identification:_identify(src/axbot_navigation) by extension 'ignore'
[0.168s] Level 1:colcon.colcon_core.package_identification:_identify(src/axbot_navigation) by extension 'ignore_ament_install'
[0.168s] Level 1:colcon.colcon_core.package_identification:_identify(src/axbot_navigation) by extensions ['colcon_pkg']
[0.168s] Level 1:colcon.colcon_core.package_identification:_identify(src/axbot_navigation) by extension 'colcon_pkg'
[0.168s] Level 1:colcon.colcon_core.package_identification:_identify(src/axbot_navigation) by extensions ['colcon_meta']
[0.168s] Level 1:colcon.colcon_core.package_identification:_identify(src/axbot_navigation) by extension 'colcon_meta'
[0.168s] Level 1:colcon.colcon_core.package_identification:_identify(src/axbot_navigation) by extensions ['ros']
[0.168s] Level 1:colcon.colcon_core.package_identification:_identify(src/axbot_navigation) by extension 'ros'
[0.169s] DEBUG:colcon.colcon_core.package_identification:Package 'src/axbot_navigation' with type 'ros.ament_cmake' and name 'axbot_navigation'
[0.169s] Level 1:colcon.colcon_core.package_identification:_identify(src/pc2_listener) by extensions ['ignore', 'ignore_ament_install']
[0.169s] Level 1:colcon.colcon_core.package_identification:_identify(src/pc2_listener) by extension 'ignore'
[0.169s] Level 1:colcon.colcon_core.package_identification:_identify(src/pc2_listener) by extension 'ignore_ament_install'
[0.169s] Level 1:colcon.colcon_core.package_identification:_identify(src/pc2_listener) by extensions ['colcon_pkg']
[0.169s] Level 1:colcon.colcon_core.package_identification:_identify(src/pc2_listener) by extension 'colcon_pkg'
[0.169s] Level 1:colcon.colcon_core.package_identification:_identify(src/pc2_listener) by extensions ['colcon_meta']
[0.169s] Level 1:colcon.colcon_core.package_identification:_identify(src/pc2_listener) by extension 'colcon_meta'
[0.169s] Level 1:colcon.colcon_core.package_identification:_identify(src/pc2_listener) by extensions ['ros']
[0.169s] Level 1:colcon.colcon_core.package_identification:_identify(src/pc2_listener) by extension 'ros'
[0.170s] DEBUG:colcon.colcon_core.package_identification:Package 'src/pc2_listener' with type 'ros.ament_python' and name 'pc2_listener'
[0.170s] Level 1:colcon.colcon_core.package_discovery:discover_packages(recursive) using defaults
[0.170s] Level 1:colcon.colcon_core.package_discovery:discover_packages(ignore) discover
[0.170s] Level 1:colcon.colcon_core.package_discovery:discover_packages(ignore) using defaults
[0.170s] Level 1:colcon.colcon_core.package_discovery:discover_packages(path) discover
[0.170s] Level 1:colcon.colcon_core.package_discovery:discover_packages(path) using defaults
[0.186s] Level 1:colcon.colcon_core.package_discovery:discover_packages(prefix_path) check parameters
[0.186s] Level 1:colcon.colcon_core.package_discovery:discover_packages(prefix_path) discover
[0.188s] DEBUG:colcon.colcon_installed_package_information.package_discovery:Found 6 installed packages in /media/roboserver/DATA/axbot_ws/install
[0.188s] DEBUG:colcon.colcon_installed_package_information.package_discovery:Found 3 installed packages in /media/roboserver/DATA/autox_ws/install
[0.190s] DEBUG:colcon.colcon_installed_package_information.package_discovery:Found 426 installed packages in /opt/ros/jazzy
[0.191s] Level 1:colcon.colcon_core.package_discovery:discover_packages(prefix_path) using defaults
[0.247s] Level 5:colcon.colcon_core.verb:set package 'axbot_description' build argument 'cmake_args' from command line to 'None'
[0.247s] Level 5:colcon.colcon_core.verb:set package 'axbot_description' build argument 'cmake_target' from command line to 'None'
[0.247s] Level 5:colcon.colcon_core.verb:set package 'axbot_description' build argument 'cmake_target_skip_unavailable' from command line to 'False'
[0.247s] Level 5:colcon.colcon_core.verb:set package 'axbot_description' build argument 'cmake_clean_cache' from command line to 'False'
[0.247s] Level 5:colcon.colcon_core.verb:set package 'axbot_description' build argument 'cmake_clean_first' from command line to 'False'
[0.247s] Level 5:colcon.colcon_core.verb:set package 'axbot_description' build argument 'cmake_force_configure' from command line to 'False'
[0.247s] Level 5:colcon.colcon_core.verb:set package 'axbot_description' build argument 'ament_cmake_args' from command line to 'None'
[0.247s] Level 5:colcon.colcon_core.verb:set package 'axbot_description' build argument 'catkin_cmake_args' from command line to 'None'
[0.247s] Level 5:colcon.colcon_core.verb:set package 'axbot_description' build argument 'catkin_skip_building_tests' from command line to 'False'
[0.247s] DEBUG:colcon.colcon_core.verb:Building package 'axbot_description' with the following arguments: {'ament_cmake_args': None, 'build_base': '/media/roboserver/DATA/axbot_ws/build/axbot_description', 'catkin_cmake_args': None, 'catkin_skip_building_tests': False, 'cmake_args': None, 'cmake_clean_cache': False, 'cmake_clean_first': False, 'cmake_force_configure': False, 'cmake_target': None, 'cmake_target_skip_unavailable': False, 'install_base': '/media/roboserver/DATA/axbot_ws/install/axbot_description', 'merge_install': False, 'path': '/media/roboserver/DATA/axbot_ws/src/axbot_description', 'symlink_install': False, 'test_result_base': None}
[0.247s] Level 5:colcon.colcon_core.verb:set package 'axbot_interfaces' build argument 'cmake_args' from command line to 'None'
[0.247s] Level 5:colcon.colcon_core.verb:set package 'axbot_interfaces' build argument 'cmake_target' from command line to 'None'
[0.247s] Level 5:colcon.colcon_core.verb:set package 'axbot_interfaces' build argument 'cmake_target_skip_unavailable' from command line to 'False'
[0.248s] Level 5:colcon.colcon_core.verb:set package 'axbot_interfaces' build argument 'cmake_clean_cache' from command line to 'False'
[0.248s] Level 5:colcon.colcon_core.verb:set package 'axbot_interfaces' build argument 'cmake_clean_first' from command line to 'False'
[0.248s] Level 5:colcon.colcon_core.verb:set package 'axbot_interfaces' build argument 'cmake_force_configure' from command line to 'False'
[0.248s] Level 5:colcon.colcon_core.verb:set package 'axbot_interfaces' build argument 'ament_cmake_args' from command line to 'None'
[0.248s] Level 5:colcon.colcon_core.verb:set package 'axbot_interfaces' build argument 'catkin_cmake_args' from command line to 'None'
[0.248s] Level 5:colcon.colcon_core.verb:set package 'axbot_interfaces' build argument 'catkin_skip_building_tests' from command line to 'False'
[0.248s] DEBUG:colcon.colcon_core.verb:Building package 'axbot_interfaces' with the following arguments: {'ament_cmake_args': None, 'build_base': '/media/roboserver/DATA/axbot_ws/build/axbot_interfaces', 'catkin_cmake_args': None, 'catkin_skip_building_tests': False, 'cmake_args': None, 'cmake_clean_cache': False, 'cmake_clean_first': False, 'cmake_force_configure': False, 'cmake_target': None, 'cmake_target_skip_unavailable': False, 'install_base': '/media/roboserver/DATA/axbot_ws/install/axbot_interfaces', 'merge_install': False, 'path': '/media/roboserver/DATA/axbot_ws/src/axbot_interfaces', 'symlink_install': False, 'test_result_base': None}
[0.248s] Level 5:colcon.colcon_core.verb:set package 'axbot_navigation' build argument 'cmake_args' from command line to 'None'
[0.248s] Level 5:colcon.colcon_core.verb:set package 'axbot_navigation' build argument 'cmake_target' from command line to 'None'
[0.248s] Level 5:colcon.colcon_core.verb:set package 'axbot_navigation' build argument 'cmake_target_skip_unavailable' from command line to 'False'
[0.248s] Level 5:colcon.colcon_core.verb:set package 'axbot_navigation' build argument 'cmake_clean_cache' from command line to 'False'
[0.248s] Level 5:colcon.colcon_core.verb:set package 'axbot_navigation' build argument 'cmake_clean_first' from command line to 'False'
[0.248s] Level 5:colcon.colcon_core.verb:set package 'axbot_navigation' build argument 'cmake_force_configure' from command line to 'False'
[0.248s] Level 5:colcon.colcon_core.verb:set package 'axbot_navigation' build argument 'ament_cmake_args' from command line to 'None'
[0.248s] Level 5:colcon.colcon_core.verb:set package 'axbot_navigation' build argument 'catkin_cmake_args' from command line to 'None'
[0.248s] Level 5:colcon.colcon_core.verb:set package 'axbot_navigation' build argument 'catkin_skip_building_tests' from command line to 'False'
[0.248s] DEBUG:colcon.colcon_core.verb:Building package 'axbot_navigation' with the following arguments: {'ament_cmake_args': None, 'build_base': '/media/roboserver/DATA/axbot_ws/build/axbot_navigation', 'catkin_cmake_args': None, 'catkin_skip_building_tests': False, 'cmake_args': None, 'cmake_clean_cache': False, 'cmake_clean_first': False, 'cmake_force_configure': False, 'cmake_target': None, 'cmake_target_skip_unavailable': False, 'install_base': '/media/roboserver/DATA/axbot_ws/install/axbot_navigation', 'merge_install': False, 'path': '/media/roboserver/DATA/axbot_ws/src/axbot_navigation', 'symlink_install': False, 'test_result_base': None}
[0.248s] Level 5:colcon.colcon_core.verb:set package 'pc2_listener' build argument 'cmake_args' from command line to 'None'
[0.248s] Level 5:colcon.colcon_core.verb:set package 'pc2_listener' build argument 'cmake_target' from command line to 'None'
[0.248s] Level 5:colcon.colcon_core.verb:set package 'pc2_listener' build argument 'cmake_target_skip_unavailable' from command line to 'False'
[0.248s] Level 5:colcon.colcon_core.verb:set package 'pc2_listener' build argument 'cmake_clean_cache' from command line to 'False'
[0.248s] Level 5:colcon.colcon_core.verb:set package 'pc2_listener' build argument 'cmake_clean_first' from command line to 'False'
[0.248s] Level 5:colcon.colcon_core.verb:set package 'pc2_listener' build argument 'cmake_force_configure' from command line to 'False'
[0.248s] Level 5:colcon.colcon_core.verb:set package 'pc2_listener' build argument 'ament_cmake_args' from command line to 'None'
[0.248s] Level 5:colcon.colcon_core.verb:set package 'pc2_listener' build argument 'catkin_cmake_args' from command line to 'None'
[0.248s] Level 5:colcon.colcon_core.verb:set package 'pc2_listener' build argument 'catkin_skip_building_tests' from command line to 'False'
[0.248s] DEBUG:colcon.colcon_core.verb:Building package 'pc2_listener' with the following arguments: {'ament_cmake_args': None, 'build_base': '/media/roboserver/DATA/axbot_ws/build/pc2_listener', 'catkin_cmake_args': None, 'catkin_skip_building_tests': False, 'cmake_args': None, 'cmake_clean_cache': False, 'cmake_clean_first': False, 'cmake_force_configure': False, 'cmake_target': None, 'cmake_target_skip_unavailable': False, 'install_base': '/media/roboserver/DATA/axbot_ws/install/pc2_listener', 'merge_install': False, 'path': '/media/roboserver/DATA/axbot_ws/src/pc2_listener', 'symlink_install': False, 'test_result_base': None}
[0.249s] Level 5:colcon.colcon_core.verb:set package 'axbot_driver' build argument 'cmake_args' from command line to 'None'
[0.249s] Level 5:colcon.colcon_core.verb:set package 'axbot_driver' build argument 'cmake_target' from command line to 'None'
[0.249s] Level 5:colcon.colcon_core.verb:set package 'axbot_driver' build argument 'cmake_target_skip_unavailable' from command line to 'False'
[0.249s] Level 5:colcon.colcon_core.verb:set package 'axbot_driver' build argument 'cmake_clean_cache' from command line to 'False'
[0.249s] Level 5:colcon.colcon_core.verb:set package 'axbot_driver' build argument 'cmake_clean_first' from command line to 'False'
[0.249s] Level 5:colcon.colcon_core.verb:set package 'axbot_driver' build argument 'cmake_force_configure' from command line to 'False'
[0.249s] Level 5:colcon.colcon_core.verb:set package 'axbot_driver' build argument 'ament_cmake_args' from command line to 'None'
[0.249s] Level 5:colcon.colcon_core.verb:set package 'axbot_driver' build argument 'catkin_cmake_args' from command line to 'None'
[0.249s] Level 5:colcon.colcon_core.verb:set package 'axbot_driver' build argument 'catkin_skip_building_tests' from command line to 'False'
[0.249s] DEBUG:colcon.colcon_core.verb:Building package 'axbot_driver' with the following arguments: {'ament_cmake_args': None, 'build_base': '/media/roboserver/DATA/axbot_ws/build/axbot_driver', 'catkin_cmake_args': None, 'catkin_skip_building_tests': False, 'cmake_args': None, 'cmake_clean_cache': False, 'cmake_clean_first': False, 'cmake_force_configure': False, 'cmake_target': None, 'cmake_target_skip_unavailable': False, 'install_base': '/media/roboserver/DATA/axbot_ws/install/axbot_driver', 'merge_install': False, 'path': '/media/roboserver/DATA/axbot_ws/src/axbot_driver', 'symlink_install': False, 'test_result_base': None}
[0.249s] Level 5:colcon.colcon_core.verb:set package 'axbot_examples' build argument 'cmake_args' from command line to 'None'
[0.249s] Level 5:colcon.colcon_core.verb:set package 'axbot_examples' build argument 'cmake_target' from command line to 'None'
[0.249s] Level 5:colcon.colcon_core.verb:set package 'axbot_examples' build argument 'cmake_target_skip_unavailable' from command line to 'False'
[0.249s] Level 5:colcon.colcon_core.verb:set package 'axbot_examples' build argument 'cmake_clean_cache' from command line to 'False'
[0.249s] Level 5:colcon.colcon_core.verb:set package 'axbot_examples' build argument 'cmake_clean_first' from command line to 'False'
[0.249s] Level 5:colcon.colcon_core.verb:set package 'axbot_examples' build argument 'cmake_force_configure' from command line to 'False'
[0.249s] Level 5:colcon.colcon_core.verb:set package 'axbot_examples' build argument 'ament_cmake_args' from command line to 'None'
[0.249s] Level 5:colcon.colcon_core.verb:set package 'axbot_examples' build argument 'catkin_cmake_args' from command line to 'None'
[0.249s] Level 5:colcon.colcon_core.verb:set package 'axbot_examples' build argument 'catkin_skip_building_tests' from command line to 'False'
[0.249s] DEBUG:colcon.colcon_core.verb:Building package 'axbot_examples' with the following arguments: {'ament_cmake_args': None, 'build_base': '/media/roboserver/DATA/axbot_ws/build/axbot_examples', 'catkin_cmake_args': None, 'catkin_skip_building_tests': False, 'cmake_args': None, 'cmake_clean_cache': False, 'cmake_clean_first': False, 'cmake_force_configure': False, 'cmake_target': None, 'cmake_target_skip_unavailable': False, 'install_base': '/media/roboserver/DATA/axbot_ws/install/axbot_examples', 'merge_install': False, 'path': '/media/roboserver/DATA/axbot_ws/src/axbot_examples', 'symlink_install': False, 'test_result_base': None}
[0.249s] INFO:colcon.colcon_core.executor:Executing jobs using 'parallel' executor
[0.250s] DEBUG:colcon.colcon_parallel_executor.executor.parallel:run_until_complete
[0.251s] INFO:colcon.colcon_ros.task.ament_cmake.build:Building ROS package in '/media/roboserver/DATA/axbot_ws/src/axbot_interfaces' with build type 'ament_cmake'
[0.251s] INFO:colcon.colcon_cmake.task.cmake.build:Building CMake package in '/media/roboserver/DATA/axbot_ws/src/axbot_interfaces'
[0.253s] INFO:colcon.colcon_core.plugin_system:Skipping extension 'colcon_core.shell.bat': Not used on non-Windows systems
[0.253s] INFO:colcon.colcon_core.shell:Skip shell extension 'powershell' for command environment: Not usable outside of PowerShell
[0.253s] DEBUG:colcon.colcon_core.shell:Skip shell extension 'dsv' for command environment
[0.258s] INFO:colcon.colcon_ros.task.ament_cmake.build:Building ROS package in '/media/roboserver/DATA/axbot_ws/src/axbot_description' with build type 'ament_cmake'
[0.258s] INFO:colcon.colcon_cmake.task.cmake.build:Building CMake package in '/media/roboserver/DATA/axbot_ws/src/axbot_description'
[0.258s] INFO:colcon.colcon_core.shell:Skip shell extension 'powershell' for command environment: Not usable outside of PowerShell
[0.259s] DEBUG:colcon.colcon_core.shell:Skip shell extension 'dsv' for command environment
[0.263s] INFO:colcon.colcon_ros.task.ament_cmake.build:Building ROS package in '/media/roboserver/DATA/axbot_ws/src/axbot_navigation' with build type 'ament_cmake'
[0.263s] INFO:colcon.colcon_cmake.task.cmake.build:Building CMake package in '/media/roboserver/DATA/axbot_ws/src/axbot_navigation'
[0.263s] INFO:colcon.colcon_core.shell:Skip shell extension 'powershell' for command environment: Not usable outside of PowerShell
[0.263s] DEBUG:colcon.colcon_core.shell:Skip shell extension 'dsv' for command environment
[0.267s] INFO:colcon.colcon_ros.task.ament_python.build:Building ROS package in '/media/roboserver/DATA/axbot_ws/src/pc2_listener' with build type 'ament_python'
[0.267s] Level 1:colcon.colcon_core.shell:create_environment_hook('pc2_listener', 'ament_prefix_path')
[0.267s] INFO:colcon.colcon_core.shell:Creating environment hook '/media/roboserver/DATA/axbot_ws/install/pc2_listener/share/pc2_listener/hook/ament_prefix_path.ps1'
[0.268s] INFO:colcon.colcon_core.shell:Creating environment descriptor '/media/roboserver/DATA/axbot_ws/install/pc2_listener/share/pc2_listener/hook/ament_prefix_path.dsv'
[0.268s] INFO:colcon.colcon_core.shell:Creating environment hook '/media/roboserver/DATA/axbot_ws/install/pc2_listener/share/pc2_listener/hook/ament_prefix_path.sh'
[0.268s] INFO:colcon.colcon_core.shell:Skip shell extension 'powershell' for command environment: Not usable outside of PowerShell
[0.268s] DEBUG:colcon.colcon_core.shell:Skip shell extension 'dsv' for command environment
[0.276s] DEBUG:colcon.colcon_core.event_handler.log_command:Invoking command in '/media/roboserver/DATA/axbot_ws/build/axbot_interfaces': CMAKE_PREFIX_PATH=${CMAKE_PREFIX_PATH}:/media/roboserver/DATA/axbot_ws/install/pc2_listener:/media/roboserver/DATA/axbot_ws/install/axbot_examples:/media/roboserver/DATA/axbot_ws/install/axbot_driver:/media/roboserver/DATA/autox_ws/install/fielder_teleop:/media/roboserver/DATA/autox_ws/install/fielder_odometry:/media/roboserver/DATA/autox_ws/install/fielder_navigation:/opt/ros/jazzy DEBUGINFOD_URLS=https://debuginfod.ubuntu.com /usr/bin/cmake --build /media/roboserver/DATA/axbot_ws/build/axbot_interfaces -- -j8 -l8
[0.279s] DEBUG:colcon.colcon_core.event_handler.log_command:Invoking command in '/media/roboserver/DATA/axbot_ws/build/axbot_description': CMAKE_PREFIX_PATH=${CMAKE_PREFIX_PATH}:/media/roboserver/DATA/axbot_ws/install/pc2_listener:/media/roboserver/DATA/axbot_ws/install/axbot_examples:/media/roboserver/DATA/axbot_ws/install/axbot_driver:/media/roboserver/DATA/autox_ws/install/fielder_teleop:/media/roboserver/DATA/autox_ws/install/fielder_odometry:/media/roboserver/DATA/autox_ws/install/fielder_navigation:/opt/ros/jazzy DEBUGINFOD_URLS=https://debuginfod.ubuntu.com /usr/bin/cmake --build /media/roboserver/DATA/axbot_ws/build/axbot_description -- -j8 -l8
[0.282s] DEBUG:colcon.colcon_core.event_handler.log_command:Invoking command in '/media/roboserver/DATA/axbot_ws/build/axbot_navigation': CMAKE_PREFIX_PATH=${CMAKE_PREFIX_PATH}:/media/roboserver/DATA/axbot_ws/install/pc2_listener:/media/roboserver/DATA/axbot_ws/install/axbot_examples:/media/roboserver/DATA/axbot_ws/install/axbot_driver:/media/roboserver/DATA/autox_ws/install/fielder_teleop:/media/roboserver/DATA/autox_ws/install/fielder_odometry:/media/roboserver/DATA/autox_ws/install/fielder_navigation:/opt/ros/jazzy DEBUGINFOD_URLS=https://debuginfod.ubuntu.com /usr/bin/cmake --build /media/roboserver/DATA/axbot_ws/build/axbot_navigation -- -j8 -l8
[0.555s] WARNING:colcon.colcon_ros.task.ament_python.build:Package 'pc2_listener' doesn't explicitly install a marker in the package index (colcon-ros currently does it implicitly but that fallback will be removed in the future)
[0.556s] WARNING:colcon.colcon_ros.task.ament_python.build:Package 'pc2_listener' doesn't explicitly install the 'package.xml' file (colcon-ros currently does it implicitly but that fallback will be removed in the future)
[0.556s] INFO:colcon.colcon_core.task.python.build:Building Python package in '/media/roboserver/DATA/axbot_ws/src/pc2_listener'
[0.556s] INFO:colcon.colcon_core.shell:Skip shell extension 'powershell' for command environment: Not usable outside of PowerShell
[0.556s] DEBUG:colcon.colcon_core.shell:Skip shell extension 'dsv' for command environment
[0.565s] DEBUG:colcon.colcon_core.event_handler.log_command:Invoked command in '/media/roboserver/DATA/axbot_ws/build/axbot_navigation' returned '0': CMAKE_PREFIX_PATH=${CMAKE_PREFIX_PATH}:/media/roboserver/DATA/axbot_ws/install/pc2_listener:/media/roboserver/DATA/axbot_ws/install/axbot_examples:/media/roboserver/DATA/axbot_ws/install/axbot_driver:/media/roboserver/DATA/autox_ws/install/fielder_teleop:/media/roboserver/DATA/autox_ws/install/fielder_odometry:/media/roboserver/DATA/autox_ws/install/fielder_navigation:/opt/ros/jazzy DEBUGINFOD_URLS=https://debuginfod.ubuntu.com /usr/bin/cmake --build /media/roboserver/DATA/axbot_ws/build/axbot_navigation -- -j8 -l8
[0.576s] DEBUG:colcon.colcon_core.event_handler.log_command:Invoking command in '/media/roboserver/DATA/axbot_ws/build/axbot_navigation': CMAKE_PREFIX_PATH=${CMAKE_PREFIX_PATH}:/media/roboserver/DATA/axbot_ws/install/pc2_listener:/media/roboserver/DATA/axbot_ws/install/axbot_examples:/media/roboserver/DATA/axbot_ws/install/axbot_driver:/media/roboserver/DATA/autox_ws/install/fielder_teleop:/media/roboserver/DATA/autox_ws/install/fielder_odometry:/media/roboserver/DATA/autox_ws/install/fielder_navigation:/opt/ros/jazzy DEBUGINFOD_URLS=https://debuginfod.ubuntu.com /usr/bin/cmake --install /media/roboserver/DATA/axbot_ws/build/axbot_navigation
[0.577s] DEBUG:colcon.colcon_core.event_handler.log_command:Invoked command in '/media/roboserver/DATA/axbot_ws/build/axbot_description' returned '0': CMAKE_PREFIX_PATH=${CMAKE_PREFIX_PATH}:/media/roboserver/DATA/axbot_ws/install/pc2_listener:/media/roboserver/DATA/axbot_ws/install/axbot_examples:/media/roboserver/DATA/axbot_ws/install/axbot_driver:/media/roboserver/DATA/autox_ws/install/fielder_teleop:/media/roboserver/DATA/autox_ws/install/fielder_odometry:/media/roboserver/DATA/autox_ws/install/fielder_navigation:/opt/ros/jazzy DEBUGINFOD_URLS=https://debuginfod.ubuntu.com /usr/bin/cmake --build /media/roboserver/DATA/axbot_ws/build/axbot_description -- -j8 -l8
[0.578s] DEBUG:colcon.colcon_core.event_handler.log_command:Invoking command in '/media/roboserver/DATA/axbot_ws/build/axbot_description': CMAKE_PREFIX_PATH=${CMAKE_PREFIX_PATH}:/media/roboserver/DATA/axbot_ws/install/pc2_listener:/media/roboserver/DATA/axbot_ws/install/axbot_examples:/media/roboserver/DATA/axbot_ws/install/axbot_driver:/media/roboserver/DATA/autox_ws/install/fielder_teleop:/media/roboserver/DATA/autox_ws/install/fielder_odometry:/media/roboserver/DATA/autox_ws/install/fielder_navigation:/opt/ros/jazzy DEBUGINFOD_URLS=https://debuginfod.ubuntu.com /usr/bin/cmake --install /media/roboserver/DATA/axbot_ws/build/axbot_description
[0.601s] Level 1:colcon.colcon_core.environment:create_environment_scripts_only(axbot_navigation)
[0.602s] DEBUG:colcon.colcon_core.event_handler.log_command:Invoked command in '/media/roboserver/DATA/axbot_ws/build/axbot_navigation' returned '0': CMAKE_PREFIX_PATH=${CMAKE_PREFIX_PATH}:/media/roboserver/DATA/axbot_ws/install/pc2_listener:/media/roboserver/DATA/axbot_ws/install/axbot_examples:/media/roboserver/DATA/axbot_ws/install/axbot_driver:/media/roboserver/DATA/autox_ws/install/fielder_teleop:/media/roboserver/DATA/autox_ws/install/fielder_odometry:/media/roboserver/DATA/autox_ws/install/fielder_navigation:/opt/ros/jazzy DEBUGINFOD_URLS=https://debuginfod.ubuntu.com /usr/bin/cmake --install /media/roboserver/DATA/axbot_ws/build/axbot_navigation
[0.605s] Level 1:colcon.colcon_core.environment:checking '/media/roboserver/DATA/axbot_ws/install/axbot_navigation' for CMake module files
[0.606s] Level 1:colcon.colcon_core.environment:checking '/media/roboserver/DATA/axbot_ws/install/axbot_navigation' for CMake config files
[0.606s] Level 1:colcon.colcon_core.shell:create_environment_hook('axbot_navigation', 'cmake_prefix_path')
[0.607s] INFO:colcon.colcon_core.shell:Creating environment hook '/media/roboserver/DATA/axbot_ws/install/axbot_navigation/share/axbot_navigation/hook/cmake_prefix_path.ps1'
[0.607s] INFO:colcon.colcon_core.shell:Creating environment descriptor '/media/roboserver/DATA/axbot_ws/install/axbot_navigation/share/axbot_navigation/hook/cmake_prefix_path.dsv'
[0.607s] INFO:colcon.colcon_core.shell:Creating environment hook '/media/roboserver/DATA/axbot_ws/install/axbot_navigation/share/axbot_navigation/hook/cmake_prefix_path.sh'
[0.608s] Level 1:colcon.colcon_core.environment:checking '/media/roboserver/DATA/axbot_ws/install/axbot_navigation/bin'
[0.608s] Level 1:colcon.colcon_core.environment:checking '/media/roboserver/DATA/axbot_ws/install/axbot_navigation/lib/pkgconfig/axbot_navigation.pc'
[0.609s] Level 1:colcon.colcon_core.environment:checking '/media/roboserver/DATA/axbot_ws/install/axbot_navigation/lib/python3.12/site-packages'
[0.609s] Level 1:colcon.colcon_core.environment:checking '/media/roboserver/DATA/axbot_ws/install/axbot_navigation/bin'
[0.610s] INFO:colcon.colcon_core.shell:Creating package script '/media/roboserver/DATA/axbot_ws/install/axbot_navigation/share/axbot_navigation/package.ps1'
[0.610s] INFO:colcon.colcon_core.shell:Creating package descriptor '/media/roboserver/DATA/axbot_ws/install/axbot_navigation/share/axbot_navigation/package.dsv'
[0.611s] INFO:colcon.colcon_core.shell:Creating package script '/media/roboserver/DATA/axbot_ws/install/axbot_navigation/share/axbot_navigation/package.sh'
[0.612s] INFO:colcon.colcon_core.shell:Creating package script '/media/roboserver/DATA/axbot_ws/install/axbot_navigation/share/axbot_navigation/package.bash'
[0.613s] INFO:colcon.colcon_core.shell:Creating package script '/media/roboserver/DATA/axbot_ws/install/axbot_navigation/share/axbot_navigation/package.zsh'
[0.613s] Level 1:colcon.colcon_core.environment:create_file_with_runtime_dependencies(/media/roboserver/DATA/axbot_ws/install/axbot_navigation/share/colcon-core/packages/axbot_navigation)
[0.614s] Level 1:colcon.colcon_core.environment:create_environment_scripts_only(axbot_navigation)
[0.614s] Level 1:colcon.colcon_core.environment:checking '/media/roboserver/DATA/axbot_ws/install/axbot_navigation' for CMake module files
[0.615s] Level 1:colcon.colcon_core.environment:checking '/media/roboserver/DATA/axbot_ws/install/axbot_navigation' for CMake config files
[0.615s] Level 1:colcon.colcon_core.shell:create_environment_hook('axbot_navigation', 'cmake_prefix_path')
[0.615s] INFO:colcon.colcon_core.shell:Creating environment hook '/media/roboserver/DATA/axbot_ws/install/axbot_navigation/share/axbot_navigation/hook/cmake_prefix_path.ps1'
[0.616s] INFO:colcon.colcon_core.shell:Creating environment descriptor '/media/roboserver/DATA/axbot_ws/install/axbot_navigation/share/axbot_navigation/hook/cmake_prefix_path.dsv'
[0.617s] INFO:colcon.colcon_core.shell:Creating environment hook '/media/roboserver/DATA/axbot_ws/install/axbot_navigation/share/axbot_navigation/hook/cmake_prefix_path.sh'
[0.617s] Level 1:colcon.colcon_core.environment:checking '/media/roboserver/DATA/axbot_ws/install/axbot_navigation/bin'
[0.617s] Level 1:colcon.colcon_core.environment:checking '/media/roboserver/DATA/axbot_ws/install/axbot_navigation/lib/pkgconfig/axbot_navigation.pc'
[0.618s] Level 1:colcon.colcon_core.environment:checking '/media/roboserver/DATA/axbot_ws/install/axbot_navigation/lib/python3.12/site-packages'
[0.618s] Level 1:colcon.colcon_core.environment:checking '/media/roboserver/DATA/axbot_ws/install/axbot_navigation/bin'
[0.618s] INFO:colcon.colcon_core.shell:Creating package script '/media/roboserver/DATA/axbot_ws/install/axbot_navigation/share/axbot_navigation/package.ps1'
[0.619s] INFO:colcon.colcon_core.shell:Creating package descriptor '/media/roboserver/DATA/axbot_ws/install/axbot_navigation/share/axbot_navigation/package.dsv'
[0.619s] INFO:colcon.colcon_core.shell:Creating package script '/media/roboserver/DATA/axbot_ws/install/axbot_navigation/share/axbot_navigation/package.sh'
[0.620s] INFO:colcon.colcon_core.shell:Creating package script '/media/roboserver/DATA/axbot_ws/install/axbot_navigation/share/axbot_navigation/package.bash'
[0.620s] INFO:colcon.colcon_core.shell:Creating package script '/media/roboserver/DATA/axbot_ws/install/axbot_navigation/share/axbot_navigation/package.zsh'
[0.621s] Level 1:colcon.colcon_core.environment:create_file_with_runtime_dependencies(/media/roboserver/DATA/axbot_ws/install/axbot_navigation/share/colcon-core/packages/axbot_navigation)
[0.622s] Level 1:colcon.colcon_core.environment:create_environment_scripts_only(axbot_description)
[0.622s] Level 1:colcon.colcon_core.environment:checking '/media/roboserver/DATA/axbot_ws/install/axbot_description' for CMake module files
[0.622s] DEBUG:colcon.colcon_core.event_handler.log_command:Invoked command in '/media/roboserver/DATA/axbot_ws/build/axbot_description' returned '0': CMAKE_PREFIX_PATH=${CMAKE_PREFIX_PATH}:/media/roboserver/DATA/axbot_ws/install/pc2_listener:/media/roboserver/DATA/axbot_ws/install/axbot_examples:/media/roboserver/DATA/axbot_ws/install/axbot_driver:/media/roboserver/DATA/autox_ws/install/fielder_teleop:/media/roboserver/DATA/autox_ws/install/fielder_odometry:/media/roboserver/DATA/autox_ws/install/fielder_navigation:/opt/ros/jazzy DEBUGINFOD_URLS=https://debuginfod.ubuntu.com /usr/bin/cmake --install /media/roboserver/DATA/axbot_ws/build/axbot_description
[0.623s] Level 1:colcon.colcon_core.environment:checking '/media/roboserver/DATA/axbot_ws/install/axbot_description' for CMake config files
[0.624s] Level 1:colcon.colcon_core.shell:create_environment_hook('axbot_description', 'cmake_prefix_path')
[0.624s] INFO:colcon.colcon_core.shell:Creating environment hook '/media/roboserver/DATA/axbot_ws/install/axbot_description/share/axbot_description/hook/cmake_prefix_path.ps1'
[0.624s] INFO:colcon.colcon_core.shell:Creating environment descriptor '/media/roboserver/DATA/axbot_ws/install/axbot_description/share/axbot_description/hook/cmake_prefix_path.dsv'
[0.625s] INFO:colcon.colcon_core.shell:Creating environment hook '/media/roboserver/DATA/axbot_ws/install/axbot_description/share/axbot_description/hook/cmake_prefix_path.sh'
[0.626s] Level 1:colcon.colcon_core.environment:checking '/media/roboserver/DATA/axbot_ws/install/axbot_description/bin'
[0.626s] Level 1:colcon.colcon_core.environment:checking '/media/roboserver/DATA/axbot_ws/install/axbot_description/lib/pkgconfig/axbot_description.pc'
[0.626s] Level 1:colcon.colcon_core.environment:checking '/media/roboserver/DATA/axbot_ws/install/axbot_description/lib/python3.12/site-packages'
[0.627s] Level 1:colcon.colcon_core.environment:checking '/media/roboserver/DATA/axbot_ws/install/axbot_description/bin'
[0.627s] INFO:colcon.colcon_core.shell:Creating package script '/media/roboserver/DATA/axbot_ws/install/axbot_description/share/axbot_description/package.ps1'
[0.627s] INFO:colcon.colcon_core.shell:Creating package descriptor '/media/roboserver/DATA/axbot_ws/install/axbot_description/share/axbot_description/package.dsv'
[0.628s] INFO:colcon.colcon_core.shell:Creating package script '/media/roboserver/DATA/axbot_ws/install/axbot_description/share/axbot_description/package.sh'
[0.628s] INFO:colcon.colcon_core.shell:Creating package script '/media/roboserver/DATA/axbot_ws/install/axbot_description/share/axbot_description/package.bash'
[0.629s] INFO:colcon.colcon_core.shell:Creating package script '/media/roboserver/DATA/axbot_ws/install/axbot_description/share/axbot_description/package.zsh'
[0.629s] Level 1:colcon.colcon_core.environment:create_file_with_runtime_dependencies(/media/roboserver/DATA/axbot_ws/install/axbot_description/share/colcon-core/packages/axbot_description)
[0.630s] Level 1:colcon.colcon_core.environment:create_environment_scripts_only(axbot_description)
[0.630s] Level 1:colcon.colcon_core.environment:checking '/media/roboserver/DATA/axbot_ws/install/axbot_description' for CMake module files
[0.631s] Level 1:colcon.colcon_core.environment:checking '/media/roboserver/DATA/axbot_ws/install/axbot_description' for CMake config files
[0.631s] Level 1:colcon.colcon_core.shell:create_environment_hook('axbot_description', 'cmake_prefix_path')
[0.631s] INFO:colcon.colcon_core.shell:Creating environment hook '/media/roboserver/DATA/axbot_ws/install/axbot_description/share/axbot_description/hook/cmake_prefix_path.ps1'
[0.631s] INFO:colcon.colcon_core.shell:Creating environment descriptor '/media/roboserver/DATA/axbot_ws/install/axbot_description/share/axbot_description/hook/cmake_prefix_path.dsv'
[0.631s] INFO:colcon.colcon_core.shell:Creating environment hook '/media/roboserver/DATA/axbot_ws/install/axbot_description/share/axbot_description/hook/cmake_prefix_path.sh'
[0.632s] Level 1:colcon.colcon_core.environment:checking '/media/roboserver/DATA/axbot_ws/install/axbot_description/bin'
[0.632s] Level 1:colcon.colcon_core.environment:checking '/media/roboserver/DATA/axbot_ws/install/axbot_description/lib/pkgconfig/axbot_description.pc'
[0.632s] Level 1:colcon.colcon_core.environment:checking '/media/roboserver/DATA/axbot_ws/install/axbot_description/lib/python3.12/site-packages'
[0.632s] Level 1:colcon.colcon_core.environment:checking '/media/roboserver/DATA/axbot_ws/install/axbot_description/bin'
[0.633s] INFO:colcon.colcon_core.shell:Creating package script '/media/roboserver/DATA/axbot_ws/install/axbot_description/share/axbot_description/package.ps1'
[0.633s] INFO:colcon.colcon_core.shell:Creating package descriptor '/media/roboserver/DATA/axbot_ws/install/axbot_description/share/axbot_description/package.dsv'
[0.633s] INFO:colcon.colcon_core.shell:Creating package script '/media/roboserver/DATA/axbot_ws/install/axbot_description/share/axbot_description/package.sh'
[0.634s] INFO:colcon.colcon_core.shell:Creating package script '/media/roboserver/DATA/axbot_ws/install/axbot_description/share/axbot_description/package.bash'
[0.634s] INFO:colcon.colcon_core.shell:Creating package script '/media/roboserver/DATA/axbot_ws/install/axbot_description/share/axbot_description/package.zsh'
[0.634s] Level 1:colcon.colcon_core.environment:create_file_with_runtime_dependencies(/media/roboserver/DATA/axbot_ws/install/axbot_description/share/colcon-core/packages/axbot_description)
[0.795s] DEBUG:colcon.colcon_core.event_handler.log_command:Invoked command in '/media/roboserver/DATA/axbot_ws/build/axbot_interfaces' returned '0': CMAKE_PREFIX_PATH=${CMAKE_PREFIX_PATH}:/media/roboserver/DATA/axbot_ws/install/pc2_listener:/media/roboserver/DATA/axbot_ws/install/axbot_examples:/media/roboserver/DATA/axbot_ws/install/axbot_driver:/media/roboserver/DATA/autox_ws/install/fielder_teleop:/media/roboserver/DATA/autox_ws/install/fielder_odometry:/media/roboserver/DATA/autox_ws/install/fielder_navigation:/opt/ros/jazzy DEBUGINFOD_URLS=https://debuginfod.ubuntu.com /usr/bin/cmake --build /media/roboserver/DATA/axbot_ws/build/axbot_interfaces -- -j8 -l8
[0.797s] DEBUG:colcon.colcon_core.event_handler.log_command:Invoking command in '/media/roboserver/DATA/axbot_ws/build/axbot_interfaces': CMAKE_PREFIX_PATH=${CMAKE_PREFIX_PATH}:/media/roboserver/DATA/axbot_ws/install/pc2_listener:/media/roboserver/DATA/axbot_ws/install/axbot_examples:/media/roboserver/DATA/axbot_ws/install/axbot_driver:/media/roboserver/DATA/autox_ws/install/fielder_teleop:/media/roboserver/DATA/autox_ws/install/fielder_odometry:/media/roboserver/DATA/autox_ws/install/fielder_navigation:/opt/ros/jazzy DEBUGINFOD_URLS=https://debuginfod.ubuntu.com /usr/bin/cmake --install /media/roboserver/DATA/axbot_ws/build/axbot_interfaces
[0.904s] Level 1:colcon.colcon_core.environment:create_environment_scripts_only(axbot_interfaces)
[0.904s] Level 1:colcon.colcon_core.environment:checking '/media/roboserver/DATA/axbot_ws/install/axbot_interfaces' for CMake module files
[0.905s] DEBUG:colcon.colcon_core.event_handler.log_command:Invoked command in '/media/roboserver/DATA/axbot_ws/build/axbot_interfaces' returned '0': CMAKE_PREFIX_PATH=${CMAKE_PREFIX_PATH}:/media/roboserver/DATA/axbot_ws/install/pc2_listener:/media/roboserver/DATA/axbot_ws/install/axbot_examples:/media/roboserver/DATA/axbot_ws/install/axbot_driver:/media/roboserver/DATA/autox_ws/install/fielder_teleop:/media/roboserver/DATA/autox_ws/install/fielder_odometry:/media/roboserver/DATA/autox_ws/install/fielder_navigation:/opt/ros/jazzy DEBUGINFOD_URLS=https://debuginfod.ubuntu.com /usr/bin/cmake --install /media/roboserver/DATA/axbot_ws/build/axbot_interfaces
[0.905s] Level 1:colcon.colcon_core.environment:checking '/media/roboserver/DATA/axbot_ws/install/axbot_interfaces' for CMake config files
[0.907s] Level 1:colcon.colcon_core.shell:create_environment_hook('axbot_interfaces', 'cmake_prefix_path')
[0.907s] INFO:colcon.colcon_core.shell:Creating environment hook '/media/roboserver/DATA/axbot_ws/install/axbot_interfaces/share/axbot_interfaces/hook/cmake_prefix_path.ps1'
[0.907s] INFO:colcon.colcon_core.shell:Creating environment descriptor '/media/roboserver/DATA/axbot_ws/install/axbot_interfaces/share/axbot_interfaces/hook/cmake_prefix_path.dsv'
[0.907s] INFO:colcon.colcon_core.shell:Creating environment hook '/media/roboserver/DATA/axbot_ws/install/axbot_interfaces/share/axbot_interfaces/hook/cmake_prefix_path.sh'
[0.908s] Level 1:colcon.colcon_core.environment:checking '/media/roboserver/DATA/axbot_ws/install/axbot_interfaces/lib'
[0.908s] Level 1:colcon.colcon_core.shell:create_environment_hook('axbot_interfaces', 'ld_library_path_lib')
[0.908s] INFO:colcon.colcon_core.shell:Creating environment hook '/media/roboserver/DATA/axbot_ws/install/axbot_interfaces/share/axbot_interfaces/hook/ld_library_path_lib.ps1'
[0.908s] INFO:colcon.colcon_core.shell:Creating environment descriptor '/media/roboserver/DATA/axbot_ws/install/axbot_interfaces/share/axbot_interfaces/hook/ld_library_path_lib.dsv'
[0.909s] INFO:colcon.colcon_core.shell:Creating environment hook '/media/roboserver/DATA/axbot_ws/install/axbot_interfaces/share/axbot_interfaces/hook/ld_library_path_lib.sh'
[0.909s] Level 1:colcon.colcon_core.environment:checking '/media/roboserver/DATA/axbot_ws/install/axbot_interfaces/bin'
[0.909s] Level 1:colcon.colcon_core.environment:checking '/media/roboserver/DATA/axbot_ws/install/axbot_interfaces/lib/pkgconfig/axbot_interfaces.pc'
[0.909s] Level 1:colcon.colcon_core.environment:checking '/media/roboserver/DATA/axbot_ws/install/axbot_interfaces/lib/python3.12/site-packages'
[0.909s] Level 1:colcon.colcon_core.shell:create_environment_hook('axbot_interfaces', 'pythonpath')
[0.909s] INFO:colcon.colcon_core.shell:Creating environment hook '/media/roboserver/DATA/axbot_ws/install/axbot_interfaces/share/axbot_interfaces/hook/pythonpath.ps1'
[0.910s] INFO:colcon.colcon_core.shell:Creating environment descriptor '/media/roboserver/DATA/axbot_ws/install/axbot_interfaces/share/axbot_interfaces/hook/pythonpath.dsv'
[0.910s] INFO:colcon.colcon_core.shell:Creating environment hook '/media/roboserver/DATA/axbot_ws/install/axbot_interfaces/share/axbot_interfaces/hook/pythonpath.sh'
[0.910s] Level 1:colcon.colcon_core.environment:checking '/media/roboserver/DATA/axbot_ws/install/axbot_interfaces/bin'
[0.911s] INFO:colcon.colcon_core.shell:Creating package script '/media/roboserver/DATA/axbot_ws/install/axbot_interfaces/share/axbot_interfaces/package.ps1'
[0.911s] INFO:colcon.colcon_core.shell:Creating package descriptor '/media/roboserver/DATA/axbot_ws/install/axbot_interfaces/share/axbot_interfaces/package.dsv'
[0.911s] INFO:colcon.colcon_core.shell:Creating package script '/media/roboserver/DATA/axbot_ws/install/axbot_interfaces/share/axbot_interfaces/package.sh'
[0.912s] INFO:colcon.colcon_core.shell:Creating package script '/media/roboserver/DATA/axbot_ws/install/axbot_interfaces/share/axbot_interfaces/package.bash'
[0.912s] INFO:colcon.colcon_core.shell:Creating package script '/media/roboserver/DATA/axbot_ws/install/axbot_interfaces/share/axbot_interfaces/package.zsh'
[0.912s] Level 1:colcon.colcon_core.environment:create_file_with_runtime_dependencies(/media/roboserver/DATA/axbot_ws/install/axbot_interfaces/share/colcon-core/packages/axbot_interfaces)
[0.913s] Level 1:colcon.colcon_core.environment:create_environment_scripts_only(axbot_interfaces)
[0.913s] Level 1:colcon.colcon_core.environment:checking '/media/roboserver/DATA/axbot_ws/install/axbot_interfaces' for CMake module files
[0.913s] Level 1:colcon.colcon_core.environment:checking '/media/roboserver/DATA/axbot_ws/install/axbot_interfaces' for CMake config files
[0.915s] Level 1:colcon.colcon_core.shell:create_environment_hook('axbot_interfaces', 'cmake_prefix_path')
[0.915s] INFO:colcon.colcon_core.shell:Creating environment hook '/media/roboserver/DATA/axbot_ws/install/axbot_interfaces/share/axbot_interfaces/hook/cmake_prefix_path.ps1'
[0.915s] INFO:colcon.colcon_core.shell:Creating environment descriptor '/media/roboserver/DATA/axbot_ws/install/axbot_interfaces/share/axbot_interfaces/hook/cmake_prefix_path.dsv'
[0.915s] INFO:colcon.colcon_core.shell:Creating environment hook '/media/roboserver/DATA/axbot_ws/install/axbot_interfaces/share/axbot_interfaces/hook/cmake_prefix_path.sh'
[0.916s] Level 1:colcon.colcon_core.environment:checking '/media/roboserver/DATA/axbot_ws/install/axbot_interfaces/lib'
[0.916s] Level 1:colcon.colcon_core.shell:create_environment_hook('axbot_interfaces', 'ld_library_path_lib')
[0.916s] INFO:colcon.colcon_core.shell:Creating environment hook '/media/roboserver/DATA/axbot_ws/install/axbot_interfaces/share/axbot_interfaces/hook/ld_library_path_lib.ps1'
[0.916s] INFO:colcon.colcon_core.shell:Creating environment descriptor '/media/roboserver/DATA/axbot_ws/install/axbot_interfaces/share/axbot_interfaces/hook/ld_library_path_lib.dsv'
[0.917s] INFO:colcon.colcon_core.shell:Creating environment hook '/media/roboserver/DATA/axbot_ws/install/axbot_interfaces/share/axbot_interfaces/hook/ld_library_path_lib.sh'
[0.917s] Level 1:colcon.colcon_core.environment:checking '/media/roboserver/DATA/axbot_ws/install/axbot_interfaces/bin'
[0.917s] Level 1:colcon.colcon_core.environment:checking '/media/roboserver/DATA/axbot_ws/install/axbot_interfaces/lib/pkgconfig/axbot_interfaces.pc'
[0.917s] Level 1:colcon.colcon_core.environment:checking '/media/roboserver/DATA/axbot_ws/install/axbot_interfaces/lib/python3.12/site-packages'
[0.917s] Level 1:colcon.colcon_core.shell:create_environment_hook('axbot_interfaces', 'pythonpath')
[0.917s] INFO:colcon.colcon_core.shell:Creating environment hook '/media/roboserver/DATA/axbot_ws/install/axbot_interfaces/share/axbot_interfaces/hook/pythonpath.ps1'
[0.918s] INFO:colcon.colcon_core.shell:Creating environment descriptor '/media/roboserver/DATA/axbot_ws/install/axbot_interfaces/share/axbot_interfaces/hook/pythonpath.dsv'
[0.918s] INFO:colcon.colcon_core.shell:Creating environment hook '/media/roboserver/DATA/axbot_ws/install/axbot_interfaces/share/axbot_interfaces/hook/pythonpath.sh'
[0.918s] Level 1:colcon.colcon_core.environment:checking '/media/roboserver/DATA/axbot_ws/install/axbot_interfaces/bin'
[0.919s] INFO:colcon.colcon_core.shell:Creating package script '/media/roboserver/DATA/axbot_ws/install/axbot_interfaces/share/axbot_interfaces/package.ps1'
[0.919s] INFO:colcon.colcon_core.shell:Creating package descriptor '/media/roboserver/DATA/axbot_ws/install/axbot_interfaces/share/axbot_interfaces/package.dsv'
[0.919s] INFO:colcon.colcon_core.shell:Creating package script '/media/roboserver/DATA/axbot_ws/install/axbot_interfaces/share/axbot_interfaces/package.sh'
[0.920s] INFO:colcon.colcon_core.shell:Creating package script '/media/roboserver/DATA/axbot_ws/install/axbot_interfaces/share/axbot_interfaces/package.bash'
[0.920s] INFO:colcon.colcon_core.shell:Creating package script '/media/roboserver/DATA/axbot_ws/install/axbot_interfaces/share/axbot_interfaces/package.zsh'
[0.920s] Level 1:colcon.colcon_core.environment:create_file_with_runtime_dependencies(/media/roboserver/DATA/axbot_ws/install/axbot_interfaces/share/colcon-core/packages/axbot_interfaces)
[0.921s] INFO:colcon.colcon_ros.task.ament_python.build:Building ROS package in '/media/roboserver/DATA/axbot_ws/src/axbot_driver' with build type 'ament_python'
[0.921s] Level 1:colcon.colcon_core.shell:create_environment_hook('axbot_driver', 'ament_prefix_path')
[0.921s] INFO:colcon.colcon_core.shell:Creating environment hook '/media/roboserver/DATA/axbot_ws/install/axbot_driver/share/axbot_driver/hook/ament_prefix_path.ps1'
[0.922s] INFO:colcon.colcon_core.shell:Creating environment descriptor '/media/roboserver/DATA/axbot_ws/install/axbot_driver/share/axbot_driver/hook/ament_prefix_path.dsv'
[0.922s] INFO:colcon.colcon_core.shell:Creating environment hook '/media/roboserver/DATA/axbot_ws/install/axbot_driver/share/axbot_driver/hook/ament_prefix_path.sh'
[0.923s] INFO:colcon.colcon_core.shell:Skip shell extension 'powershell' for command environment: Not usable outside of PowerShell
[0.923s] DEBUG:colcon.colcon_core.shell:Skip shell extension 'dsv' for command environment
[0.929s] INFO:colcon.colcon_ros.task.ament_python.build:Building ROS package in '/media/roboserver/DATA/axbot_ws/src/axbot_examples' with build type 'ament_python'
[0.929s] Level 1:colcon.colcon_core.shell:create_environment_hook('axbot_examples', 'ament_prefix_path')
[0.930s] INFO:colcon.colcon_core.shell:Creating environment hook '/media/roboserver/DATA/axbot_ws/install/axbot_examples/share/axbot_examples/hook/ament_prefix_path.ps1'
[0.931s] INFO:colcon.colcon_core.shell:Creating environment descriptor '/media/roboserver/DATA/axbot_ws/install/axbot_examples/share/axbot_examples/hook/ament_prefix_path.dsv'
[0.931s] INFO:colcon.colcon_core.shell:Creating environment hook '/media/roboserver/DATA/axbot_ws/install/axbot_examples/share/axbot_examples/hook/ament_prefix_path.sh'
[0.932s] INFO:colcon.colcon_core.shell:Skip shell extension 'powershell' for command environment: Not usable outside of PowerShell
[0.932s] DEBUG:colcon.colcon_core.shell:Skip shell extension 'dsv' for command environment
[1.186s] INFO:colcon.colcon_core.task.python.build:Building Python package in '/media/roboserver/DATA/axbot_ws/src/axbot_driver'
[1.187s] INFO:colcon.colcon_core.shell:Skip shell extension 'powershell' for command environment: Not usable outside of PowerShell
[1.187s] DEBUG:colcon.colcon_core.shell:Skip shell extension 'dsv' for command environment
[1.415s] INFO:colcon.colcon_core.task.python.build:Building Python package in '/media/roboserver/DATA/axbot_ws/src/axbot_examples'
[1.415s] INFO:colcon.colcon_core.shell:Skip shell extension 'powershell' for command environment: Not usable outside of PowerShell
[1.415s] DEBUG:colcon.colcon_core.shell:Skip shell extension 'dsv' for command environment
[1.423s] DEBUG:colcon.colcon_core.event_handler.log_command:Invoking command in '/media/roboserver/DATA/axbot_ws/src/pc2_listener': DEBUGINFOD_URLS=https://debuginfod.ubuntu.com PYTHONPATH=/media/roboserver/DATA/axbot_ws/build/pc2_listener/prefix_override:/usr/lib/python3/dist-packages/colcon_core/task/python/colcon_distutils_commands:/media/roboserver/DATA/axbot_ws/install/pc2_listener/lib/python3.12/site-packages:${PYTHONPATH} /usr/bin/python3 -W ignore:setup.py install is deprecated -W ignore:easy_install command is deprecated setup.py egg_info --egg-base ../../build/pc2_listener build --build-base /media/roboserver/DATA/axbot_ws/build/pc2_listener/build install --record /media/roboserver/DATA/axbot_ws/build/pc2_listener/install.log --single-version-externally-managed
[2.032s] Level 1:colcon.colcon_core.environment:checking '/media/roboserver/DATA/axbot_ws/install/pc2_listener' for CMake module files
[2.032s] DEBUG:colcon.colcon_core.event_handler.log_command:Invoked command in '/media/roboserver/DATA/axbot_ws/src/pc2_listener' returned '0': DEBUGINFOD_URLS=https://debuginfod.ubuntu.com PYTHONPATH=/media/roboserver/DATA/axbot_ws/build/pc2_listener/prefix_override:/usr/lib/python3/dist-packages/colcon_core/task/python/colcon_distutils_commands:/media/roboserver/DATA/axbot_ws/install/pc2_listener/lib/python3.12/site-packages:${PYTHONPATH} /usr/bin/python3 -W ignore:setup.py install is deprecated -W ignore:easy_install command is deprecated setup.py egg_info --egg-base ../../build/pc2_listener build --build-base /media/roboserver/DATA/axbot_ws/build/pc2_listener/build install --record /media/roboserver/DATA/axbot_ws/build/pc2_listener/install.log --single-version-externally-managed
[2.032s] Level 1:colcon.colcon_core.environment:checking '/media/roboserver/DATA/axbot_ws/install/pc2_listener' for CMake config files
[2.033s] Level 1:colcon.colcon_core.environment:checking '/media/roboserver/DATA/axbot_ws/install/pc2_listener/lib'
[2.033s] Level 1:colcon.colcon_core.environment:checking '/media/roboserver/DATA/axbot_ws/install/pc2_listener/bin'
[2.033s] Level 1:colcon.colcon_core.environment:checking '/media/roboserver/DATA/axbot_ws/install/pc2_listener/lib/pkgconfig/pc2_listener.pc'
[2.033s] Level 1:colcon.colcon_core.environment:checking '/media/roboserver/DATA/axbot_ws/install/pc2_listener/lib/python3.12/site-packages'
[2.033s] Level 1:colcon.colcon_core.shell:create_environment_hook('pc2_listener', 'pythonpath')
[2.034s] INFO:colcon.colcon_core.shell:Creating environment hook '/media/roboserver/DATA/axbot_ws/install/pc2_listener/share/pc2_listener/hook/pythonpath.ps1'
[2.034s] INFO:colcon.colcon_core.shell:Creating environment descriptor '/media/roboserver/DATA/axbot_ws/install/pc2_listener/share/pc2_listener/hook/pythonpath.dsv'
[2.034s] INFO:colcon.colcon_core.shell:Creating environment hook '/media/roboserver/DATA/axbot_ws/install/pc2_listener/share/pc2_listener/hook/pythonpath.sh'
[2.035s] Level 1:colcon.colcon_core.environment:checking '/media/roboserver/DATA/axbot_ws/install/pc2_listener/bin'
[2.035s] Level 1:colcon.colcon_core.environment:create_environment_scripts_only(pc2_listener)
[2.035s] INFO:colcon.colcon_core.shell:Creating package script '/media/roboserver/DATA/axbot_ws/install/pc2_listener/share/pc2_listener/package.ps1'
[2.035s] INFO:colcon.colcon_core.shell:Creating package descriptor '/media/roboserver/DATA/axbot_ws/install/pc2_listener/share/pc2_listener/package.dsv'
[2.036s] INFO:colcon.colcon_core.shell:Creating package script '/media/roboserver/DATA/axbot_ws/install/pc2_listener/share/pc2_listener/package.sh'
[2.036s] INFO:colcon.colcon_core.shell:Creating package script '/media/roboserver/DATA/axbot_ws/install/pc2_listener/share/pc2_listener/package.bash'
[2.036s] INFO:colcon.colcon_core.shell:Creating package script '/media/roboserver/DATA/axbot_ws/install/pc2_listener/share/pc2_listener/package.zsh'
[2.036s] Level 1:colcon.colcon_core.environment:create_file_with_runtime_dependencies(/media/roboserver/DATA/axbot_ws/install/pc2_listener/share/colcon-core/packages/pc2_listener)
[2.123s] DEBUG:colcon.colcon_core.event_handler.log_command:Invoking command in '/media/roboserver/DATA/axbot_ws/src/axbot_driver': CMAKE_PREFIX_PATH=/media/roboserver/DATA/axbot_ws/install/axbot_interfaces:/media/roboserver/DATA/axbot_ws/install/axbot_navigation:/media/roboserver/DATA/axbot_ws/install/axbot_description:/opt/ros/jazzy/opt/gz_sim_vendor:/opt/ros/jazzy/opt/gz_sensors_vendor:/opt/ros/jazzy/opt/gz_physics_vendor:/opt/ros/jazzy/opt/sdformat_vendor:/opt/ros/jazzy/opt/gz_gui_vendor:/opt/ros/jazzy/opt/gz_transport_vendor:/opt/ros/jazzy/opt/gz_rendering_vendor:/opt/ros/jazzy/opt/gz_plugin_vendor:/opt/ros/jazzy/opt/gz_fuel_tools_vendor:/opt/ros/jazzy/opt/gz_msgs_vendor:/opt/ros/jazzy/opt/gz_common_vendor:/opt/ros/jazzy/opt/gz_math_vendor:/opt/ros/jazzy/opt/gz_utils_vendor:/opt/ros/jazzy/opt/gz_tools_vendor:/opt/ros/jazzy/opt/gz_ogre_next_vendor:/opt/ros/jazzy/opt/gz_dartsim_vendor:/opt/ros/jazzy/opt/gz_cmake_vendor DEBUGINFOD_URLS=https://debuginfod.ubuntu.com PYTHONPATH=/media/roboserver/DATA/axbot_ws/build/axbot_driver/prefix_override:/usr/lib/python3/dist-packages/colcon_core/task/python/colcon_distutils_commands:/media/roboserver/DATA/axbot_ws/install/axbot_driver/lib/python3.12/site-packages:/media/roboserver/DATA/axbot_ws/install/axbot_interfaces/lib/python3.12/site-packages:/media/roboserver/DATA/axbot_ws/build/pc2_listener:/media/roboserver/DATA/axbot_ws/install/pc2_listener/lib/python3.12/site-packages:/media/roboserver/DATA/axbot_ws/build/axbot_examples:/media/roboserver/DATA/axbot_ws/install/axbot_examples/lib/python3.12/site-packages:/media/roboserver/DATA/axbot_ws/build/axbot_driver:/media/roboserver/DATA/axbot_ws/install/axbot_driver/lib/python3.12/site-packages:/media/roboserver/DATA/autox_ws/build/fielder_teleop:/media/roboserver/DATA/autox_ws/install/fielder_teleop/lib/python3.12/site-packages:/media/roboserver/DATA/autox_ws/build/fielder_odometry:/media/roboserver/DATA/autox_ws/install/fielder_odometry/lib/python3.12/site-packages:/media/roboserver/DATA/autox_ws/build/fielder_navigation:/media/roboserver/DATA/autox_ws/install/fielder_navigation/lib/python3.12/site-packages:/opt/ros/jazzy/lib/python3.12/site-packages /usr/bin/python3 -W ignore:setup.py install is deprecated -W ignore:easy_install command is deprecated setup.py egg_info --egg-base ../../build/axbot_driver build --build-base /media/roboserver/DATA/axbot_ws/build/axbot_driver/build install --record /media/roboserver/DATA/axbot_ws/build/axbot_driver/install.log --single-version-externally-managed install_data
[2.124s] DEBUG:colcon.colcon_core.event_handler.log_command:Invoking command in '/media/roboserver/DATA/axbot_ws/src/axbot_examples': CMAKE_PREFIX_PATH=/media/roboserver/DATA/axbot_ws/install/axbot_interfaces:/media/roboserver/DATA/axbot_ws/install/axbot_navigation:/media/roboserver/DATA/axbot_ws/install/axbot_description:/opt/ros/jazzy/opt/gz_sim_vendor:/opt/ros/jazzy/opt/gz_sensors_vendor:/opt/ros/jazzy/opt/gz_physics_vendor:/opt/ros/jazzy/opt/sdformat_vendor:/opt/ros/jazzy/opt/gz_gui_vendor:/opt/ros/jazzy/opt/gz_transport_vendor:/opt/ros/jazzy/opt/gz_rendering_vendor:/opt/ros/jazzy/opt/gz_plugin_vendor:/opt/ros/jazzy/opt/gz_fuel_tools_vendor:/opt/ros/jazzy/opt/gz_msgs_vendor:/opt/ros/jazzy/opt/gz_common_vendor:/opt/ros/jazzy/opt/gz_math_vendor:/opt/ros/jazzy/opt/gz_utils_vendor:/opt/ros/jazzy/opt/gz_tools_vendor:/opt/ros/jazzy/opt/gz_ogre_next_vendor:/opt/ros/jazzy/opt/gz_dartsim_vendor:/opt/ros/jazzy/opt/gz_cmake_vendor DEBUGINFOD_URLS=https://debuginfod.ubuntu.com PYTHONPATH=/media/roboserver/DATA/axbot_ws/build/axbot_examples/prefix_override:/usr/lib/python3/dist-packages/colcon_core/task/python/colcon_distutils_commands:/media/roboserver/DATA/axbot_ws/install/axbot_examples/lib/python3.12/site-packages:/media/roboserver/DATA/axbot_ws/install/axbot_interfaces/lib/python3.12/site-packages:/media/roboserver/DATA/axbot_ws/build/pc2_listener:/media/roboserver/DATA/axbot_ws/install/pc2_listener/lib/python3.12/site-packages:/media/roboserver/DATA/axbot_ws/build/axbot_examples:/media/roboserver/DATA/axbot_ws/install/axbot_examples/lib/python3.12/site-packages:/media/roboserver/DATA/axbot_ws/build/axbot_driver:/media/roboserver/DATA/axbot_ws/install/axbot_driver/lib/python3.12/site-packages:/media/roboserver/DATA/autox_ws/build/fielder_teleop:/media/roboserver/DATA/autox_ws/install/fielder_teleop/lib/python3.12/site-packages:/media/roboserver/DATA/autox_ws/build/fielder_odometry:/media/roboserver/DATA/autox_ws/install/fielder_odometry/lib/python3.12/site-packages:/media/roboserver/DATA/autox_ws/build/fielder_navigation:/media/roboserver/DATA/autox_ws/install/fielder_navigation/lib/python3.12/site-packages:/opt/ros/jazzy/lib/python3.12/site-packages /usr/bin/python3 -W ignore:setup.py install is deprecated -W ignore:easy_install command is deprecated setup.py egg_info --egg-base ../../build/axbot_examples build --build-base /media/roboserver/DATA/axbot_ws/build/axbot_examples/build install --record /media/roboserver/DATA/axbot_ws/build/axbot_examples/install.log --single-version-externally-managed install_data
[2.750s] Level 1:colcon.colcon_core.environment:checking '/media/roboserver/DATA/axbot_ws/install/axbot_examples' for CMake module files
[2.750s] DEBUG:colcon.colcon_core.event_handler.log_command:Invoked command in '/media/roboserver/DATA/axbot_ws/src/axbot_examples' returned '0': CMAKE_PREFIX_PATH=/media/roboserver/DATA/axbot_ws/install/axbot_interfaces:/media/roboserver/DATA/axbot_ws/install/axbot_navigation:/media/roboserver/DATA/axbot_ws/install/axbot_description:/opt/ros/jazzy/opt/gz_sim_vendor:/opt/ros/jazzy/opt/gz_sensors_vendor:/opt/ros/jazzy/opt/gz_physics_vendor:/opt/ros/jazzy/opt/sdformat_vendor:/opt/ros/jazzy/opt/gz_gui_vendor:/opt/ros/jazzy/opt/gz_transport_vendor:/opt/ros/jazzy/opt/gz_rendering_vendor:/opt/ros/jazzy/opt/gz_plugin_vendor:/opt/ros/jazzy/opt/gz_fuel_tools_vendor:/opt/ros/jazzy/opt/gz_msgs_vendor:/opt/ros/jazzy/opt/gz_common_vendor:/opt/ros/jazzy/opt/gz_math_vendor:/opt/ros/jazzy/opt/gz_utils_vendor:/opt/ros/jazzy/opt/gz_tools_vendor:/opt/ros/jazzy/opt/gz_ogre_next_vendor:/opt/ros/jazzy/opt/gz_dartsim_vendor:/opt/ros/jazzy/opt/gz_cmake_vendor DEBUGINFOD_URLS=https://debuginfod.ubuntu.com PYTHONPATH=/media/roboserver/DATA/axbot_ws/build/axbot_examples/prefix_override:/usr/lib/python3/dist-packages/colcon_core/task/python/colcon_distutils_commands:/media/roboserver/DATA/axbot_ws/install/axbot_examples/lib/python3.12/site-packages:/media/roboserver/DATA/axbot_ws/install/axbot_interfaces/lib/python3.12/site-packages:/media/roboserver/DATA/axbot_ws/build/pc2_listener:/media/roboserver/DATA/axbot_ws/install/pc2_listener/lib/python3.12/site-packages:/media/roboserver/DATA/axbot_ws/build/axbot_examples:/media/roboserver/DATA/axbot_ws/install/axbot_examples/lib/python3.12/site-packages:/media/roboserver/DATA/axbot_ws/build/axbot_driver:/media/roboserver/DATA/axbot_ws/install/axbot_driver/lib/python3.12/site-packages:/media/roboserver/DATA/autox_ws/build/fielder_teleop:/media/roboserver/DATA/autox_ws/install/fielder_teleop/lib/python3.12/site-packages:/media/roboserver/DATA/autox_ws/build/fielder_odometry:/media/roboserver/DATA/autox_ws/install/fielder_odometry/lib/python3.12/site-packages:/media/roboserver/DATA/autox_ws/build/fielder_navigation:/media/roboserver/DATA/autox_ws/install/fielder_navigation/lib/python3.12/site-packages:/opt/ros/jazzy/lib/python3.12/site-packages /usr/bin/python3 -W ignore:setup.py install is deprecated -W ignore:easy_install command is deprecated setup.py egg_info --egg-base ../../build/axbot_examples build --build-base /media/roboserver/DATA/axbot_ws/build/axbot_examples/build install --record /media/roboserver/DATA/axbot_ws/build/axbot_examples/install.log --single-version-externally-managed install_data
[2.751s] Level 1:colcon.colcon_core.environment:checking '/media/roboserver/DATA/axbot_ws/install/axbot_examples' for CMake config files
[2.752s] Level 1:colcon.colcon_core.environment:checking '/media/roboserver/DATA/axbot_ws/install/axbot_examples/lib'
[2.752s] Level 1:colcon.colcon_core.environment:checking '/media/roboserver/DATA/axbot_ws/install/axbot_examples/bin'
[2.752s] Level 1:colcon.colcon_core.environment:checking '/media/roboserver/DATA/axbot_ws/install/axbot_examples/lib/pkgconfig/axbot_examples.pc'
[2.752s] Level 1:colcon.colcon_core.environment:checking '/media/roboserver/DATA/axbot_ws/install/axbot_examples/lib/python3.12/site-packages'
[2.752s] Level 1:colcon.colcon_core.shell:create_environment_hook('axbot_examples', 'pythonpath')
[2.753s] INFO:colcon.colcon_core.shell:Creating environment hook '/media/roboserver/DATA/axbot_ws/install/axbot_examples/share/axbot_examples/hook/pythonpath.ps1'
[2.753s] INFO:colcon.colcon_core.shell:Creating environment descriptor '/media/roboserver/DATA/axbot_ws/install/axbot_examples/share/axbot_examples/hook/pythonpath.dsv'
[2.753s] INFO:colcon.colcon_core.shell:Creating environment hook '/media/roboserver/DATA/axbot_ws/install/axbot_examples/share/axbot_examples/hook/pythonpath.sh'
[2.754s] Level 1:colcon.colcon_core.environment:checking '/media/roboserver/DATA/axbot_ws/install/axbot_examples/bin'
[2.754s] Level 1:colcon.colcon_core.environment:create_environment_scripts_only(axbot_examples)
[2.754s] INFO:colcon.colcon_core.shell:Creating package script '/media/roboserver/DATA/axbot_ws/install/axbot_examples/share/axbot_examples/package.ps1'
[2.755s] INFO:colcon.colcon_core.shell:Creating package descriptor '/media/roboserver/DATA/axbot_ws/install/axbot_examples/share/axbot_examples/package.dsv'
[2.755s] INFO:colcon.colcon_core.shell:Creating package script '/media/roboserver/DATA/axbot_ws/install/axbot_examples/share/axbot_examples/package.sh'
[2.756s] INFO:colcon.colcon_core.shell:Creating package script '/media/roboserver/DATA/axbot_ws/install/axbot_examples/share/axbot_examples/package.bash'
[2.756s] INFO:colcon.colcon_core.shell:Creating package script '/media/roboserver/DATA/axbot_ws/install/axbot_examples/share/axbot_examples/package.zsh'
[2.756s] Level 1:colcon.colcon_core.environment:create_file_with_runtime_dependencies(/media/roboserver/DATA/axbot_ws/install/axbot_examples/share/colcon-core/packages/axbot_examples)
[2.759s] Level 1:colcon.colcon_core.environment:checking '/media/roboserver/DATA/axbot_ws/install/axbot_driver' for CMake module files
[2.760s] DEBUG:colcon.colcon_core.event_handler.log_command:Invoked command in '/media/roboserver/DATA/axbot_ws/src/axbot_driver' returned '0': CMAKE_PREFIX_PATH=/media/roboserver/DATA/axbot_ws/install/axbot_interfaces:/media/roboserver/DATA/axbot_ws/install/axbot_navigation:/media/roboserver/DATA/axbot_ws/install/axbot_description:/opt/ros/jazzy/opt/gz_sim_vendor:/opt/ros/jazzy/opt/gz_sensors_vendor:/opt/ros/jazzy/opt/gz_physics_vendor:/opt/ros/jazzy/opt/sdformat_vendor:/opt/ros/jazzy/opt/gz_gui_vendor:/opt/ros/jazzy/opt/gz_transport_vendor:/opt/ros/jazzy/opt/gz_rendering_vendor:/opt/ros/jazzy/opt/gz_plugin_vendor:/opt/ros/jazzy/opt/gz_fuel_tools_vendor:/opt/ros/jazzy/opt/gz_msgs_vendor:/opt/ros/jazzy/opt/gz_common_vendor:/opt/ros/jazzy/opt/gz_math_vendor:/opt/ros/jazzy/opt/gz_utils_vendor:/opt/ros/jazzy/opt/gz_tools_vendor:/opt/ros/jazzy/opt/gz_ogre_next_vendor:/opt/ros/jazzy/opt/gz_dartsim_vendor:/opt/ros/jazzy/opt/gz_cmake_vendor DEBUGINFOD_URLS=https://debuginfod.ubuntu.com PYTHONPATH=/media/roboserver/DATA/axbot_ws/build/axbot_driver/prefix_override:/usr/lib/python3/dist-packages/colcon_core/task/python/colcon_distutils_commands:/media/roboserver/DATA/axbot_ws/install/axbot_driver/lib/python3.12/site-packages:/media/roboserver/DATA/axbot_ws/install/axbot_interfaces/lib/python3.12/site-packages:/media/roboserver/DATA/axbot_ws/build/pc2_listener:/media/roboserver/DATA/axbot_ws/install/pc2_listener/lib/python3.12/site-packages:/media/roboserver/DATA/axbot_ws/build/axbot_examples:/media/roboserver/DATA/axbot_ws/install/axbot_examples/lib/python3.12/site-packages:/media/roboserver/DATA/axbot_ws/build/axbot_driver:/media/roboserver/DATA/axbot_ws/install/axbot_driver/lib/python3.12/site-packages:/media/roboserver/DATA/autox_ws/build/fielder_teleop:/media/roboserver/DATA/autox_ws/install/fielder_teleop/lib/python3.12/site-packages:/media/roboserver/DATA/autox_ws/build/fielder_odometry:/media/roboserver/DATA/autox_ws/install/fielder_odometry/lib/python3.12/site-packages:/media/roboserver/DATA/autox_ws/build/fielder_navigation:/media/roboserver/DATA/autox_ws/install/fielder_navigation/lib/python3.12/site-packages:/opt/ros/jazzy/lib/python3.12/site-packages /usr/bin/python3 -W ignore:setup.py install is deprecated -W ignore:easy_install command is deprecated setup.py egg_info --egg-base ../../build/axbot_driver build --build-base /media/roboserver/DATA/axbot_ws/build/axbot_driver/build install --record /media/roboserver/DATA/axbot_ws/build/axbot_driver/install.log --single-version-externally-managed install_data
[2.760s] Level 1:colcon.colcon_core.environment:checking '/media/roboserver/DATA/axbot_ws/install/axbot_driver' for CMake config files
[2.760s] Level 1:colcon.colcon_core.environment:checking '/media/roboserver/DATA/axbot_ws/install/axbot_driver/lib'
[2.760s] Level 1:colcon.colcon_core.environment:checking '/media/roboserver/DATA/axbot_ws/install/axbot_driver/bin'
[2.760s] Level 1:colcon.colcon_core.environment:checking '/media/roboserver/DATA/axbot_ws/install/axbot_driver/lib/pkgconfig/axbot_driver.pc'
[2.761s] Level 1:colcon.colcon_core.environment:checking '/media/roboserver/DATA/axbot_ws/install/axbot_driver/lib/python3.12/site-packages'
[2.761s] Level 1:colcon.colcon_core.shell:create_environment_hook('axbot_driver', 'pythonpath')
[2.761s] INFO:colcon.colcon_core.shell:Creating environment hook '/media/roboserver/DATA/axbot_ws/install/axbot_driver/share/axbot_driver/hook/pythonpath.ps1'
[2.761s] INFO:colcon.colcon_core.shell:Creating environment descriptor '/media/roboserver/DATA/axbot_ws/install/axbot_driver/share/axbot_driver/hook/pythonpath.dsv'
[2.761s] INFO:colcon.colcon_core.shell:Creating environment hook '/media/roboserver/DATA/axbot_ws/install/axbot_driver/share/axbot_driver/hook/pythonpath.sh'
[2.762s] Level 1:colcon.colcon_core.environment:checking '/media/roboserver/DATA/axbot_ws/install/axbot_driver/bin'
[2.762s] Level 1:colcon.colcon_core.environment:create_environment_scripts_only(axbot_driver)
[2.762s] INFO:colcon.colcon_core.shell:Creating package script '/media/roboserver/DATA/axbot_ws/install/axbot_driver/share/axbot_driver/package.ps1'
[2.763s] INFO:colcon.colcon_core.shell:Creating package descriptor '/media/roboserver/DATA/axbot_ws/install/axbot_driver/share/axbot_driver/package.dsv'
[2.763s] INFO:colcon.colcon_core.shell:Creating package script '/media/roboserver/DATA/axbot_ws/install/axbot_driver/share/axbot_driver/package.sh'
[2.763s] INFO:colcon.colcon_core.shell:Creating package script '/media/roboserver/DATA/axbot_ws/install/axbot_driver/share/axbot_driver/package.bash'
[2.764s] INFO:colcon.colcon_core.shell:Creating package script '/media/roboserver/DATA/axbot_ws/install/axbot_driver/share/axbot_driver/package.zsh'
[2.764s] Level 1:colcon.colcon_core.environment:create_file_with_runtime_dependencies(/media/roboserver/DATA/axbot_ws/install/axbot_driver/share/colcon-core/packages/axbot_driver)
[2.764s] DEBUG:colcon.colcon_parallel_executor.executor.parallel:closing loop
[2.764s] DEBUG:colcon.colcon_parallel_executor.executor.parallel:loop closed
[2.764s] DEBUG:colcon.colcon_parallel_executor.executor.parallel:run_until_complete finished with '0'
[2.764s] DEBUG:colcon.colcon_core.event_reactor:joining thread
[2.770s] INFO:colcon.colcon_core.plugin_system:Skipping extension 'colcon_notification.desktop_notification.terminal_notifier': Not used on non-Darwin systems
[2.770s] INFO:colcon.colcon_core.plugin_system:Skipping extension 'colcon_notification.desktop_notification.win32': Not used on non-Windows systems
[2.770s] INFO:colcon.colcon_notification.desktop_notification:Sending desktop notification using 'notify2'
[2.782s] DEBUG:colcon.colcon_core.event_reactor:joined thread
[2.782s] INFO:colcon.colcon_core.shell:Creating prefix script '/media/roboserver/DATA/axbot_ws/install/local_setup.ps1'
[2.783s] INFO:colcon.colcon_core.shell:Creating prefix util module '/media/roboserver/DATA/axbot_ws/install/_local_setup_util_ps1.py'
[2.785s] INFO:colcon.colcon_core.shell:Creating prefix chain script '/media/roboserver/DATA/axbot_ws/install/setup.ps1'
[2.788s] INFO:colcon.colcon_core.shell:Creating prefix script '/media/roboserver/DATA/axbot_ws/install/local_setup.sh'
[2.788s] INFO:colcon.colcon_core.shell:Creating prefix util module '/media/roboserver/DATA/axbot_ws/install/_local_setup_util_sh.py'
[2.789s] INFO:colcon.colcon_core.shell:Creating prefix chain script '/media/roboserver/DATA/axbot_ws/install/setup.sh'
[2.790s] INFO:colcon.colcon_core.shell:Creating prefix script '/media/roboserver/DATA/axbot_ws/install/local_setup.bash'
[2.790s] INFO:colcon.colcon_core.shell:Creating prefix chain script '/media/roboserver/DATA/axbot_ws/install/setup.bash'
[2.791s] INFO:colcon.colcon_core.shell:Creating prefix script '/media/roboserver/DATA/axbot_ws/install/local_setup.zsh'
[2.792s] INFO:colcon.colcon_core.shell:Creating prefix chain script '/media/roboserver/DATA/axbot_ws/install/setup.zsh'
