[0.102s] DEBUG:colcon:Command line arguments: ['/usr/bin/colcon', 'build']
[0.103s] DEBUG:colcon:Parsed command line arguments: Namespace(log_base=None, log_level=None, verb_name='build', build_base='build', install_base='install', merge_install=False, symlink_install=False, test_result_base=None, continue_on_error=False, executor='parallel', parallel_workers=8, event_handlers=None, ignore_user_meta=False, metas=['./colcon.meta'], base_paths=['.'], packages_ignore=None, packages_ignore_regex=None, paths=None, packages_up_to=None, packages_up_to_regex=None, packages_above=None, packages_above_and_dependencies=None, packages_above_depth=None, packages_select_by_dep=None, packages_skip_by_dep=None, packages_skip_up_to=None, packages_select_build_failed=False, packages_skip_build_finished=False, packages_select_test_failures=False, packages_skip_test_passed=False, packages_select=None, packages_skip=None, packages_select_regex=None, packages_skip_regex=None, packages_start=None, packages_end=None, allow_overriding=[], cmake_args=None, cmake_target=None, cmake_target_skip_unavailable=False, cmake_clean_cache=False, cmake_clean_first=False, cmake_force_configure=False, ament_cmake_args=None, catkin_cmake_args=None, catkin_skip_building_tests=False, mixin_files=None, mixin=None, verb_parser=<colcon_mixin.mixin.mixin_argument.MixinArgumentDecorator object at 0x710eb8da2f60>, verb_extension=<colcon_core.verb.build.BuildVerb object at 0x710eb8da2540>, main=<bound method BuildVerb.main of <colcon_core.verb.build.BuildVerb object at 0x710eb8da2540>>, mixin_verb=('build',))
[0.137s] Level 1:colcon.colcon_core.package_discovery:discover_packages(colcon_meta) check parameters
[0.137s] Level 1:colcon.colcon_core.package_discovery:discover_packages(recursive) check parameters
[0.137s] Level 1:colcon.colcon_core.package_discovery:discover_packages(ignore) check parameters
[0.137s] Level 1:colcon.colcon_core.package_discovery:discover_packages(path) check parameters
[0.137s] Level 1:colcon.colcon_core.package_discovery:discover_packages(colcon_meta) discover
[0.137s] Level 1:colcon.colcon_core.package_discovery:discover_packages(recursive) discover
[0.137s] INFO:colcon.colcon_core.package_discovery:Crawling recursively for packages in '/media/roboserver/DATA/axbot_ws'
[0.137s] Level 1:colcon.colcon_core.package_identification:_identify(.) by extensions ['ignore', 'ignore_ament_install']
[0.137s] Level 1:colcon.colcon_core.package_identification:_identify(.) by extension 'ignore'
[0.137s] Level 1:colcon.colcon_core.package_identification:_identify(.) by extension 'ignore_ament_install'
[0.137s] Level 1:colcon.colcon_core.package_identification:_identify(.) by extensions ['colcon_pkg']
[0.137s] Level 1:colcon.colcon_core.package_identification:_identify(.) by extension 'colcon_pkg'
[0.137s] Level 1:colcon.colcon_core.package_identification:_identify(.) by extensions ['colcon_meta']
[0.137s] Level 1:colcon.colcon_core.package_identification:_identify(.) by extension 'colcon_meta'
[0.137s] Level 1:colcon.colcon_core.package_identification:_identify(.) by extensions ['ros']
[0.138s] Level 1:colcon.colcon_core.package_identification:_identify(.) by extension 'ros'
[0.160s] Level 1:colcon.colcon_core.package_identification:_identify(.) by extensions ['cmake', 'python']
[0.160s] Level 1:colcon.colcon_core.package_identification:_identify(.) by extension 'cmake'
[0.160s] Level 1:colcon.colcon_core.package_identification:_identify(.) by extension 'python'
[0.160s] Level 1:colcon.colcon_core.package_identification:_identify(.) by extensions ['python_setup_py']
[0.160s] Level 1:colcon.colcon_core.package_identification:_identify(.) by extension 'python_setup_py'
[0.160s] Level 1:colcon.colcon_core.package_identification:_identify(build) by extensions ['ignore', 'ignore_ament_install']
[0.160s] Level 1:colcon.colcon_core.package_identification:_identify(build) by extension 'ignore'
[0.160s] Level 1:colcon.colcon_core.package_identification:_identify(build) ignored
[0.160s] Level 1:colcon.colcon_core.package_identification:_identify(install) by extensions ['ignore', 'ignore_ament_install']
[0.160s] Level 1:colcon.colcon_core.package_identification:_identify(install) by extension 'ignore'
[0.160s] Level 1:colcon.colcon_core.package_identification:_identify(install) ignored
[0.160s] Level 1:colcon.colcon_core.package_identification:_identify(log) by extensions ['ignore', 'ignore_ament_install']
[0.160s] Level 1:colcon.colcon_core.package_identification:_identify(log) by extension 'ignore'
[0.160s] Level 1:colcon.colcon_core.package_identification:_identify(log) ignored
[0.161s] Level 1:colcon.colcon_core.package_identification:_identify(scripts) by extensions ['ignore', 'ignore_ament_install']
[0.161s] Level 1:colcon.colcon_core.package_identification:_identify(scripts) by extension 'ignore'
[0.161s] Level 1:colcon.colcon_core.package_identification:_identify(scripts) by extension 'ignore_ament_install'
[0.161s] Level 1:colcon.colcon_core.package_identification:_identify(scripts) by extensions ['colcon_pkg']
[0.161s] Level 1:colcon.colcon_core.package_identification:_identify(scripts) by extension 'colcon_pkg'
[0.161s] Level 1:colcon.colcon_core.package_identification:_identify(scripts) by extensions ['colcon_meta']
[0.161s] Level 1:colcon.colcon_core.package_identification:_identify(scripts) by extension 'colcon_meta'
[0.161s] Level 1:colcon.colcon_core.package_identification:_identify(scripts) by extensions ['ros']
[0.161s] Level 1:colcon.colcon_core.package_identification:_identify(scripts) by extension 'ros'
[0.161s] Level 1:colcon.colcon_core.package_identification:_identify(scripts) by extensions ['cmake', 'python']
[0.161s] Level 1:colcon.colcon_core.package_identification:_identify(scripts) by extension 'cmake'
[0.161s] Level 1:colcon.colcon_core.package_identification:_identify(scripts) by extension 'python'
[0.161s] Level 1:colcon.colcon_core.package_identification:_identify(scripts) by extensions ['python_setup_py']
[0.161s] Level 1:colcon.colcon_core.package_identification:_identify(scripts) by extension 'python_setup_py'
[0.161s] Level 1:colcon.colcon_core.package_identification:_identify(src) by extensions ['ignore', 'ignore_ament_install']
[0.161s] Level 1:colcon.colcon_core.package_identification:_identify(src) by extension 'ignore'
[0.161s] Level 1:colcon.colcon_core.package_identification:_identify(src) by extension 'ignore_ament_install'
[0.161s] Level 1:colcon.colcon_core.package_identification:_identify(src) by extensions ['colcon_pkg']
[0.161s] Level 1:colcon.colcon_core.package_identification:_identify(src) by extension 'colcon_pkg'
[0.161s] Level 1:colcon.colcon_core.package_identification:_identify(src) by extensions ['colcon_meta']
[0.161s] Level 1:colcon.colcon_core.package_identification:_identify(src) by extension 'colcon_meta'
[0.161s] Level 1:colcon.colcon_core.package_identification:_identify(src) by extensions ['ros']
[0.161s] Level 1:colcon.colcon_core.package_identification:_identify(src) by extension 'ros'
[0.161s] Level 1:colcon.colcon_core.package_identification:_identify(src) by extensions ['cmake', 'python']
[0.162s] Level 1:colcon.colcon_core.package_identification:_identify(src) by extension 'cmake'
[0.162s] Level 1:colcon.colcon_core.package_identification:_identify(src) by extension 'python'
[0.162s] Level 1:colcon.colcon_core.package_identification:_identify(src) by extensions ['python_setup_py']
[0.162s] Level 1:colcon.colcon_core.package_identification:_identify(src) by extension 'python_setup_py'
[0.162s] Level 1:colcon.colcon_core.package_identification:_identify(src/axbot_description) by extensions ['ignore', 'ignore_ament_install']
[0.162s] Level 1:colcon.colcon_core.package_identification:_identify(src/axbot_description) by extension 'ignore'
[0.162s] Level 1:colcon.colcon_core.package_identification:_identify(src/axbot_description) by extension 'ignore_ament_install'
[0.162s] Level 1:colcon.colcon_core.package_identification:_identify(src/axbot_description) by extensions ['colcon_pkg']
[0.162s] Level 1:colcon.colcon_core.package_identification:_identify(src/axbot_description) by extension 'colcon_pkg'
[0.162s] Level 1:colcon.colcon_core.package_identification:_identify(src/axbot_description) by extensions ['colcon_meta']
[0.162s] Level 1:colcon.colcon_core.package_identification:_identify(src/axbot_description) by extension 'colcon_meta'
[0.162s] Level 1:colcon.colcon_core.package_identification:_identify(src/axbot_description) by extensions ['ros']
[0.162s] Level 1:colcon.colcon_core.package_identification:_identify(src/axbot_description) by extension 'ros'
[0.164s] DEBUG:colcon.colcon_core.package_identification:Package 'src/axbot_description' with type 'ros.ament_cmake' and name 'axbot_description'
[0.164s] Level 1:colcon.colcon_core.package_identification:_identify(src/axbot_driver) by extensions ['ignore', 'ignore_ament_install']
[0.164s] Level 1:colcon.colcon_core.package_identification:_identify(src/axbot_driver) by extension 'ignore'
[0.164s] Level 1:colcon.colcon_core.package_identification:_identify(src/axbot_driver) by extension 'ignore_ament_install'
[0.164s] Level 1:colcon.colcon_core.package_identification:_identify(src/axbot_driver) by extensions ['colcon_pkg']
[0.164s] Level 1:colcon.colcon_core.package_identification:_identify(src/axbot_driver) by extension 'colcon_pkg'
[0.164s] Level 1:colcon.colcon_core.package_identification:_identify(src/axbot_driver) by extensions ['colcon_meta']
[0.164s] Level 1:colcon.colcon_core.package_identification:_identify(src/axbot_driver) by extension 'colcon_meta'
[0.164s] Level 1:colcon.colcon_core.package_identification:_identify(src/axbot_driver) by extensions ['ros']
[0.164s] Level 1:colcon.colcon_core.package_identification:_identify(src/axbot_driver) by extension 'ros'
[0.165s] DEBUG:colcon.colcon_core.package_identification:Package 'src/axbot_driver' with type 'ros.ament_python' and name 'axbot_driver'
[0.165s] Level 1:colcon.colcon_core.package_identification:_identify(src/axbot_examples) by extensions ['ignore', 'ignore_ament_install']
[0.165s] Level 1:colcon.colcon_core.package_identification:_identify(src/axbot_examples) by extension 'ignore'
[0.165s] Level 1:colcon.colcon_core.package_identification:_identify(src/axbot_examples) by extension 'ignore_ament_install'
[0.165s] Level 1:colcon.colcon_core.package_identification:_identify(src/axbot_examples) by extensions ['colcon_pkg']
[0.165s] Level 1:colcon.colcon_core.package_identification:_identify(src/axbot_examples) by extension 'colcon_pkg'
[0.165s] Level 1:colcon.colcon_core.package_identification:_identify(src/axbot_examples) by extensions ['colcon_meta']
[0.165s] Level 1:colcon.colcon_core.package_identification:_identify(src/axbot_examples) by extension 'colcon_meta'
[0.165s] Level 1:colcon.colcon_core.package_identification:_identify(src/axbot_examples) by extensions ['ros']
[0.165s] Level 1:colcon.colcon_core.package_identification:_identify(src/axbot_examples) by extension 'ros'
[0.166s] DEBUG:colcon.colcon_core.package_identification:Package 'src/axbot_examples' with type 'ros.ament_python' and name 'axbot_examples'
[0.166s] Level 1:colcon.colcon_core.package_identification:_identify(src/axbot_interfaces) by extensions ['ignore', 'ignore_ament_install']
[0.166s] Level 1:colcon.colcon_core.package_identification:_identify(src/axbot_interfaces) by extension 'ignore'
[0.166s] Level 1:colcon.colcon_core.package_identification:_identify(src/axbot_interfaces) by extension 'ignore_ament_install'
[0.166s] Level 1:colcon.colcon_core.package_identification:_identify(src/axbot_interfaces) by extensions ['colcon_pkg']
[0.166s] Level 1:colcon.colcon_core.package_identification:_identify(src/axbot_interfaces) by extension 'colcon_pkg'
[0.166s] Level 1:colcon.colcon_core.package_identification:_identify(src/axbot_interfaces) by extensions ['colcon_meta']
[0.166s] Level 1:colcon.colcon_core.package_identification:_identify(src/axbot_interfaces) by extension 'colcon_meta'
[0.166s] Level 1:colcon.colcon_core.package_identification:_identify(src/axbot_interfaces) by extensions ['ros']
[0.166s] Level 1:colcon.colcon_core.package_identification:_identify(src/axbot_interfaces) by extension 'ros'
[0.167s] DEBUG:colcon.colcon_core.package_identification:Package 'src/axbot_interfaces' with type 'ros.ament_cmake' and name 'axbot_interfaces'
[0.167s] Level 1:colcon.colcon_core.package_identification:_identify(src/axbot_navigation) by extensions ['ignore', 'ignore_ament_install']
[0.167s] Level 1:colcon.colcon_core.package_identification:_identify(src/axbot_navigation) by extension 'ignore'
[0.167s] Level 1:colcon.colcon_core.package_identification:_identify(src/axbot_navigation) by extension 'ignore_ament_install'
[0.167s] Level 1:colcon.colcon_core.package_identification:_identify(src/axbot_navigation) by extensions ['colcon_pkg']
[0.167s] Level 1:colcon.colcon_core.package_identification:_identify(src/axbot_navigation) by extension 'colcon_pkg'
[0.167s] Level 1:colcon.colcon_core.package_identification:_identify(src/axbot_navigation) by extensions ['colcon_meta']
[0.167s] Level 1:colcon.colcon_core.package_identification:_identify(src/axbot_navigation) by extension 'colcon_meta'
[0.167s] Level 1:colcon.colcon_core.package_identification:_identify(src/axbot_navigation) by extensions ['ros']
[0.167s] Level 1:colcon.colcon_core.package_identification:_identify(src/axbot_navigation) by extension 'ros'
[0.167s] DEBUG:colcon.colcon_core.package_identification:Package 'src/axbot_navigation' with type 'ros.ament_cmake' and name 'axbot_navigation'
[0.168s] Level 1:colcon.colcon_core.package_identification:_identify(src/pc2_listener) by extensions ['ignore', 'ignore_ament_install']
[0.168s] Level 1:colcon.colcon_core.package_identification:_identify(src/pc2_listener) by extension 'ignore'
[0.168s] Level 1:colcon.colcon_core.package_identification:_identify(src/pc2_listener) by extension 'ignore_ament_install'
[0.168s] Level 1:colcon.colcon_core.package_identification:_identify(src/pc2_listener) by extensions ['colcon_pkg']
[0.168s] Level 1:colcon.colcon_core.package_identification:_identify(src/pc2_listener) by extension 'colcon_pkg'
[0.168s] Level 1:colcon.colcon_core.package_identification:_identify(src/pc2_listener) by extensions ['colcon_meta']
[0.168s] Level 1:colcon.colcon_core.package_identification:_identify(src/pc2_listener) by extension 'colcon_meta'
[0.168s] Level 1:colcon.colcon_core.package_identification:_identify(src/pc2_listener) by extensions ['ros']
[0.168s] Level 1:colcon.colcon_core.package_identification:_identify(src/pc2_listener) by extension 'ros'
[0.168s] DEBUG:colcon.colcon_core.package_identification:Package 'src/pc2_listener' with type 'ros.ament_python' and name 'pc2_listener'
[0.168s] Level 1:colcon.colcon_core.package_discovery:discover_packages(recursive) using defaults
[0.168s] Level 1:colcon.colcon_core.package_discovery:discover_packages(ignore) discover
[0.168s] Level 1:colcon.colcon_core.package_discovery:discover_packages(ignore) using defaults
[0.168s] Level 1:colcon.colcon_core.package_discovery:discover_packages(path) discover
[0.168s] Level 1:colcon.colcon_core.package_discovery:discover_packages(path) using defaults
[0.184s] Level 1:colcon.colcon_core.package_discovery:discover_packages(prefix_path) check parameters
[0.184s] Level 1:colcon.colcon_core.package_discovery:discover_packages(prefix_path) discover
[0.185s] WARNING:colcon.colcon_ros.prefix_path.ament:The path '/media/roboserver/DATA/axbot_ws/install/pc2_listener' in the environment variable AMENT_PREFIX_PATH doesn't exist
[0.185s] WARNING:colcon.colcon_ros.prefix_path.ament:The path '/media/roboserver/DATA/axbot_ws/install/axbot_navigation' in the environment variable AMENT_PREFIX_PATH doesn't exist
[0.185s] WARNING:colcon.colcon_ros.prefix_path.ament:The path '/media/roboserver/DATA/axbot_ws/install/axbot_examples' in the environment variable AMENT_PREFIX_PATH doesn't exist
[0.185s] WARNING:colcon.colcon_ros.prefix_path.ament:The path '/media/roboserver/DATA/axbot_ws/install/axbot_driver' in the environment variable AMENT_PREFIX_PATH doesn't exist
[0.185s] WARNING:colcon.colcon_ros.prefix_path.ament:The path '/media/roboserver/DATA/axbot_ws/install/axbot_interfaces' in the environment variable AMENT_PREFIX_PATH doesn't exist
[0.185s] WARNING:colcon.colcon_ros.prefix_path.ament:The path '/media/roboserver/DATA/axbot_ws/install/axbot_description' in the environment variable AMENT_PREFIX_PATH doesn't exist
[0.186s] WARNING:colcon.colcon_ros.prefix_path.catkin:The path '/media/roboserver/DATA/axbot_ws/install/axbot_navigation' in the environment variable CMAKE_PREFIX_PATH doesn't exist
[0.186s] WARNING:colcon.colcon_ros.prefix_path.catkin:The path '/media/roboserver/DATA/axbot_ws/install/axbot_interfaces' in the environment variable CMAKE_PREFIX_PATH doesn't exist
[0.186s] WARNING:colcon.colcon_ros.prefix_path.catkin:The path '/media/roboserver/DATA/axbot_ws/install/axbot_description' in the environment variable CMAKE_PREFIX_PATH doesn't exist
[0.186s] DEBUG:colcon.colcon_installed_package_information.package_discovery:Found 0 installed packages in /media/roboserver/DATA/axbot_ws/install
[0.187s] DEBUG:colcon.colcon_installed_package_information.package_discovery:Found 3 installed packages in /media/roboserver/DATA/autox_ws/install
[0.189s] DEBUG:colcon.colcon_installed_package_information.package_discovery:Found 426 installed packages in /opt/ros/jazzy
[0.191s] Level 1:colcon.colcon_core.package_discovery:discover_packages(prefix_path) using defaults
[0.257s] Level 5:colcon.colcon_core.verb:set package 'axbot_description' build argument 'cmake_args' from command line to 'None'
[0.257s] Level 5:colcon.colcon_core.verb:set package 'axbot_description' build argument 'cmake_target' from command line to 'None'
[0.257s] Level 5:colcon.colcon_core.verb:set package 'axbot_description' build argument 'cmake_target_skip_unavailable' from command line to 'False'
[0.257s] Level 5:colcon.colcon_core.verb:set package 'axbot_description' build argument 'cmake_clean_cache' from command line to 'False'
[0.257s] Level 5:colcon.colcon_core.verb:set package 'axbot_description' build argument 'cmake_clean_first' from command line to 'False'
[0.257s] Level 5:colcon.colcon_core.verb:set package 'axbot_description' build argument 'cmake_force_configure' from command line to 'False'
[0.257s] Level 5:colcon.colcon_core.verb:set package 'axbot_description' build argument 'ament_cmake_args' from command line to 'None'
[0.257s] Level 5:colcon.colcon_core.verb:set package 'axbot_description' build argument 'catkin_cmake_args' from command line to 'None'
[0.257s] Level 5:colcon.colcon_core.verb:set package 'axbot_description' build argument 'catkin_skip_building_tests' from command line to 'False'
[0.257s] DEBUG:colcon.colcon_core.verb:Building package 'axbot_description' with the following arguments: {'ament_cmake_args': None, 'build_base': '/media/roboserver/DATA/axbot_ws/build/axbot_description', 'catkin_cmake_args': None, 'catkin_skip_building_tests': False, 'cmake_args': None, 'cmake_clean_cache': False, 'cmake_clean_first': False, 'cmake_force_configure': False, 'cmake_target': None, 'cmake_target_skip_unavailable': False, 'install_base': '/media/roboserver/DATA/axbot_ws/install/axbot_description', 'merge_install': False, 'path': '/media/roboserver/DATA/axbot_ws/src/axbot_description', 'symlink_install': False, 'test_result_base': None}
[0.258s] Level 5:colcon.colcon_core.verb:set package 'axbot_interfaces' build argument 'cmake_args' from command line to 'None'
[0.258s] Level 5:colcon.colcon_core.verb:set package 'axbot_interfaces' build argument 'cmake_target' from command line to 'None'
[0.258s] Level 5:colcon.colcon_core.verb:set package 'axbot_interfaces' build argument 'cmake_target_skip_unavailable' from command line to 'False'
[0.258s] Level 5:colcon.colcon_core.verb:set package 'axbot_interfaces' build argument 'cmake_clean_cache' from command line to 'False'
[0.258s] Level 5:colcon.colcon_core.verb:set package 'axbot_interfaces' build argument 'cmake_clean_first' from command line to 'False'
[0.258s] Level 5:colcon.colcon_core.verb:set package 'axbot_interfaces' build argument 'cmake_force_configure' from command line to 'False'
[0.258s] Level 5:colcon.colcon_core.verb:set package 'axbot_interfaces' build argument 'ament_cmake_args' from command line to 'None'
[0.258s] Level 5:colcon.colcon_core.verb:set package 'axbot_interfaces' build argument 'catkin_cmake_args' from command line to 'None'
[0.258s] Level 5:colcon.colcon_core.verb:set package 'axbot_interfaces' build argument 'catkin_skip_building_tests' from command line to 'False'
[0.258s] DEBUG:colcon.colcon_core.verb:Building package 'axbot_interfaces' with the following arguments: {'ament_cmake_args': None, 'build_base': '/media/roboserver/DATA/axbot_ws/build/axbot_interfaces', 'catkin_cmake_args': None, 'catkin_skip_building_tests': False, 'cmake_args': None, 'cmake_clean_cache': False, 'cmake_clean_first': False, 'cmake_force_configure': False, 'cmake_target': None, 'cmake_target_skip_unavailable': False, 'install_base': '/media/roboserver/DATA/axbot_ws/install/axbot_interfaces', 'merge_install': False, 'path': '/media/roboserver/DATA/axbot_ws/src/axbot_interfaces', 'symlink_install': False, 'test_result_base': None}
[0.258s] Level 5:colcon.colcon_core.verb:set package 'axbot_navigation' build argument 'cmake_args' from command line to 'None'
[0.258s] Level 5:colcon.colcon_core.verb:set package 'axbot_navigation' build argument 'cmake_target' from command line to 'None'
[0.258s] Level 5:colcon.colcon_core.verb:set package 'axbot_navigation' build argument 'cmake_target_skip_unavailable' from command line to 'False'
[0.258s] Level 5:colcon.colcon_core.verb:set package 'axbot_navigation' build argument 'cmake_clean_cache' from command line to 'False'
[0.258s] Level 5:colcon.colcon_core.verb:set package 'axbot_navigation' build argument 'cmake_clean_first' from command line to 'False'
[0.258s] Level 5:colcon.colcon_core.verb:set package 'axbot_navigation' build argument 'cmake_force_configure' from command line to 'False'
[0.258s] Level 5:colcon.colcon_core.verb:set package 'axbot_navigation' build argument 'ament_cmake_args' from command line to 'None'
[0.258s] Level 5:colcon.colcon_core.verb:set package 'axbot_navigation' build argument 'catkin_cmake_args' from command line to 'None'
[0.258s] Level 5:colcon.colcon_core.verb:set package 'axbot_navigation' build argument 'catkin_skip_building_tests' from command line to 'False'
[0.258s] DEBUG:colcon.colcon_core.verb:Building package 'axbot_navigation' with the following arguments: {'ament_cmake_args': None, 'build_base': '/media/roboserver/DATA/axbot_ws/build/axbot_navigation', 'catkin_cmake_args': None, 'catkin_skip_building_tests': False, 'cmake_args': None, 'cmake_clean_cache': False, 'cmake_clean_first': False, 'cmake_force_configure': False, 'cmake_target': None, 'cmake_target_skip_unavailable': False, 'install_base': '/media/roboserver/DATA/axbot_ws/install/axbot_navigation', 'merge_install': False, 'path': '/media/roboserver/DATA/axbot_ws/src/axbot_navigation', 'symlink_install': False, 'test_result_base': None}
[0.259s] Level 5:colcon.colcon_core.verb:set package 'pc2_listener' build argument 'cmake_args' from command line to 'None'
[0.259s] Level 5:colcon.colcon_core.verb:set package 'pc2_listener' build argument 'cmake_target' from command line to 'None'
[0.259s] Level 5:colcon.colcon_core.verb:set package 'pc2_listener' build argument 'cmake_target_skip_unavailable' from command line to 'False'
[0.259s] Level 5:colcon.colcon_core.verb:set package 'pc2_listener' build argument 'cmake_clean_cache' from command line to 'False'
[0.259s] Level 5:colcon.colcon_core.verb:set package 'pc2_listener' build argument 'cmake_clean_first' from command line to 'False'
[0.259s] Level 5:colcon.colcon_core.verb:set package 'pc2_listener' build argument 'cmake_force_configure' from command line to 'False'
[0.259s] Level 5:colcon.colcon_core.verb:set package 'pc2_listener' build argument 'ament_cmake_args' from command line to 'None'
[0.259s] Level 5:colcon.colcon_core.verb:set package 'pc2_listener' build argument 'catkin_cmake_args' from command line to 'None'
[0.259s] Level 5:colcon.colcon_core.verb:set package 'pc2_listener' build argument 'catkin_skip_building_tests' from command line to 'False'
[0.259s] DEBUG:colcon.colcon_core.verb:Building package 'pc2_listener' with the following arguments: {'ament_cmake_args': None, 'build_base': '/media/roboserver/DATA/axbot_ws/build/pc2_listener', 'catkin_cmake_args': None, 'catkin_skip_building_tests': False, 'cmake_args': None, 'cmake_clean_cache': False, 'cmake_clean_first': False, 'cmake_force_configure': False, 'cmake_target': None, 'cmake_target_skip_unavailable': False, 'install_base': '/media/roboserver/DATA/axbot_ws/install/pc2_listener', 'merge_install': False, 'path': '/media/roboserver/DATA/axbot_ws/src/pc2_listener', 'symlink_install': False, 'test_result_base': None}
[0.259s] Level 5:colcon.colcon_core.verb:set package 'axbot_driver' build argument 'cmake_args' from command line to 'None'
[0.259s] Level 5:colcon.colcon_core.verb:set package 'axbot_driver' build argument 'cmake_target' from command line to 'None'
[0.259s] Level 5:colcon.colcon_core.verb:set package 'axbot_driver' build argument 'cmake_target_skip_unavailable' from command line to 'False'
[0.259s] Level 5:colcon.colcon_core.verb:set package 'axbot_driver' build argument 'cmake_clean_cache' from command line to 'False'
[0.259s] Level 5:colcon.colcon_core.verb:set package 'axbot_driver' build argument 'cmake_clean_first' from command line to 'False'
[0.259s] Level 5:colcon.colcon_core.verb:set package 'axbot_driver' build argument 'cmake_force_configure' from command line to 'False'
[0.259s] Level 5:colcon.colcon_core.verb:set package 'axbot_driver' build argument 'ament_cmake_args' from command line to 'None'
[0.259s] Level 5:colcon.colcon_core.verb:set package 'axbot_driver' build argument 'catkin_cmake_args' from command line to 'None'
[0.259s] Level 5:colcon.colcon_core.verb:set package 'axbot_driver' build argument 'catkin_skip_building_tests' from command line to 'False'
[0.259s] DEBUG:colcon.colcon_core.verb:Building package 'axbot_driver' with the following arguments: {'ament_cmake_args': None, 'build_base': '/media/roboserver/DATA/axbot_ws/build/axbot_driver', 'catkin_cmake_args': None, 'catkin_skip_building_tests': False, 'cmake_args': None, 'cmake_clean_cache': False, 'cmake_clean_first': False, 'cmake_force_configure': False, 'cmake_target': None, 'cmake_target_skip_unavailable': False, 'install_base': '/media/roboserver/DATA/axbot_ws/install/axbot_driver', 'merge_install': False, 'path': '/media/roboserver/DATA/axbot_ws/src/axbot_driver', 'symlink_install': False, 'test_result_base': None}
[0.259s] Level 5:colcon.colcon_core.verb:set package 'axbot_examples' build argument 'cmake_args' from command line to 'None'
[0.259s] Level 5:colcon.colcon_core.verb:set package 'axbot_examples' build argument 'cmake_target' from command line to 'None'
[0.260s] Level 5:colcon.colcon_core.verb:set package 'axbot_examples' build argument 'cmake_target_skip_unavailable' from command line to 'False'
[0.260s] Level 5:colcon.colcon_core.verb:set package 'axbot_examples' build argument 'cmake_clean_cache' from command line to 'False'
[0.260s] Level 5:colcon.colcon_core.verb:set package 'axbot_examples' build argument 'cmake_clean_first' from command line to 'False'
[0.260s] Level 5:colcon.colcon_core.verb:set package 'axbot_examples' build argument 'cmake_force_configure' from command line to 'False'
[0.260s] Level 5:colcon.colcon_core.verb:set package 'axbot_examples' build argument 'ament_cmake_args' from command line to 'None'
[0.260s] Level 5:colcon.colcon_core.verb:set package 'axbot_examples' build argument 'catkin_cmake_args' from command line to 'None'
[0.260s] Level 5:colcon.colcon_core.verb:set package 'axbot_examples' build argument 'catkin_skip_building_tests' from command line to 'False'
[0.260s] DEBUG:colcon.colcon_core.verb:Building package 'axbot_examples' with the following arguments: {'ament_cmake_args': None, 'build_base': '/media/roboserver/DATA/axbot_ws/build/axbot_examples', 'catkin_cmake_args': None, 'catkin_skip_building_tests': False, 'cmake_args': None, 'cmake_clean_cache': False, 'cmake_clean_first': False, 'cmake_force_configure': False, 'cmake_target': None, 'cmake_target_skip_unavailable': False, 'install_base': '/media/roboserver/DATA/axbot_ws/install/axbot_examples', 'merge_install': False, 'path': '/media/roboserver/DATA/axbot_ws/src/axbot_examples', 'symlink_install': False, 'test_result_base': None}
[0.260s] INFO:colcon.colcon_core.executor:Executing jobs using 'parallel' executor
[0.261s] DEBUG:colcon.colcon_parallel_executor.executor.parallel:run_until_complete
[0.261s] INFO:colcon.colcon_ros.task.ament_cmake.build:Building ROS package in '/media/roboserver/DATA/axbot_ws/src/axbot_interfaces' with build type 'ament_cmake'
[0.261s] INFO:colcon.colcon_cmake.task.cmake.build:Building CMake package in '/media/roboserver/DATA/axbot_ws/src/axbot_interfaces'
[0.264s] INFO:colcon.colcon_core.plugin_system:Skipping extension 'colcon_core.shell.bat': Not used on non-Windows systems
[0.264s] INFO:colcon.colcon_core.shell:Skip shell extension 'powershell' for command environment: Not usable outside of PowerShell
[0.264s] DEBUG:colcon.colcon_core.shell:Skip shell extension 'dsv' for command environment
[0.269s] INFO:colcon.colcon_ros.task.ament_cmake.build:Building ROS package in '/media/roboserver/DATA/axbot_ws/src/axbot_description' with build type 'ament_cmake'
[0.269s] INFO:colcon.colcon_cmake.task.cmake.build:Building CMake package in '/media/roboserver/DATA/axbot_ws/src/axbot_description'
[0.269s] INFO:colcon.colcon_core.shell:Skip shell extension 'powershell' for command environment: Not usable outside of PowerShell
[0.269s] DEBUG:colcon.colcon_core.shell:Skip shell extension 'dsv' for command environment
[0.272s] INFO:colcon.colcon_ros.task.ament_cmake.build:Building ROS package in '/media/roboserver/DATA/axbot_ws/src/axbot_navigation' with build type 'ament_cmake'
[0.273s] INFO:colcon.colcon_cmake.task.cmake.build:Building CMake package in '/media/roboserver/DATA/axbot_ws/src/axbot_navigation'
[0.273s] INFO:colcon.colcon_core.shell:Skip shell extension 'powershell' for command environment: Not usable outside of PowerShell
[0.273s] DEBUG:colcon.colcon_core.shell:Skip shell extension 'dsv' for command environment
[0.277s] INFO:colcon.colcon_ros.task.ament_python.build:Building ROS package in '/media/roboserver/DATA/axbot_ws/src/pc2_listener' with build type 'ament_python'
[0.277s] Level 1:colcon.colcon_core.shell:create_environment_hook('pc2_listener', 'ament_prefix_path')
[0.278s] INFO:colcon.colcon_core.shell:Creating environment hook '/media/roboserver/DATA/axbot_ws/install/pc2_listener/share/pc2_listener/hook/ament_prefix_path.ps1'
[0.278s] INFO:colcon.colcon_core.shell:Creating environment descriptor '/media/roboserver/DATA/axbot_ws/install/pc2_listener/share/pc2_listener/hook/ament_prefix_path.dsv'
[0.279s] INFO:colcon.colcon_core.shell:Creating environment hook '/media/roboserver/DATA/axbot_ws/install/pc2_listener/share/pc2_listener/hook/ament_prefix_path.sh'
[0.279s] INFO:colcon.colcon_core.shell:Skip shell extension 'powershell' for command environment: Not usable outside of PowerShell
[0.279s] DEBUG:colcon.colcon_core.shell:Skip shell extension 'dsv' for command environment
[0.288s] DEBUG:colcon.colcon_core.event_handler.log_command:Invoking command in '/media/roboserver/DATA/axbot_ws/build/axbot_interfaces': CMAKE_PREFIX_PATH=${CMAKE_PREFIX_PATH}:/media/roboserver/DATA/axbot_ws/install/pc2_listener:/media/roboserver/DATA/axbot_ws/install/axbot_examples:/media/roboserver/DATA/axbot_ws/install/axbot_driver:/media/roboserver/DATA/autox_ws/install/fielder_teleop:/media/roboserver/DATA/autox_ws/install/fielder_odometry:/media/roboserver/DATA/autox_ws/install/fielder_navigation:/opt/ros/jazzy DEBUGINFOD_URLS=https://debuginfod.ubuntu.com /usr/bin/cmake /media/roboserver/DATA/axbot_ws/src/axbot_interfaces -DCMAKE_INSTALL_PREFIX=/media/roboserver/DATA/axbot_ws/install/axbot_interfaces
[0.292s] DEBUG:colcon.colcon_core.event_handler.log_command:Invoking command in '/media/roboserver/DATA/axbot_ws/build/axbot_description': CMAKE_PREFIX_PATH=${CMAKE_PREFIX_PATH}:/media/roboserver/DATA/axbot_ws/install/pc2_listener:/media/roboserver/DATA/axbot_ws/install/axbot_examples:/media/roboserver/DATA/axbot_ws/install/axbot_driver:/media/roboserver/DATA/autox_ws/install/fielder_teleop:/media/roboserver/DATA/autox_ws/install/fielder_odometry:/media/roboserver/DATA/autox_ws/install/fielder_navigation:/opt/ros/jazzy DEBUGINFOD_URLS=https://debuginfod.ubuntu.com /usr/bin/cmake /media/roboserver/DATA/axbot_ws/src/axbot_description -DCMAKE_INSTALL_PREFIX=/media/roboserver/DATA/axbot_ws/install/axbot_description
[0.293s] DEBUG:colcon.colcon_core.event_handler.log_command:Invoking command in '/media/roboserver/DATA/axbot_ws/build/axbot_navigation': CMAKE_PREFIX_PATH=${CMAKE_PREFIX_PATH}:/media/roboserver/DATA/axbot_ws/install/pc2_listener:/media/roboserver/DATA/axbot_ws/install/axbot_examples:/media/roboserver/DATA/axbot_ws/install/axbot_driver:/media/roboserver/DATA/autox_ws/install/fielder_teleop:/media/roboserver/DATA/autox_ws/install/fielder_odometry:/media/roboserver/DATA/autox_ws/install/fielder_navigation:/opt/ros/jazzy DEBUGINFOD_URLS=https://debuginfod.ubuntu.com /usr/bin/cmake /media/roboserver/DATA/axbot_ws/src/axbot_navigation -DCMAKE_INSTALL_PREFIX=/media/roboserver/DATA/axbot_ws/install/axbot_navigation
[0.592s] WARNING:colcon.colcon_ros.task.ament_python.build:Package 'pc2_listener' doesn't explicitly install a marker in the package index (colcon-ros currently does it implicitly but that fallback will be removed in the future)
[0.592s] WARNING:colcon.colcon_ros.task.ament_python.build:Package 'pc2_listener' doesn't explicitly install the 'package.xml' file (colcon-ros currently does it implicitly but that fallback will be removed in the future)
[0.593s] INFO:colcon.colcon_core.task.python.build:Building Python package in '/media/roboserver/DATA/axbot_ws/src/pc2_listener'
[0.593s] INFO:colcon.colcon_core.shell:Skip shell extension 'powershell' for command environment: Not usable outside of PowerShell
[0.593s] DEBUG:colcon.colcon_core.shell:Skip shell extension 'dsv' for command environment
[1.103s] DEBUG:colcon.colcon_core.event_handler.log_command:Invoked command in '/media/roboserver/DATA/axbot_ws/build/axbot_navigation' returned '0': CMAKE_PREFIX_PATH=${CMAKE_PREFIX_PATH}:/media/roboserver/DATA/axbot_ws/install/pc2_listener:/media/roboserver/DATA/axbot_ws/install/axbot_examples:/media/roboserver/DATA/axbot_ws/install/axbot_driver:/media/roboserver/DATA/autox_ws/install/fielder_teleop:/media/roboserver/DATA/autox_ws/install/fielder_odometry:/media/roboserver/DATA/autox_ws/install/fielder_navigation:/opt/ros/jazzy DEBUGINFOD_URLS=https://debuginfod.ubuntu.com /usr/bin/cmake /media/roboserver/DATA/axbot_ws/src/axbot_navigation -DCMAKE_INSTALL_PREFIX=/media/roboserver/DATA/axbot_ws/install/axbot_navigation
[1.105s] DEBUG:colcon.colcon_core.event_handler.log_command:Invoking command in '/media/roboserver/DATA/axbot_ws/build/axbot_navigation': CMAKE_PREFIX_PATH=${CMAKE_PREFIX_PATH}:/media/roboserver/DATA/axbot_ws/install/pc2_listener:/media/roboserver/DATA/axbot_ws/install/axbot_examples:/media/roboserver/DATA/axbot_ws/install/axbot_driver:/media/roboserver/DATA/autox_ws/install/fielder_teleop:/media/roboserver/DATA/autox_ws/install/fielder_odometry:/media/roboserver/DATA/autox_ws/install/fielder_navigation:/opt/ros/jazzy DEBUGINFOD_URLS=https://debuginfod.ubuntu.com /usr/bin/cmake --build /media/roboserver/DATA/axbot_ws/build/axbot_navigation -- -j8 -l8
[1.128s] DEBUG:colcon.colcon_core.event_handler.log_command:Invoked command in '/media/roboserver/DATA/axbot_ws/build/axbot_description' returned '0': CMAKE_PREFIX_PATH=${CMAKE_PREFIX_PATH}:/media/roboserver/DATA/axbot_ws/install/pc2_listener:/media/roboserver/DATA/axbot_ws/install/axbot_examples:/media/roboserver/DATA/axbot_ws/install/axbot_driver:/media/roboserver/DATA/autox_ws/install/fielder_teleop:/media/roboserver/DATA/autox_ws/install/fielder_odometry:/media/roboserver/DATA/autox_ws/install/fielder_navigation:/opt/ros/jazzy DEBUGINFOD_URLS=https://debuginfod.ubuntu.com /usr/bin/cmake /media/roboserver/DATA/axbot_ws/src/axbot_description -DCMAKE_INSTALL_PREFIX=/media/roboserver/DATA/axbot_ws/install/axbot_description
[1.129s] DEBUG:colcon.colcon_core.event_handler.log_command:Invoking command in '/media/roboserver/DATA/axbot_ws/build/axbot_description': CMAKE_PREFIX_PATH=${CMAKE_PREFIX_PATH}:/media/roboserver/DATA/axbot_ws/install/pc2_listener:/media/roboserver/DATA/axbot_ws/install/axbot_examples:/media/roboserver/DATA/axbot_ws/install/axbot_driver:/media/roboserver/DATA/autox_ws/install/fielder_teleop:/media/roboserver/DATA/autox_ws/install/fielder_odometry:/media/roboserver/DATA/autox_ws/install/fielder_navigation:/opt/ros/jazzy DEBUGINFOD_URLS=https://debuginfod.ubuntu.com /usr/bin/cmake --build /media/roboserver/DATA/axbot_ws/build/axbot_description -- -j8 -l8
[1.147s] DEBUG:colcon.colcon_core.event_handler.log_command:Invoked command in '/media/roboserver/DATA/axbot_ws/build/axbot_navigation' returned '0': CMAKE_PREFIX_PATH=${CMAKE_PREFIX_PATH}:/media/roboserver/DATA/axbot_ws/install/pc2_listener:/media/roboserver/DATA/axbot_ws/install/axbot_examples:/media/roboserver/DATA/axbot_ws/install/axbot_driver:/media/roboserver/DATA/autox_ws/install/fielder_teleop:/media/roboserver/DATA/autox_ws/install/fielder_odometry:/media/roboserver/DATA/autox_ws/install/fielder_navigation:/opt/ros/jazzy DEBUGINFOD_URLS=https://debuginfod.ubuntu.com /usr/bin/cmake --build /media/roboserver/DATA/axbot_ws/build/axbot_navigation -- -j8 -l8
[1.158s] DEBUG:colcon.colcon_core.event_handler.log_command:Invoking command in '/media/roboserver/DATA/axbot_ws/build/axbot_navigation': CMAKE_PREFIX_PATH=${CMAKE_PREFIX_PATH}:/media/roboserver/DATA/axbot_ws/install/pc2_listener:/media/roboserver/DATA/axbot_ws/install/axbot_examples:/media/roboserver/DATA/axbot_ws/install/axbot_driver:/media/roboserver/DATA/autox_ws/install/fielder_teleop:/media/roboserver/DATA/autox_ws/install/fielder_odometry:/media/roboserver/DATA/autox_ws/install/fielder_navigation:/opt/ros/jazzy DEBUGINFOD_URLS=https://debuginfod.ubuntu.com /usr/bin/cmake --install /media/roboserver/DATA/axbot_ws/build/axbot_navigation
[1.172s] DEBUG:colcon.colcon_core.event_handler.log_command:Invoked command in '/media/roboserver/DATA/axbot_ws/build/axbot_description' returned '0': CMAKE_PREFIX_PATH=${CMAKE_PREFIX_PATH}:/media/roboserver/DATA/axbot_ws/install/pc2_listener:/media/roboserver/DATA/axbot_ws/install/axbot_examples:/media/roboserver/DATA/axbot_ws/install/axbot_driver:/media/roboserver/DATA/autox_ws/install/fielder_teleop:/media/roboserver/DATA/autox_ws/install/fielder_odometry:/media/roboserver/DATA/autox_ws/install/fielder_navigation:/opt/ros/jazzy DEBUGINFOD_URLS=https://debuginfod.ubuntu.com /usr/bin/cmake --build /media/roboserver/DATA/axbot_ws/build/axbot_description -- -j8 -l8
[1.174s] DEBUG:colcon.colcon_core.event_handler.log_command:Invoking command in '/media/roboserver/DATA/axbot_ws/build/axbot_description': CMAKE_PREFIX_PATH=${CMAKE_PREFIX_PATH}:/media/roboserver/DATA/axbot_ws/install/pc2_listener:/media/roboserver/DATA/axbot_ws/install/axbot_examples:/media/roboserver/DATA/axbot_ws/install/axbot_driver:/media/roboserver/DATA/autox_ws/install/fielder_teleop:/media/roboserver/DATA/autox_ws/install/fielder_odometry:/media/roboserver/DATA/autox_ws/install/fielder_navigation:/opt/ros/jazzy DEBUGINFOD_URLS=https://debuginfod.ubuntu.com /usr/bin/cmake --install /media/roboserver/DATA/axbot_ws/build/axbot_description
[1.174s] Level 1:colcon.colcon_core.environment:create_environment_scripts_only(axbot_navigation)
[1.175s] DEBUG:colcon.colcon_core.event_handler.log_command:Invoked command in '/media/roboserver/DATA/axbot_ws/build/axbot_navigation' returned '0': CMAKE_PREFIX_PATH=${CMAKE_PREFIX_PATH}:/media/roboserver/DATA/axbot_ws/install/pc2_listener:/media/roboserver/DATA/axbot_ws/install/axbot_examples:/media/roboserver/DATA/axbot_ws/install/axbot_driver:/media/roboserver/DATA/autox_ws/install/fielder_teleop:/media/roboserver/DATA/autox_ws/install/fielder_odometry:/media/roboserver/DATA/autox_ws/install/fielder_navigation:/opt/ros/jazzy DEBUGINFOD_URLS=https://debuginfod.ubuntu.com /usr/bin/cmake --install /media/roboserver/DATA/axbot_ws/build/axbot_navigation
[1.178s] Level 1:colcon.colcon_core.environment:checking '/media/roboserver/DATA/axbot_ws/install/axbot_navigation' for CMake module files
[1.179s] Level 1:colcon.colcon_core.environment:checking '/media/roboserver/DATA/axbot_ws/install/axbot_navigation' for CMake config files
[1.179s] Level 1:colcon.colcon_core.shell:create_environment_hook('axbot_navigation', 'cmake_prefix_path')
[1.179s] INFO:colcon.colcon_core.shell:Creating environment hook '/media/roboserver/DATA/axbot_ws/install/axbot_navigation/share/axbot_navigation/hook/cmake_prefix_path.ps1'
[1.180s] INFO:colcon.colcon_core.shell:Creating environment descriptor '/media/roboserver/DATA/axbot_ws/install/axbot_navigation/share/axbot_navigation/hook/cmake_prefix_path.dsv'
[1.180s] INFO:colcon.colcon_core.shell:Creating environment hook '/media/roboserver/DATA/axbot_ws/install/axbot_navigation/share/axbot_navigation/hook/cmake_prefix_path.sh'
[1.181s] Level 1:colcon.colcon_core.environment:checking '/media/roboserver/DATA/axbot_ws/install/axbot_navigation/bin'
[1.181s] Level 1:colcon.colcon_core.environment:checking '/media/roboserver/DATA/axbot_ws/install/axbot_navigation/lib/pkgconfig/axbot_navigation.pc'
[1.181s] Level 1:colcon.colcon_core.environment:checking '/media/roboserver/DATA/axbot_ws/install/axbot_navigation/lib/python3.12/site-packages'
[1.182s] Level 1:colcon.colcon_core.environment:checking '/media/roboserver/DATA/axbot_ws/install/axbot_navigation/bin'
[1.182s] INFO:colcon.colcon_core.shell:Creating package script '/media/roboserver/DATA/axbot_ws/install/axbot_navigation/share/axbot_navigation/package.ps1'
[1.184s] INFO:colcon.colcon_core.shell:Creating package descriptor '/media/roboserver/DATA/axbot_ws/install/axbot_navigation/share/axbot_navigation/package.dsv'
[1.185s] INFO:colcon.colcon_core.shell:Creating package script '/media/roboserver/DATA/axbot_ws/install/axbot_navigation/share/axbot_navigation/package.sh'
[1.186s] INFO:colcon.colcon_core.shell:Creating package script '/media/roboserver/DATA/axbot_ws/install/axbot_navigation/share/axbot_navigation/package.bash'
[1.187s] INFO:colcon.colcon_core.shell:Creating package script '/media/roboserver/DATA/axbot_ws/install/axbot_navigation/share/axbot_navigation/package.zsh'
[1.188s] Level 1:colcon.colcon_core.environment:create_file_with_runtime_dependencies(/media/roboserver/DATA/axbot_ws/install/axbot_navigation/share/colcon-core/packages/axbot_navigation)
[1.189s] Level 1:colcon.colcon_core.environment:create_environment_scripts_only(axbot_navigation)
[1.189s] Level 1:colcon.colcon_core.environment:checking '/media/roboserver/DATA/axbot_ws/install/axbot_navigation' for CMake module files
[1.190s] Level 1:colcon.colcon_core.environment:checking '/media/roboserver/DATA/axbot_ws/install/axbot_navigation' for CMake config files
[1.190s] Level 1:colcon.colcon_core.shell:create_environment_hook('axbot_navigation', 'cmake_prefix_path')
[1.190s] INFO:colcon.colcon_core.shell:Creating environment hook '/media/roboserver/DATA/axbot_ws/install/axbot_navigation/share/axbot_navigation/hook/cmake_prefix_path.ps1'
[1.191s] INFO:colcon.colcon_core.shell:Creating environment descriptor '/media/roboserver/DATA/axbot_ws/install/axbot_navigation/share/axbot_navigation/hook/cmake_prefix_path.dsv'
[1.191s] INFO:colcon.colcon_core.shell:Creating environment hook '/media/roboserver/DATA/axbot_ws/install/axbot_navigation/share/axbot_navigation/hook/cmake_prefix_path.sh'
[1.191s] Level 1:colcon.colcon_core.environment:checking '/media/roboserver/DATA/axbot_ws/install/axbot_navigation/bin'
[1.191s] Level 1:colcon.colcon_core.environment:checking '/media/roboserver/DATA/axbot_ws/install/axbot_navigation/lib/pkgconfig/axbot_navigation.pc'
[1.192s] Level 1:colcon.colcon_core.environment:checking '/media/roboserver/DATA/axbot_ws/install/axbot_navigation/lib/python3.12/site-packages'
[1.192s] Level 1:colcon.colcon_core.environment:checking '/media/roboserver/DATA/axbot_ws/install/axbot_navigation/bin'
[1.193s] INFO:colcon.colcon_core.shell:Creating package script '/media/roboserver/DATA/axbot_ws/install/axbot_navigation/share/axbot_navigation/package.ps1'
[1.193s] INFO:colcon.colcon_core.shell:Creating package descriptor '/media/roboserver/DATA/axbot_ws/install/axbot_navigation/share/axbot_navigation/package.dsv'
[1.194s] INFO:colcon.colcon_core.shell:Creating package script '/media/roboserver/DATA/axbot_ws/install/axbot_navigation/share/axbot_navigation/package.sh'
[1.194s] INFO:colcon.colcon_core.shell:Creating package script '/media/roboserver/DATA/axbot_ws/install/axbot_navigation/share/axbot_navigation/package.bash'
[1.194s] INFO:colcon.colcon_core.shell:Creating package script '/media/roboserver/DATA/axbot_ws/install/axbot_navigation/share/axbot_navigation/package.zsh'
[1.195s] Level 1:colcon.colcon_core.environment:create_file_with_runtime_dependencies(/media/roboserver/DATA/axbot_ws/install/axbot_navigation/share/colcon-core/packages/axbot_navigation)
[1.196s] Level 1:colcon.colcon_core.environment:create_environment_scripts_only(axbot_description)
[1.196s] Level 1:colcon.colcon_core.environment:checking '/media/roboserver/DATA/axbot_ws/install/axbot_description' for CMake module files
[1.196s] DEBUG:colcon.colcon_core.event_handler.log_command:Invoked command in '/media/roboserver/DATA/axbot_ws/build/axbot_description' returned '0': CMAKE_PREFIX_PATH=${CMAKE_PREFIX_PATH}:/media/roboserver/DATA/axbot_ws/install/pc2_listener:/media/roboserver/DATA/axbot_ws/install/axbot_examples:/media/roboserver/DATA/axbot_ws/install/axbot_driver:/media/roboserver/DATA/autox_ws/install/fielder_teleop:/media/roboserver/DATA/autox_ws/install/fielder_odometry:/media/roboserver/DATA/autox_ws/install/fielder_navigation:/opt/ros/jazzy DEBUGINFOD_URLS=https://debuginfod.ubuntu.com /usr/bin/cmake --install /media/roboserver/DATA/axbot_ws/build/axbot_description
[1.197s] Level 1:colcon.colcon_core.environment:checking '/media/roboserver/DATA/axbot_ws/install/axbot_description' for CMake config files
[1.197s] Level 1:colcon.colcon_core.shell:create_environment_hook('axbot_description', 'cmake_prefix_path')
[1.197s] INFO:colcon.colcon_core.shell:Creating environment hook '/media/roboserver/DATA/axbot_ws/install/axbot_description/share/axbot_description/hook/cmake_prefix_path.ps1'
[1.197s] INFO:colcon.colcon_core.shell:Creating environment descriptor '/media/roboserver/DATA/axbot_ws/install/axbot_description/share/axbot_description/hook/cmake_prefix_path.dsv'
[1.198s] INFO:colcon.colcon_core.shell:Creating environment hook '/media/roboserver/DATA/axbot_ws/install/axbot_description/share/axbot_description/hook/cmake_prefix_path.sh'
[1.198s] Level 1:colcon.colcon_core.environment:checking '/media/roboserver/DATA/axbot_ws/install/axbot_description/bin'
[1.198s] Level 1:colcon.colcon_core.environment:checking '/media/roboserver/DATA/axbot_ws/install/axbot_description/lib/pkgconfig/axbot_description.pc'
[1.199s] Level 1:colcon.colcon_core.environment:checking '/media/roboserver/DATA/axbot_ws/install/axbot_description/lib/python3.12/site-packages'
[1.199s] Level 1:colcon.colcon_core.environment:checking '/media/roboserver/DATA/axbot_ws/install/axbot_description/bin'
[1.199s] INFO:colcon.colcon_core.shell:Creating package script '/media/roboserver/DATA/axbot_ws/install/axbot_description/share/axbot_description/package.ps1'
[1.200s] INFO:colcon.colcon_core.shell:Creating package descriptor '/media/roboserver/DATA/axbot_ws/install/axbot_description/share/axbot_description/package.dsv'
[1.200s] INFO:colcon.colcon_core.shell:Creating package script '/media/roboserver/DATA/axbot_ws/install/axbot_description/share/axbot_description/package.sh'
[1.200s] INFO:colcon.colcon_core.shell:Creating package script '/media/roboserver/DATA/axbot_ws/install/axbot_description/share/axbot_description/package.bash'
[1.201s] INFO:colcon.colcon_core.shell:Creating package script '/media/roboserver/DATA/axbot_ws/install/axbot_description/share/axbot_description/package.zsh'
[1.201s] Level 1:colcon.colcon_core.environment:create_file_with_runtime_dependencies(/media/roboserver/DATA/axbot_ws/install/axbot_description/share/colcon-core/packages/axbot_description)
[1.201s] Level 1:colcon.colcon_core.environment:create_environment_scripts_only(axbot_description)
[1.201s] Level 1:colcon.colcon_core.environment:checking '/media/roboserver/DATA/axbot_ws/install/axbot_description' for CMake module files
[1.202s] Level 1:colcon.colcon_core.environment:checking '/media/roboserver/DATA/axbot_ws/install/axbot_description' for CMake config files
[1.202s] Level 1:colcon.colcon_core.shell:create_environment_hook('axbot_description', 'cmake_prefix_path')
[1.202s] INFO:colcon.colcon_core.shell:Creating environment hook '/media/roboserver/DATA/axbot_ws/install/axbot_description/share/axbot_description/hook/cmake_prefix_path.ps1'
[1.203s] INFO:colcon.colcon_core.shell:Creating environment descriptor '/media/roboserver/DATA/axbot_ws/install/axbot_description/share/axbot_description/hook/cmake_prefix_path.dsv'
[1.203s] INFO:colcon.colcon_core.shell:Creating environment hook '/media/roboserver/DATA/axbot_ws/install/axbot_description/share/axbot_description/hook/cmake_prefix_path.sh'
[1.203s] Level 1:colcon.colcon_core.environment:checking '/media/roboserver/DATA/axbot_ws/install/axbot_description/bin'
[1.203s] Level 1:colcon.colcon_core.environment:checking '/media/roboserver/DATA/axbot_ws/install/axbot_description/lib/pkgconfig/axbot_description.pc'
[1.203s] Level 1:colcon.colcon_core.environment:checking '/media/roboserver/DATA/axbot_ws/install/axbot_description/lib/python3.12/site-packages'
[1.204s] Level 1:colcon.colcon_core.environment:checking '/media/roboserver/DATA/axbot_ws/install/axbot_description/bin'
[1.204s] INFO:colcon.colcon_core.shell:Creating package script '/media/roboserver/DATA/axbot_ws/install/axbot_description/share/axbot_description/package.ps1'
[1.204s] INFO:colcon.colcon_core.shell:Creating package descriptor '/media/roboserver/DATA/axbot_ws/install/axbot_description/share/axbot_description/package.dsv'
[1.205s] INFO:colcon.colcon_core.shell:Creating package script '/media/roboserver/DATA/axbot_ws/install/axbot_description/share/axbot_description/package.sh'
[1.205s] INFO:colcon.colcon_core.shell:Creating package script '/media/roboserver/DATA/axbot_ws/install/axbot_description/share/axbot_description/package.bash'
[1.205s] INFO:colcon.colcon_core.shell:Creating package script '/media/roboserver/DATA/axbot_ws/install/axbot_description/share/axbot_description/package.zsh'
[1.206s] Level 1:colcon.colcon_core.environment:create_file_with_runtime_dependencies(/media/roboserver/DATA/axbot_ws/install/axbot_description/share/colcon-core/packages/axbot_description)
[1.400s] DEBUG:colcon.colcon_core.event_handler.log_command:Invoking command in '/media/roboserver/DATA/axbot_ws/src/pc2_listener': DEBUGINFOD_URLS=https://debuginfod.ubuntu.com PYTHONPATH=/media/roboserver/DATA/axbot_ws/build/pc2_listener/prefix_override:/usr/lib/python3/dist-packages/colcon_core/task/python/colcon_distutils_commands:/media/roboserver/DATA/axbot_ws/install/pc2_listener/lib/python3.12/site-packages:${PYTHONPATH} /usr/bin/python3 -W ignore:setup.py install is deprecated -W ignore:easy_install command is deprecated setup.py egg_info --egg-base ../../build/pc2_listener build --build-base /media/roboserver/DATA/axbot_ws/build/pc2_listener/build install --record /media/roboserver/DATA/axbot_ws/build/pc2_listener/install.log --single-version-externally-managed
[2.014s] Level 1:colcon.colcon_core.environment:checking '/media/roboserver/DATA/axbot_ws/install/pc2_listener' for CMake module files
[2.014s] DEBUG:colcon.colcon_core.event_handler.log_command:Invoked command in '/media/roboserver/DATA/axbot_ws/src/pc2_listener' returned '0': DEBUGINFOD_URLS=https://debuginfod.ubuntu.com PYTHONPATH=/media/roboserver/DATA/axbot_ws/build/pc2_listener/prefix_override:/usr/lib/python3/dist-packages/colcon_core/task/python/colcon_distutils_commands:/media/roboserver/DATA/axbot_ws/install/pc2_listener/lib/python3.12/site-packages:${PYTHONPATH} /usr/bin/python3 -W ignore:setup.py install is deprecated -W ignore:easy_install command is deprecated setup.py egg_info --egg-base ../../build/pc2_listener build --build-base /media/roboserver/DATA/axbot_ws/build/pc2_listener/build install --record /media/roboserver/DATA/axbot_ws/build/pc2_listener/install.log --single-version-externally-managed
[2.015s] Level 1:colcon.colcon_core.environment:checking '/media/roboserver/DATA/axbot_ws/install/pc2_listener' for CMake config files
[2.015s] Level 1:colcon.colcon_core.environment:checking '/media/roboserver/DATA/axbot_ws/install/pc2_listener/lib'
[2.015s] Level 1:colcon.colcon_core.environment:checking '/media/roboserver/DATA/axbot_ws/install/pc2_listener/bin'
[2.015s] Level 1:colcon.colcon_core.environment:checking '/media/roboserver/DATA/axbot_ws/install/pc2_listener/lib/pkgconfig/pc2_listener.pc'
[2.015s] Level 1:colcon.colcon_core.environment:checking '/media/roboserver/DATA/axbot_ws/install/pc2_listener/lib/python3.12/site-packages'
[2.016s] Level 1:colcon.colcon_core.shell:create_environment_hook('pc2_listener', 'pythonpath')
[2.016s] INFO:colcon.colcon_core.shell:Creating environment hook '/media/roboserver/DATA/axbot_ws/install/pc2_listener/share/pc2_listener/hook/pythonpath.ps1'
[2.016s] INFO:colcon.colcon_core.shell:Creating environment descriptor '/media/roboserver/DATA/axbot_ws/install/pc2_listener/share/pc2_listener/hook/pythonpath.dsv'
[2.016s] INFO:colcon.colcon_core.shell:Creating environment hook '/media/roboserver/DATA/axbot_ws/install/pc2_listener/share/pc2_listener/hook/pythonpath.sh'
[2.017s] Level 1:colcon.colcon_core.environment:checking '/media/roboserver/DATA/axbot_ws/install/pc2_listener/bin'
[2.017s] Level 1:colcon.colcon_core.environment:create_environment_scripts_only(pc2_listener)
[2.017s] INFO:colcon.colcon_core.shell:Creating package script '/media/roboserver/DATA/axbot_ws/install/pc2_listener/share/pc2_listener/package.ps1'
[2.017s] INFO:colcon.colcon_core.shell:Creating package descriptor '/media/roboserver/DATA/axbot_ws/install/pc2_listener/share/pc2_listener/package.dsv'
[2.018s] INFO:colcon.colcon_core.shell:Creating package script '/media/roboserver/DATA/axbot_ws/install/pc2_listener/share/pc2_listener/package.sh'
[2.018s] INFO:colcon.colcon_core.shell:Creating package script '/media/roboserver/DATA/axbot_ws/install/pc2_listener/share/pc2_listener/package.bash'
[2.018s] INFO:colcon.colcon_core.shell:Creating package script '/media/roboserver/DATA/axbot_ws/install/pc2_listener/share/pc2_listener/package.zsh'
[2.019s] Level 1:colcon.colcon_core.environment:create_file_with_runtime_dependencies(/media/roboserver/DATA/axbot_ws/install/pc2_listener/share/colcon-core/packages/pc2_listener)
[3.943s] DEBUG:colcon.colcon_core.event_handler.log_command:Invoked command in '/media/roboserver/DATA/axbot_ws/build/axbot_interfaces' returned '0': CMAKE_PREFIX_PATH=${CMAKE_PREFIX_PATH}:/media/roboserver/DATA/axbot_ws/install/pc2_listener:/media/roboserver/DATA/axbot_ws/install/axbot_examples:/media/roboserver/DATA/axbot_ws/install/axbot_driver:/media/roboserver/DATA/autox_ws/install/fielder_teleop:/media/roboserver/DATA/autox_ws/install/fielder_odometry:/media/roboserver/DATA/autox_ws/install/fielder_navigation:/opt/ros/jazzy DEBUGINFOD_URLS=https://debuginfod.ubuntu.com /usr/bin/cmake /media/roboserver/DATA/axbot_ws/src/axbot_interfaces -DCMAKE_INSTALL_PREFIX=/media/roboserver/DATA/axbot_ws/install/axbot_interfaces
[3.944s] DEBUG:colcon.colcon_core.event_handler.log_command:Invoking command in '/media/roboserver/DATA/axbot_ws/build/axbot_interfaces': CMAKE_PREFIX_PATH=${CMAKE_PREFIX_PATH}:/media/roboserver/DATA/axbot_ws/install/pc2_listener:/media/roboserver/DATA/axbot_ws/install/axbot_examples:/media/roboserver/DATA/axbot_ws/install/axbot_driver:/media/roboserver/DATA/autox_ws/install/fielder_teleop:/media/roboserver/DATA/autox_ws/install/fielder_odometry:/media/roboserver/DATA/autox_ws/install/fielder_navigation:/opt/ros/jazzy DEBUGINFOD_URLS=https://debuginfod.ubuntu.com /usr/bin/cmake --build /media/roboserver/DATA/axbot_ws/build/axbot_interfaces -- -j8 -l8
[12.577s] DEBUG:colcon.colcon_core.event_handler.log_command:Invoked command in '/media/roboserver/DATA/axbot_ws/build/axbot_interfaces' returned '0': CMAKE_PREFIX_PATH=${CMAKE_PREFIX_PATH}:/media/roboserver/DATA/axbot_ws/install/pc2_listener:/media/roboserver/DATA/axbot_ws/install/axbot_examples:/media/roboserver/DATA/axbot_ws/install/axbot_driver:/media/roboserver/DATA/autox_ws/install/fielder_teleop:/media/roboserver/DATA/autox_ws/install/fielder_odometry:/media/roboserver/DATA/autox_ws/install/fielder_navigation:/opt/ros/jazzy DEBUGINFOD_URLS=https://debuginfod.ubuntu.com /usr/bin/cmake --build /media/roboserver/DATA/axbot_ws/build/axbot_interfaces -- -j8 -l8
[12.578s] DEBUG:colcon.colcon_core.event_handler.log_command:Invoking command in '/media/roboserver/DATA/axbot_ws/build/axbot_interfaces': CMAKE_PREFIX_PATH=${CMAKE_PREFIX_PATH}:/media/roboserver/DATA/axbot_ws/install/pc2_listener:/media/roboserver/DATA/axbot_ws/install/axbot_examples:/media/roboserver/DATA/axbot_ws/install/axbot_driver:/media/roboserver/DATA/autox_ws/install/fielder_teleop:/media/roboserver/DATA/autox_ws/install/fielder_odometry:/media/roboserver/DATA/autox_ws/install/fielder_navigation:/opt/ros/jazzy DEBUGINFOD_URLS=https://debuginfod.ubuntu.com /usr/bin/cmake --install /media/roboserver/DATA/axbot_ws/build/axbot_interfaces
[12.682s] Level 1:colcon.colcon_core.environment:create_environment_scripts_only(axbot_interfaces)
[12.682s] Level 1:colcon.colcon_core.environment:checking '/media/roboserver/DATA/axbot_ws/install/axbot_interfaces' for CMake module files
[12.683s] DEBUG:colcon.colcon_core.event_handler.log_command:Invoked command in '/media/roboserver/DATA/axbot_ws/build/axbot_interfaces' returned '0': CMAKE_PREFIX_PATH=${CMAKE_PREFIX_PATH}:/media/roboserver/DATA/axbot_ws/install/pc2_listener:/media/roboserver/DATA/axbot_ws/install/axbot_examples:/media/roboserver/DATA/axbot_ws/install/axbot_driver:/media/roboserver/DATA/autox_ws/install/fielder_teleop:/media/roboserver/DATA/autox_ws/install/fielder_odometry:/media/roboserver/DATA/autox_ws/install/fielder_navigation:/opt/ros/jazzy DEBUGINFOD_URLS=https://debuginfod.ubuntu.com /usr/bin/cmake --install /media/roboserver/DATA/axbot_ws/build/axbot_interfaces
[12.683s] Level 1:colcon.colcon_core.environment:checking '/media/roboserver/DATA/axbot_ws/install/axbot_interfaces' for CMake config files
[12.684s] Level 1:colcon.colcon_core.shell:create_environment_hook('axbot_interfaces', 'cmake_prefix_path')
[12.684s] INFO:colcon.colcon_core.shell:Creating environment hook '/media/roboserver/DATA/axbot_ws/install/axbot_interfaces/share/axbot_interfaces/hook/cmake_prefix_path.ps1'
[12.684s] INFO:colcon.colcon_core.shell:Creating environment descriptor '/media/roboserver/DATA/axbot_ws/install/axbot_interfaces/share/axbot_interfaces/hook/cmake_prefix_path.dsv'
[12.684s] INFO:colcon.colcon_core.shell:Creating environment hook '/media/roboserver/DATA/axbot_ws/install/axbot_interfaces/share/axbot_interfaces/hook/cmake_prefix_path.sh'
[12.685s] Level 1:colcon.colcon_core.environment:checking '/media/roboserver/DATA/axbot_ws/install/axbot_interfaces/lib'
[12.685s] Level 1:colcon.colcon_core.shell:create_environment_hook('axbot_interfaces', 'ld_library_path_lib')
[12.685s] INFO:colcon.colcon_core.shell:Creating environment hook '/media/roboserver/DATA/axbot_ws/install/axbot_interfaces/share/axbot_interfaces/hook/ld_library_path_lib.ps1'
[12.685s] INFO:colcon.colcon_core.shell:Creating environment descriptor '/media/roboserver/DATA/axbot_ws/install/axbot_interfaces/share/axbot_interfaces/hook/ld_library_path_lib.dsv'
[12.686s] INFO:colcon.colcon_core.shell:Creating environment hook '/media/roboserver/DATA/axbot_ws/install/axbot_interfaces/share/axbot_interfaces/hook/ld_library_path_lib.sh'
[12.686s] Level 1:colcon.colcon_core.environment:checking '/media/roboserver/DATA/axbot_ws/install/axbot_interfaces/bin'
[12.686s] Level 1:colcon.colcon_core.environment:checking '/media/roboserver/DATA/axbot_ws/install/axbot_interfaces/lib/pkgconfig/axbot_interfaces.pc'
[12.686s] Level 1:colcon.colcon_core.environment:checking '/media/roboserver/DATA/axbot_ws/install/axbot_interfaces/lib/python3.12/site-packages'
[12.686s] Level 1:colcon.colcon_core.shell:create_environment_hook('axbot_interfaces', 'pythonpath')
[12.686s] INFO:colcon.colcon_core.shell:Creating environment hook '/media/roboserver/DATA/axbot_ws/install/axbot_interfaces/share/axbot_interfaces/hook/pythonpath.ps1'
[12.687s] INFO:colcon.colcon_core.shell:Creating environment descriptor '/media/roboserver/DATA/axbot_ws/install/axbot_interfaces/share/axbot_interfaces/hook/pythonpath.dsv'
[12.687s] INFO:colcon.colcon_core.shell:Creating environment hook '/media/roboserver/DATA/axbot_ws/install/axbot_interfaces/share/axbot_interfaces/hook/pythonpath.sh'
[12.687s] Level 1:colcon.colcon_core.environment:checking '/media/roboserver/DATA/axbot_ws/install/axbot_interfaces/bin'
[12.688s] INFO:colcon.colcon_core.shell:Creating package script '/media/roboserver/DATA/axbot_ws/install/axbot_interfaces/share/axbot_interfaces/package.ps1'
[12.688s] INFO:colcon.colcon_core.shell:Creating package descriptor '/media/roboserver/DATA/axbot_ws/install/axbot_interfaces/share/axbot_interfaces/package.dsv'
[12.688s] INFO:colcon.colcon_core.shell:Creating package script '/media/roboserver/DATA/axbot_ws/install/axbot_interfaces/share/axbot_interfaces/package.sh'
[12.689s] INFO:colcon.colcon_core.shell:Creating package script '/media/roboserver/DATA/axbot_ws/install/axbot_interfaces/share/axbot_interfaces/package.bash'
[12.689s] INFO:colcon.colcon_core.shell:Creating package script '/media/roboserver/DATA/axbot_ws/install/axbot_interfaces/share/axbot_interfaces/package.zsh'
[12.689s] Level 1:colcon.colcon_core.environment:create_file_with_runtime_dependencies(/media/roboserver/DATA/axbot_ws/install/axbot_interfaces/share/colcon-core/packages/axbot_interfaces)
[12.690s] Level 1:colcon.colcon_core.environment:create_environment_scripts_only(axbot_interfaces)
[12.690s] Level 1:colcon.colcon_core.environment:checking '/media/roboserver/DATA/axbot_ws/install/axbot_interfaces' for CMake module files
[12.690s] Level 1:colcon.colcon_core.environment:checking '/media/roboserver/DATA/axbot_ws/install/axbot_interfaces' for CMake config files
[12.691s] Level 1:colcon.colcon_core.shell:create_environment_hook('axbot_interfaces', 'cmake_prefix_path')
[12.691s] INFO:colcon.colcon_core.shell:Creating environment hook '/media/roboserver/DATA/axbot_ws/install/axbot_interfaces/share/axbot_interfaces/hook/cmake_prefix_path.ps1'
[12.691s] INFO:colcon.colcon_core.shell:Creating environment descriptor '/media/roboserver/DATA/axbot_ws/install/axbot_interfaces/share/axbot_interfaces/hook/cmake_prefix_path.dsv'
[12.692s] INFO:colcon.colcon_core.shell:Creating environment hook '/media/roboserver/DATA/axbot_ws/install/axbot_interfaces/share/axbot_interfaces/hook/cmake_prefix_path.sh'
[12.692s] Level 1:colcon.colcon_core.environment:checking '/media/roboserver/DATA/axbot_ws/install/axbot_interfaces/lib'
[12.692s] Level 1:colcon.colcon_core.shell:create_environment_hook('axbot_interfaces', 'ld_library_path_lib')
[12.692s] INFO:colcon.colcon_core.shell:Creating environment hook '/media/roboserver/DATA/axbot_ws/install/axbot_interfaces/share/axbot_interfaces/hook/ld_library_path_lib.ps1'
[12.693s] INFO:colcon.colcon_core.shell:Creating environment descriptor '/media/roboserver/DATA/axbot_ws/install/axbot_interfaces/share/axbot_interfaces/hook/ld_library_path_lib.dsv'
[12.693s] INFO:colcon.colcon_core.shell:Creating environment hook '/media/roboserver/DATA/axbot_ws/install/axbot_interfaces/share/axbot_interfaces/hook/ld_library_path_lib.sh'
[12.693s] Level 1:colcon.colcon_core.environment:checking '/media/roboserver/DATA/axbot_ws/install/axbot_interfaces/bin'
[12.693s] Level 1:colcon.colcon_core.environment:checking '/media/roboserver/DATA/axbot_ws/install/axbot_interfaces/lib/pkgconfig/axbot_interfaces.pc'
[12.693s] Level 1:colcon.colcon_core.environment:checking '/media/roboserver/DATA/axbot_ws/install/axbot_interfaces/lib/python3.12/site-packages'
[12.693s] Level 1:colcon.colcon_core.shell:create_environment_hook('axbot_interfaces', 'pythonpath')
[12.694s] INFO:colcon.colcon_core.shell:Creating environment hook '/media/roboserver/DATA/axbot_ws/install/axbot_interfaces/share/axbot_interfaces/hook/pythonpath.ps1'
[12.694s] INFO:colcon.colcon_core.shell:Creating environment descriptor '/media/roboserver/DATA/axbot_ws/install/axbot_interfaces/share/axbot_interfaces/hook/pythonpath.dsv'
[12.694s] INFO:colcon.colcon_core.shell:Creating environment hook '/media/roboserver/DATA/axbot_ws/install/axbot_interfaces/share/axbot_interfaces/hook/pythonpath.sh'
[12.695s] Level 1:colcon.colcon_core.environment:checking '/media/roboserver/DATA/axbot_ws/install/axbot_interfaces/bin'
[12.695s] INFO:colcon.colcon_core.shell:Creating package script '/media/roboserver/DATA/axbot_ws/install/axbot_interfaces/share/axbot_interfaces/package.ps1'
[12.695s] INFO:colcon.colcon_core.shell:Creating package descriptor '/media/roboserver/DATA/axbot_ws/install/axbot_interfaces/share/axbot_interfaces/package.dsv'
[12.696s] INFO:colcon.colcon_core.shell:Creating package script '/media/roboserver/DATA/axbot_ws/install/axbot_interfaces/share/axbot_interfaces/package.sh'
[12.696s] INFO:colcon.colcon_core.shell:Creating package script '/media/roboserver/DATA/axbot_ws/install/axbot_interfaces/share/axbot_interfaces/package.bash'
[12.696s] INFO:colcon.colcon_core.shell:Creating package script '/media/roboserver/DATA/axbot_ws/install/axbot_interfaces/share/axbot_interfaces/package.zsh'
[12.696s] Level 1:colcon.colcon_core.environment:create_file_with_runtime_dependencies(/media/roboserver/DATA/axbot_ws/install/axbot_interfaces/share/colcon-core/packages/axbot_interfaces)
[12.697s] INFO:colcon.colcon_ros.task.ament_python.build:Building ROS package in '/media/roboserver/DATA/axbot_ws/src/axbot_driver' with build type 'ament_python'
[12.697s] Level 1:colcon.colcon_core.shell:create_environment_hook('axbot_driver', 'ament_prefix_path')
[12.697s] INFO:colcon.colcon_core.shell:Creating environment hook '/media/roboserver/DATA/axbot_ws/install/axbot_driver/share/axbot_driver/hook/ament_prefix_path.ps1'
[12.698s] INFO:colcon.colcon_core.shell:Creating environment descriptor '/media/roboserver/DATA/axbot_ws/install/axbot_driver/share/axbot_driver/hook/ament_prefix_path.dsv'
[12.698s] INFO:colcon.colcon_core.shell:Creating environment hook '/media/roboserver/DATA/axbot_ws/install/axbot_driver/share/axbot_driver/hook/ament_prefix_path.sh'
[12.698s] INFO:colcon.colcon_core.shell:Skip shell extension 'powershell' for command environment: Not usable outside of PowerShell
[12.698s] DEBUG:colcon.colcon_core.shell:Skip shell extension 'dsv' for command environment
[12.705s] INFO:colcon.colcon_ros.task.ament_python.build:Building ROS package in '/media/roboserver/DATA/axbot_ws/src/axbot_examples' with build type 'ament_python'
[12.705s] Level 1:colcon.colcon_core.shell:create_environment_hook('axbot_examples', 'ament_prefix_path')
[12.706s] INFO:colcon.colcon_core.shell:Creating environment hook '/media/roboserver/DATA/axbot_ws/install/axbot_examples/share/axbot_examples/hook/ament_prefix_path.ps1'
[12.706s] INFO:colcon.colcon_core.shell:Creating environment descriptor '/media/roboserver/DATA/axbot_ws/install/axbot_examples/share/axbot_examples/hook/ament_prefix_path.dsv'
[12.707s] INFO:colcon.colcon_core.shell:Creating environment hook '/media/roboserver/DATA/axbot_ws/install/axbot_examples/share/axbot_examples/hook/ament_prefix_path.sh'
[12.708s] INFO:colcon.colcon_core.shell:Skip shell extension 'powershell' for command environment: Not usable outside of PowerShell
[12.709s] DEBUG:colcon.colcon_core.shell:Skip shell extension 'dsv' for command environment
[12.950s] INFO:colcon.colcon_core.task.python.build:Building Python package in '/media/roboserver/DATA/axbot_ws/src/axbot_driver'
[12.950s] INFO:colcon.colcon_core.shell:Skip shell extension 'powershell' for command environment: Not usable outside of PowerShell
[12.950s] DEBUG:colcon.colcon_core.shell:Skip shell extension 'dsv' for command environment
[13.170s] INFO:colcon.colcon_core.task.python.build:Building Python package in '/media/roboserver/DATA/axbot_ws/src/axbot_examples'
[13.170s] INFO:colcon.colcon_core.shell:Skip shell extension 'powershell' for command environment: Not usable outside of PowerShell
[13.170s] DEBUG:colcon.colcon_core.shell:Skip shell extension 'dsv' for command environment
[13.861s] DEBUG:colcon.colcon_core.event_handler.log_command:Invoking command in '/media/roboserver/DATA/axbot_ws/src/axbot_driver': CMAKE_PREFIX_PATH=/media/roboserver/DATA/axbot_ws/install/axbot_interfaces:/media/roboserver/DATA/axbot_ws/install/axbot_navigation:/media/roboserver/DATA/axbot_ws/install/axbot_description:/opt/ros/jazzy/opt/gz_sim_vendor:/opt/ros/jazzy/opt/gz_sensors_vendor:/opt/ros/jazzy/opt/gz_physics_vendor:/opt/ros/jazzy/opt/sdformat_vendor:/opt/ros/jazzy/opt/gz_gui_vendor:/opt/ros/jazzy/opt/gz_transport_vendor:/opt/ros/jazzy/opt/gz_rendering_vendor:/opt/ros/jazzy/opt/gz_plugin_vendor:/opt/ros/jazzy/opt/gz_fuel_tools_vendor:/opt/ros/jazzy/opt/gz_msgs_vendor:/opt/ros/jazzy/opt/gz_common_vendor:/opt/ros/jazzy/opt/gz_math_vendor:/opt/ros/jazzy/opt/gz_utils_vendor:/opt/ros/jazzy/opt/gz_tools_vendor:/opt/ros/jazzy/opt/gz_ogre_next_vendor:/opt/ros/jazzy/opt/gz_dartsim_vendor:/opt/ros/jazzy/opt/gz_cmake_vendor DEBUGINFOD_URLS=https://debuginfod.ubuntu.com PYTHONPATH=/media/roboserver/DATA/axbot_ws/build/axbot_driver/prefix_override:/usr/lib/python3/dist-packages/colcon_core/task/python/colcon_distutils_commands:/media/roboserver/DATA/axbot_ws/install/axbot_driver/lib/python3.12/site-packages:/media/roboserver/DATA/axbot_ws/install/axbot_interfaces/lib/python3.12/site-packages:/media/roboserver/DATA/axbot_ws/install/pc2_listener/lib/python3.12/site-packages:/media/roboserver/DATA/axbot_ws/install/axbot_examples/lib/python3.12/site-packages:/media/roboserver/DATA/axbot_ws/install/axbot_driver/lib/python3.12/site-packages:/media/roboserver/DATA/autox_ws/build/fielder_teleop:/media/roboserver/DATA/autox_ws/install/fielder_teleop/lib/python3.12/site-packages:/media/roboserver/DATA/autox_ws/build/fielder_odometry:/media/roboserver/DATA/autox_ws/install/fielder_odometry/lib/python3.12/site-packages:/media/roboserver/DATA/autox_ws/build/fielder_navigation:/media/roboserver/DATA/autox_ws/install/fielder_navigation/lib/python3.12/site-packages:/opt/ros/jazzy/lib/python3.12/site-packages /usr/bin/python3 -W ignore:setup.py install is deprecated -W ignore:easy_install command is deprecated setup.py egg_info --egg-base ../../build/axbot_driver build --build-base /media/roboserver/DATA/axbot_ws/build/axbot_driver/build install --record /media/roboserver/DATA/axbot_ws/build/axbot_driver/install.log --single-version-externally-managed install_data
[13.863s] DEBUG:colcon.colcon_core.event_handler.log_command:Invoking command in '/media/roboserver/DATA/axbot_ws/src/axbot_examples': CMAKE_PREFIX_PATH=/media/roboserver/DATA/axbot_ws/install/axbot_interfaces:/media/roboserver/DATA/axbot_ws/install/axbot_navigation:/media/roboserver/DATA/axbot_ws/install/axbot_description:/opt/ros/jazzy/opt/gz_sim_vendor:/opt/ros/jazzy/opt/gz_sensors_vendor:/opt/ros/jazzy/opt/gz_physics_vendor:/opt/ros/jazzy/opt/sdformat_vendor:/opt/ros/jazzy/opt/gz_gui_vendor:/opt/ros/jazzy/opt/gz_transport_vendor:/opt/ros/jazzy/opt/gz_rendering_vendor:/opt/ros/jazzy/opt/gz_plugin_vendor:/opt/ros/jazzy/opt/gz_fuel_tools_vendor:/opt/ros/jazzy/opt/gz_msgs_vendor:/opt/ros/jazzy/opt/gz_common_vendor:/opt/ros/jazzy/opt/gz_math_vendor:/opt/ros/jazzy/opt/gz_utils_vendor:/opt/ros/jazzy/opt/gz_tools_vendor:/opt/ros/jazzy/opt/gz_ogre_next_vendor:/opt/ros/jazzy/opt/gz_dartsim_vendor:/opt/ros/jazzy/opt/gz_cmake_vendor DEBUGINFOD_URLS=https://debuginfod.ubuntu.com PYTHONPATH=/media/roboserver/DATA/axbot_ws/build/axbot_examples/prefix_override:/usr/lib/python3/dist-packages/colcon_core/task/python/colcon_distutils_commands:/media/roboserver/DATA/axbot_ws/install/axbot_examples/lib/python3.12/site-packages:/media/roboserver/DATA/axbot_ws/install/axbot_interfaces/lib/python3.12/site-packages:/media/roboserver/DATA/axbot_ws/install/pc2_listener/lib/python3.12/site-packages:/media/roboserver/DATA/axbot_ws/install/axbot_examples/lib/python3.12/site-packages:/media/roboserver/DATA/axbot_ws/install/axbot_driver/lib/python3.12/site-packages:/media/roboserver/DATA/autox_ws/build/fielder_teleop:/media/roboserver/DATA/autox_ws/install/fielder_teleop/lib/python3.12/site-packages:/media/roboserver/DATA/autox_ws/build/fielder_odometry:/media/roboserver/DATA/autox_ws/install/fielder_odometry/lib/python3.12/site-packages:/media/roboserver/DATA/autox_ws/build/fielder_navigation:/media/roboserver/DATA/autox_ws/install/fielder_navigation/lib/python3.12/site-packages:/opt/ros/jazzy/lib/python3.12/site-packages /usr/bin/python3 -W ignore:setup.py install is deprecated -W ignore:easy_install command is deprecated setup.py egg_info --egg-base ../../build/axbot_examples build --build-base /media/roboserver/DATA/axbot_ws/build/axbot_examples/build install --record /media/roboserver/DATA/axbot_ws/build/axbot_examples/install.log --single-version-externally-managed install_data
[14.499s] Level 1:colcon.colcon_core.environment:checking '/media/roboserver/DATA/axbot_ws/install/axbot_examples' for CMake module files
[14.500s] DEBUG:colcon.colcon_core.event_handler.log_command:Invoked command in '/media/roboserver/DATA/axbot_ws/src/axbot_examples' returned '0': CMAKE_PREFIX_PATH=/media/roboserver/DATA/axbot_ws/install/axbot_interfaces:/media/roboserver/DATA/axbot_ws/install/axbot_navigation:/media/roboserver/DATA/axbot_ws/install/axbot_description:/opt/ros/jazzy/opt/gz_sim_vendor:/opt/ros/jazzy/opt/gz_sensors_vendor:/opt/ros/jazzy/opt/gz_physics_vendor:/opt/ros/jazzy/opt/sdformat_vendor:/opt/ros/jazzy/opt/gz_gui_vendor:/opt/ros/jazzy/opt/gz_transport_vendor:/opt/ros/jazzy/opt/gz_rendering_vendor:/opt/ros/jazzy/opt/gz_plugin_vendor:/opt/ros/jazzy/opt/gz_fuel_tools_vendor:/opt/ros/jazzy/opt/gz_msgs_vendor:/opt/ros/jazzy/opt/gz_common_vendor:/opt/ros/jazzy/opt/gz_math_vendor:/opt/ros/jazzy/opt/gz_utils_vendor:/opt/ros/jazzy/opt/gz_tools_vendor:/opt/ros/jazzy/opt/gz_ogre_next_vendor:/opt/ros/jazzy/opt/gz_dartsim_vendor:/opt/ros/jazzy/opt/gz_cmake_vendor DEBUGINFOD_URLS=https://debuginfod.ubuntu.com PYTHONPATH=/media/roboserver/DATA/axbot_ws/build/axbot_examples/prefix_override:/usr/lib/python3/dist-packages/colcon_core/task/python/colcon_distutils_commands:/media/roboserver/DATA/axbot_ws/install/axbot_examples/lib/python3.12/site-packages:/media/roboserver/DATA/axbot_ws/install/axbot_interfaces/lib/python3.12/site-packages:/media/roboserver/DATA/axbot_ws/install/pc2_listener/lib/python3.12/site-packages:/media/roboserver/DATA/axbot_ws/install/axbot_examples/lib/python3.12/site-packages:/media/roboserver/DATA/axbot_ws/install/axbot_driver/lib/python3.12/site-packages:/media/roboserver/DATA/autox_ws/build/fielder_teleop:/media/roboserver/DATA/autox_ws/install/fielder_teleop/lib/python3.12/site-packages:/media/roboserver/DATA/autox_ws/build/fielder_odometry:/media/roboserver/DATA/autox_ws/install/fielder_odometry/lib/python3.12/site-packages:/media/roboserver/DATA/autox_ws/build/fielder_navigation:/media/roboserver/DATA/autox_ws/install/fielder_navigation/lib/python3.12/site-packages:/opt/ros/jazzy/lib/python3.12/site-packages /usr/bin/python3 -W ignore:setup.py install is deprecated -W ignore:easy_install command is deprecated setup.py egg_info --egg-base ../../build/axbot_examples build --build-base /media/roboserver/DATA/axbot_ws/build/axbot_examples/build install --record /media/roboserver/DATA/axbot_ws/build/axbot_examples/install.log --single-version-externally-managed install_data
[14.500s] Level 1:colcon.colcon_core.environment:checking '/media/roboserver/DATA/axbot_ws/install/axbot_examples' for CMake config files
[14.500s] Level 1:colcon.colcon_core.environment:checking '/media/roboserver/DATA/axbot_ws/install/axbot_examples/lib'
[14.500s] Level 1:colcon.colcon_core.environment:checking '/media/roboserver/DATA/axbot_ws/install/axbot_examples/bin'
[14.500s] Level 1:colcon.colcon_core.environment:checking '/media/roboserver/DATA/axbot_ws/install/axbot_examples/lib/pkgconfig/axbot_examples.pc'
[14.501s] Level 1:colcon.colcon_core.environment:checking '/media/roboserver/DATA/axbot_ws/install/axbot_examples/lib/python3.12/site-packages'
[14.501s] Level 1:colcon.colcon_core.shell:create_environment_hook('axbot_examples', 'pythonpath')
[14.501s] INFO:colcon.colcon_core.shell:Creating environment hook '/media/roboserver/DATA/axbot_ws/install/axbot_examples/share/axbot_examples/hook/pythonpath.ps1'
[14.501s] INFO:colcon.colcon_core.shell:Creating environment descriptor '/media/roboserver/DATA/axbot_ws/install/axbot_examples/share/axbot_examples/hook/pythonpath.dsv'
[14.501s] INFO:colcon.colcon_core.shell:Creating environment hook '/media/roboserver/DATA/axbot_ws/install/axbot_examples/share/axbot_examples/hook/pythonpath.sh'
[14.502s] Level 1:colcon.colcon_core.environment:checking '/media/roboserver/DATA/axbot_ws/install/axbot_examples/bin'
[14.502s] Level 1:colcon.colcon_core.environment:create_environment_scripts_only(axbot_examples)
[14.502s] INFO:colcon.colcon_core.shell:Creating package script '/media/roboserver/DATA/axbot_ws/install/axbot_examples/share/axbot_examples/package.ps1'
[14.503s] INFO:colcon.colcon_core.shell:Creating package descriptor '/media/roboserver/DATA/axbot_ws/install/axbot_examples/share/axbot_examples/package.dsv'
[14.503s] INFO:colcon.colcon_core.shell:Creating package script '/media/roboserver/DATA/axbot_ws/install/axbot_examples/share/axbot_examples/package.sh'
[14.503s] INFO:colcon.colcon_core.shell:Creating package script '/media/roboserver/DATA/axbot_ws/install/axbot_examples/share/axbot_examples/package.bash'
[14.504s] INFO:colcon.colcon_core.shell:Creating package script '/media/roboserver/DATA/axbot_ws/install/axbot_examples/share/axbot_examples/package.zsh'
[14.504s] Level 1:colcon.colcon_core.environment:create_file_with_runtime_dependencies(/media/roboserver/DATA/axbot_ws/install/axbot_examples/share/colcon-core/packages/axbot_examples)
[14.505s] Level 1:colcon.colcon_core.environment:checking '/media/roboserver/DATA/axbot_ws/install/axbot_driver' for CMake module files
[14.506s] DEBUG:colcon.colcon_core.event_handler.log_command:Invoked command in '/media/roboserver/DATA/axbot_ws/src/axbot_driver' returned '0': CMAKE_PREFIX_PATH=/media/roboserver/DATA/axbot_ws/install/axbot_interfaces:/media/roboserver/DATA/axbot_ws/install/axbot_navigation:/media/roboserver/DATA/axbot_ws/install/axbot_description:/opt/ros/jazzy/opt/gz_sim_vendor:/opt/ros/jazzy/opt/gz_sensors_vendor:/opt/ros/jazzy/opt/gz_physics_vendor:/opt/ros/jazzy/opt/sdformat_vendor:/opt/ros/jazzy/opt/gz_gui_vendor:/opt/ros/jazzy/opt/gz_transport_vendor:/opt/ros/jazzy/opt/gz_rendering_vendor:/opt/ros/jazzy/opt/gz_plugin_vendor:/opt/ros/jazzy/opt/gz_fuel_tools_vendor:/opt/ros/jazzy/opt/gz_msgs_vendor:/opt/ros/jazzy/opt/gz_common_vendor:/opt/ros/jazzy/opt/gz_math_vendor:/opt/ros/jazzy/opt/gz_utils_vendor:/opt/ros/jazzy/opt/gz_tools_vendor:/opt/ros/jazzy/opt/gz_ogre_next_vendor:/opt/ros/jazzy/opt/gz_dartsim_vendor:/opt/ros/jazzy/opt/gz_cmake_vendor DEBUGINFOD_URLS=https://debuginfod.ubuntu.com PYTHONPATH=/media/roboserver/DATA/axbot_ws/build/axbot_driver/prefix_override:/usr/lib/python3/dist-packages/colcon_core/task/python/colcon_distutils_commands:/media/roboserver/DATA/axbot_ws/install/axbot_driver/lib/python3.12/site-packages:/media/roboserver/DATA/axbot_ws/install/axbot_interfaces/lib/python3.12/site-packages:/media/roboserver/DATA/axbot_ws/install/pc2_listener/lib/python3.12/site-packages:/media/roboserver/DATA/axbot_ws/install/axbot_examples/lib/python3.12/site-packages:/media/roboserver/DATA/axbot_ws/install/axbot_driver/lib/python3.12/site-packages:/media/roboserver/DATA/autox_ws/build/fielder_teleop:/media/roboserver/DATA/autox_ws/install/fielder_teleop/lib/python3.12/site-packages:/media/roboserver/DATA/autox_ws/build/fielder_odometry:/media/roboserver/DATA/autox_ws/install/fielder_odometry/lib/python3.12/site-packages:/media/roboserver/DATA/autox_ws/build/fielder_navigation:/media/roboserver/DATA/autox_ws/install/fielder_navigation/lib/python3.12/site-packages:/opt/ros/jazzy/lib/python3.12/site-packages /usr/bin/python3 -W ignore:setup.py install is deprecated -W ignore:easy_install command is deprecated setup.py egg_info --egg-base ../../build/axbot_driver build --build-base /media/roboserver/DATA/axbot_ws/build/axbot_driver/build install --record /media/roboserver/DATA/axbot_ws/build/axbot_driver/install.log --single-version-externally-managed install_data
[14.506s] Level 1:colcon.colcon_core.environment:checking '/media/roboserver/DATA/axbot_ws/install/axbot_driver' for CMake config files
[14.506s] Level 1:colcon.colcon_core.environment:checking '/media/roboserver/DATA/axbot_ws/install/axbot_driver/lib'
[14.506s] Level 1:colcon.colcon_core.environment:checking '/media/roboserver/DATA/axbot_ws/install/axbot_driver/bin'
[14.506s] Level 1:colcon.colcon_core.environment:checking '/media/roboserver/DATA/axbot_ws/install/axbot_driver/lib/pkgconfig/axbot_driver.pc'
[14.507s] Level 1:colcon.colcon_core.environment:checking '/media/roboserver/DATA/axbot_ws/install/axbot_driver/lib/python3.12/site-packages'
[14.507s] Level 1:colcon.colcon_core.shell:create_environment_hook('axbot_driver', 'pythonpath')
[14.507s] INFO:colcon.colcon_core.shell:Creating environment hook '/media/roboserver/DATA/axbot_ws/install/axbot_driver/share/axbot_driver/hook/pythonpath.ps1'
[14.507s] INFO:colcon.colcon_core.shell:Creating environment descriptor '/media/roboserver/DATA/axbot_ws/install/axbot_driver/share/axbot_driver/hook/pythonpath.dsv'
[14.508s] INFO:colcon.colcon_core.shell:Creating environment hook '/media/roboserver/DATA/axbot_ws/install/axbot_driver/share/axbot_driver/hook/pythonpath.sh'
[14.509s] Level 1:colcon.colcon_core.environment:checking '/media/roboserver/DATA/axbot_ws/install/axbot_driver/bin'
[14.509s] Level 1:colcon.colcon_core.environment:create_environment_scripts_only(axbot_driver)
[14.509s] INFO:colcon.colcon_core.shell:Creating package script '/media/roboserver/DATA/axbot_ws/install/axbot_driver/share/axbot_driver/package.ps1'
[14.509s] INFO:colcon.colcon_core.shell:Creating package descriptor '/media/roboserver/DATA/axbot_ws/install/axbot_driver/share/axbot_driver/package.dsv'
[14.510s] INFO:colcon.colcon_core.shell:Creating package script '/media/roboserver/DATA/axbot_ws/install/axbot_driver/share/axbot_driver/package.sh'
[14.510s] INFO:colcon.colcon_core.shell:Creating package script '/media/roboserver/DATA/axbot_ws/install/axbot_driver/share/axbot_driver/package.bash'
[14.510s] INFO:colcon.colcon_core.shell:Creating package script '/media/roboserver/DATA/axbot_ws/install/axbot_driver/share/axbot_driver/package.zsh'
[14.510s] Level 1:colcon.colcon_core.environment:create_file_with_runtime_dependencies(/media/roboserver/DATA/axbot_ws/install/axbot_driver/share/colcon-core/packages/axbot_driver)
[14.511s] DEBUG:colcon.colcon_parallel_executor.executor.parallel:closing loop
[14.511s] DEBUG:colcon.colcon_parallel_executor.executor.parallel:loop closed
[14.511s] DEBUG:colcon.colcon_parallel_executor.executor.parallel:run_until_complete finished with '0'
[14.511s] DEBUG:colcon.colcon_core.event_reactor:joining thread
[14.517s] INFO:colcon.colcon_core.plugin_system:Skipping extension 'colcon_notification.desktop_notification.terminal_notifier': Not used on non-Darwin systems
[14.517s] INFO:colcon.colcon_core.plugin_system:Skipping extension 'colcon_notification.desktop_notification.win32': Not used on non-Windows systems
[14.517s] INFO:colcon.colcon_notification.desktop_notification:Sending desktop notification using 'notify2'
[14.531s] DEBUG:colcon.colcon_core.event_reactor:joined thread
[14.531s] INFO:colcon.colcon_core.shell:Creating prefix script '/media/roboserver/DATA/axbot_ws/install/local_setup.ps1'
[14.532s] INFO:colcon.colcon_core.shell:Creating prefix util module '/media/roboserver/DATA/axbot_ws/install/_local_setup_util_ps1.py'
[14.533s] INFO:colcon.colcon_core.shell:Creating prefix chain script '/media/roboserver/DATA/axbot_ws/install/setup.ps1'
[14.534s] INFO:colcon.colcon_core.shell:Creating prefix script '/media/roboserver/DATA/axbot_ws/install/local_setup.sh'
[14.534s] INFO:colcon.colcon_core.shell:Creating prefix util module '/media/roboserver/DATA/axbot_ws/install/_local_setup_util_sh.py'
[14.535s] INFO:colcon.colcon_core.shell:Creating prefix chain script '/media/roboserver/DATA/axbot_ws/install/setup.sh'
[14.536s] INFO:colcon.colcon_core.shell:Creating prefix script '/media/roboserver/DATA/axbot_ws/install/local_setup.bash'
[14.537s] INFO:colcon.colcon_core.shell:Creating prefix chain script '/media/roboserver/DATA/axbot_ws/install/setup.bash'
[14.539s] INFO:colcon.colcon_core.shell:Creating prefix script '/media/roboserver/DATA/axbot_ws/install/local_setup.zsh'
[14.539s] INFO:colcon.colcon_core.shell:Creating prefix chain script '/media/roboserver/DATA/axbot_ws/install/setup.zsh'
