[1.201s] Invoking command in '/media/roboserver/DATA/axbot_ws/src/axbot_driver': CMAKE_PREFIX_PATH=/media/roboserver/DATA/axbot_ws/install/axbot_interfaces:/media/roboserver/DATA/axbot_ws/install/axbot_navigation:/media/roboserver/DATA/axbot_ws/install/axbot_description:/opt/ros/jazzy/opt/gz_sim_vendor:/opt/ros/jazzy/opt/gz_sensors_vendor:/opt/ros/jazzy/opt/gz_physics_vendor:/opt/ros/jazzy/opt/sdformat_vendor:/opt/ros/jazzy/opt/gz_gui_vendor:/opt/ros/jazzy/opt/gz_transport_vendor:/opt/ros/jazzy/opt/gz_rendering_vendor:/opt/ros/jazzy/opt/gz_plugin_vendor:/opt/ros/jazzy/opt/gz_fuel_tools_vendor:/opt/ros/jazzy/opt/gz_msgs_vendor:/opt/ros/jazzy/opt/gz_common_vendor:/opt/ros/jazzy/opt/gz_math_vendor:/opt/ros/jazzy/opt/gz_utils_vendor:/opt/ros/jazzy/opt/gz_tools_vendor:/opt/ros/jazzy/opt/gz_ogre_next_vendor:/opt/ros/jazzy/opt/gz_dartsim_vendor:/opt/ros/jazzy/opt/gz_cmake_vendor DEBUGINFOD_URLS=https://debuginfod.ubuntu.com PYTHONPATH=/media/roboserver/DATA/axbot_ws/build/axbot_driver/prefix_override:/usr/lib/python3/dist-packages/colcon_core/task/python/colcon_distutils_commands:/media/roboserver/DATA/axbot_ws/install/axbot_driver/lib/python3.12/site-packages:/media/roboserver/DATA/axbot_ws/install/axbot_interfaces/lib/python3.12/site-packages:/media/roboserver/DATA/axbot_ws/build/pc2_listener:/media/roboserver/DATA/axbot_ws/install/pc2_listener/lib/python3.12/site-packages:/media/roboserver/DATA/axbot_ws/build/axbot_examples:/media/roboserver/DATA/axbot_ws/install/axbot_examples/lib/python3.12/site-packages:/media/roboserver/DATA/axbot_ws/build/axbot_driver:/media/roboserver/DATA/axbot_ws/install/axbot_driver/lib/python3.12/site-packages:/media/roboserver/DATA/autox_ws/build/fielder_teleop:/media/roboserver/DATA/autox_ws/install/fielder_teleop/lib/python3.12/site-packages:/media/roboserver/DATA/autox_ws/build/fielder_odometry:/media/roboserver/DATA/autox_ws/install/fielder_odometry/lib/python3.12/site-packages:/media/roboserver/DATA/autox_ws/build/fielder_navigation:/media/roboserver/DATA/autox_ws/install/fielder_navigation/lib/python3.12/site-packages:/opt/ros/jazzy/lib/python3.12/site-packages /usr/bin/python3 -W ignore:setup.py install is deprecated -W ignore:easy_install command is deprecated setup.py egg_info --egg-base ../../build/axbot_driver build --build-base /media/roboserver/DATA/axbot_ws/build/axbot_driver/build install --record /media/roboserver/DATA/axbot_ws/build/axbot_driver/install.log --single-version-externally-managed install_data
[1.501s] running egg_info
[1.525s] writing ../../build/axbot_driver/axbot_driver.egg-info/PKG-INFO
[1.525s] writing dependency_links to ../../build/axbot_driver/axbot_driver.egg-info/dependency_links.txt
[1.525s] writing entry points to ../../build/axbot_driver/axbot_driver.egg-info/entry_points.txt
[1.525s] writing requirements to ../../build/axbot_driver/axbot_driver.egg-info/requires.txt
[1.526s] writing top-level names to ../../build/axbot_driver/axbot_driver.egg-info/top_level.txt
[1.575s] reading manifest file '../../build/axbot_driver/axbot_driver.egg-info/SOURCES.txt'
[1.576s] writing manifest file '../../build/axbot_driver/axbot_driver.egg-info/SOURCES.txt'
[1.576s] running build
[1.577s] running build_py
[1.577s] running install
[1.583s] running install_lib
[1.608s] running install_data
[1.608s] running install_egg_info
[1.633s] removing '/media/roboserver/DATA/axbot_ws/install/axbot_driver/lib/python3.12/site-packages/axbot_driver-1.0.0-py3.12.egg-info' (and everything under it)
[1.633s] Copying ../../build/axbot_driver/axbot_driver.egg-info to /media/roboserver/DATA/axbot_ws/install/axbot_driver/lib/python3.12/site-packages/axbot_driver-1.0.0-py3.12.egg-info
[1.634s] running install_scripts
[1.797s] Installing axbot_node script to /media/roboserver/DATA/axbot_ws/install/axbot_driver/lib/axbot_driver
[1.798s] Installing scan_bridge script to /media/roboserver/DATA/axbot_ws/install/axbot_driver/lib/axbot_driver
[1.798s] writing list of installed files to '/media/roboserver/DATA/axbot_ws/build/axbot_driver/install.log'
[1.838s] Invoked command in '/media/roboserver/DATA/axbot_ws/src/axbot_driver' returned '0': CMAKE_PREFIX_PATH=/media/roboserver/DATA/axbot_ws/install/axbot_interfaces:/media/roboserver/DATA/axbot_ws/install/axbot_navigation:/media/roboserver/DATA/axbot_ws/install/axbot_description:/opt/ros/jazzy/opt/gz_sim_vendor:/opt/ros/jazzy/opt/gz_sensors_vendor:/opt/ros/jazzy/opt/gz_physics_vendor:/opt/ros/jazzy/opt/sdformat_vendor:/opt/ros/jazzy/opt/gz_gui_vendor:/opt/ros/jazzy/opt/gz_transport_vendor:/opt/ros/jazzy/opt/gz_rendering_vendor:/opt/ros/jazzy/opt/gz_plugin_vendor:/opt/ros/jazzy/opt/gz_fuel_tools_vendor:/opt/ros/jazzy/opt/gz_msgs_vendor:/opt/ros/jazzy/opt/gz_common_vendor:/opt/ros/jazzy/opt/gz_math_vendor:/opt/ros/jazzy/opt/gz_utils_vendor:/opt/ros/jazzy/opt/gz_tools_vendor:/opt/ros/jazzy/opt/gz_ogre_next_vendor:/opt/ros/jazzy/opt/gz_dartsim_vendor:/opt/ros/jazzy/opt/gz_cmake_vendor DEBUGINFOD_URLS=https://debuginfod.ubuntu.com PYTHONPATH=/media/roboserver/DATA/axbot_ws/build/axbot_driver/prefix_override:/usr/lib/python3/dist-packages/colcon_core/task/python/colcon_distutils_commands:/media/roboserver/DATA/axbot_ws/install/axbot_driver/lib/python3.12/site-packages:/media/roboserver/DATA/axbot_ws/install/axbot_interfaces/lib/python3.12/site-packages:/media/roboserver/DATA/axbot_ws/build/pc2_listener:/media/roboserver/DATA/axbot_ws/install/pc2_listener/lib/python3.12/site-packages:/media/roboserver/DATA/axbot_ws/build/axbot_examples:/media/roboserver/DATA/axbot_ws/install/axbot_examples/lib/python3.12/site-packages:/media/roboserver/DATA/axbot_ws/build/axbot_driver:/media/roboserver/DATA/axbot_ws/install/axbot_driver/lib/python3.12/site-packages:/media/roboserver/DATA/autox_ws/build/fielder_teleop:/media/roboserver/DATA/autox_ws/install/fielder_teleop/lib/python3.12/site-packages:/media/roboserver/DATA/autox_ws/build/fielder_odometry:/media/roboserver/DATA/autox_ws/install/fielder_odometry/lib/python3.12/site-packages:/media/roboserver/DATA/autox_ws/build/fielder_navigation:/media/roboserver/DATA/autox_ws/install/fielder_navigation/lib/python3.12/site-packages:/opt/ros/jazzy/lib/python3.12/site-packages /usr/bin/python3 -W ignore:setup.py install is deprecated -W ignore:easy_install command is deprecated setup.py egg_info --egg-base ../../build/axbot_driver build --build-base /media/roboserver/DATA/axbot_ws/build/axbot_driver/build install --record /media/roboserver/DATA/axbot_ws/build/axbot_driver/install.log --single-version-externally-managed install_data
