-- Install configuration: ""
-- Up-to-date: /media/roboserver/DATA/axbot_ws/install/axbot_description/share/axbot_description/urdf
-- Up-to-date: /media/roboserver/DATA/axbot_ws/install/axbot_description/share/axbot_description/urdf/axbot.urdf
-- Up-to-date: /media/roboserver/DATA/axbot_ws/install/axbot_description/share/axbot_description/launch
-- Up-to-date: /media/roboserver/DATA/axbot_ws/install/axbot_description/share/axbot_description/launch/display.launch.py
-- Up-to-date: /media/roboserver/DATA/axbot_ws/install/axbot_description/share/ament_index/resource_index/package_run_dependencies/axbot_description
-- Up-to-date: /media/roboserver/DATA/axbot_ws/install/axbot_description/share/ament_index/resource_index/parent_prefix_path/axbot_description
-- Up-to-date: /media/roboserver/DATA/axbot_ws/install/axbot_description/share/axbot_description/environment/ament_prefix_path.sh
-- Up-to-date: /media/roboserver/DATA/axbot_ws/install/axbot_description/share/axbot_description/environment/ament_prefix_path.dsv
-- Up-to-date: /media/roboserver/DATA/axbot_ws/install/axbot_description/share/axbot_description/environment/path.sh
-- Up-to-date: /media/roboserver/DATA/axbot_ws/install/axbot_description/share/axbot_description/environment/path.dsv
-- Up-to-date: /media/roboserver/DATA/axbot_ws/install/axbot_description/share/axbot_description/local_setup.bash
-- Up-to-date: /media/roboserver/DATA/axbot_ws/install/axbot_description/share/axbot_description/local_setup.sh
-- Up-to-date: /media/roboserver/DATA/axbot_ws/install/axbot_description/share/axbot_description/local_setup.zsh
-- Up-to-date: /media/roboserver/DATA/axbot_ws/install/axbot_description/share/axbot_description/local_setup.dsv
-- Installing: /media/roboserver/DATA/axbot_ws/install/axbot_description/share/axbot_description/package.dsv
-- Up-to-date: /media/roboserver/DATA/axbot_ws/install/axbot_description/share/ament_index/resource_index/packages/axbot_description
-- Up-to-date: /media/roboserver/DATA/axbot_ws/install/axbot_description/share/axbot_description/cmake/axbot_descriptionConfig.cmake
-- Up-to-date: /media/roboserver/DATA/axbot_ws/install/axbot_description/share/axbot_description/cmake/axbot_descriptionConfig-version.cmake
-- Up-to-date: /media/roboserver/DATA/axbot_ws/install/axbot_description/share/axbot_description/package.xml
