running develop
running egg_info
creating axbot_driver.egg-info
writing axbot_driver.egg-info/PKG-INFO
writing dependency_links to axbot_driver.egg-info/dependency_links.txt
writing entry points to axbot_driver.egg-info/entry_points.txt
writing requirements to axbot_driver.egg-info/requires.txt
writing top-level names to axbot_driver.egg-info/top_level.txt
writing manifest file 'axbot_driver.egg-info/SOURCES.txt'
reading manifest file 'axbot_driver.egg-info/SOURCES.txt'
writing manifest file 'axbot_driver.egg-info/SOURCES.txt'
running build_ext
Creating /media/roboserver/DATA/axbot_ws/install/axbot_driver/lib/python3.12/site-packages/axbot-driver.egg-link (link to .)
Installing axbot_node script to /media/roboserver/DATA/axbot_ws/install/axbot_driver/lib/axbot_driver
Installing scan_bridge script to /media/roboserver/DATA/axbot_ws/install/axbot_driver/lib/axbot_driver

Installed /media/roboserver/DATA/axbot_ws/build/axbot_driver
running symlink_data
creating /media/roboserver/DATA/axbot_ws/install/axbot_driver/share/ament_index
creating /media/roboserver/DATA/axbot_ws/install/axbot_driver/share/ament_index/resource_index
creating /media/roboserver/DATA/axbot_ws/install/axbot_driver/share/ament_index/resource_index/packages
symbolically linking /media/roboserver/DATA/axbot_ws/build/axbot_driver/resource/axbot_driver -> /media/roboserver/DATA/axbot_ws/install/axbot_driver/share/ament_index/resource_index/packages
symbolically linking /media/roboserver/DATA/axbot_ws/build/axbot_driver/package.xml -> /media/roboserver/DATA/axbot_ws/install/axbot_driver/share/axbot_driver
creating /media/roboserver/DATA/axbot_ws/install/axbot_driver/share/axbot_driver/launch
symbolically linking /media/roboserver/DATA/axbot_ws/build/axbot_driver/launch/axbot_driver.launch.py -> /media/roboserver/DATA/axbot_ws/install/axbot_driver/share/axbot_driver/launch
symbolically linking /media/roboserver/DATA/axbot_ws/build/axbot_driver/launch/bringup.launch.py -> /media/roboserver/DATA/axbot_ws/install/axbot_driver/share/axbot_driver/launch
symbolically linking /media/roboserver/DATA/axbot_ws/build/axbot_driver/launch/bringup_complete.launch.py -> /media/roboserver/DATA/axbot_ws/install/axbot_driver/share/axbot_driver/launch
symbolically linking /media/roboserver/DATA/axbot_ws/build/axbot_driver/launch/rviz.launch.py -> /media/roboserver/DATA/axbot_ws/install/axbot_driver/share/axbot_driver/launch
symbolically linking /media/roboserver/DATA/axbot_ws/build/axbot_driver/launch/slam_bringup.launch.py -> /media/roboserver/DATA/axbot_ws/install/axbot_driver/share/axbot_driver/launch
creating /media/roboserver/DATA/axbot_ws/install/axbot_driver/share/axbot_driver/config
symbolically linking /media/roboserver/DATA/axbot_ws/build/axbot_driver/config/axbot_params.yaml -> /media/roboserver/DATA/axbot_ws/install/axbot_driver/share/axbot_driver/config
creating /media/roboserver/DATA/axbot_ws/install/axbot_driver/share/axbot_driver/rviz
symbolically linking /media/roboserver/DATA/axbot_ws/build/axbot_driver/rviz/slam_view.rviz -> /media/roboserver/DATA/axbot_ws/install/axbot_driver/share/axbot_driver/rviz
