[1.202s] Invoking command in '/media/roboserver/DATA/axbot_ws/build/axbot_driver': CMAKE_PREFIX_PATH=/media/roboserver/DATA/axbot_ws/install/axbot_interfaces:/media/roboserver/DATA/axbot_ws/install/axbot_navigation:/media/roboserver/DATA/axbot_ws/install/axbot_description:/opt/ros/jazzy/opt/gz_sim_vendor:/opt/ros/jazzy/opt/gz_sensors_vendor:/opt/ros/jazzy/opt/gz_physics_vendor:/opt/ros/jazzy/opt/sdformat_vendor:/opt/ros/jazzy/opt/gz_gui_vendor:/opt/ros/jazzy/opt/gz_transport_vendor:/opt/ros/jazzy/opt/gz_rendering_vendor:/opt/ros/jazzy/opt/gz_plugin_vendor:/opt/ros/jazzy/opt/gz_fuel_tools_vendor:/opt/ros/jazzy/opt/gz_msgs_vendor:/opt/ros/jazzy/opt/gz_common_vendor:/opt/ros/jazzy/opt/gz_math_vendor:/opt/ros/jazzy/opt/gz_utils_vendor:/opt/ros/jazzy/opt/gz_tools_vendor:/opt/ros/jazzy/opt/gz_ogre_next_vendor:/opt/ros/jazzy/opt/gz_dartsim_vendor:/opt/ros/jazzy/opt/gz_cmake_vendor DEBUGINFOD_URLS=https://debuginfod.ubuntu.com PYTHONPATH=/media/roboserver/DATA/axbot_ws/build/axbot_driver/prefix_override:/usr/lib/python3/dist-packages/colcon_core/task/python/colcon_distutils_commands:/media/roboserver/DATA/axbot_ws/install/axbot_driver/lib/python3.12/site-packages:/media/roboserver/DATA/axbot_ws/install/axbot_interfaces/lib/python3.12/site-packages:/media/roboserver/DATA/axbot_ws/install/axbot_examples/lib/python3.12/site-packages:/media/roboserver/DATA/axbot_ws/install/axbot_driver/lib/python3.12/site-packages:/media/roboserver/DATA/autox_ws/build/fielder_teleop:/media/roboserver/DATA/autox_ws/install/fielder_teleop/lib/python3.12/site-packages:/media/roboserver/DATA/autox_ws/build/fielder_odometry:/media/roboserver/DATA/autox_ws/install/fielder_odometry/lib/python3.12/site-packages:/media/roboserver/DATA/autox_ws/build/fielder_navigation:/media/roboserver/DATA/autox_ws/install/fielder_navigation/lib/python3.12/site-packages:/opt/ros/jazzy/lib/python3.12/site-packages /usr/bin/python3 -W ignore:setup.py install is deprecated -W ignore:easy_install command is deprecated setup.py develop --editable --build-directory /media/roboserver/DATA/axbot_ws/build/axbot_driver/build --no-deps symlink_data
[1.562s] running develop
[1.809s] running egg_info
[1.809s] creating axbot_driver.egg-info
[1.832s] writing axbot_driver.egg-info/PKG-INFO
[1.833s] writing dependency_links to axbot_driver.egg-info/dependency_links.txt
[1.833s] writing entry points to axbot_driver.egg-info/entry_points.txt
[1.833s] writing requirements to axbot_driver.egg-info/requires.txt
[1.833s] writing top-level names to axbot_driver.egg-info/top_level.txt
[1.833s] writing manifest file 'axbot_driver.egg-info/SOURCES.txt'
[1.883s] reading manifest file 'axbot_driver.egg-info/SOURCES.txt'
[1.884s] writing manifest file 'axbot_driver.egg-info/SOURCES.txt'
[1.909s] running build_ext
[1.909s] Creating /media/roboserver/DATA/axbot_ws/install/axbot_driver/lib/python3.12/site-packages/axbot-driver.egg-link (link to .)
[1.909s] Installing axbot_node script to /media/roboserver/DATA/axbot_ws/install/axbot_driver/lib/axbot_driver
[1.910s] Installing scan_bridge script to /media/roboserver/DATA/axbot_ws/install/axbot_driver/lib/axbot_driver
[1.910s] 
[1.910s] Installed /media/roboserver/DATA/axbot_ws/build/axbot_driver
[1.910s] running symlink_data
[1.911s] creating /media/roboserver/DATA/axbot_ws/install/axbot_driver/share/ament_index
[1.911s] creating /media/roboserver/DATA/axbot_ws/install/axbot_driver/share/ament_index/resource_index
[1.911s] creating /media/roboserver/DATA/axbot_ws/install/axbot_driver/share/ament_index/resource_index/packages
[1.911s] symbolically linking /media/roboserver/DATA/axbot_ws/build/axbot_driver/resource/axbot_driver -> /media/roboserver/DATA/axbot_ws/install/axbot_driver/share/ament_index/resource_index/packages
[1.911s] symbolically linking /media/roboserver/DATA/axbot_ws/build/axbot_driver/package.xml -> /media/roboserver/DATA/axbot_ws/install/axbot_driver/share/axbot_driver
[1.911s] creating /media/roboserver/DATA/axbot_ws/install/axbot_driver/share/axbot_driver/launch
[1.911s] symbolically linking /media/roboserver/DATA/axbot_ws/build/axbot_driver/launch/axbot_driver.launch.py -> /media/roboserver/DATA/axbot_ws/install/axbot_driver/share/axbot_driver/launch
[1.912s] symbolically linking /media/roboserver/DATA/axbot_ws/build/axbot_driver/launch/bringup.launch.py -> /media/roboserver/DATA/axbot_ws/install/axbot_driver/share/axbot_driver/launch
[1.912s] symbolically linking /media/roboserver/DATA/axbot_ws/build/axbot_driver/launch/bringup_complete.launch.py -> /media/roboserver/DATA/axbot_ws/install/axbot_driver/share/axbot_driver/launch
[1.912s] symbolically linking /media/roboserver/DATA/axbot_ws/build/axbot_driver/launch/rviz.launch.py -> /media/roboserver/DATA/axbot_ws/install/axbot_driver/share/axbot_driver/launch
[1.912s] symbolically linking /media/roboserver/DATA/axbot_ws/build/axbot_driver/launch/slam_bringup.launch.py -> /media/roboserver/DATA/axbot_ws/install/axbot_driver/share/axbot_driver/launch
[1.912s] creating /media/roboserver/DATA/axbot_ws/install/axbot_driver/share/axbot_driver/config
[1.912s] symbolically linking /media/roboserver/DATA/axbot_ws/build/axbot_driver/config/axbot_params.yaml -> /media/roboserver/DATA/axbot_ws/install/axbot_driver/share/axbot_driver/config
[1.912s] creating /media/roboserver/DATA/axbot_ws/install/axbot_driver/share/axbot_driver/rviz
[1.913s] symbolically linking /media/roboserver/DATA/axbot_ws/build/axbot_driver/rviz/slam_view.rviz -> /media/roboserver/DATA/axbot_ws/install/axbot_driver/share/axbot_driver/rviz
[1.940s] Invoked command in '/media/roboserver/DATA/axbot_ws/build/axbot_driver' returned '0': CMAKE_PREFIX_PATH=/media/roboserver/DATA/axbot_ws/install/axbot_interfaces:/media/roboserver/DATA/axbot_ws/install/axbot_navigation:/media/roboserver/DATA/axbot_ws/install/axbot_description:/opt/ros/jazzy/opt/gz_sim_vendor:/opt/ros/jazzy/opt/gz_sensors_vendor:/opt/ros/jazzy/opt/gz_physics_vendor:/opt/ros/jazzy/opt/sdformat_vendor:/opt/ros/jazzy/opt/gz_gui_vendor:/opt/ros/jazzy/opt/gz_transport_vendor:/opt/ros/jazzy/opt/gz_rendering_vendor:/opt/ros/jazzy/opt/gz_plugin_vendor:/opt/ros/jazzy/opt/gz_fuel_tools_vendor:/opt/ros/jazzy/opt/gz_msgs_vendor:/opt/ros/jazzy/opt/gz_common_vendor:/opt/ros/jazzy/opt/gz_math_vendor:/opt/ros/jazzy/opt/gz_utils_vendor:/opt/ros/jazzy/opt/gz_tools_vendor:/opt/ros/jazzy/opt/gz_ogre_next_vendor:/opt/ros/jazzy/opt/gz_dartsim_vendor:/opt/ros/jazzy/opt/gz_cmake_vendor DEBUGINFOD_URLS=https://debuginfod.ubuntu.com PYTHONPATH=/media/roboserver/DATA/axbot_ws/build/axbot_driver/prefix_override:/usr/lib/python3/dist-packages/colcon_core/task/python/colcon_distutils_commands:/media/roboserver/DATA/axbot_ws/install/axbot_driver/lib/python3.12/site-packages:/media/roboserver/DATA/axbot_ws/install/axbot_interfaces/lib/python3.12/site-packages:/media/roboserver/DATA/axbot_ws/install/axbot_examples/lib/python3.12/site-packages:/media/roboserver/DATA/axbot_ws/install/axbot_driver/lib/python3.12/site-packages:/media/roboserver/DATA/autox_ws/build/fielder_teleop:/media/roboserver/DATA/autox_ws/install/fielder_teleop/lib/python3.12/site-packages:/media/roboserver/DATA/autox_ws/build/fielder_odometry:/media/roboserver/DATA/autox_ws/install/fielder_odometry/lib/python3.12/site-packages:/media/roboserver/DATA/autox_ws/build/fielder_navigation:/media/roboserver/DATA/autox_ws/install/fielder_navigation/lib/python3.12/site-packages:/opt/ros/jazzy/lib/python3.12/site-packages /usr/bin/python3 -W ignore:setup.py install is deprecated -W ignore:easy_install command is deprecated setup.py develop --editable --build-directory /media/roboserver/DATA/axbot_ws/build/axbot_driver/build --no-deps symlink_data
