[  1%] Built target axbot_interfaces__rosidl_generator_type_description
[  1%] Built target ament_cmake_python_copy_axbot_interfaces
[  1%] Built target axbot_interfaces__cpp
[  1%] Built target axbot_interfaces__rosidl_generator_c
[  1%] Built target axbot_interfaces__rosidl_typesupport_c
[  1%] Built target axbot_interfaces__rosidl_typesupport_cpp
[  1%] Built target axbot_interfaces__rosidl_typesupport_introspection_c
[  1%] Built target axbot_interfaces__rosidl_typesupport_introspection_cpp
[  1%] Built target axbot_interfaces__rosidl_typesupport_fastrtps_c
[  1%] Built target axbot_interfaces__rosidl_typesupport_fastrtps_cpp
[  1%] Built target axbot_interfaces
[  1%] Built target axbot_interfaces__py
[  1%] Built target axbot_interfaces__rosidl_generator_py
[  1%] Built target axbot_interfaces_s__rosidl_typesupport_introspection_c
[  1%] Built target axbot_interfaces_s__rosidl_typesupport_c
[  1%] Built target axbot_interfaces_s__rosidl_typesupport_fastrtps_c
running egg_info
writing axbot_interfaces.egg-info/PKG-INFO
writing dependency_links to axbot_interfaces.egg-info/dependency_links.txt
writing top-level names to axbot_interfaces.egg-info/top_level.txt
reading manifest file 'axbot_interfaces.egg-info/SOURCES.txt'
writing manifest file 'axbot_interfaces.egg-info/SOURCES.txt'
[  1%] Built target ament_cmake_python_build_axbot_interfaces_egg
-- Install configuration: ""
-- Up-to-date: /media/roboserver/DATA/axbot_ws/install/axbot_interfaces/share/ament_index/resource_index/rosidl_interfaces/axbot_interfaces
-- Up-to-date: /media/roboserver/DATA/axbot_ws/install/axbot_interfaces/share/axbot_interfaces/msg/DeviceInfo.json
-- Up-to-date: /media/roboserver/DATA/axbot_ws/install/axbot_interfaces/share/axbot_interfaces/msg/WheelState.json
-- Up-to-date: /media/roboserver/DATA/axbot_ws/install/axbot_interfaces/share/axbot_interfaces/msg/SlamState.json
-- Up-to-date: /media/roboserver/DATA/axbot_ws/install/axbot_interfaces/share/axbot_interfaces/msg/PlanningState.json
-- Up-to-date: /media/roboserver/DATA/axbot_ws/install/axbot_interfaces/share/axbot_interfaces/msg/RobotPose.json
-- Up-to-date: /media/roboserver/DATA/axbot_ws/install/axbot_interfaces/share/axbot_interfaces/srv/SetControlMode.json
-- Up-to-date: /media/roboserver/DATA/axbot_ws/install/axbot_interfaces/share/axbot_interfaces/srv/SetEmergencyStop.json
-- Up-to-date: /media/roboserver/DATA/axbot_ws/install/axbot_interfaces/share/axbot_interfaces/srv/GetDeviceInfo.json
-- Up-to-date: /media/roboserver/DATA/axbot_ws/install/axbot_interfaces/include/axbot_interfaces/axbot_interfaces
-- Up-to-date: /media/roboserver/DATA/axbot_ws/install/axbot_interfaces/include/axbot_interfaces/axbot_interfaces/msg
-- Up-to-date: /media/roboserver/DATA/axbot_ws/install/axbot_interfaces/include/axbot_interfaces/axbot_interfaces/msg/detail
-- Up-to-date: /media/roboserver/DATA/axbot_ws/install/axbot_interfaces/include/axbot_interfaces/axbot_interfaces/msg/detail/robot_pose__functions.h
-- Up-to-date: /media/roboserver/DATA/axbot_ws/install/axbot_interfaces/include/axbot_interfaces/axbot_interfaces/msg/detail/robot_pose__struct.h
-- Up-to-date: /media/roboserver/DATA/axbot_ws/install/axbot_interfaces/include/axbot_interfaces/axbot_interfaces/msg/detail/robot_pose__type_support.c
-- Up-to-date: /media/roboserver/DATA/axbot_ws/install/axbot_interfaces/include/axbot_interfaces/axbot_interfaces/msg/detail/robot_pose__type_support.h
-- Up-to-date: /media/roboserver/DATA/axbot_ws/install/axbot_interfaces/include/axbot_interfaces/axbot_interfaces/msg/detail/slam_state__description.c
-- Up-to-date: /media/roboserver/DATA/axbot_ws/install/axbot_interfaces/include/axbot_interfaces/axbot_interfaces/msg/detail/slam_state__functions.c
-- Up-to-date: /media/roboserver/DATA/axbot_ws/install/axbot_interfaces/include/axbot_interfaces/axbot_interfaces/msg/detail/slam_state__functions.h
-- Up-to-date: /media/roboserver/DATA/axbot_ws/install/axbot_interfaces/include/axbot_interfaces/axbot_interfaces/msg/detail/slam_state__struct.h
-- Up-to-date: /media/roboserver/DATA/axbot_ws/install/axbot_interfaces/include/axbot_interfaces/axbot_interfaces/msg/detail/slam_state__type_support.c
-- Up-to-date: /media/roboserver/DATA/axbot_ws/install/axbot_interfaces/include/axbot_interfaces/axbot_interfaces/msg/detail/slam_state__type_support.h
-- Up-to-date: /media/roboserver/DATA/axbot_ws/install/axbot_interfaces/include/axbot_interfaces/axbot_interfaces/msg/detail/wheel_state__description.c
-- Up-to-date: /media/roboserver/DATA/axbot_ws/install/axbot_interfaces/include/axbot_interfaces/axbot_interfaces/msg/detail/wheel_state__functions.c
-- Up-to-date: /media/roboserver/DATA/axbot_ws/install/axbot_interfaces/include/axbot_interfaces/axbot_interfaces/msg/detail/wheel_state__functions.h
-- Up-to-date: /media/roboserver/DATA/axbot_ws/install/axbot_interfaces/include/axbot_interfaces/axbot_interfaces/msg/detail/wheel_state__struct.h
-- Up-to-date: /media/roboserver/DATA/axbot_ws/install/axbot_interfaces/include/axbot_interfaces/axbot_interfaces/msg/detail/wheel_state__type_support.c
-- Up-to-date: /media/roboserver/DATA/axbot_ws/install/axbot_interfaces/include/axbot_interfaces/axbot_interfaces/msg/detail/wheel_state__type_support.h
-- Up-to-date: /media/roboserver/DATA/axbot_ws/install/axbot_interfaces/include/axbot_interfaces/axbot_interfaces/msg/detail/device_info__description.c
-- Up-to-date: /media/roboserver/DATA/axbot_ws/install/axbot_interfaces/include/axbot_interfaces/axbot_interfaces/msg/detail/device_info__functions.c
-- Up-to-date: /media/roboserver/DATA/axbot_ws/install/axbot_interfaces/include/axbot_interfaces/axbot_interfaces/msg/detail/device_info__functions.h
-- Up-to-date: /media/roboserver/DATA/axbot_ws/install/axbot_interfaces/include/axbot_interfaces/axbot_interfaces/msg/detail/device_info__struct.h
-- Up-to-date: /media/roboserver/DATA/axbot_ws/install/axbot_interfaces/include/axbot_interfaces/axbot_interfaces/msg/detail/device_info__type_support.c
-- Up-to-date: /media/roboserver/DATA/axbot_ws/install/axbot_interfaces/include/axbot_interfaces/axbot_interfaces/msg/detail/device_info__type_support.h
-- Up-to-date: /media/roboserver/DATA/axbot_ws/install/axbot_interfaces/include/axbot_interfaces/axbot_interfaces/msg/detail/planning_state__description.c
-- Up-to-date: /media/roboserver/DATA/axbot_ws/install/axbot_interfaces/include/axbot_interfaces/axbot_interfaces/msg/detail/planning_state__functions.c
-- Up-to-date: /media/roboserver/DATA/axbot_ws/install/axbot_interfaces/include/axbot_interfaces/axbot_interfaces/msg/detail/planning_state__functions.h
-- Up-to-date: /media/roboserver/DATA/axbot_ws/install/axbot_interfaces/include/axbot_interfaces/axbot_interfaces/msg/detail/planning_state__struct.h
-- Up-to-date: /media/roboserver/DATA/axbot_ws/install/axbot_interfaces/include/axbot_interfaces/axbot_interfaces/msg/detail/planning_state__type_support.c
-- Up-to-date: /media/roboserver/DATA/axbot_ws/install/axbot_interfaces/include/axbot_interfaces/axbot_interfaces/msg/detail/planning_state__type_support.h
-- Up-to-date: /media/roboserver/DATA/axbot_ws/install/axbot_interfaces/include/axbot_interfaces/axbot_interfaces/msg/detail/robot_pose__description.c
-- Up-to-date: /media/roboserver/DATA/axbot_ws/install/axbot_interfaces/include/axbot_interfaces/axbot_interfaces/msg/detail/robot_pose__functions.c
-- Up-to-date: /media/roboserver/DATA/axbot_ws/install/axbot_interfaces/include/axbot_interfaces/axbot_interfaces/msg/device_info.h
-- Up-to-date: /media/roboserver/DATA/axbot_ws/install/axbot_interfaces/include/axbot_interfaces/axbot_interfaces/msg/planning_state.h
-- Up-to-date: /media/roboserver/DATA/axbot_ws/install/axbot_interfaces/include/axbot_interfaces/axbot_interfaces/msg/robot_pose.h
-- Up-to-date: /media/roboserver/DATA/axbot_ws/install/axbot_interfaces/include/axbot_interfaces/axbot_interfaces/msg/rosidl_generator_c__visibility_control.h
-- Up-to-date: /media/roboserver/DATA/axbot_ws/install/axbot_interfaces/include/axbot_interfaces/axbot_interfaces/msg/slam_state.h
-- Up-to-date: /media/roboserver/DATA/axbot_ws/install/axbot_interfaces/include/axbot_interfaces/axbot_interfaces/msg/wheel_state.h
-- Up-to-date: /media/roboserver/DATA/axbot_ws/install/axbot_interfaces/include/axbot_interfaces/axbot_interfaces/srv
-- Up-to-date: /media/roboserver/DATA/axbot_ws/install/axbot_interfaces/include/axbot_interfaces/axbot_interfaces/srv/detail
-- Up-to-date: /media/roboserver/DATA/axbot_ws/install/axbot_interfaces/include/axbot_interfaces/axbot_interfaces/srv/detail/get_device_info__description.c
-- Up-to-date: /media/roboserver/DATA/axbot_ws/install/axbot_interfaces/include/axbot_interfaces/axbot_interfaces/srv/detail/get_device_info__functions.c
-- Up-to-date: /media/roboserver/DATA/axbot_ws/install/axbot_interfaces/include/axbot_interfaces/axbot_interfaces/srv/detail/get_device_info__functions.h
-- Up-to-date: /media/roboserver/DATA/axbot_ws/install/axbot_interfaces/include/axbot_interfaces/axbot_interfaces/srv/detail/get_device_info__struct.h
-- Up-to-date: /media/roboserver/DATA/axbot_ws/install/axbot_interfaces/include/axbot_interfaces/axbot_interfaces/srv/detail/get_device_info__type_support.c
-- Up-to-date: /media/roboserver/DATA/axbot_ws/install/axbot_interfaces/include/axbot_interfaces/axbot_interfaces/srv/detail/get_device_info__type_support.h
-- Up-to-date: /media/roboserver/DATA/axbot_ws/install/axbot_interfaces/include/axbot_interfaces/axbot_interfaces/srv/detail/set_control_mode__description.c
-- Up-to-date: /media/roboserver/DATA/axbot_ws/install/axbot_interfaces/include/axbot_interfaces/axbot_interfaces/srv/detail/set_control_mode__functions.c
-- Up-to-date: /media/roboserver/DATA/axbot_ws/install/axbot_interfaces/include/axbot_interfaces/axbot_interfaces/srv/detail/set_control_mode__functions.h
-- Up-to-date: /media/roboserver/DATA/axbot_ws/install/axbot_interfaces/include/axbot_interfaces/axbot_interfaces/srv/detail/set_control_mode__struct.h
-- Up-to-date: /media/roboserver/DATA/axbot_ws/install/axbot_interfaces/include/axbot_interfaces/axbot_interfaces/srv/detail/set_control_mode__type_support.c
-- Up-to-date: /media/roboserver/DATA/axbot_ws/install/axbot_interfaces/include/axbot_interfaces/axbot_interfaces/srv/detail/set_control_mode__type_support.h
-- Up-to-date: /media/roboserver/DATA/axbot_ws/install/axbot_interfaces/include/axbot_interfaces/axbot_interfaces/srv/detail/set_emergency_stop__description.c
-- Up-to-date: /media/roboserver/DATA/axbot_ws/install/axbot_interfaces/include/axbot_interfaces/axbot_interfaces/srv/detail/set_emergency_stop__functions.c
-- Up-to-date: /media/roboserver/DATA/axbot_ws/install/axbot_interfaces/include/axbot_interfaces/axbot_interfaces/srv/detail/set_emergency_stop__functions.h
-- Up-to-date: /media/roboserver/DATA/axbot_ws/install/axbot_interfaces/include/axbot_interfaces/axbot_interfaces/srv/detail/set_emergency_stop__struct.h
-- Up-to-date: /media/roboserver/DATA/axbot_ws/install/axbot_interfaces/include/axbot_interfaces/axbot_interfaces/srv/detail/set_emergency_stop__type_support.c
-- Up-to-date: /media/roboserver/DATA/axbot_ws/install/axbot_interfaces/include/axbot_interfaces/axbot_interfaces/srv/detail/set_emergency_stop__type_support.h
-- Up-to-date: /media/roboserver/DATA/axbot_ws/install/axbot_interfaces/include/axbot_interfaces/axbot_interfaces/srv/get_device_info.h
-- Up-to-date: /media/roboserver/DATA/axbot_ws/install/axbot_interfaces/include/axbot_interfaces/axbot_interfaces/srv/set_control_mode.h
-- Up-to-date: /media/roboserver/DATA/axbot_ws/install/axbot_interfaces/include/axbot_interfaces/axbot_interfaces/srv/set_emergency_stop.h
-- Up-to-date: /media/roboserver/DATA/axbot_ws/install/axbot_interfaces/share/axbot_interfaces/environment/library_path.sh
-- Up-to-date: /media/roboserver/DATA/axbot_ws/install/axbot_interfaces/share/axbot_interfaces/environment/library_path.dsv
-- Up-to-date: /media/roboserver/DATA/axbot_ws/install/axbot_interfaces/lib/libaxbot_interfaces__rosidl_generator_c.so
-- Up-to-date: /media/roboserver/DATA/axbot_ws/install/axbot_interfaces/include/axbot_interfaces/axbot_interfaces
-- Up-to-date: /media/roboserver/DATA/axbot_ws/install/axbot_interfaces/include/axbot_interfaces/axbot_interfaces/msg
-- Up-to-date: /media/roboserver/DATA/axbot_ws/install/axbot_interfaces/include/axbot_interfaces/axbot_interfaces/msg/detail
-- Up-to-date: /media/roboserver/DATA/axbot_ws/install/axbot_interfaces/include/axbot_interfaces/axbot_interfaces/msg/detail/device_info__rosidl_typesupport_fastrtps_c.h
-- Up-to-date: /media/roboserver/DATA/axbot_ws/install/axbot_interfaces/include/axbot_interfaces/axbot_interfaces/msg/detail/planning_state__rosidl_typesupport_fastrtps_c.h
-- Up-to-date: /media/roboserver/DATA/axbot_ws/install/axbot_interfaces/include/axbot_interfaces/axbot_interfaces/msg/detail/robot_pose__rosidl_typesupport_fastrtps_c.h
-- Up-to-date: /media/roboserver/DATA/axbot_ws/install/axbot_interfaces/include/axbot_interfaces/axbot_interfaces/msg/detail/slam_state__rosidl_typesupport_fastrtps_c.h
-- Up-to-date: /media/roboserver/DATA/axbot_ws/install/axbot_interfaces/include/axbot_interfaces/axbot_interfaces/msg/detail/wheel_state__rosidl_typesupport_fastrtps_c.h
-- Up-to-date: /media/roboserver/DATA/axbot_ws/install/axbot_interfaces/include/axbot_interfaces/axbot_interfaces/msg/rosidl_typesupport_fastrtps_c__visibility_control.h
-- Up-to-date: /media/roboserver/DATA/axbot_ws/install/axbot_interfaces/include/axbot_interfaces/axbot_interfaces/srv
-- Up-to-date: /media/roboserver/DATA/axbot_ws/install/axbot_interfaces/include/axbot_interfaces/axbot_interfaces/srv/detail
-- Up-to-date: /media/roboserver/DATA/axbot_ws/install/axbot_interfaces/include/axbot_interfaces/axbot_interfaces/srv/detail/get_device_info__rosidl_typesupport_fastrtps_c.h
-- Up-to-date: /media/roboserver/DATA/axbot_ws/install/axbot_interfaces/include/axbot_interfaces/axbot_interfaces/srv/detail/set_control_mode__rosidl_typesupport_fastrtps_c.h
-- Up-to-date: /media/roboserver/DATA/axbot_ws/install/axbot_interfaces/include/axbot_interfaces/axbot_interfaces/srv/detail/set_emergency_stop__rosidl_typesupport_fastrtps_c.h
-- Up-to-date: /media/roboserver/DATA/axbot_ws/install/axbot_interfaces/lib/libaxbot_interfaces__rosidl_typesupport_fastrtps_c.so
-- Up-to-date: /media/roboserver/DATA/axbot_ws/install/axbot_interfaces/include/axbot_interfaces/axbot_interfaces
-- Up-to-date: /media/roboserver/DATA/axbot_ws/install/axbot_interfaces/include/axbot_interfaces/axbot_interfaces/msg
-- Up-to-date: /media/roboserver/DATA/axbot_ws/install/axbot_interfaces/include/axbot_interfaces/axbot_interfaces/msg/detail
-- Up-to-date: /media/roboserver/DATA/axbot_ws/install/axbot_interfaces/include/axbot_interfaces/axbot_interfaces/msg/detail/device_info__builder.hpp
-- Up-to-date: /media/roboserver/DATA/axbot_ws/install/axbot_interfaces/include/axbot_interfaces/axbot_interfaces/msg/detail/device_info__struct.hpp
-- Up-to-date: /media/roboserver/DATA/axbot_ws/install/axbot_interfaces/include/axbot_interfaces/axbot_interfaces/msg/detail/device_info__traits.hpp
-- Up-to-date: /media/roboserver/DATA/axbot_ws/install/axbot_interfaces/include/axbot_interfaces/axbot_interfaces/msg/detail/device_info__type_support.hpp
-- Up-to-date: /media/roboserver/DATA/axbot_ws/install/axbot_interfaces/include/axbot_interfaces/axbot_interfaces/msg/detail/planning_state__builder.hpp
-- Up-to-date: /media/roboserver/DATA/axbot_ws/install/axbot_interfaces/include/axbot_interfaces/axbot_interfaces/msg/detail/planning_state__struct.hpp
-- Up-to-date: /media/roboserver/DATA/axbot_ws/install/axbot_interfaces/include/axbot_interfaces/axbot_interfaces/msg/detail/planning_state__traits.hpp
-- Up-to-date: /media/roboserver/DATA/axbot_ws/install/axbot_interfaces/include/axbot_interfaces/axbot_interfaces/msg/detail/planning_state__type_support.hpp
-- Up-to-date: /media/roboserver/DATA/axbot_ws/install/axbot_interfaces/include/axbot_interfaces/axbot_interfaces/msg/detail/robot_pose__builder.hpp
-- Up-to-date: /media/roboserver/DATA/axbot_ws/install/axbot_interfaces/include/axbot_interfaces/axbot_interfaces/msg/detail/robot_pose__struct.hpp
-- Up-to-date: /media/roboserver/DATA/axbot_ws/install/axbot_interfaces/include/axbot_interfaces/axbot_interfaces/msg/detail/robot_pose__traits.hpp
-- Up-to-date: /media/roboserver/DATA/axbot_ws/install/axbot_interfaces/include/axbot_interfaces/axbot_interfaces/msg/detail/robot_pose__type_support.hpp
-- Up-to-date: /media/roboserver/DATA/axbot_ws/install/axbot_interfaces/include/axbot_interfaces/axbot_interfaces/msg/detail/slam_state__builder.hpp
-- Up-to-date: /media/roboserver/DATA/axbot_ws/install/axbot_interfaces/include/axbot_interfaces/axbot_interfaces/msg/detail/slam_state__struct.hpp
-- Up-to-date: /media/roboserver/DATA/axbot_ws/install/axbot_interfaces/include/axbot_interfaces/axbot_interfaces/msg/detail/slam_state__traits.hpp
-- Up-to-date: /media/roboserver/DATA/axbot_ws/install/axbot_interfaces/include/axbot_interfaces/axbot_interfaces/msg/detail/slam_state__type_support.hpp
-- Up-to-date: /media/roboserver/DATA/axbot_ws/install/axbot_interfaces/include/axbot_interfaces/axbot_interfaces/msg/detail/wheel_state__builder.hpp
-- Up-to-date: /media/roboserver/DATA/axbot_ws/install/axbot_interfaces/include/axbot_interfaces/axbot_interfaces/msg/detail/wheel_state__struct.hpp
-- Up-to-date: /media/roboserver/DATA/axbot_ws/install/axbot_interfaces/include/axbot_interfaces/axbot_interfaces/msg/detail/wheel_state__traits.hpp
-- Up-to-date: /media/roboserver/DATA/axbot_ws/install/axbot_interfaces/include/axbot_interfaces/axbot_interfaces/msg/detail/wheel_state__type_support.hpp
-- Up-to-date: /media/roboserver/DATA/axbot_ws/install/axbot_interfaces/include/axbot_interfaces/axbot_interfaces/msg/device_info.hpp
-- Up-to-date: /media/roboserver/DATA/axbot_ws/install/axbot_interfaces/include/axbot_interfaces/axbot_interfaces/msg/planning_state.hpp
-- Up-to-date: /media/roboserver/DATA/axbot_ws/install/axbot_interfaces/include/axbot_interfaces/axbot_interfaces/msg/robot_pose.hpp
-- Up-to-date: /media/roboserver/DATA/axbot_ws/install/axbot_interfaces/include/axbot_interfaces/axbot_interfaces/msg/rosidl_generator_cpp__visibility_control.hpp
-- Up-to-date: /media/roboserver/DATA/axbot_ws/install/axbot_interfaces/include/axbot_interfaces/axbot_interfaces/msg/slam_state.hpp
-- Up-to-date: /media/roboserver/DATA/axbot_ws/install/axbot_interfaces/include/axbot_interfaces/axbot_interfaces/msg/wheel_state.hpp
-- Up-to-date: /media/roboserver/DATA/axbot_ws/install/axbot_interfaces/include/axbot_interfaces/axbot_interfaces/srv
-- Up-to-date: /media/roboserver/DATA/axbot_ws/install/axbot_interfaces/include/axbot_interfaces/axbot_interfaces/srv/detail
-- Up-to-date: /media/roboserver/DATA/axbot_ws/install/axbot_interfaces/include/axbot_interfaces/axbot_interfaces/srv/detail/get_device_info__builder.hpp
-- Up-to-date: /media/roboserver/DATA/axbot_ws/install/axbot_interfaces/include/axbot_interfaces/axbot_interfaces/srv/detail/get_device_info__struct.hpp
-- Up-to-date: /media/roboserver/DATA/axbot_ws/install/axbot_interfaces/include/axbot_interfaces/axbot_interfaces/srv/detail/get_device_info__traits.hpp
-- Up-to-date: /media/roboserver/DATA/axbot_ws/install/axbot_interfaces/include/axbot_interfaces/axbot_interfaces/srv/detail/get_device_info__type_support.hpp
-- Up-to-date: /media/roboserver/DATA/axbot_ws/install/axbot_interfaces/include/axbot_interfaces/axbot_interfaces/srv/detail/set_control_mode__builder.hpp
-- Up-to-date: /media/roboserver/DATA/axbot_ws/install/axbot_interfaces/include/axbot_interfaces/axbot_interfaces/srv/detail/set_control_mode__struct.hpp
-- Up-to-date: /media/roboserver/DATA/axbot_ws/install/axbot_interfaces/include/axbot_interfaces/axbot_interfaces/srv/detail/set_control_mode__traits.hpp
-- Up-to-date: /media/roboserver/DATA/axbot_ws/install/axbot_interfaces/include/axbot_interfaces/axbot_interfaces/srv/detail/set_control_mode__type_support.hpp
-- Up-to-date: /media/roboserver/DATA/axbot_ws/install/axbot_interfaces/include/axbot_interfaces/axbot_interfaces/srv/detail/set_emergency_stop__builder.hpp
-- Up-to-date: /media/roboserver/DATA/axbot_ws/install/axbot_interfaces/include/axbot_interfaces/axbot_interfaces/srv/detail/set_emergency_stop__struct.hpp
-- Up-to-date: /media/roboserver/DATA/axbot_ws/install/axbot_interfaces/include/axbot_interfaces/axbot_interfaces/srv/detail/set_emergency_stop__traits.hpp
-- Up-to-date: /media/roboserver/DATA/axbot_ws/install/axbot_interfaces/include/axbot_interfaces/axbot_interfaces/srv/detail/set_emergency_stop__type_support.hpp
-- Up-to-date: /media/roboserver/DATA/axbot_ws/install/axbot_interfaces/include/axbot_interfaces/axbot_interfaces/srv/get_device_info.hpp
-- Up-to-date: /media/roboserver/DATA/axbot_ws/install/axbot_interfaces/include/axbot_interfaces/axbot_interfaces/srv/set_control_mode.hpp
-- Up-to-date: /media/roboserver/DATA/axbot_ws/install/axbot_interfaces/include/axbot_interfaces/axbot_interfaces/srv/set_emergency_stop.hpp
-- Up-to-date: /media/roboserver/DATA/axbot_ws/install/axbot_interfaces/include/axbot_interfaces/axbot_interfaces
-- Up-to-date: /media/roboserver/DATA/axbot_ws/install/axbot_interfaces/include/axbot_interfaces/axbot_interfaces/msg
-- Up-to-date: /media/roboserver/DATA/axbot_ws/install/axbot_interfaces/include/axbot_interfaces/axbot_interfaces/msg/detail
-- Up-to-date: /media/roboserver/DATA/axbot_ws/install/axbot_interfaces/include/axbot_interfaces/axbot_interfaces/msg/detail/dds_fastrtps
-- Up-to-date: /media/roboserver/DATA/axbot_ws/install/axbot_interfaces/include/axbot_interfaces/axbot_interfaces/msg/detail/device_info__rosidl_typesupport_fastrtps_cpp.hpp
-- Up-to-date: /media/roboserver/DATA/axbot_ws/install/axbot_interfaces/include/axbot_interfaces/axbot_interfaces/msg/detail/planning_state__rosidl_typesupport_fastrtps_cpp.hpp
-- Up-to-date: /media/roboserver/DATA/axbot_ws/install/axbot_interfaces/include/axbot_interfaces/axbot_interfaces/msg/detail/robot_pose__rosidl_typesupport_fastrtps_cpp.hpp
-- Up-to-date: /media/roboserver/DATA/axbot_ws/install/axbot_interfaces/include/axbot_interfaces/axbot_interfaces/msg/detail/slam_state__rosidl_typesupport_fastrtps_cpp.hpp
-- Up-to-date: /media/roboserver/DATA/axbot_ws/install/axbot_interfaces/include/axbot_interfaces/axbot_interfaces/msg/detail/wheel_state__rosidl_typesupport_fastrtps_cpp.hpp
-- Up-to-date: /media/roboserver/DATA/axbot_ws/install/axbot_interfaces/include/axbot_interfaces/axbot_interfaces/msg/rosidl_typesupport_fastrtps_cpp__visibility_control.h
-- Up-to-date: /media/roboserver/DATA/axbot_ws/install/axbot_interfaces/include/axbot_interfaces/axbot_interfaces/srv
-- Up-to-date: /media/roboserver/DATA/axbot_ws/install/axbot_interfaces/include/axbot_interfaces/axbot_interfaces/srv/detail
-- Up-to-date: /media/roboserver/DATA/axbot_ws/install/axbot_interfaces/include/axbot_interfaces/axbot_interfaces/srv/detail/dds_fastrtps
-- Up-to-date: /media/roboserver/DATA/axbot_ws/install/axbot_interfaces/include/axbot_interfaces/axbot_interfaces/srv/detail/get_device_info__rosidl_typesupport_fastrtps_cpp.hpp
-- Up-to-date: /media/roboserver/DATA/axbot_ws/install/axbot_interfaces/include/axbot_interfaces/axbot_interfaces/srv/detail/set_control_mode__rosidl_typesupport_fastrtps_cpp.hpp
-- Up-to-date: /media/roboserver/DATA/axbot_ws/install/axbot_interfaces/include/axbot_interfaces/axbot_interfaces/srv/detail/set_emergency_stop__rosidl_typesupport_fastrtps_cpp.hpp
-- Up-to-date: /media/roboserver/DATA/axbot_ws/install/axbot_interfaces/lib/libaxbot_interfaces__rosidl_typesupport_fastrtps_cpp.so
-- Up-to-date: /media/roboserver/DATA/axbot_ws/install/axbot_interfaces/include/axbot_interfaces/axbot_interfaces
-- Up-to-date: /media/roboserver/DATA/axbot_ws/install/axbot_interfaces/include/axbot_interfaces/axbot_interfaces/msg
-- Up-to-date: /media/roboserver/DATA/axbot_ws/install/axbot_interfaces/include/axbot_interfaces/axbot_interfaces/msg/detail
-- Up-to-date: /media/roboserver/DATA/axbot_ws/install/axbot_interfaces/include/axbot_interfaces/axbot_interfaces/msg/detail/device_info__rosidl_typesupport_introspection_c.h
-- Up-to-date: /media/roboserver/DATA/axbot_ws/install/axbot_interfaces/include/axbot_interfaces/axbot_interfaces/msg/detail/device_info__type_support.c
-- Up-to-date: /media/roboserver/DATA/axbot_ws/install/axbot_interfaces/include/axbot_interfaces/axbot_interfaces/msg/detail/planning_state__rosidl_typesupport_introspection_c.h
-- Up-to-date: /media/roboserver/DATA/axbot_ws/install/axbot_interfaces/include/axbot_interfaces/axbot_interfaces/msg/detail/planning_state__type_support.c
-- Up-to-date: /media/roboserver/DATA/axbot_ws/install/axbot_interfaces/include/axbot_interfaces/axbot_interfaces/msg/detail/robot_pose__rosidl_typesupport_introspection_c.h
-- Up-to-date: /media/roboserver/DATA/axbot_ws/install/axbot_interfaces/include/axbot_interfaces/axbot_interfaces/msg/detail/robot_pose__type_support.c
-- Up-to-date: /media/roboserver/DATA/axbot_ws/install/axbot_interfaces/include/axbot_interfaces/axbot_interfaces/msg/detail/slam_state__rosidl_typesupport_introspection_c.h
-- Up-to-date: /media/roboserver/DATA/axbot_ws/install/axbot_interfaces/include/axbot_interfaces/axbot_interfaces/msg/detail/slam_state__type_support.c
-- Up-to-date: /media/roboserver/DATA/axbot_ws/install/axbot_interfaces/include/axbot_interfaces/axbot_interfaces/msg/detail/wheel_state__rosidl_typesupport_introspection_c.h
-- Up-to-date: /media/roboserver/DATA/axbot_ws/install/axbot_interfaces/include/axbot_interfaces/axbot_interfaces/msg/detail/wheel_state__type_support.c
-- Up-to-date: /media/roboserver/DATA/axbot_ws/install/axbot_interfaces/include/axbot_interfaces/axbot_interfaces/msg/rosidl_typesupport_introspection_c__visibility_control.h
-- Up-to-date: /media/roboserver/DATA/axbot_ws/install/axbot_interfaces/include/axbot_interfaces/axbot_interfaces/srv
-- Up-to-date: /media/roboserver/DATA/axbot_ws/install/axbot_interfaces/include/axbot_interfaces/axbot_interfaces/srv/detail
-- Up-to-date: /media/roboserver/DATA/axbot_ws/install/axbot_interfaces/include/axbot_interfaces/axbot_interfaces/srv/detail/get_device_info__rosidl_typesupport_introspection_c.h
-- Up-to-date: /media/roboserver/DATA/axbot_ws/install/axbot_interfaces/include/axbot_interfaces/axbot_interfaces/srv/detail/get_device_info__type_support.c
-- Up-to-date: /media/roboserver/DATA/axbot_ws/install/axbot_interfaces/include/axbot_interfaces/axbot_interfaces/srv/detail/set_control_mode__rosidl_typesupport_introspection_c.h
-- Up-to-date: /media/roboserver/DATA/axbot_ws/install/axbot_interfaces/include/axbot_interfaces/axbot_interfaces/srv/detail/set_control_mode__type_support.c
-- Up-to-date: /media/roboserver/DATA/axbot_ws/install/axbot_interfaces/include/axbot_interfaces/axbot_interfaces/srv/detail/set_emergency_stop__rosidl_typesupport_introspection_c.h
-- Up-to-date: /media/roboserver/DATA/axbot_ws/install/axbot_interfaces/include/axbot_interfaces/axbot_interfaces/srv/detail/set_emergency_stop__type_support.c
-- Up-to-date: /media/roboserver/DATA/axbot_ws/install/axbot_interfaces/lib/libaxbot_interfaces__rosidl_typesupport_introspection_c.so
-- Up-to-date: /media/roboserver/DATA/axbot_ws/install/axbot_interfaces/lib/libaxbot_interfaces__rosidl_typesupport_c.so
-- Up-to-date: /media/roboserver/DATA/axbot_ws/install/axbot_interfaces/include/axbot_interfaces/axbot_interfaces
-- Up-to-date: /media/roboserver/DATA/axbot_ws/install/axbot_interfaces/include/axbot_interfaces/axbot_interfaces/msg
-- Up-to-date: /media/roboserver/DATA/axbot_ws/install/axbot_interfaces/include/axbot_interfaces/axbot_interfaces/msg/detail
-- Up-to-date: /media/roboserver/DATA/axbot_ws/install/axbot_interfaces/include/axbot_interfaces/axbot_interfaces/msg/detail/device_info__rosidl_typesupport_introspection_cpp.hpp
-- Up-to-date: /media/roboserver/DATA/axbot_ws/install/axbot_interfaces/include/axbot_interfaces/axbot_interfaces/msg/detail/device_info__type_support.cpp
-- Up-to-date: /media/roboserver/DATA/axbot_ws/install/axbot_interfaces/include/axbot_interfaces/axbot_interfaces/msg/detail/planning_state__rosidl_typesupport_introspection_cpp.hpp
-- Up-to-date: /media/roboserver/DATA/axbot_ws/install/axbot_interfaces/include/axbot_interfaces/axbot_interfaces/msg/detail/planning_state__type_support.cpp
-- Up-to-date: /media/roboserver/DATA/axbot_ws/install/axbot_interfaces/include/axbot_interfaces/axbot_interfaces/msg/detail/robot_pose__rosidl_typesupport_introspection_cpp.hpp
-- Up-to-date: /media/roboserver/DATA/axbot_ws/install/axbot_interfaces/include/axbot_interfaces/axbot_interfaces/msg/detail/robot_pose__type_support.cpp
-- Up-to-date: /media/roboserver/DATA/axbot_ws/install/axbot_interfaces/include/axbot_interfaces/axbot_interfaces/msg/detail/slam_state__rosidl_typesupport_introspection_cpp.hpp
-- Up-to-date: /media/roboserver/DATA/axbot_ws/install/axbot_interfaces/include/axbot_interfaces/axbot_interfaces/msg/detail/slam_state__type_support.cpp
-- Up-to-date: /media/roboserver/DATA/axbot_ws/install/axbot_interfaces/include/axbot_interfaces/axbot_interfaces/msg/detail/wheel_state__rosidl_typesupport_introspection_cpp.hpp
-- Up-to-date: /media/roboserver/DATA/axbot_ws/install/axbot_interfaces/include/axbot_interfaces/axbot_interfaces/msg/detail/wheel_state__type_support.cpp
-- Up-to-date: /media/roboserver/DATA/axbot_ws/install/axbot_interfaces/include/axbot_interfaces/axbot_interfaces/srv
-- Up-to-date: /media/roboserver/DATA/axbot_ws/install/axbot_interfaces/include/axbot_interfaces/axbot_interfaces/srv/detail
-- Up-to-date: /media/roboserver/DATA/axbot_ws/install/axbot_interfaces/include/axbot_interfaces/axbot_interfaces/srv/detail/get_device_info__rosidl_typesupport_introspection_cpp.hpp
-- Up-to-date: /media/roboserver/DATA/axbot_ws/install/axbot_interfaces/include/axbot_interfaces/axbot_interfaces/srv/detail/get_device_info__type_support.cpp
-- Up-to-date: /media/roboserver/DATA/axbot_ws/install/axbot_interfaces/include/axbot_interfaces/axbot_interfaces/srv/detail/set_control_mode__rosidl_typesupport_introspection_cpp.hpp
-- Up-to-date: /media/roboserver/DATA/axbot_ws/install/axbot_interfaces/include/axbot_interfaces/axbot_interfaces/srv/detail/set_control_mode__type_support.cpp
-- Up-to-date: /media/roboserver/DATA/axbot_ws/install/axbot_interfaces/include/axbot_interfaces/axbot_interfaces/srv/detail/set_emergency_stop__rosidl_typesupport_introspection_cpp.hpp
-- Up-to-date: /media/roboserver/DATA/axbot_ws/install/axbot_interfaces/include/axbot_interfaces/axbot_interfaces/srv/detail/set_emergency_stop__type_support.cpp
-- Up-to-date: /media/roboserver/DATA/axbot_ws/install/axbot_interfaces/lib/libaxbot_interfaces__rosidl_typesupport_introspection_cpp.so
-- Up-to-date: /media/roboserver/DATA/axbot_ws/install/axbot_interfaces/lib/libaxbot_interfaces__rosidl_typesupport_cpp.so
-- Up-to-date: /media/roboserver/DATA/axbot_ws/install/axbot_interfaces/share/axbot_interfaces/environment/pythonpath.sh
-- Up-to-date: /media/roboserver/DATA/axbot_ws/install/axbot_interfaces/share/axbot_interfaces/environment/pythonpath.dsv
-- Up-to-date: /media/roboserver/DATA/axbot_ws/install/axbot_interfaces/lib/python3.12/site-packages/axbot_interfaces-1.0.0-py3.12.egg-info
-- Installing: /media/roboserver/DATA/axbot_ws/install/axbot_interfaces/lib/python3.12/site-packages/axbot_interfaces-1.0.0-py3.12.egg-info/dependency_links.txt
-- Installing: /media/roboserver/DATA/axbot_ws/install/axbot_interfaces/lib/python3.12/site-packages/axbot_interfaces-1.0.0-py3.12.egg-info/PKG-INFO
-- Installing: /media/roboserver/DATA/axbot_ws/install/axbot_interfaces/lib/python3.12/site-packages/axbot_interfaces-1.0.0-py3.12.egg-info/SOURCES.txt
-- Installing: /media/roboserver/DATA/axbot_ws/install/axbot_interfaces/lib/python3.12/site-packages/axbot_interfaces-1.0.0-py3.12.egg-info/top_level.txt
-- Up-to-date: /media/roboserver/DATA/axbot_ws/install/axbot_interfaces/lib/python3.12/site-packages/axbot_interfaces
-- Up-to-date: /media/roboserver/DATA/axbot_ws/install/axbot_interfaces/lib/python3.12/site-packages/axbot_interfaces/axbot_interfaces_s__rosidl_typesupport_c.so
-- Up-to-date: /media/roboserver/DATA/axbot_ws/install/axbot_interfaces/lib/python3.12/site-packages/axbot_interfaces/axbot_interfaces_s__rosidl_typesupport_fastrtps_c.so
-- Up-to-date: /media/roboserver/DATA/axbot_ws/install/axbot_interfaces/lib/python3.12/site-packages/axbot_interfaces/axbot_interfaces_s__rosidl_typesupport_introspection_c.so
-- Up-to-date: /media/roboserver/DATA/axbot_ws/install/axbot_interfaces/lib/python3.12/site-packages/axbot_interfaces/msg
-- Up-to-date: /media/roboserver/DATA/axbot_ws/install/axbot_interfaces/lib/python3.12/site-packages/axbot_interfaces/msg/_device_info.py
-- Up-to-date: /media/roboserver/DATA/axbot_ws/install/axbot_interfaces/lib/python3.12/site-packages/axbot_interfaces/msg/_device_info_s.c
-- Up-to-date: /media/roboserver/DATA/axbot_ws/install/axbot_interfaces/lib/python3.12/site-packages/axbot_interfaces/msg/_planning_state.py
-- Up-to-date: /media/roboserver/DATA/axbot_ws/install/axbot_interfaces/lib/python3.12/site-packages/axbot_interfaces/msg/_planning_state_s.c
-- Up-to-date: /media/roboserver/DATA/axbot_ws/install/axbot_interfaces/lib/python3.12/site-packages/axbot_interfaces/msg/_robot_pose.py
-- Up-to-date: /media/roboserver/DATA/axbot_ws/install/axbot_interfaces/lib/python3.12/site-packages/axbot_interfaces/msg/_robot_pose_s.c
-- Up-to-date: /media/roboserver/DATA/axbot_ws/install/axbot_interfaces/lib/python3.12/site-packages/axbot_interfaces/msg/_slam_state.py
-- Up-to-date: /media/roboserver/DATA/axbot_ws/install/axbot_interfaces/lib/python3.12/site-packages/axbot_interfaces/msg/_slam_state_s.c
-- Up-to-date: /media/roboserver/DATA/axbot_ws/install/axbot_interfaces/lib/python3.12/site-packages/axbot_interfaces/msg/_wheel_state.py
-- Up-to-date: /media/roboserver/DATA/axbot_ws/install/axbot_interfaces/lib/python3.12/site-packages/axbot_interfaces/msg/_wheel_state_s.c
-- Up-to-date: /media/roboserver/DATA/axbot_ws/install/axbot_interfaces/lib/python3.12/site-packages/axbot_interfaces/msg/__init__.py
-- Up-to-date: /media/roboserver/DATA/axbot_ws/install/axbot_interfaces/lib/python3.12/site-packages/axbot_interfaces/srv
-- Up-to-date: /media/roboserver/DATA/axbot_ws/install/axbot_interfaces/lib/python3.12/site-packages/axbot_interfaces/srv/_get_device_info.py
-- Up-to-date: /media/roboserver/DATA/axbot_ws/install/axbot_interfaces/lib/python3.12/site-packages/axbot_interfaces/srv/_get_device_info_s.c
-- Up-to-date: /media/roboserver/DATA/axbot_ws/install/axbot_interfaces/lib/python3.12/site-packages/axbot_interfaces/srv/_set_control_mode.py
-- Up-to-date: /media/roboserver/DATA/axbot_ws/install/axbot_interfaces/lib/python3.12/site-packages/axbot_interfaces/srv/_set_control_mode_s.c
-- Up-to-date: /media/roboserver/DATA/axbot_ws/install/axbot_interfaces/lib/python3.12/site-packages/axbot_interfaces/srv/_set_emergency_stop.py
-- Up-to-date: /media/roboserver/DATA/axbot_ws/install/axbot_interfaces/lib/python3.12/site-packages/axbot_interfaces/srv/_set_emergency_stop_s.c
-- Up-to-date: /media/roboserver/DATA/axbot_ws/install/axbot_interfaces/lib/python3.12/site-packages/axbot_interfaces/srv/__init__.py
-- Up-to-date: /media/roboserver/DATA/axbot_ws/install/axbot_interfaces/lib/python3.12/site-packages/axbot_interfaces/_axbot_interfaces_s.ep.rosidl_typesupport_c.c
-- Up-to-date: /media/roboserver/DATA/axbot_ws/install/axbot_interfaces/lib/python3.12/site-packages/axbot_interfaces/_axbot_interfaces_s.ep.rosidl_typesupport_fastrtps_c.c
-- Up-to-date: /media/roboserver/DATA/axbot_ws/install/axbot_interfaces/lib/python3.12/site-packages/axbot_interfaces/_axbot_interfaces_s.ep.rosidl_typesupport_introspection_c.c
-- Up-to-date: /media/roboserver/DATA/axbot_ws/install/axbot_interfaces/lib/python3.12/site-packages/axbot_interfaces/__init__.py
Listing '/media/roboserver/DATA/axbot_ws/install/axbot_interfaces/lib/python3.12/site-packages/axbot_interfaces'...
Listing '/media/roboserver/DATA/axbot_ws/install/axbot_interfaces/lib/python3.12/site-packages/axbot_interfaces/msg'...
Listing '/media/roboserver/DATA/axbot_ws/install/axbot_interfaces/lib/python3.12/site-packages/axbot_interfaces/srv'...
-- Up-to-date: /media/roboserver/DATA/axbot_ws/install/axbot_interfaces/lib/python3.12/site-packages/axbot_interfaces/axbot_interfaces_s__rosidl_typesupport_fastrtps_c.so
-- Up-to-date: /media/roboserver/DATA/axbot_ws/install/axbot_interfaces/lib/python3.12/site-packages/axbot_interfaces/axbot_interfaces_s__rosidl_typesupport_introspection_c.so
-- Up-to-date: /media/roboserver/DATA/axbot_ws/install/axbot_interfaces/lib/python3.12/site-packages/axbot_interfaces/axbot_interfaces_s__rosidl_typesupport_c.so
-- Up-to-date: /media/roboserver/DATA/axbot_ws/install/axbot_interfaces/lib/libaxbot_interfaces__rosidl_generator_py.so
-- Up-to-date: /media/roboserver/DATA/axbot_ws/install/axbot_interfaces/share/axbot_interfaces/msg/DeviceInfo.idl
-- Up-to-date: /media/roboserver/DATA/axbot_ws/install/axbot_interfaces/share/axbot_interfaces/msg/WheelState.idl
-- Up-to-date: /media/roboserver/DATA/axbot_ws/install/axbot_interfaces/share/axbot_interfaces/msg/SlamState.idl
-- Up-to-date: /media/roboserver/DATA/axbot_ws/install/axbot_interfaces/share/axbot_interfaces/msg/PlanningState.idl
-- Up-to-date: /media/roboserver/DATA/axbot_ws/install/axbot_interfaces/share/axbot_interfaces/msg/RobotPose.idl
-- Up-to-date: /media/roboserver/DATA/axbot_ws/install/axbot_interfaces/share/axbot_interfaces/srv/SetControlMode.idl
-- Up-to-date: /media/roboserver/DATA/axbot_ws/install/axbot_interfaces/share/axbot_interfaces/srv/SetEmergencyStop.idl
-- Up-to-date: /media/roboserver/DATA/axbot_ws/install/axbot_interfaces/share/axbot_interfaces/srv/GetDeviceInfo.idl
-- Up-to-date: /media/roboserver/DATA/axbot_ws/install/axbot_interfaces/share/axbot_interfaces/msg/DeviceInfo.msg
-- Up-to-date: /media/roboserver/DATA/axbot_ws/install/axbot_interfaces/share/axbot_interfaces/msg/WheelState.msg
-- Up-to-date: /media/roboserver/DATA/axbot_ws/install/axbot_interfaces/share/axbot_interfaces/msg/SlamState.msg
-- Up-to-date: /media/roboserver/DATA/axbot_ws/install/axbot_interfaces/share/axbot_interfaces/msg/PlanningState.msg
-- Up-to-date: /media/roboserver/DATA/axbot_ws/install/axbot_interfaces/share/axbot_interfaces/msg/RobotPose.msg
-- Up-to-date: /media/roboserver/DATA/axbot_ws/install/axbot_interfaces/share/axbot_interfaces/srv/SetControlMode.srv
-- Up-to-date: /media/roboserver/DATA/axbot_ws/install/axbot_interfaces/share/axbot_interfaces/srv/SetEmergencyStop.srv
-- Up-to-date: /media/roboserver/DATA/axbot_ws/install/axbot_interfaces/share/axbot_interfaces/srv/GetDeviceInfo.srv
-- Up-to-date: /media/roboserver/DATA/axbot_ws/install/axbot_interfaces/share/ament_index/resource_index/package_run_dependencies/axbot_interfaces
-- Up-to-date: /media/roboserver/DATA/axbot_ws/install/axbot_interfaces/share/ament_index/resource_index/parent_prefix_path/axbot_interfaces
-- Up-to-date: /media/roboserver/DATA/axbot_ws/install/axbot_interfaces/share/axbot_interfaces/environment/ament_prefix_path.sh
-- Up-to-date: /media/roboserver/DATA/axbot_ws/install/axbot_interfaces/share/axbot_interfaces/environment/ament_prefix_path.dsv
-- Up-to-date: /media/roboserver/DATA/axbot_ws/install/axbot_interfaces/share/axbot_interfaces/environment/path.sh
-- Up-to-date: /media/roboserver/DATA/axbot_ws/install/axbot_interfaces/share/axbot_interfaces/environment/path.dsv
-- Up-to-date: /media/roboserver/DATA/axbot_ws/install/axbot_interfaces/share/axbot_interfaces/local_setup.bash
-- Up-to-date: /media/roboserver/DATA/axbot_ws/install/axbot_interfaces/share/axbot_interfaces/local_setup.sh
-- Up-to-date: /media/roboserver/DATA/axbot_ws/install/axbot_interfaces/share/axbot_interfaces/local_setup.zsh
-- Up-to-date: /media/roboserver/DATA/axbot_ws/install/axbot_interfaces/share/axbot_interfaces/local_setup.dsv
-- Installing: /media/roboserver/DATA/axbot_ws/install/axbot_interfaces/share/axbot_interfaces/package.dsv
-- Up-to-date: /media/roboserver/DATA/axbot_ws/install/axbot_interfaces/share/ament_index/resource_index/packages/axbot_interfaces
-- Up-to-date: /media/roboserver/DATA/axbot_ws/install/axbot_interfaces/share/axbot_interfaces/cmake/export_axbot_interfaces__rosidl_generator_cExport.cmake
-- Up-to-date: /media/roboserver/DATA/axbot_ws/install/axbot_interfaces/share/axbot_interfaces/cmake/export_axbot_interfaces__rosidl_generator_cExport-noconfig.cmake
-- Up-to-date: /media/roboserver/DATA/axbot_ws/install/axbot_interfaces/share/axbot_interfaces/cmake/export_axbot_interfaces__rosidl_typesupport_fastrtps_cExport.cmake
-- Up-to-date: /media/roboserver/DATA/axbot_ws/install/axbot_interfaces/share/axbot_interfaces/cmake/export_axbot_interfaces__rosidl_typesupport_fastrtps_cExport-noconfig.cmake
-- Up-to-date: /media/roboserver/DATA/axbot_ws/install/axbot_interfaces/share/axbot_interfaces/cmake/export_axbot_interfaces__rosidl_generator_cppExport.cmake
-- Up-to-date: /media/roboserver/DATA/axbot_ws/install/axbot_interfaces/share/axbot_interfaces/cmake/export_axbot_interfaces__rosidl_typesupport_fastrtps_cppExport.cmake
-- Up-to-date: /media/roboserver/DATA/axbot_ws/install/axbot_interfaces/share/axbot_interfaces/cmake/export_axbot_interfaces__rosidl_typesupport_fastrtps_cppExport-noconfig.cmake
-- Up-to-date: /media/roboserver/DATA/axbot_ws/install/axbot_interfaces/share/axbot_interfaces/cmake/axbot_interfaces__rosidl_typesupport_introspection_cExport.cmake
-- Up-to-date: /media/roboserver/DATA/axbot_ws/install/axbot_interfaces/share/axbot_interfaces/cmake/axbot_interfaces__rosidl_typesupport_introspection_cExport-noconfig.cmake
-- Up-to-date: /media/roboserver/DATA/axbot_ws/install/axbot_interfaces/share/axbot_interfaces/cmake/axbot_interfaces__rosidl_typesupport_cExport.cmake
-- Up-to-date: /media/roboserver/DATA/axbot_ws/install/axbot_interfaces/share/axbot_interfaces/cmake/axbot_interfaces__rosidl_typesupport_cExport-noconfig.cmake
-- Up-to-date: /media/roboserver/DATA/axbot_ws/install/axbot_interfaces/share/axbot_interfaces/cmake/axbot_interfaces__rosidl_typesupport_introspection_cppExport.cmake
-- Up-to-date: /media/roboserver/DATA/axbot_ws/install/axbot_interfaces/share/axbot_interfaces/cmake/axbot_interfaces__rosidl_typesupport_introspection_cppExport-noconfig.cmake
-- Up-to-date: /media/roboserver/DATA/axbot_ws/install/axbot_interfaces/share/axbot_interfaces/cmake/axbot_interfaces__rosidl_typesupport_cppExport.cmake
-- Up-to-date: /media/roboserver/DATA/axbot_ws/install/axbot_interfaces/share/axbot_interfaces/cmake/axbot_interfaces__rosidl_typesupport_cppExport-noconfig.cmake
-- Up-to-date: /media/roboserver/DATA/axbot_ws/install/axbot_interfaces/share/axbot_interfaces/cmake/export_axbot_interfaces__rosidl_generator_pyExport.cmake
-- Up-to-date: /media/roboserver/DATA/axbot_ws/install/axbot_interfaces/share/axbot_interfaces/cmake/export_axbot_interfaces__rosidl_generator_pyExport-noconfig.cmake
-- Up-to-date: /media/roboserver/DATA/axbot_ws/install/axbot_interfaces/share/axbot_interfaces/cmake/rosidl_cmake-extras.cmake
-- Up-to-date: /media/roboserver/DATA/axbot_ws/install/axbot_interfaces/share/axbot_interfaces/cmake/ament_cmake_export_dependencies-extras.cmake
-- Up-to-date: /media/roboserver/DATA/axbot_ws/install/axbot_interfaces/share/axbot_interfaces/cmake/ament_cmake_export_include_directories-extras.cmake
-- Up-to-date: /media/roboserver/DATA/axbot_ws/install/axbot_interfaces/share/axbot_interfaces/cmake/ament_cmake_export_libraries-extras.cmake
-- Up-to-date: /media/roboserver/DATA/axbot_ws/install/axbot_interfaces/share/axbot_interfaces/cmake/ament_cmake_export_targets-extras.cmake
-- Up-to-date: /media/roboserver/DATA/axbot_ws/install/axbot_interfaces/share/axbot_interfaces/cmake/rosidl_cmake_export_typesupport_targets-extras.cmake
-- Up-to-date: /media/roboserver/DATA/axbot_ws/install/axbot_interfaces/share/axbot_interfaces/cmake/rosidl_cmake_export_typesupport_libraries-extras.cmake
-- Up-to-date: /media/roboserver/DATA/axbot_ws/install/axbot_interfaces/share/axbot_interfaces/cmake/axbot_interfacesConfig.cmake
-- Up-to-date: /media/roboserver/DATA/axbot_ws/install/axbot_interfaces/share/axbot_interfaces/cmake/axbot_interfacesConfig-version.cmake
-- Up-to-date: /media/roboserver/DATA/axbot_ws/install/axbot_interfaces/share/axbot_interfaces/package.xml
