[5.232s] Invoking command in '/media/roboserver/DATA/axbot_ws/src/axbot_driver': CMAKE_PREFIX_PATH=/media/roboserver/DATA/axbot_ws/install/axbot_interfaces:/media/roboserver/DATA/axbot_ws/install/axbot_navigation:/media/roboserver/DATA/axbot_ws/install/axbot_description:/opt/ros/jazzy/opt/gz_sim_vendor:/opt/ros/jazzy/opt/gz_sensors_vendor:/opt/ros/jazzy/opt/gz_physics_vendor:/opt/ros/jazzy/opt/sdformat_vendor:/opt/ros/jazzy/opt/gz_gui_vendor:/opt/ros/jazzy/opt/gz_transport_vendor:/opt/ros/jazzy/opt/gz_rendering_vendor:/opt/ros/jazzy/opt/gz_plugin_vendor:/opt/ros/jazzy/opt/gz_fuel_tools_vendor:/opt/ros/jazzy/opt/gz_msgs_vendor:/opt/ros/jazzy/opt/gz_common_vendor:/opt/ros/jazzy/opt/gz_math_vendor:/opt/ros/jazzy/opt/gz_utils_vendor:/opt/ros/jazzy/opt/gz_tools_vendor:/opt/ros/jazzy/opt/gz_ogre_next_vendor:/opt/ros/jazzy/opt/gz_dartsim_vendor:/opt/ros/jazzy/opt/gz_cmake_vendor DEBUGINFOD_URLS=https://debuginfod.ubuntu.com PYTHONPATH=/media/roboserver/DATA/axbot_ws/build/axbot_driver/prefix_override:/usr/lib/python3/dist-packages/colcon_core/task/python/colcon_distutils_commands:/media/roboserver/DATA/axbot_ws/install/axbot_driver/lib/python3.12/site-packages:/media/roboserver/DATA/axbot_ws/install/axbot_interfaces/lib/python3.12/site-packages:/media/roboserver/DATA/axbot_ws/install/axbot_examples/lib/python3.12/site-packages:/media/roboserver/DATA/axbot_ws/install/axbot_driver/lib/python3.12/site-packages:/media/roboserver/DATA/autox_ws/build/fielder_teleop:/media/roboserver/DATA/autox_ws/install/fielder_teleop/lib/python3.12/site-packages:/media/roboserver/DATA/autox_ws/build/fielder_odometry:/media/roboserver/DATA/autox_ws/install/fielder_odometry/lib/python3.12/site-packages:/media/roboserver/DATA/autox_ws/build/fielder_navigation:/media/roboserver/DATA/autox_ws/install/fielder_navigation/lib/python3.12/site-packages:/opt/ros/jazzy/lib/python3.12/site-packages /usr/bin/python3 -W ignore:setup.py install is deprecated -W ignore:easy_install command is deprecated setup.py egg_info --egg-base ../../build/axbot_driver build --build-base /media/roboserver/DATA/axbot_ws/build/axbot_driver/build install --record /media/roboserver/DATA/axbot_ws/build/axbot_driver/install.log --single-version-externally-managed install_data
[5.571s] running egg_info
[5.571s] creating ../../build/axbot_driver/axbot_driver.egg-info
[5.596s] writing ../../build/axbot_driver/axbot_driver.egg-info/PKG-INFO
[5.596s] writing dependency_links to ../../build/axbot_driver/axbot_driver.egg-info/dependency_links.txt
[5.596s] writing entry points to ../../build/axbot_driver/axbot_driver.egg-info/entry_points.txt
[5.596s] writing requirements to ../../build/axbot_driver/axbot_driver.egg-info/requires.txt
[5.596s] writing top-level names to ../../build/axbot_driver/axbot_driver.egg-info/top_level.txt
[5.596s] writing manifest file '../../build/axbot_driver/axbot_driver.egg-info/SOURCES.txt'
[5.645s] reading manifest file '../../build/axbot_driver/axbot_driver.egg-info/SOURCES.txt'
[5.646s] writing manifest file '../../build/axbot_driver/axbot_driver.egg-info/SOURCES.txt'
[5.646s] running build
[5.646s] running build_py
[5.647s] creating /media/roboserver/DATA/axbot_ws/build/axbot_driver/build
[5.647s] creating /media/roboserver/DATA/axbot_ws/build/axbot_driver/build/lib
[5.647s] creating /media/roboserver/DATA/axbot_ws/build/axbot_driver/build/lib/axbot_driver
[5.647s] copying axbot_driver/axbot_node.py -> /media/roboserver/DATA/axbot_ws/build/axbot_driver/build/lib/axbot_driver
[5.647s] copying axbot_driver/rest_client.py -> /media/roboserver/DATA/axbot_ws/build/axbot_driver/build/lib/axbot_driver
[5.647s] copying axbot_driver/scan_bridge.py -> /media/roboserver/DATA/axbot_ws/build/axbot_driver/build/lib/axbot_driver
[5.647s] copying axbot_driver/websocket_client.py -> /media/roboserver/DATA/axbot_ws/build/axbot_driver/build/lib/axbot_driver
[5.647s] copying axbot_driver/__init__.py -> /media/roboserver/DATA/axbot_ws/build/axbot_driver/build/lib/axbot_driver
[5.647s] running install
[5.653s] running install_lib
[5.680s] creating /media/roboserver/DATA/axbot_ws/install/axbot_driver/lib/python3.12/site-packages/axbot_driver
[5.680s] copying /media/roboserver/DATA/axbot_ws/build/axbot_driver/build/lib/axbot_driver/axbot_node.py -> /media/roboserver/DATA/axbot_ws/install/axbot_driver/lib/python3.12/site-packages/axbot_driver
[5.680s] copying /media/roboserver/DATA/axbot_ws/build/axbot_driver/build/lib/axbot_driver/rest_client.py -> /media/roboserver/DATA/axbot_ws/install/axbot_driver/lib/python3.12/site-packages/axbot_driver
[5.681s] copying /media/roboserver/DATA/axbot_ws/build/axbot_driver/build/lib/axbot_driver/scan_bridge.py -> /media/roboserver/DATA/axbot_ws/install/axbot_driver/lib/python3.12/site-packages/axbot_driver
[5.681s] copying /media/roboserver/DATA/axbot_ws/build/axbot_driver/build/lib/axbot_driver/websocket_client.py -> /media/roboserver/DATA/axbot_ws/install/axbot_driver/lib/python3.12/site-packages/axbot_driver
[5.681s] copying /media/roboserver/DATA/axbot_ws/build/axbot_driver/build/lib/axbot_driver/__init__.py -> /media/roboserver/DATA/axbot_ws/install/axbot_driver/lib/python3.12/site-packages/axbot_driver
[5.681s] byte-compiling /media/roboserver/DATA/axbot_ws/install/axbot_driver/lib/python3.12/site-packages/axbot_driver/axbot_node.py to axbot_node.cpython-312.pyc
[5.684s] byte-compiling /media/roboserver/DATA/axbot_ws/install/axbot_driver/lib/python3.12/site-packages/axbot_driver/rest_client.py to rest_client.cpython-312.pyc
[5.685s] byte-compiling /media/roboserver/DATA/axbot_ws/install/axbot_driver/lib/python3.12/site-packages/axbot_driver/scan_bridge.py to scan_bridge.cpython-312.pyc
[5.685s] byte-compiling /media/roboserver/DATA/axbot_ws/install/axbot_driver/lib/python3.12/site-packages/axbot_driver/websocket_client.py to websocket_client.cpython-312.pyc
[5.686s] byte-compiling /media/roboserver/DATA/axbot_ws/install/axbot_driver/lib/python3.12/site-packages/axbot_driver/__init__.py to __init__.cpython-312.pyc
[5.687s] running install_data
[5.687s] creating /media/roboserver/DATA/axbot_ws/install/axbot_driver/share/ament_index
[5.687s] creating /media/roboserver/DATA/axbot_ws/install/axbot_driver/share/ament_index/resource_index
[5.687s] creating /media/roboserver/DATA/axbot_ws/install/axbot_driver/share/ament_index/resource_index/packages
[5.687s] copying resource/axbot_driver -> /media/roboserver/DATA/axbot_ws/install/axbot_driver/share/ament_index/resource_index/packages
[5.687s] copying package.xml -> /media/roboserver/DATA/axbot_ws/install/axbot_driver/share/axbot_driver
[5.687s] creating /media/roboserver/DATA/axbot_ws/install/axbot_driver/share/axbot_driver/launch
[5.688s] copying launch/axbot_driver.launch.py -> /media/roboserver/DATA/axbot_ws/install/axbot_driver/share/axbot_driver/launch
[5.688s] copying launch/bringup.launch.py -> /media/roboserver/DATA/axbot_ws/install/axbot_driver/share/axbot_driver/launch
[5.688s] copying launch/bringup_complete.launch.py -> /media/roboserver/DATA/axbot_ws/install/axbot_driver/share/axbot_driver/launch
[5.692s] copying launch/rviz.launch.py -> /media/roboserver/DATA/axbot_ws/install/axbot_driver/share/axbot_driver/launch
[5.693s] copying launch/slam_bringup.launch.py -> /media/roboserver/DATA/axbot_ws/install/axbot_driver/share/axbot_driver/launch
[5.693s] creating /media/roboserver/DATA/axbot_ws/install/axbot_driver/share/axbot_driver/config
[5.693s] copying config/axbot_params.yaml -> /media/roboserver/DATA/axbot_ws/install/axbot_driver/share/axbot_driver/config
[5.696s] creating /media/roboserver/DATA/axbot_ws/install/axbot_driver/share/axbot_driver/rviz
[5.696s] copying rviz/slam_view.rviz -> /media/roboserver/DATA/axbot_ws/install/axbot_driver/share/axbot_driver/rviz
[5.696s] running install_egg_info
[5.722s] Copying ../../build/axbot_driver/axbot_driver.egg-info to /media/roboserver/DATA/axbot_ws/install/axbot_driver/lib/python3.12/site-packages/axbot_driver-1.0.0-py3.12.egg-info
[5.723s] running install_scripts
[5.877s] Installing axbot_node script to /media/roboserver/DATA/axbot_ws/install/axbot_driver/lib/axbot_driver
[5.878s] Installing scan_bridge script to /media/roboserver/DATA/axbot_ws/install/axbot_driver/lib/axbot_driver
[5.878s] writing list of installed files to '/media/roboserver/DATA/axbot_ws/build/axbot_driver/install.log'
[5.905s] Invoked command in '/media/roboserver/DATA/axbot_ws/src/axbot_driver' returned '0': CMAKE_PREFIX_PATH=/media/roboserver/DATA/axbot_ws/install/axbot_interfaces:/media/roboserver/DATA/axbot_ws/install/axbot_navigation:/media/roboserver/DATA/axbot_ws/install/axbot_description:/opt/ros/jazzy/opt/gz_sim_vendor:/opt/ros/jazzy/opt/gz_sensors_vendor:/opt/ros/jazzy/opt/gz_physics_vendor:/opt/ros/jazzy/opt/sdformat_vendor:/opt/ros/jazzy/opt/gz_gui_vendor:/opt/ros/jazzy/opt/gz_transport_vendor:/opt/ros/jazzy/opt/gz_rendering_vendor:/opt/ros/jazzy/opt/gz_plugin_vendor:/opt/ros/jazzy/opt/gz_fuel_tools_vendor:/opt/ros/jazzy/opt/gz_msgs_vendor:/opt/ros/jazzy/opt/gz_common_vendor:/opt/ros/jazzy/opt/gz_math_vendor:/opt/ros/jazzy/opt/gz_utils_vendor:/opt/ros/jazzy/opt/gz_tools_vendor:/opt/ros/jazzy/opt/gz_ogre_next_vendor:/opt/ros/jazzy/opt/gz_dartsim_vendor:/opt/ros/jazzy/opt/gz_cmake_vendor DEBUGINFOD_URLS=https://debuginfod.ubuntu.com PYTHONPATH=/media/roboserver/DATA/axbot_ws/build/axbot_driver/prefix_override:/usr/lib/python3/dist-packages/colcon_core/task/python/colcon_distutils_commands:/media/roboserver/DATA/axbot_ws/install/axbot_driver/lib/python3.12/site-packages:/media/roboserver/DATA/axbot_ws/install/axbot_interfaces/lib/python3.12/site-packages:/media/roboserver/DATA/axbot_ws/install/axbot_examples/lib/python3.12/site-packages:/media/roboserver/DATA/axbot_ws/install/axbot_driver/lib/python3.12/site-packages:/media/roboserver/DATA/autox_ws/build/fielder_teleop:/media/roboserver/DATA/autox_ws/install/fielder_teleop/lib/python3.12/site-packages:/media/roboserver/DATA/autox_ws/build/fielder_odometry:/media/roboserver/DATA/autox_ws/install/fielder_odometry/lib/python3.12/site-packages:/media/roboserver/DATA/autox_ws/build/fielder_navigation:/media/roboserver/DATA/autox_ws/install/fielder_navigation/lib/python3.12/site-packages:/opt/ros/jazzy/lib/python3.12/site-packages /usr/bin/python3 -W ignore:setup.py install is deprecated -W ignore:easy_install command is deprecated setup.py egg_info --egg-base ../../build/axbot_driver build --build-base /media/roboserver/DATA/axbot_ws/build/axbot_driver/build install --record /media/roboserver/DATA/axbot_ws/build/axbot_driver/install.log --single-version-externally-managed install_data
