[0.025s] Invoking command in '/media/roboserver/DATA/axbot_ws/build/axbot_description': CMAKE_PREFIX_PATH=${CMAKE_PREFIX_PATH}:/media/roboserver/DATA/axbot_ws/install/pc2_listener:/media/roboserver/DATA/axbot_ws/install/axbot_examples:/media/roboserver/DATA/axbot_ws/install/axbot_driver:/media/roboserver/DATA/autox_ws/install/fielder_teleop:/media/roboserver/DATA/autox_ws/install/fielder_odometry:/media/roboserver/DATA/autox_ws/install/fielder_navigation:/opt/ros/jazzy DEBUGINFOD_URLS=https://debuginfod.ubuntu.com /usr/bin/cmake --build /media/roboserver/DATA/axbot_ws/build/axbot_description -- -j8 -l8
[0.340s] Invoked command in '/media/roboserver/DATA/axbot_ws/build/axbot_description' returned '0': CMAKE_PREFIX_PATH=${CMAKE_PREFIX_PATH}:/media/roboserver/DATA/axbot_ws/install/pc2_listener:/media/roboserver/DATA/axbot_ws/install/axbot_examples:/media/roboserver/DATA/axbot_ws/install/axbot_driver:/media/roboserver/DATA/autox_ws/install/fielder_teleop:/media/roboserver/DATA/autox_ws/install/fielder_odometry:/media/roboserver/DATA/autox_ws/install/fielder_navigation:/opt/ros/jazzy DEBUGINFOD_URLS=https://debuginfod.ubuntu.com /usr/bin/cmake --build /media/roboserver/DATA/axbot_ws/build/axbot_description -- -j8 -l8
[0.341s] Invoking command in '/media/roboserver/DATA/axbot_ws/build/axbot_description': CMAKE_PREFIX_PATH=${CMAKE_PREFIX_PATH}:/media/roboserver/DATA/axbot_ws/install/pc2_listener:/media/roboserver/DATA/axbot_ws/install/axbot_examples:/media/roboserver/DATA/axbot_ws/install/axbot_driver:/media/roboserver/DATA/autox_ws/install/fielder_teleop:/media/roboserver/DATA/autox_ws/install/fielder_odometry:/media/roboserver/DATA/autox_ws/install/fielder_navigation:/opt/ros/jazzy DEBUGINFOD_URLS=https://debuginfod.ubuntu.com /usr/bin/cmake --install /media/roboserver/DATA/axbot_ws/build/axbot_description
[0.350s] -- Install configuration: ""
[0.351s] -- Execute custom install script
[0.351s] -- Up-to-date symlink: /media/roboserver/DATA/axbot_ws/install/axbot_description/share/axbot_description/urdf/axbot.urdf
[0.352s] -- Up-to-date symlink: /media/roboserver/DATA/axbot_ws/install/axbot_description/share/axbot_description/launch/display.launch.py
[0.352s] -- Up-to-date symlink: /media/roboserver/DATA/axbot_ws/install/axbot_description/share/ament_index/resource_index/package_run_dependencies/axbot_description
[0.353s] -- Up-to-date symlink: /media/roboserver/DATA/axbot_ws/install/axbot_description/share/ament_index/resource_index/parent_prefix_path/axbot_description
[0.353s] -- Up-to-date symlink: /media/roboserver/DATA/axbot_ws/install/axbot_description/share/axbot_description/environment/ament_prefix_path.sh
[0.354s] -- Up-to-date symlink: /media/roboserver/DATA/axbot_ws/install/axbot_description/share/axbot_description/environment/ament_prefix_path.dsv
[0.354s] -- Up-to-date symlink: /media/roboserver/DATA/axbot_ws/install/axbot_description/share/axbot_description/environment/path.sh
[0.354s] -- Up-to-date symlink: /media/roboserver/DATA/axbot_ws/install/axbot_description/share/axbot_description/environment/path.dsv
[0.354s] -- Up-to-date symlink: /media/roboserver/DATA/axbot_ws/install/axbot_description/share/axbot_description/local_setup.bash
[0.354s] -- Up-to-date symlink: /media/roboserver/DATA/axbot_ws/install/axbot_description/share/axbot_description/local_setup.sh
[0.355s] -- Up-to-date symlink: /media/roboserver/DATA/axbot_ws/install/axbot_description/share/axbot_description/local_setup.zsh
[0.355s] -- Up-to-date symlink: /media/roboserver/DATA/axbot_ws/install/axbot_description/share/axbot_description/local_setup.dsv
[0.355s] -- Symlinking: /media/roboserver/DATA/axbot_ws/install/axbot_description/share/axbot_description/package.dsv
[0.364s] -- Up-to-date symlink: /media/roboserver/DATA/axbot_ws/install/axbot_description/share/ament_index/resource_index/packages/axbot_description
[0.365s] -- Up-to-date symlink: /media/roboserver/DATA/axbot_ws/install/axbot_description/share/axbot_description/cmake/axbot_descriptionConfig.cmake
[0.365s] -- Up-to-date symlink: /media/roboserver/DATA/axbot_ws/install/axbot_description/share/axbot_description/cmake/axbot_descriptionConfig-version.cmake
[0.365s] -- Up-to-date symlink: /media/roboserver/DATA/axbot_ws/install/axbot_description/share/axbot_description/package.xml
[0.367s] Invoked command in '/media/roboserver/DATA/axbot_ws/build/axbot_description' returned '0': CMAKE_PREFIX_PATH=${CMAKE_PREFIX_PATH}:/media/roboserver/DATA/axbot_ws/install/pc2_listener:/media/roboserver/DATA/axbot_ws/install/axbot_examples:/media/roboserver/DATA/axbot_ws/install/axbot_driver:/media/roboserver/DATA/autox_ws/install/fielder_teleop:/media/roboserver/DATA/autox_ws/install/fielder_odometry:/media/roboserver/DATA/autox_ws/install/fielder_navigation:/opt/ros/jazzy DEBUGINFOD_URLS=https://debuginfod.ubuntu.com /usr/bin/cmake --install /media/roboserver/DATA/axbot_ws/build/axbot_description
