[3.491s] DEBUG:colcon:Command line arguments: ['/usr/bin/colcon', 'build']
[3.491s] DEBUG:colcon:Parsed command line arguments: Namespace(log_base=None, log_level=None, verb_name='build', build_base='build', install_base='install', merge_install=False, symlink_install=False, test_result_base=None, continue_on_error=False, executor='parallel', parallel_workers=8, event_handlers=None, ignore_user_meta=False, metas=['./colcon.meta'], base_paths=['.'], packages_ignore=None, packages_ignore_regex=None, paths=None, packages_up_to=None, packages_up_to_regex=None, packages_above=None, packages_above_and_dependencies=None, packages_above_depth=None, packages_select_by_dep=None, packages_skip_by_dep=None, packages_skip_up_to=None, packages_select_build_failed=False, packages_skip_build_finished=False, packages_select_test_failures=False, packages_skip_test_passed=False, packages_select=None, packages_skip=None, packages_select_regex=None, packages_skip_regex=None, packages_start=None, packages_end=None, allow_overriding=[], cmake_args=None, cmake_target=None, cmake_target_skip_unavailable=False, cmake_clean_cache=False, cmake_clean_first=False, cmake_force_configure=False, ament_cmake_args=None, catkin_cmake_args=None, catkin_skip_building_tests=False, mixin_files=None, mixin=None, verb_parser=<colcon_mixin.mixin.mixin_argument.MixinArgumentDecorator object at 0x76a7f81aea50>, verb_extension=<colcon_core.verb.build.BuildVerb object at 0x76a7f8125280>, main=<bound method BuildVerb.main of <colcon_core.verb.build.BuildVerb object at 0x76a7f8125280>>, mixin_verb=('build',))
[3.807s] Level 1:colcon.colcon_core.package_discovery:discover_packages(colcon_meta) check parameters
[3.807s] Level 1:colcon.colcon_core.package_discovery:discover_packages(recursive) check parameters
[3.807s] Level 1:colcon.colcon_core.package_discovery:discover_packages(ignore) check parameters
[3.807s] Level 1:colcon.colcon_core.package_discovery:discover_packages(path) check parameters
[3.807s] Level 1:colcon.colcon_core.package_discovery:discover_packages(colcon_meta) discover
[3.807s] Level 1:colcon.colcon_core.package_discovery:discover_packages(recursive) discover
[3.807s] INFO:colcon.colcon_core.package_discovery:Crawling recursively for packages in '/media/roboserver/DATA/axbot_ws'
[3.807s] Level 1:colcon.colcon_core.package_identification:_identify(.) by extensions ['ignore', 'ignore_ament_install']
[3.808s] Level 1:colcon.colcon_core.package_identification:_identify(.) by extension 'ignore'
[3.808s] Level 1:colcon.colcon_core.package_identification:_identify(.) by extension 'ignore_ament_install'
[3.808s] Level 1:colcon.colcon_core.package_identification:_identify(.) by extensions ['colcon_pkg']
[3.808s] Level 1:colcon.colcon_core.package_identification:_identify(.) by extension 'colcon_pkg'
[3.808s] Level 1:colcon.colcon_core.package_identification:_identify(.) by extensions ['colcon_meta']
[3.808s] Level 1:colcon.colcon_core.package_identification:_identify(.) by extension 'colcon_meta'
[3.808s] Level 1:colcon.colcon_core.package_identification:_identify(.) by extensions ['ros']
[3.808s] Level 1:colcon.colcon_core.package_identification:_identify(.) by extension 'ros'
[3.832s] Level 1:colcon.colcon_core.package_identification:_identify(.) by extensions ['cmake', 'python']
[3.832s] Level 1:colcon.colcon_core.package_identification:_identify(.) by extension 'cmake'
[3.832s] Level 1:colcon.colcon_core.package_identification:_identify(.) by extension 'python'
[3.832s] Level 1:colcon.colcon_core.package_identification:_identify(.) by extensions ['python_setup_py']
[3.832s] Level 1:colcon.colcon_core.package_identification:_identify(.) by extension 'python_setup_py'
[3.832s] Level 1:colcon.colcon_core.package_identification:_identify(build) by extensions ['ignore', 'ignore_ament_install']
[3.832s] Level 1:colcon.colcon_core.package_identification:_identify(build) by extension 'ignore'
[3.832s] Level 1:colcon.colcon_core.package_identification:_identify(build) ignored
[3.832s] Level 1:colcon.colcon_core.package_identification:_identify(install) by extensions ['ignore', 'ignore_ament_install']
[3.833s] Level 1:colcon.colcon_core.package_identification:_identify(install) by extension 'ignore'
[3.833s] Level 1:colcon.colcon_core.package_identification:_identify(install) ignored
[3.833s] Level 1:colcon.colcon_core.package_identification:_identify(log) by extensions ['ignore', 'ignore_ament_install']
[3.833s] Level 1:colcon.colcon_core.package_identification:_identify(log) by extension 'ignore'
[3.833s] Level 1:colcon.colcon_core.package_identification:_identify(log) ignored
[3.833s] Level 1:colcon.colcon_core.package_identification:_identify(scripts) by extensions ['ignore', 'ignore_ament_install']
[3.833s] Level 1:colcon.colcon_core.package_identification:_identify(scripts) by extension 'ignore'
[3.833s] Level 1:colcon.colcon_core.package_identification:_identify(scripts) by extension 'ignore_ament_install'
[3.833s] Level 1:colcon.colcon_core.package_identification:_identify(scripts) by extensions ['colcon_pkg']
[3.833s] Level 1:colcon.colcon_core.package_identification:_identify(scripts) by extension 'colcon_pkg'
[3.833s] Level 1:colcon.colcon_core.package_identification:_identify(scripts) by extensions ['colcon_meta']
[3.833s] Level 1:colcon.colcon_core.package_identification:_identify(scripts) by extension 'colcon_meta'
[3.833s] Level 1:colcon.colcon_core.package_identification:_identify(scripts) by extensions ['ros']
[3.833s] Level 1:colcon.colcon_core.package_identification:_identify(scripts) by extension 'ros'
[3.833s] Level 1:colcon.colcon_core.package_identification:_identify(scripts) by extensions ['cmake', 'python']
[3.833s] Level 1:colcon.colcon_core.package_identification:_identify(scripts) by extension 'cmake'
[3.833s] Level 1:colcon.colcon_core.package_identification:_identify(scripts) by extension 'python'
[3.833s] Level 1:colcon.colcon_core.package_identification:_identify(scripts) by extensions ['python_setup_py']
[3.833s] Level 1:colcon.colcon_core.package_identification:_identify(scripts) by extension 'python_setup_py'
[3.834s] Level 1:colcon.colcon_core.package_identification:_identify(src) by extensions ['ignore', 'ignore_ament_install']
[3.834s] Level 1:colcon.colcon_core.package_identification:_identify(src) by extension 'ignore'
[3.834s] Level 1:colcon.colcon_core.package_identification:_identify(src) by extension 'ignore_ament_install'
[3.834s] Level 1:colcon.colcon_core.package_identification:_identify(src) by extensions ['colcon_pkg']
[3.834s] Level 1:colcon.colcon_core.package_identification:_identify(src) by extension 'colcon_pkg'
[3.834s] Level 1:colcon.colcon_core.package_identification:_identify(src) by extensions ['colcon_meta']
[3.834s] Level 1:colcon.colcon_core.package_identification:_identify(src) by extension 'colcon_meta'
[3.834s] Level 1:colcon.colcon_core.package_identification:_identify(src) by extensions ['ros']
[3.834s] Level 1:colcon.colcon_core.package_identification:_identify(src) by extension 'ros'
[3.834s] Level 1:colcon.colcon_core.package_identification:_identify(src) by extensions ['cmake', 'python']
[3.834s] Level 1:colcon.colcon_core.package_identification:_identify(src) by extension 'cmake'
[3.834s] Level 1:colcon.colcon_core.package_identification:_identify(src) by extension 'python'
[3.834s] Level 1:colcon.colcon_core.package_identification:_identify(src) by extensions ['python_setup_py']
[3.834s] Level 1:colcon.colcon_core.package_identification:_identify(src) by extension 'python_setup_py'
[3.834s] Level 1:colcon.colcon_core.package_identification:_identify(src/axbot_description) by extensions ['ignore', 'ignore_ament_install']
[3.834s] Level 1:colcon.colcon_core.package_identification:_identify(src/axbot_description) by extension 'ignore'
[3.834s] Level 1:colcon.colcon_core.package_identification:_identify(src/axbot_description) by extension 'ignore_ament_install'
[3.834s] Level 1:colcon.colcon_core.package_identification:_identify(src/axbot_description) by extensions ['colcon_pkg']
[3.834s] Level 1:colcon.colcon_core.package_identification:_identify(src/axbot_description) by extension 'colcon_pkg'
[3.834s] Level 1:colcon.colcon_core.package_identification:_identify(src/axbot_description) by extensions ['colcon_meta']
[3.834s] Level 1:colcon.colcon_core.package_identification:_identify(src/axbot_description) by extension 'colcon_meta'
[3.834s] Level 1:colcon.colcon_core.package_identification:_identify(src/axbot_description) by extensions ['ros']
[3.834s] Level 1:colcon.colcon_core.package_identification:_identify(src/axbot_description) by extension 'ros'
[3.874s] DEBUG:colcon.colcon_core.package_identification:Package 'src/axbot_description' with type 'ros.ament_cmake' and name 'axbot_description'
[3.899s] Level 1:colcon.colcon_core.package_identification:_identify(src/axbot_driver) by extensions ['ignore', 'ignore_ament_install']
[3.900s] Level 1:colcon.colcon_core.package_identification:_identify(src/axbot_driver) by extension 'ignore'
[3.900s] Level 1:colcon.colcon_core.package_identification:_identify(src/axbot_driver) by extension 'ignore_ament_install'
[3.900s] Level 1:colcon.colcon_core.package_identification:_identify(src/axbot_driver) by extensions ['colcon_pkg']
[3.900s] Level 1:colcon.colcon_core.package_identification:_identify(src/axbot_driver) by extension 'colcon_pkg'
[3.900s] Level 1:colcon.colcon_core.package_identification:_identify(src/axbot_driver) by extensions ['colcon_meta']
[3.900s] Level 1:colcon.colcon_core.package_identification:_identify(src/axbot_driver) by extension 'colcon_meta'
[3.900s] Level 1:colcon.colcon_core.package_identification:_identify(src/axbot_driver) by extensions ['ros']
[3.900s] Level 1:colcon.colcon_core.package_identification:_identify(src/axbot_driver) by extension 'ros'
[3.901s] DEBUG:colcon.colcon_core.package_identification:Package 'src/axbot_driver' with type 'ros.ament_python' and name 'axbot_driver'
[3.902s] Level 1:colcon.colcon_core.package_identification:_identify(src/axbot_examples) by extensions ['ignore', 'ignore_ament_install']
[3.902s] Level 1:colcon.colcon_core.package_identification:_identify(src/axbot_examples) by extension 'ignore'
[3.902s] Level 1:colcon.colcon_core.package_identification:_identify(src/axbot_examples) by extension 'ignore_ament_install'
[3.902s] Level 1:colcon.colcon_core.package_identification:_identify(src/axbot_examples) by extensions ['colcon_pkg']
[3.902s] Level 1:colcon.colcon_core.package_identification:_identify(src/axbot_examples) by extension 'colcon_pkg'
[3.902s] Level 1:colcon.colcon_core.package_identification:_identify(src/axbot_examples) by extensions ['colcon_meta']
[3.902s] Level 1:colcon.colcon_core.package_identification:_identify(src/axbot_examples) by extension 'colcon_meta'
[3.902s] Level 1:colcon.colcon_core.package_identification:_identify(src/axbot_examples) by extensions ['ros']
[3.902s] Level 1:colcon.colcon_core.package_identification:_identify(src/axbot_examples) by extension 'ros'
[3.903s] DEBUG:colcon.colcon_core.package_identification:Package 'src/axbot_examples' with type 'ros.ament_python' and name 'axbot_examples'
[3.904s] Level 1:colcon.colcon_core.package_identification:_identify(src/axbot_interfaces) by extensions ['ignore', 'ignore_ament_install']
[3.904s] Level 1:colcon.colcon_core.package_identification:_identify(src/axbot_interfaces) by extension 'ignore'
[3.904s] Level 1:colcon.colcon_core.package_identification:_identify(src/axbot_interfaces) by extension 'ignore_ament_install'
[3.904s] Level 1:colcon.colcon_core.package_identification:_identify(src/axbot_interfaces) by extensions ['colcon_pkg']
[3.904s] Level 1:colcon.colcon_core.package_identification:_identify(src/axbot_interfaces) by extension 'colcon_pkg'
[3.904s] Level 1:colcon.colcon_core.package_identification:_identify(src/axbot_interfaces) by extensions ['colcon_meta']
[3.904s] Level 1:colcon.colcon_core.package_identification:_identify(src/axbot_interfaces) by extension 'colcon_meta'
[3.904s] Level 1:colcon.colcon_core.package_identification:_identify(src/axbot_interfaces) by extensions ['ros']
[3.904s] Level 1:colcon.colcon_core.package_identification:_identify(src/axbot_interfaces) by extension 'ros'
[3.905s] DEBUG:colcon.colcon_core.package_identification:Package 'src/axbot_interfaces' with type 'ros.ament_cmake' and name 'axbot_interfaces'
[3.906s] Level 1:colcon.colcon_core.package_identification:_identify(src/axbot_navigation) by extensions ['ignore', 'ignore_ament_install']
[3.906s] Level 1:colcon.colcon_core.package_identification:_identify(src/axbot_navigation) by extension 'ignore'
[3.906s] Level 1:colcon.colcon_core.package_identification:_identify(src/axbot_navigation) by extension 'ignore_ament_install'
[3.906s] Level 1:colcon.colcon_core.package_identification:_identify(src/axbot_navigation) by extensions ['colcon_pkg']
[3.906s] Level 1:colcon.colcon_core.package_identification:_identify(src/axbot_navigation) by extension 'colcon_pkg'
[3.906s] Level 1:colcon.colcon_core.package_identification:_identify(src/axbot_navigation) by extensions ['colcon_meta']
[3.906s] Level 1:colcon.colcon_core.package_identification:_identify(src/axbot_navigation) by extension 'colcon_meta'
[3.906s] Level 1:colcon.colcon_core.package_identification:_identify(src/axbot_navigation) by extensions ['ros']
[3.906s] Level 1:colcon.colcon_core.package_identification:_identify(src/axbot_navigation) by extension 'ros'
[3.907s] DEBUG:colcon.colcon_core.package_identification:Package 'src/axbot_navigation' with type 'ros.ament_cmake' and name 'axbot_navigation'
[3.908s] Level 1:colcon.colcon_core.package_identification:_identify(src/pc2_listener) by extensions ['ignore', 'ignore_ament_install']
[3.908s] Level 1:colcon.colcon_core.package_identification:_identify(src/pc2_listener) by extension 'ignore'
[3.908s] Level 1:colcon.colcon_core.package_identification:_identify(src/pc2_listener) by extension 'ignore_ament_install'
[3.909s] Level 1:colcon.colcon_core.package_identification:_identify(src/pc2_listener) by extensions ['colcon_pkg']
[3.909s] Level 1:colcon.colcon_core.package_identification:_identify(src/pc2_listener) by extension 'colcon_pkg'
[3.909s] Level 1:colcon.colcon_core.package_identification:_identify(src/pc2_listener) by extensions ['colcon_meta']
[3.909s] Level 1:colcon.colcon_core.package_identification:_identify(src/pc2_listener) by extension 'colcon_meta'
[3.909s] Level 1:colcon.colcon_core.package_identification:_identify(src/pc2_listener) by extensions ['ros']
[3.909s] Level 1:colcon.colcon_core.package_identification:_identify(src/pc2_listener) by extension 'ros'
[3.910s] DEBUG:colcon.colcon_core.package_identification:Package 'src/pc2_listener' with type 'ros.ament_python' and name 'pc2_listener'
[3.910s] Level 1:colcon.colcon_core.package_discovery:discover_packages(recursive) using defaults
[3.910s] Level 1:colcon.colcon_core.package_discovery:discover_packages(ignore) discover
[3.910s] Level 1:colcon.colcon_core.package_discovery:discover_packages(ignore) using defaults
[3.910s] Level 1:colcon.colcon_core.package_discovery:discover_packages(path) discover
[3.910s] Level 1:colcon.colcon_core.package_discovery:discover_packages(path) using defaults
[4.059s] Level 1:colcon.colcon_core.package_discovery:discover_packages(prefix_path) check parameters
[4.059s] Level 1:colcon.colcon_core.package_discovery:discover_packages(prefix_path) discover
[4.062s] DEBUG:colcon.colcon_installed_package_information.package_discovery:Found 6 installed packages in /media/roboserver/DATA/axbot_ws/install
[4.063s] DEBUG:colcon.colcon_installed_package_information.package_discovery:Found 3 installed packages in /media/roboserver/DATA/autox_ws/install
[4.065s] DEBUG:colcon.colcon_installed_package_information.package_discovery:Found 426 installed packages in /opt/ros/jazzy
[4.068s] Level 1:colcon.colcon_core.package_discovery:discover_packages(prefix_path) using defaults
[4.200s] Level 5:colcon.colcon_core.verb:set package 'axbot_description' build argument 'cmake_args' from command line to 'None'
[4.200s] Level 5:colcon.colcon_core.verb:set package 'axbot_description' build argument 'cmake_target' from command line to 'None'
[4.200s] Level 5:colcon.colcon_core.verb:set package 'axbot_description' build argument 'cmake_target_skip_unavailable' from command line to 'False'
[4.200s] Level 5:colcon.colcon_core.verb:set package 'axbot_description' build argument 'cmake_clean_cache' from command line to 'False'
[4.200s] Level 5:colcon.colcon_core.verb:set package 'axbot_description' build argument 'cmake_clean_first' from command line to 'False'
[4.200s] Level 5:colcon.colcon_core.verb:set package 'axbot_description' build argument 'cmake_force_configure' from command line to 'False'
[4.200s] Level 5:colcon.colcon_core.verb:set package 'axbot_description' build argument 'ament_cmake_args' from command line to 'None'
[4.200s] Level 5:colcon.colcon_core.verb:set package 'axbot_description' build argument 'catkin_cmake_args' from command line to 'None'
[4.200s] Level 5:colcon.colcon_core.verb:set package 'axbot_description' build argument 'catkin_skip_building_tests' from command line to 'False'
[4.200s] DEBUG:colcon.colcon_core.verb:Building package 'axbot_description' with the following arguments: {'ament_cmake_args': None, 'build_base': '/media/roboserver/DATA/axbot_ws/build/axbot_description', 'catkin_cmake_args': None, 'catkin_skip_building_tests': False, 'cmake_args': None, 'cmake_clean_cache': False, 'cmake_clean_first': False, 'cmake_force_configure': False, 'cmake_target': None, 'cmake_target_skip_unavailable': False, 'install_base': '/media/roboserver/DATA/axbot_ws/install/axbot_description', 'merge_install': False, 'path': '/media/roboserver/DATA/axbot_ws/src/axbot_description', 'symlink_install': False, 'test_result_base': None}
[4.200s] Level 5:colcon.colcon_core.verb:set package 'axbot_interfaces' build argument 'cmake_args' from command line to 'None'
[4.200s] Level 5:colcon.colcon_core.verb:set package 'axbot_interfaces' build argument 'cmake_target' from command line to 'None'
[4.200s] Level 5:colcon.colcon_core.verb:set package 'axbot_interfaces' build argument 'cmake_target_skip_unavailable' from command line to 'False'
[4.200s] Level 5:colcon.colcon_core.verb:set package 'axbot_interfaces' build argument 'cmake_clean_cache' from command line to 'False'
[4.200s] Level 5:colcon.colcon_core.verb:set package 'axbot_interfaces' build argument 'cmake_clean_first' from command line to 'False'
[4.201s] Level 5:colcon.colcon_core.verb:set package 'axbot_interfaces' build argument 'cmake_force_configure' from command line to 'False'
[4.201s] Level 5:colcon.colcon_core.verb:set package 'axbot_interfaces' build argument 'ament_cmake_args' from command line to 'None'
[4.201s] Level 5:colcon.colcon_core.verb:set package 'axbot_interfaces' build argument 'catkin_cmake_args' from command line to 'None'
[4.201s] Level 5:colcon.colcon_core.verb:set package 'axbot_interfaces' build argument 'catkin_skip_building_tests' from command line to 'False'
[4.201s] DEBUG:colcon.colcon_core.verb:Building package 'axbot_interfaces' with the following arguments: {'ament_cmake_args': None, 'build_base': '/media/roboserver/DATA/axbot_ws/build/axbot_interfaces', 'catkin_cmake_args': None, 'catkin_skip_building_tests': False, 'cmake_args': None, 'cmake_clean_cache': False, 'cmake_clean_first': False, 'cmake_force_configure': False, 'cmake_target': None, 'cmake_target_skip_unavailable': False, 'install_base': '/media/roboserver/DATA/axbot_ws/install/axbot_interfaces', 'merge_install': False, 'path': '/media/roboserver/DATA/axbot_ws/src/axbot_interfaces', 'symlink_install': False, 'test_result_base': None}
[4.201s] Level 5:colcon.colcon_core.verb:set package 'axbot_navigation' build argument 'cmake_args' from command line to 'None'
[4.201s] Level 5:colcon.colcon_core.verb:set package 'axbot_navigation' build argument 'cmake_target' from command line to 'None'
[4.201s] Level 5:colcon.colcon_core.verb:set package 'axbot_navigation' build argument 'cmake_target_skip_unavailable' from command line to 'False'
[4.201s] Level 5:colcon.colcon_core.verb:set package 'axbot_navigation' build argument 'cmake_clean_cache' from command line to 'False'
[4.201s] Level 5:colcon.colcon_core.verb:set package 'axbot_navigation' build argument 'cmake_clean_first' from command line to 'False'
[4.201s] Level 5:colcon.colcon_core.verb:set package 'axbot_navigation' build argument 'cmake_force_configure' from command line to 'False'
[4.201s] Level 5:colcon.colcon_core.verb:set package 'axbot_navigation' build argument 'ament_cmake_args' from command line to 'None'
[4.201s] Level 5:colcon.colcon_core.verb:set package 'axbot_navigation' build argument 'catkin_cmake_args' from command line to 'None'
[4.201s] Level 5:colcon.colcon_core.verb:set package 'axbot_navigation' build argument 'catkin_skip_building_tests' from command line to 'False'
[4.201s] DEBUG:colcon.colcon_core.verb:Building package 'axbot_navigation' with the following arguments: {'ament_cmake_args': None, 'build_base': '/media/roboserver/DATA/axbot_ws/build/axbot_navigation', 'catkin_cmake_args': None, 'catkin_skip_building_tests': False, 'cmake_args': None, 'cmake_clean_cache': False, 'cmake_clean_first': False, 'cmake_force_configure': False, 'cmake_target': None, 'cmake_target_skip_unavailable': False, 'install_base': '/media/roboserver/DATA/axbot_ws/install/axbot_navigation', 'merge_install': False, 'path': '/media/roboserver/DATA/axbot_ws/src/axbot_navigation', 'symlink_install': False, 'test_result_base': None}
[4.201s] Level 5:colcon.colcon_core.verb:set package 'pc2_listener' build argument 'cmake_args' from command line to 'None'
[4.201s] Level 5:colcon.colcon_core.verb:set package 'pc2_listener' build argument 'cmake_target' from command line to 'None'
[4.201s] Level 5:colcon.colcon_core.verb:set package 'pc2_listener' build argument 'cmake_target_skip_unavailable' from command line to 'False'
[4.201s] Level 5:colcon.colcon_core.verb:set package 'pc2_listener' build argument 'cmake_clean_cache' from command line to 'False'
[4.201s] Level 5:colcon.colcon_core.verb:set package 'pc2_listener' build argument 'cmake_clean_first' from command line to 'False'
[4.201s] Level 5:colcon.colcon_core.verb:set package 'pc2_listener' build argument 'cmake_force_configure' from command line to 'False'
[4.201s] Level 5:colcon.colcon_core.verb:set package 'pc2_listener' build argument 'ament_cmake_args' from command line to 'None'
[4.201s] Level 5:colcon.colcon_core.verb:set package 'pc2_listener' build argument 'catkin_cmake_args' from command line to 'None'
[4.201s] Level 5:colcon.colcon_core.verb:set package 'pc2_listener' build argument 'catkin_skip_building_tests' from command line to 'False'
[4.201s] DEBUG:colcon.colcon_core.verb:Building package 'pc2_listener' with the following arguments: {'ament_cmake_args': None, 'build_base': '/media/roboserver/DATA/axbot_ws/build/pc2_listener', 'catkin_cmake_args': None, 'catkin_skip_building_tests': False, 'cmake_args': None, 'cmake_clean_cache': False, 'cmake_clean_first': False, 'cmake_force_configure': False, 'cmake_target': None, 'cmake_target_skip_unavailable': False, 'install_base': '/media/roboserver/DATA/axbot_ws/install/pc2_listener', 'merge_install': False, 'path': '/media/roboserver/DATA/axbot_ws/src/pc2_listener', 'symlink_install': False, 'test_result_base': None}
[4.202s] Level 5:colcon.colcon_core.verb:set package 'axbot_driver' build argument 'cmake_args' from command line to 'None'
[4.202s] Level 5:colcon.colcon_core.verb:set package 'axbot_driver' build argument 'cmake_target' from command line to 'None'
[4.202s] Level 5:colcon.colcon_core.verb:set package 'axbot_driver' build argument 'cmake_target_skip_unavailable' from command line to 'False'
[4.202s] Level 5:colcon.colcon_core.verb:set package 'axbot_driver' build argument 'cmake_clean_cache' from command line to 'False'
[4.202s] Level 5:colcon.colcon_core.verb:set package 'axbot_driver' build argument 'cmake_clean_first' from command line to 'False'
[4.202s] Level 5:colcon.colcon_core.verb:set package 'axbot_driver' build argument 'cmake_force_configure' from command line to 'False'
[4.202s] Level 5:colcon.colcon_core.verb:set package 'axbot_driver' build argument 'ament_cmake_args' from command line to 'None'
[4.202s] Level 5:colcon.colcon_core.verb:set package 'axbot_driver' build argument 'catkin_cmake_args' from command line to 'None'
[4.202s] Level 5:colcon.colcon_core.verb:set package 'axbot_driver' build argument 'catkin_skip_building_tests' from command line to 'False'
[4.202s] DEBUG:colcon.colcon_core.verb:Building package 'axbot_driver' with the following arguments: {'ament_cmake_args': None, 'build_base': '/media/roboserver/DATA/axbot_ws/build/axbot_driver', 'catkin_cmake_args': None, 'catkin_skip_building_tests': False, 'cmake_args': None, 'cmake_clean_cache': False, 'cmake_clean_first': False, 'cmake_force_configure': False, 'cmake_target': None, 'cmake_target_skip_unavailable': False, 'install_base': '/media/roboserver/DATA/axbot_ws/install/axbot_driver', 'merge_install': False, 'path': '/media/roboserver/DATA/axbot_ws/src/axbot_driver', 'symlink_install': False, 'test_result_base': None}
[4.202s] Level 5:colcon.colcon_core.verb:set package 'axbot_examples' build argument 'cmake_args' from command line to 'None'
[4.202s] Level 5:colcon.colcon_core.verb:set package 'axbot_examples' build argument 'cmake_target' from command line to 'None'
[4.202s] Level 5:colcon.colcon_core.verb:set package 'axbot_examples' build argument 'cmake_target_skip_unavailable' from command line to 'False'
[4.202s] Level 5:colcon.colcon_core.verb:set package 'axbot_examples' build argument 'cmake_clean_cache' from command line to 'False'
[4.202s] Level 5:colcon.colcon_core.verb:set package 'axbot_examples' build argument 'cmake_clean_first' from command line to 'False'
[4.202s] Level 5:colcon.colcon_core.verb:set package 'axbot_examples' build argument 'cmake_force_configure' from command line to 'False'
[4.202s] Level 5:colcon.colcon_core.verb:set package 'axbot_examples' build argument 'ament_cmake_args' from command line to 'None'
[4.202s] Level 5:colcon.colcon_core.verb:set package 'axbot_examples' build argument 'catkin_cmake_args' from command line to 'None'
[4.202s] Level 5:colcon.colcon_core.verb:set package 'axbot_examples' build argument 'catkin_skip_building_tests' from command line to 'False'
[4.202s] DEBUG:colcon.colcon_core.verb:Building package 'axbot_examples' with the following arguments: {'ament_cmake_args': None, 'build_base': '/media/roboserver/DATA/axbot_ws/build/axbot_examples', 'catkin_cmake_args': None, 'catkin_skip_building_tests': False, 'cmake_args': None, 'cmake_clean_cache': False, 'cmake_clean_first': False, 'cmake_force_configure': False, 'cmake_target': None, 'cmake_target_skip_unavailable': False, 'install_base': '/media/roboserver/DATA/axbot_ws/install/axbot_examples', 'merge_install': False, 'path': '/media/roboserver/DATA/axbot_ws/src/axbot_examples', 'symlink_install': False, 'test_result_base': None}
[4.202s] INFO:colcon.colcon_core.executor:Executing jobs using 'parallel' executor
[4.203s] DEBUG:colcon.colcon_parallel_executor.executor.parallel:run_until_complete
[4.203s] INFO:colcon.colcon_ros.task.ament_cmake.build:Building ROS package in '/media/roboserver/DATA/axbot_ws/src/axbot_interfaces' with build type 'ament_cmake'
[4.203s] INFO:colcon.colcon_cmake.task.cmake.build:Building CMake package in '/media/roboserver/DATA/axbot_ws/src/axbot_interfaces'
[4.234s] INFO:colcon.colcon_core.plugin_system:Skipping extension 'colcon_core.shell.bat': Not used on non-Windows systems
[4.234s] INFO:colcon.colcon_core.shell:Skip shell extension 'powershell' for command environment: Not usable outside of PowerShell
[4.234s] DEBUG:colcon.colcon_core.shell:Skip shell extension 'dsv' for command environment
[4.275s] INFO:colcon.colcon_ros.task.ament_cmake.build:Building ROS package in '/media/roboserver/DATA/axbot_ws/src/axbot_description' with build type 'ament_cmake'
[4.275s] INFO:colcon.colcon_cmake.task.cmake.build:Building CMake package in '/media/roboserver/DATA/axbot_ws/src/axbot_description'
[4.275s] INFO:colcon.colcon_core.shell:Skip shell extension 'powershell' for command environment: Not usable outside of PowerShell
[4.275s] DEBUG:colcon.colcon_core.shell:Skip shell extension 'dsv' for command environment
[4.290s] INFO:colcon.colcon_ros.task.ament_cmake.build:Building ROS package in '/media/roboserver/DATA/axbot_ws/src/axbot_navigation' with build type 'ament_cmake'
[4.290s] INFO:colcon.colcon_cmake.task.cmake.build:Building CMake package in '/media/roboserver/DATA/axbot_ws/src/axbot_navigation'
[4.291s] INFO:colcon.colcon_core.shell:Skip shell extension 'powershell' for command environment: Not usable outside of PowerShell
[4.291s] DEBUG:colcon.colcon_core.shell:Skip shell extension 'dsv' for command environment
[4.300s] INFO:colcon.colcon_ros.task.ament_python.build:Building ROS package in '/media/roboserver/DATA/axbot_ws/src/pc2_listener' with build type 'ament_python'
[4.300s] Level 1:colcon.colcon_core.shell:create_environment_hook('pc2_listener', 'ament_prefix_path')
[4.300s] INFO:colcon.colcon_core.shell:Creating environment hook '/media/roboserver/DATA/axbot_ws/install/pc2_listener/share/pc2_listener/hook/ament_prefix_path.ps1'
[4.323s] INFO:colcon.colcon_core.shell:Creating environment descriptor '/media/roboserver/DATA/axbot_ws/install/pc2_listener/share/pc2_listener/hook/ament_prefix_path.dsv'
[4.323s] INFO:colcon.colcon_core.shell:Creating environment hook '/media/roboserver/DATA/axbot_ws/install/pc2_listener/share/pc2_listener/hook/ament_prefix_path.sh'
[4.324s] INFO:colcon.colcon_core.shell:Skip shell extension 'powershell' for command environment: Not usable outside of PowerShell
[4.324s] DEBUG:colcon.colcon_core.shell:Skip shell extension 'dsv' for command environment
[4.390s] DEBUG:colcon.colcon_core.event_handler.log_command:Invoking command in '/media/roboserver/DATA/axbot_ws/build/axbot_interfaces': CMAKE_PREFIX_PATH=${CMAKE_PREFIX_PATH}:/media/roboserver/DATA/axbot_ws/install/pc2_listener:/media/roboserver/DATA/axbot_ws/install/axbot_examples:/media/roboserver/DATA/axbot_ws/install/axbot_driver:/media/roboserver/DATA/autox_ws/install/fielder_teleop:/media/roboserver/DATA/autox_ws/install/fielder_odometry:/media/roboserver/DATA/autox_ws/install/fielder_navigation:/opt/ros/jazzy DEBUGINFOD_URLS=https://debuginfod.ubuntu.com /usr/bin/cmake --build /media/roboserver/DATA/axbot_ws/build/axbot_interfaces -- -j8 -l8
[4.532s] DEBUG:colcon.colcon_core.event_handler.log_command:Invoking command in '/media/roboserver/DATA/axbot_ws/build/axbot_description': CMAKE_PREFIX_PATH=${CMAKE_PREFIX_PATH}:/media/roboserver/DATA/axbot_ws/install/pc2_listener:/media/roboserver/DATA/axbot_ws/install/axbot_examples:/media/roboserver/DATA/axbot_ws/install/axbot_driver:/media/roboserver/DATA/autox_ws/install/fielder_teleop:/media/roboserver/DATA/autox_ws/install/fielder_odometry:/media/roboserver/DATA/autox_ws/install/fielder_navigation:/opt/ros/jazzy DEBUGINFOD_URLS=https://debuginfod.ubuntu.com /usr/bin/cmake --build /media/roboserver/DATA/axbot_ws/build/axbot_description -- -j8 -l8
[4.535s] DEBUG:colcon.colcon_core.event_handler.log_command:Invoking command in '/media/roboserver/DATA/axbot_ws/build/axbot_navigation': CMAKE_PREFIX_PATH=${CMAKE_PREFIX_PATH}:/media/roboserver/DATA/axbot_ws/install/pc2_listener:/media/roboserver/DATA/axbot_ws/install/axbot_examples:/media/roboserver/DATA/axbot_ws/install/axbot_driver:/media/roboserver/DATA/autox_ws/install/fielder_teleop:/media/roboserver/DATA/autox_ws/install/fielder_odometry:/media/roboserver/DATA/autox_ws/install/fielder_navigation:/opt/ros/jazzy DEBUGINFOD_URLS=https://debuginfod.ubuntu.com /usr/bin/cmake --build /media/roboserver/DATA/axbot_ws/build/axbot_navigation -- -j8 -l8
[4.858s] WARNING:colcon.colcon_ros.task.ament_python.build:Package 'pc2_listener' doesn't explicitly install a marker in the package index (colcon-ros currently does it implicitly but that fallback will be removed in the future)
[4.859s] WARNING:colcon.colcon_ros.task.ament_python.build:Package 'pc2_listener' doesn't explicitly install the 'package.xml' file (colcon-ros currently does it implicitly but that fallback will be removed in the future)
[4.859s] INFO:colcon.colcon_core.task.python.build:Building Python package in '/media/roboserver/DATA/axbot_ws/src/pc2_listener'
[4.859s] INFO:colcon.colcon_core.shell:Skip shell extension 'powershell' for command environment: Not usable outside of PowerShell
[4.859s] DEBUG:colcon.colcon_core.shell:Skip shell extension 'dsv' for command environment
[5.471s] DEBUG:colcon.colcon_core.event_handler.log_command:Invoked command in '/media/roboserver/DATA/axbot_ws/build/axbot_description' returned '0': CMAKE_PREFIX_PATH=${CMAKE_PREFIX_PATH}:/media/roboserver/DATA/axbot_ws/install/pc2_listener:/media/roboserver/DATA/axbot_ws/install/axbot_examples:/media/roboserver/DATA/axbot_ws/install/axbot_driver:/media/roboserver/DATA/autox_ws/install/fielder_teleop:/media/roboserver/DATA/autox_ws/install/fielder_odometry:/media/roboserver/DATA/autox_ws/install/fielder_navigation:/opt/ros/jazzy DEBUGINFOD_URLS=https://debuginfod.ubuntu.com /usr/bin/cmake --build /media/roboserver/DATA/axbot_ws/build/axbot_description -- -j8 -l8
[5.650s] DEBUG:colcon.colcon_core.event_handler.log_command:Invoking command in '/media/roboserver/DATA/axbot_ws/build/axbot_description': CMAKE_PREFIX_PATH=${CMAKE_PREFIX_PATH}:/media/roboserver/DATA/axbot_ws/install/pc2_listener:/media/roboserver/DATA/axbot_ws/install/axbot_examples:/media/roboserver/DATA/axbot_ws/install/axbot_driver:/media/roboserver/DATA/autox_ws/install/fielder_teleop:/media/roboserver/DATA/autox_ws/install/fielder_odometry:/media/roboserver/DATA/autox_ws/install/fielder_navigation:/opt/ros/jazzy DEBUGINFOD_URLS=https://debuginfod.ubuntu.com /usr/bin/cmake --install /media/roboserver/DATA/axbot_ws/build/axbot_description
[5.651s] DEBUG:colcon.colcon_core.event_handler.log_command:Invoked command in '/media/roboserver/DATA/axbot_ws/build/axbot_navigation' returned '0': CMAKE_PREFIX_PATH=${CMAKE_PREFIX_PATH}:/media/roboserver/DATA/axbot_ws/install/pc2_listener:/media/roboserver/DATA/axbot_ws/install/axbot_examples:/media/roboserver/DATA/axbot_ws/install/axbot_driver:/media/roboserver/DATA/autox_ws/install/fielder_teleop:/media/roboserver/DATA/autox_ws/install/fielder_odometry:/media/roboserver/DATA/autox_ws/install/fielder_navigation:/opt/ros/jazzy DEBUGINFOD_URLS=https://debuginfod.ubuntu.com /usr/bin/cmake --build /media/roboserver/DATA/axbot_ws/build/axbot_navigation -- -j8 -l8
[5.653s] DEBUG:colcon.colcon_core.event_handler.log_command:Invoking command in '/media/roboserver/DATA/axbot_ws/build/axbot_navigation': CMAKE_PREFIX_PATH=${CMAKE_PREFIX_PATH}:/media/roboserver/DATA/axbot_ws/install/pc2_listener:/media/roboserver/DATA/axbot_ws/install/axbot_examples:/media/roboserver/DATA/axbot_ws/install/axbot_driver:/media/roboserver/DATA/autox_ws/install/fielder_teleop:/media/roboserver/DATA/autox_ws/install/fielder_odometry:/media/roboserver/DATA/autox_ws/install/fielder_navigation:/opt/ros/jazzy DEBUGINFOD_URLS=https://debuginfod.ubuntu.com /usr/bin/cmake --install /media/roboserver/DATA/axbot_ws/build/axbot_navigation
[5.733s] Level 1:colcon.colcon_core.environment:create_environment_scripts_only(axbot_description)
[5.733s] DEBUG:colcon.colcon_core.event_handler.log_command:Invoked command in '/media/roboserver/DATA/axbot_ws/build/axbot_description' returned '0': CMAKE_PREFIX_PATH=${CMAKE_PREFIX_PATH}:/media/roboserver/DATA/axbot_ws/install/pc2_listener:/media/roboserver/DATA/axbot_ws/install/axbot_examples:/media/roboserver/DATA/axbot_ws/install/axbot_driver:/media/roboserver/DATA/autox_ws/install/fielder_teleop:/media/roboserver/DATA/autox_ws/install/fielder_odometry:/media/roboserver/DATA/autox_ws/install/fielder_navigation:/opt/ros/jazzy DEBUGINFOD_URLS=https://debuginfod.ubuntu.com /usr/bin/cmake --install /media/roboserver/DATA/axbot_ws/build/axbot_description
[5.904s] Level 1:colcon.colcon_core.environment:checking '/media/roboserver/DATA/axbot_ws/install/axbot_description' for CMake module files
[5.904s] Level 1:colcon.colcon_core.environment:checking '/media/roboserver/DATA/axbot_ws/install/axbot_description' for CMake config files
[5.905s] Level 1:colcon.colcon_core.shell:create_environment_hook('axbot_description', 'cmake_prefix_path')
[5.905s] INFO:colcon.colcon_core.shell:Creating environment hook '/media/roboserver/DATA/axbot_ws/install/axbot_description/share/axbot_description/hook/cmake_prefix_path.ps1'
[5.905s] INFO:colcon.colcon_core.shell:Creating environment descriptor '/media/roboserver/DATA/axbot_ws/install/axbot_description/share/axbot_description/hook/cmake_prefix_path.dsv'
[5.905s] INFO:colcon.colcon_core.shell:Creating environment hook '/media/roboserver/DATA/axbot_ws/install/axbot_description/share/axbot_description/hook/cmake_prefix_path.sh'
[5.906s] Level 1:colcon.colcon_core.environment:checking '/media/roboserver/DATA/axbot_ws/install/axbot_description/bin'
[5.906s] Level 1:colcon.colcon_core.environment:checking '/media/roboserver/DATA/axbot_ws/install/axbot_description/lib/pkgconfig/axbot_description.pc'
[5.906s] Level 1:colcon.colcon_core.environment:checking '/media/roboserver/DATA/axbot_ws/install/axbot_description/lib/python3.12/site-packages'
[5.906s] Level 1:colcon.colcon_core.environment:checking '/media/roboserver/DATA/axbot_ws/install/axbot_description/bin'
[5.907s] INFO:colcon.colcon_core.shell:Creating package script '/media/roboserver/DATA/axbot_ws/install/axbot_description/share/axbot_description/package.ps1'
[5.915s] INFO:colcon.colcon_core.shell:Creating package descriptor '/media/roboserver/DATA/axbot_ws/install/axbot_description/share/axbot_description/package.dsv'
[5.920s] INFO:colcon.colcon_core.shell:Creating package script '/media/roboserver/DATA/axbot_ws/install/axbot_description/share/axbot_description/package.sh'
[5.922s] INFO:colcon.colcon_core.shell:Creating package script '/media/roboserver/DATA/axbot_ws/install/axbot_description/share/axbot_description/package.bash'
[5.940s] INFO:colcon.colcon_core.shell:Creating package script '/media/roboserver/DATA/axbot_ws/install/axbot_description/share/axbot_description/package.zsh'
[5.974s] Level 1:colcon.colcon_core.environment:create_file_with_runtime_dependencies(/media/roboserver/DATA/axbot_ws/install/axbot_description/share/colcon-core/packages/axbot_description)
[5.974s] Level 1:colcon.colcon_core.environment:create_environment_scripts_only(axbot_description)
[5.974s] Level 1:colcon.colcon_core.environment:checking '/media/roboserver/DATA/axbot_ws/install/axbot_description' for CMake module files
[5.975s] Level 1:colcon.colcon_core.environment:checking '/media/roboserver/DATA/axbot_ws/install/axbot_description' for CMake config files
[5.975s] Level 1:colcon.colcon_core.shell:create_environment_hook('axbot_description', 'cmake_prefix_path')
[5.975s] INFO:colcon.colcon_core.shell:Creating environment hook '/media/roboserver/DATA/axbot_ws/install/axbot_description/share/axbot_description/hook/cmake_prefix_path.ps1'
[5.976s] INFO:colcon.colcon_core.shell:Creating environment descriptor '/media/roboserver/DATA/axbot_ws/install/axbot_description/share/axbot_description/hook/cmake_prefix_path.dsv'
[5.976s] INFO:colcon.colcon_core.shell:Creating environment hook '/media/roboserver/DATA/axbot_ws/install/axbot_description/share/axbot_description/hook/cmake_prefix_path.sh'
[5.976s] Level 1:colcon.colcon_core.environment:checking '/media/roboserver/DATA/axbot_ws/install/axbot_description/bin'
[5.976s] Level 1:colcon.colcon_core.environment:checking '/media/roboserver/DATA/axbot_ws/install/axbot_description/lib/pkgconfig/axbot_description.pc'
[5.977s] Level 1:colcon.colcon_core.environment:checking '/media/roboserver/DATA/axbot_ws/install/axbot_description/lib/python3.12/site-packages'
[5.977s] Level 1:colcon.colcon_core.environment:checking '/media/roboserver/DATA/axbot_ws/install/axbot_description/bin'
[5.977s] INFO:colcon.colcon_core.shell:Creating package script '/media/roboserver/DATA/axbot_ws/install/axbot_description/share/axbot_description/package.ps1'
[5.978s] INFO:colcon.colcon_core.shell:Creating package descriptor '/media/roboserver/DATA/axbot_ws/install/axbot_description/share/axbot_description/package.dsv'
[5.978s] INFO:colcon.colcon_core.shell:Creating package script '/media/roboserver/DATA/axbot_ws/install/axbot_description/share/axbot_description/package.sh'
[5.978s] INFO:colcon.colcon_core.shell:Creating package script '/media/roboserver/DATA/axbot_ws/install/axbot_description/share/axbot_description/package.bash'
[5.978s] INFO:colcon.colcon_core.shell:Creating package script '/media/roboserver/DATA/axbot_ws/install/axbot_description/share/axbot_description/package.zsh'
[5.979s] Level 1:colcon.colcon_core.environment:create_file_with_runtime_dependencies(/media/roboserver/DATA/axbot_ws/install/axbot_description/share/colcon-core/packages/axbot_description)
[5.980s] Level 1:colcon.colcon_core.environment:create_environment_scripts_only(axbot_navigation)
[5.981s] Level 1:colcon.colcon_core.environment:checking '/media/roboserver/DATA/axbot_ws/install/axbot_navigation' for CMake module files
[5.981s] DEBUG:colcon.colcon_core.event_handler.log_command:Invoked command in '/media/roboserver/DATA/axbot_ws/build/axbot_navigation' returned '1': CMAKE_PREFIX_PATH=${CMAKE_PREFIX_PATH}:/media/roboserver/DATA/axbot_ws/install/pc2_listener:/media/roboserver/DATA/axbot_ws/install/axbot_examples:/media/roboserver/DATA/axbot_ws/install/axbot_driver:/media/roboserver/DATA/autox_ws/install/fielder_teleop:/media/roboserver/DATA/autox_ws/install/fielder_odometry:/media/roboserver/DATA/autox_ws/install/fielder_navigation:/opt/ros/jazzy DEBUGINFOD_URLS=https://debuginfod.ubuntu.com /usr/bin/cmake --install /media/roboserver/DATA/axbot_ws/build/axbot_navigation
[5.983s] Level 1:colcon.colcon_core.environment:checking '/media/roboserver/DATA/axbot_ws/install/axbot_navigation' for CMake config files
[5.983s] Level 1:colcon.colcon_core.shell:create_environment_hook('axbot_navigation', 'cmake_prefix_path')
[5.983s] INFO:colcon.colcon_core.shell:Creating environment hook '/media/roboserver/DATA/axbot_ws/install/axbot_navigation/share/axbot_navigation/hook/cmake_prefix_path.ps1'
[5.984s] INFO:colcon.colcon_core.shell:Creating environment descriptor '/media/roboserver/DATA/axbot_ws/install/axbot_navigation/share/axbot_navigation/hook/cmake_prefix_path.dsv'
[5.984s] INFO:colcon.colcon_core.shell:Creating environment hook '/media/roboserver/DATA/axbot_ws/install/axbot_navigation/share/axbot_navigation/hook/cmake_prefix_path.sh'
[5.984s] Level 1:colcon.colcon_core.environment:checking '/media/roboserver/DATA/axbot_ws/install/axbot_navigation/bin'
[5.985s] Level 1:colcon.colcon_core.environment:checking '/media/roboserver/DATA/axbot_ws/install/axbot_navigation/lib/pkgconfig/axbot_navigation.pc'
[5.985s] Level 1:colcon.colcon_core.environment:checking '/media/roboserver/DATA/axbot_ws/install/axbot_navigation/lib/python3.12/site-packages'
[5.985s] Level 1:colcon.colcon_core.environment:checking '/media/roboserver/DATA/axbot_ws/install/axbot_navigation/bin'
[5.986s] INFO:colcon.colcon_core.shell:Creating package script '/media/roboserver/DATA/axbot_ws/install/axbot_navigation/share/axbot_navigation/package.ps1'
[5.986s] INFO:colcon.colcon_core.shell:Creating package descriptor '/media/roboserver/DATA/axbot_ws/install/axbot_navigation/share/axbot_navigation/package.dsv'
[5.986s] INFO:colcon.colcon_core.shell:Creating package script '/media/roboserver/DATA/axbot_ws/install/axbot_navigation/share/axbot_navigation/package.sh'
[5.987s] INFO:colcon.colcon_core.shell:Creating package script '/media/roboserver/DATA/axbot_ws/install/axbot_navigation/share/axbot_navigation/package.bash'
[5.987s] INFO:colcon.colcon_core.shell:Creating package script '/media/roboserver/DATA/axbot_ws/install/axbot_navigation/share/axbot_navigation/package.zsh'
[5.988s] Level 1:colcon.colcon_core.environment:create_file_with_runtime_dependencies(/media/roboserver/DATA/axbot_ws/install/axbot_navigation/share/colcon-core/packages/axbot_navigation)
[12.108s] DEBUG:colcon.colcon_parallel_executor.executor.parallel:closing loop
[12.108s] DEBUG:colcon.colcon_parallel_executor.executor.parallel:loop closed
[12.108s] DEBUG:colcon.colcon_parallel_executor.executor.parallel:run_until_complete finished with '1'
[12.108s] DEBUG:colcon.colcon_core.event_reactor:joining thread
[12.182s] INFO:colcon.colcon_core.plugin_system:Skipping extension 'colcon_notification.desktop_notification.terminal_notifier': Not used on non-Darwin systems
[12.182s] INFO:colcon.colcon_core.plugin_system:Skipping extension 'colcon_notification.desktop_notification.win32': Not used on non-Windows systems
[12.182s] INFO:colcon.colcon_notification.desktop_notification:Sending desktop notification using 'notify2'
[12.198s] DEBUG:colcon.colcon_core.event_reactor:joined thread
[12.198s] INFO:colcon.colcon_core.shell:Creating prefix script '/media/roboserver/DATA/axbot_ws/install/local_setup.ps1'
[12.208s] INFO:colcon.colcon_core.shell:Creating prefix util module '/media/roboserver/DATA/axbot_ws/install/_local_setup_util_ps1.py'
[12.221s] INFO:colcon.colcon_core.shell:Creating prefix chain script '/media/roboserver/DATA/axbot_ws/install/setup.ps1'
[12.223s] INFO:colcon.colcon_core.shell:Creating prefix script '/media/roboserver/DATA/axbot_ws/install/local_setup.sh'
[12.239s] INFO:colcon.colcon_core.shell:Creating prefix util module '/media/roboserver/DATA/axbot_ws/install/_local_setup_util_sh.py'
[12.240s] INFO:colcon.colcon_core.shell:Creating prefix chain script '/media/roboserver/DATA/axbot_ws/install/setup.sh'
[12.242s] INFO:colcon.colcon_core.shell:Creating prefix script '/media/roboserver/DATA/axbot_ws/install/local_setup.bash'
[12.249s] INFO:colcon.colcon_core.shell:Creating prefix chain script '/media/roboserver/DATA/axbot_ws/install/setup.bash'
[12.250s] INFO:colcon.colcon_core.shell:Creating prefix script '/media/roboserver/DATA/axbot_ws/install/local_setup.zsh'
[12.266s] INFO:colcon.colcon_core.shell:Creating prefix chain script '/media/roboserver/DATA/axbot_ws/install/setup.zsh'
