[1.164s] Invoking command in '/media/roboserver/DATA/axbot_ws/src/axbot_driver': CMAKE_PREFIX_PATH=/media/roboserver/DATA/axbot_ws/install/axbot_interfaces:/media/roboserver/DATA/axbot_ws/install/axbot_navigation:/media/roboserver/DATA/axbot_ws/install/axbot_description:/opt/ros/jazzy/opt/gz_sim_vendor:/opt/ros/jazzy/opt/gz_sensors_vendor:/opt/ros/jazzy/opt/gz_physics_vendor:/opt/ros/jazzy/opt/sdformat_vendor:/opt/ros/jazzy/opt/gz_gui_vendor:/opt/ros/jazzy/opt/gz_transport_vendor:/opt/ros/jazzy/opt/gz_rendering_vendor:/opt/ros/jazzy/opt/gz_plugin_vendor:/opt/ros/jazzy/opt/gz_fuel_tools_vendor:/opt/ros/jazzy/opt/gz_msgs_vendor:/opt/ros/jazzy/opt/gz_common_vendor:/opt/ros/jazzy/opt/gz_math_vendor:/opt/ros/jazzy/opt/gz_utils_vendor:/opt/ros/jazzy/opt/gz_tools_vendor:/opt/ros/jazzy/opt/gz_ogre_next_vendor:/opt/ros/jazzy/opt/gz_dartsim_vendor:/opt/ros/jazzy/opt/gz_cmake_vendor DEBUGINFOD_URLS=https://debuginfod.ubuntu.com PYTHONPATH=/media/roboserver/DATA/axbot_ws/build/axbot_driver/prefix_override:/usr/lib/python3/dist-packages/colcon_core/task/python/colcon_distutils_commands:/media/roboserver/DATA/axbot_ws/install/axbot_driver/lib/python3.12/site-packages:/media/roboserver/DATA/axbot_ws/install/axbot_interfaces/lib/python3.12/site-packages:/media/roboserver/DATA/axbot_ws/install/pc2_listener/lib/python3.12/site-packages:/media/roboserver/DATA/axbot_ws/install/axbot_examples/lib/python3.12/site-packages:/media/roboserver/DATA/axbot_ws/install/axbot_driver/lib/python3.12/site-packages:/media/roboserver/DATA/autox_ws/build/fielder_teleop:/media/roboserver/DATA/autox_ws/install/fielder_teleop/lib/python3.12/site-packages:/media/roboserver/DATA/autox_ws/build/fielder_odometry:/media/roboserver/DATA/autox_ws/install/fielder_odometry/lib/python3.12/site-packages:/media/roboserver/DATA/autox_ws/build/fielder_navigation:/media/roboserver/DATA/autox_ws/install/fielder_navigation/lib/python3.12/site-packages:/opt/ros/jazzy/lib/python3.12/site-packages /usr/bin/python3 -W ignore:setup.py install is deprecated -W ignore:easy_install command is deprecated setup.py egg_info --egg-base ../../build/axbot_driver build --build-base /media/roboserver/DATA/axbot_ws/build/axbot_driver/build install --record /media/roboserver/DATA/axbot_ws/build/axbot_driver/install.log --single-version-externally-managed install_data
[1.467s] running egg_info
[1.467s] creating ../../build/axbot_driver/axbot_driver.egg-info
[1.491s] writing ../../build/axbot_driver/axbot_driver.egg-info/PKG-INFO
[1.491s] writing dependency_links to ../../build/axbot_driver/axbot_driver.egg-info/dependency_links.txt
[1.491s] writing entry points to ../../build/axbot_driver/axbot_driver.egg-info/entry_points.txt
[1.491s] writing requirements to ../../build/axbot_driver/axbot_driver.egg-info/requires.txt
[1.491s] writing top-level names to ../../build/axbot_driver/axbot_driver.egg-info/top_level.txt
[1.492s] writing manifest file '../../build/axbot_driver/axbot_driver.egg-info/SOURCES.txt'
[1.542s] reading manifest file '../../build/axbot_driver/axbot_driver.egg-info/SOURCES.txt'
[1.543s] writing manifest file '../../build/axbot_driver/axbot_driver.egg-info/SOURCES.txt'
[1.543s] running build
[1.543s] running build_py
[1.544s] creating /media/roboserver/DATA/axbot_ws/build/axbot_driver/build
[1.544s] creating /media/roboserver/DATA/axbot_ws/build/axbot_driver/build/lib
[1.544s] creating /media/roboserver/DATA/axbot_ws/build/axbot_driver/build/lib/axbot_driver
[1.544s] copying axbot_driver/axbot_node.py -> /media/roboserver/DATA/axbot_ws/build/axbot_driver/build/lib/axbot_driver
[1.544s] copying axbot_driver/pointcloud_to_scan.py -> /media/roboserver/DATA/axbot_ws/build/axbot_driver/build/lib/axbot_driver
[1.544s] copying axbot_driver/rest_client.py -> /media/roboserver/DATA/axbot_ws/build/axbot_driver/build/lib/axbot_driver
[1.544s] copying axbot_driver/scan_bridge.py -> /media/roboserver/DATA/axbot_ws/build/axbot_driver/build/lib/axbot_driver
[1.545s] copying axbot_driver/websocket_client.py -> /media/roboserver/DATA/axbot_ws/build/axbot_driver/build/lib/axbot_driver
[1.545s] copying axbot_driver/__init__.py -> /media/roboserver/DATA/axbot_ws/build/axbot_driver/build/lib/axbot_driver
[1.545s] running install
[1.551s] running install_lib
[1.575s] creating /media/roboserver/DATA/axbot_ws/install/axbot_driver/lib/python3.12/site-packages/axbot_driver
[1.575s] copying /media/roboserver/DATA/axbot_ws/build/axbot_driver/build/lib/axbot_driver/axbot_node.py -> /media/roboserver/DATA/axbot_ws/install/axbot_driver/lib/python3.12/site-packages/axbot_driver
[1.576s] copying /media/roboserver/DATA/axbot_ws/build/axbot_driver/build/lib/axbot_driver/pointcloud_to_scan.py -> /media/roboserver/DATA/axbot_ws/install/axbot_driver/lib/python3.12/site-packages/axbot_driver
[1.576s] copying /media/roboserver/DATA/axbot_ws/build/axbot_driver/build/lib/axbot_driver/rest_client.py -> /media/roboserver/DATA/axbot_ws/install/axbot_driver/lib/python3.12/site-packages/axbot_driver
[1.576s] copying /media/roboserver/DATA/axbot_ws/build/axbot_driver/build/lib/axbot_driver/scan_bridge.py -> /media/roboserver/DATA/axbot_ws/install/axbot_driver/lib/python3.12/site-packages/axbot_driver
[1.576s] copying /media/roboserver/DATA/axbot_ws/build/axbot_driver/build/lib/axbot_driver/websocket_client.py -> /media/roboserver/DATA/axbot_ws/install/axbot_driver/lib/python3.12/site-packages/axbot_driver
[1.576s] copying /media/roboserver/DATA/axbot_ws/build/axbot_driver/build/lib/axbot_driver/__init__.py -> /media/roboserver/DATA/axbot_ws/install/axbot_driver/lib/python3.12/site-packages/axbot_driver
[1.576s] byte-compiling /media/roboserver/DATA/axbot_ws/install/axbot_driver/lib/python3.12/site-packages/axbot_driver/axbot_node.py to axbot_node.cpython-312.pyc
[1.579s] byte-compiling /media/roboserver/DATA/axbot_ws/install/axbot_driver/lib/python3.12/site-packages/axbot_driver/pointcloud_to_scan.py to pointcloud_to_scan.cpython-312.pyc
[1.580s] byte-compiling /media/roboserver/DATA/axbot_ws/install/axbot_driver/lib/python3.12/site-packages/axbot_driver/rest_client.py to rest_client.cpython-312.pyc
[1.581s] byte-compiling /media/roboserver/DATA/axbot_ws/install/axbot_driver/lib/python3.12/site-packages/axbot_driver/scan_bridge.py to scan_bridge.cpython-312.pyc
[1.581s] byte-compiling /media/roboserver/DATA/axbot_ws/install/axbot_driver/lib/python3.12/site-packages/axbot_driver/websocket_client.py to websocket_client.cpython-312.pyc
[1.583s] byte-compiling /media/roboserver/DATA/axbot_ws/install/axbot_driver/lib/python3.12/site-packages/axbot_driver/__init__.py to __init__.cpython-312.pyc
[1.583s] running install_data
[1.583s] creating /media/roboserver/DATA/axbot_ws/install/axbot_driver/share/ament_index
[1.583s] creating /media/roboserver/DATA/axbot_ws/install/axbot_driver/share/ament_index/resource_index
[1.583s] creating /media/roboserver/DATA/axbot_ws/install/axbot_driver/share/ament_index/resource_index/packages
[1.583s] copying resource/axbot_driver -> /media/roboserver/DATA/axbot_ws/install/axbot_driver/share/ament_index/resource_index/packages
[1.583s] copying package.xml -> /media/roboserver/DATA/axbot_ws/install/axbot_driver/share/axbot_driver
[1.584s] creating /media/roboserver/DATA/axbot_ws/install/axbot_driver/share/axbot_driver/launch
[1.584s] copying launch/axbot_driver.launch.py -> /media/roboserver/DATA/axbot_ws/install/axbot_driver/share/axbot_driver/launch
[1.584s] copying launch/bringup.launch.py -> /media/roboserver/DATA/axbot_ws/install/axbot_driver/share/axbot_driver/launch
[1.584s] copying launch/bringup_complete.launch.py -> /media/roboserver/DATA/axbot_ws/install/axbot_driver/share/axbot_driver/launch
[1.584s] copying launch/complete_bringup.launch.py -> /media/roboserver/DATA/axbot_ws/install/axbot_driver/share/axbot_driver/launch
[1.584s] copying launch/rviz.launch.py -> /media/roboserver/DATA/axbot_ws/install/axbot_driver/share/axbot_driver/launch
[1.584s] copying launch/slam_bringup.launch.py -> /media/roboserver/DATA/axbot_ws/install/axbot_driver/share/axbot_driver/launch
[1.584s] creating /media/roboserver/DATA/axbot_ws/install/axbot_driver/share/axbot_driver/config
[1.584s] copying config/axbot_params.yaml -> /media/roboserver/DATA/axbot_ws/install/axbot_driver/share/axbot_driver/config
[1.585s] creating /media/roboserver/DATA/axbot_ws/install/axbot_driver/share/axbot_driver/rviz
[1.585s] copying rviz/slam_view.rviz -> /media/roboserver/DATA/axbot_ws/install/axbot_driver/share/axbot_driver/rviz
[1.585s] running install_egg_info
[1.611s] Copying ../../build/axbot_driver/axbot_driver.egg-info to /media/roboserver/DATA/axbot_ws/install/axbot_driver/lib/python3.12/site-packages/axbot_driver-1.0.0-py3.12.egg-info
[1.612s] running install_scripts
[1.773s] Installing axbot_node script to /media/roboserver/DATA/axbot_ws/install/axbot_driver/lib/axbot_driver
[1.773s] Installing scan_bridge script to /media/roboserver/DATA/axbot_ws/install/axbot_driver/lib/axbot_driver
[1.773s] writing list of installed files to '/media/roboserver/DATA/axbot_ws/build/axbot_driver/install.log'
[1.808s] Invoked command in '/media/roboserver/DATA/axbot_ws/src/axbot_driver' returned '0': CMAKE_PREFIX_PATH=/media/roboserver/DATA/axbot_ws/install/axbot_interfaces:/media/roboserver/DATA/axbot_ws/install/axbot_navigation:/media/roboserver/DATA/axbot_ws/install/axbot_description:/opt/ros/jazzy/opt/gz_sim_vendor:/opt/ros/jazzy/opt/gz_sensors_vendor:/opt/ros/jazzy/opt/gz_physics_vendor:/opt/ros/jazzy/opt/sdformat_vendor:/opt/ros/jazzy/opt/gz_gui_vendor:/opt/ros/jazzy/opt/gz_transport_vendor:/opt/ros/jazzy/opt/gz_rendering_vendor:/opt/ros/jazzy/opt/gz_plugin_vendor:/opt/ros/jazzy/opt/gz_fuel_tools_vendor:/opt/ros/jazzy/opt/gz_msgs_vendor:/opt/ros/jazzy/opt/gz_common_vendor:/opt/ros/jazzy/opt/gz_math_vendor:/opt/ros/jazzy/opt/gz_utils_vendor:/opt/ros/jazzy/opt/gz_tools_vendor:/opt/ros/jazzy/opt/gz_ogre_next_vendor:/opt/ros/jazzy/opt/gz_dartsim_vendor:/opt/ros/jazzy/opt/gz_cmake_vendor DEBUGINFOD_URLS=https://debuginfod.ubuntu.com PYTHONPATH=/media/roboserver/DATA/axbot_ws/build/axbot_driver/prefix_override:/usr/lib/python3/dist-packages/colcon_core/task/python/colcon_distutils_commands:/media/roboserver/DATA/axbot_ws/install/axbot_driver/lib/python3.12/site-packages:/media/roboserver/DATA/axbot_ws/install/axbot_interfaces/lib/python3.12/site-packages:/media/roboserver/DATA/axbot_ws/install/pc2_listener/lib/python3.12/site-packages:/media/roboserver/DATA/axbot_ws/install/axbot_examples/lib/python3.12/site-packages:/media/roboserver/DATA/axbot_ws/install/axbot_driver/lib/python3.12/site-packages:/media/roboserver/DATA/autox_ws/build/fielder_teleop:/media/roboserver/DATA/autox_ws/install/fielder_teleop/lib/python3.12/site-packages:/media/roboserver/DATA/autox_ws/build/fielder_odometry:/media/roboserver/DATA/autox_ws/install/fielder_odometry/lib/python3.12/site-packages:/media/roboserver/DATA/autox_ws/build/fielder_navigation:/media/roboserver/DATA/autox_ws/install/fielder_navigation/lib/python3.12/site-packages:/opt/ros/jazzy/lib/python3.12/site-packages /usr/bin/python3 -W ignore:setup.py install is deprecated -W ignore:easy_install command is deprecated setup.py egg_info --egg-base ../../build/axbot_driver build --build-base /media/roboserver/DATA/axbot_ws/build/axbot_driver/build install --record /media/roboserver/DATA/axbot_ws/build/axbot_driver/install.log --single-version-externally-managed install_data
