[0.030s] Invoking command in '/media/roboserver/DATA/axbot_ws/build/axbot_description': CMAKE_PREFIX_PATH=${CMAKE_PREFIX_PATH}:/media/roboserver/DATA/autox_ws/install/fielder_teleop:/media/roboserver/DATA/autox_ws/install/fielder_odometry:/media/roboserver/DATA/autox_ws/install/fielder_navigation:/opt/ros/jazzy DEBUGINFOD_URLS=https://debuginfod.ubuntu.com /usr/bin/cmake /media/roboserver/DATA/axbot_ws/src/axbot_description -DCMAKE_INSTALL_PREFIX=/media/roboserver/DATA/axbot_ws/install/axbot_description
[0.097s] -- The C compiler identification is GNU 13.3.0
[0.158s] -- The CXX compiler identification is GNU 13.3.0
[0.177s] -- Detecting C compiler ABI info
[0.270s] -- Detecting C compiler ABI info - done
[0.285s] -- Check for working C compiler: /usr/bin/cc - skipped
[0.285s] -- Detecting C compile features
[0.286s] -- Detecting C compile features - done
[0.299s] -- Detecting CXX compiler ABI info
[0.420s] -- Detecting CXX compiler ABI info - done
[0.431s] -- Check for working CXX compiler: /usr/bin/c++ - skipped
[0.431s] -- Detecting CXX compile features
[0.432s] -- Detecting CXX compile features - done
[0.438s] -- Found ament_cmake: 2.5.4 (/opt/ros/jazzy/share/ament_cmake/cmake)
[0.611s] -- Found Python3: /usr/bin/python3 (found version "3.12.3") found components: Interpreter 
[0.856s] -- Configuring done (0.8s)
[0.861s] -- Generating done (0.0s)
[0.863s] -- Build files have been written to: /media/roboserver/DATA/axbot_ws/build/axbot_description
[0.869s] Invoked command in '/media/roboserver/DATA/axbot_ws/build/axbot_description' returned '0': CMAKE_PREFIX_PATH=${CMAKE_PREFIX_PATH}:/media/roboserver/DATA/autox_ws/install/fielder_teleop:/media/roboserver/DATA/autox_ws/install/fielder_odometry:/media/roboserver/DATA/autox_ws/install/fielder_navigation:/opt/ros/jazzy DEBUGINFOD_URLS=https://debuginfod.ubuntu.com /usr/bin/cmake /media/roboserver/DATA/axbot_ws/src/axbot_description -DCMAKE_INSTALL_PREFIX=/media/roboserver/DATA/axbot_ws/install/axbot_description
[0.871s] Invoking command in '/media/roboserver/DATA/axbot_ws/build/axbot_description': CMAKE_PREFIX_PATH=${CMAKE_PREFIX_PATH}:/media/roboserver/DATA/autox_ws/install/fielder_teleop:/media/roboserver/DATA/autox_ws/install/fielder_odometry:/media/roboserver/DATA/autox_ws/install/fielder_navigation:/opt/ros/jazzy DEBUGINFOD_URLS=https://debuginfod.ubuntu.com /usr/bin/cmake --build /media/roboserver/DATA/axbot_ws/build/axbot_description -- -j8 -l8
[0.915s] Invoked command in '/media/roboserver/DATA/axbot_ws/build/axbot_description' returned '0': CMAKE_PREFIX_PATH=${CMAKE_PREFIX_PATH}:/media/roboserver/DATA/autox_ws/install/fielder_teleop:/media/roboserver/DATA/autox_ws/install/fielder_odometry:/media/roboserver/DATA/autox_ws/install/fielder_navigation:/opt/ros/jazzy DEBUGINFOD_URLS=https://debuginfod.ubuntu.com /usr/bin/cmake --build /media/roboserver/DATA/axbot_ws/build/axbot_description -- -j8 -l8
[0.926s] Invoking command in '/media/roboserver/DATA/axbot_ws/build/axbot_description': CMAKE_PREFIX_PATH=${CMAKE_PREFIX_PATH}:/media/roboserver/DATA/autox_ws/install/fielder_teleop:/media/roboserver/DATA/autox_ws/install/fielder_odometry:/media/roboserver/DATA/autox_ws/install/fielder_navigation:/opt/ros/jazzy DEBUGINFOD_URLS=https://debuginfod.ubuntu.com /usr/bin/cmake --install /media/roboserver/DATA/axbot_ws/build/axbot_description
[0.934s] -- Install configuration: ""
[0.934s] -- Installing: /media/roboserver/DATA/axbot_ws/install/axbot_description/share/axbot_description/urdf
[0.934s] -- Installing: /media/roboserver/DATA/axbot_ws/install/axbot_description/share/axbot_description/urdf/axbot.urdf
[0.934s] -- Installing: /media/roboserver/DATA/axbot_ws/install/axbot_description/share/axbot_description/launch
[0.935s] -- Installing: /media/roboserver/DATA/axbot_ws/install/axbot_description/share/axbot_description/launch/display.launch.py
[0.935s] -- Installing: /media/roboserver/DATA/axbot_ws/install/axbot_description/share/ament_index/resource_index/package_run_dependencies/axbot_description
[0.935s] -- Installing: /media/roboserver/DATA/axbot_ws/install/axbot_description/share/ament_index/resource_index/parent_prefix_path/axbot_description
[0.935s] -- Installing: /media/roboserver/DATA/axbot_ws/install/axbot_description/share/axbot_description/environment/ament_prefix_path.sh
[0.935s] -- Installing: /media/roboserver/DATA/axbot_ws/install/axbot_description/share/axbot_description/environment/ament_prefix_path.dsv
[0.935s] -- Installing: /media/roboserver/DATA/axbot_ws/install/axbot_description/share/axbot_description/environment/path.sh
[0.935s] -- Installing: /media/roboserver/DATA/axbot_ws/install/axbot_description/share/axbot_description/environment/path.dsv
[0.936s] -- Installing: /media/roboserver/DATA/axbot_ws/install/axbot_description/share/axbot_description/local_setup.bash
[0.936s] -- Installing: /media/roboserver/DATA/axbot_ws/install/axbot_description/share/axbot_description/local_setup.sh
[0.936s] -- Installing: /media/roboserver/DATA/axbot_ws/install/axbot_description/share/axbot_description/local_setup.zsh
[0.936s] -- Installing: /media/roboserver/DATA/axbot_ws/install/axbot_description/share/axbot_description/local_setup.dsv
[0.936s] -- Installing: /media/roboserver/DATA/axbot_ws/install/axbot_description/share/axbot_description/package.dsv
[0.936s] -- Installing: /media/roboserver/DATA/axbot_ws/install/axbot_description/share/ament_index/resource_index/packages/axbot_description
[0.936s] -- Installing: /media/roboserver/DATA/axbot_ws/install/axbot_description/share/axbot_description/cmake/axbot_descriptionConfig.cmake
[0.937s] -- Installing: /media/roboserver/DATA/axbot_ws/install/axbot_description/share/axbot_description/cmake/axbot_descriptionConfig-version.cmake
[0.937s] -- Installing: /media/roboserver/DATA/axbot_ws/install/axbot_description/share/axbot_description/package.xml
[0.940s] Invoked command in '/media/roboserver/DATA/axbot_ws/build/axbot_description' returned '0': CMAKE_PREFIX_PATH=${CMAKE_PREFIX_PATH}:/media/roboserver/DATA/autox_ws/install/fielder_teleop:/media/roboserver/DATA/autox_ws/install/fielder_odometry:/media/roboserver/DATA/autox_ws/install/fielder_navigation:/opt/ros/jazzy DEBUGINFOD_URLS=https://debuginfod.ubuntu.com /usr/bin/cmake --install /media/roboserver/DATA/axbot_ws/build/axbot_description
