[0.021s] Invoking command in '/media/roboserver/DATA/axbot_ws/build/axbot_navigation': CMAKE_PREFIX_PATH=${CMAKE_PREFIX_PATH}:/media/roboserver/DATA/axbot_ws/install/pc2_listener:/media/roboserver/DATA/axbot_ws/install/axbot_examples:/media/roboserver/DATA/axbot_ws/install/axbot_driver:/media/roboserver/DATA/autox_ws/install/fielder_teleop:/media/roboserver/DATA/autox_ws/install/fielder_odometry:/media/roboserver/DATA/autox_ws/install/fielder_navigation:/opt/ros/jazzy DEBUGINFOD_URLS=https://debuginfod.ubuntu.com /usr/bin/cmake /media/roboserver/DATA/axbot_ws/src/axbot_navigation -DCMAKE_INSTALL_PREFIX=/media/roboserver/DATA/axbot_ws/install/axbot_navigation
[0.091s] -- The C compiler identification is GNU 13.3.0
[0.154s] -- The CXX compiler identification is GNU 13.3.0
[0.170s] -- Detecting C compiler ABI info
[0.263s] -- Detecting C compiler ABI info - done
[0.274s] -- Check for working C compiler: /usr/bin/cc - skipped
[0.274s] -- Detecting C compile features
[0.275s] -- Detecting C compile features - done
[0.284s] -- Detecting CXX compiler ABI info
[0.394s] -- Detecting CXX compiler ABI info - done
[0.413s] -- Check for working CXX compiler: /usr/bin/c++ - skipped
[0.413s] -- Detecting CXX compile features
[0.414s] -- Detecting CXX compile features - done
[0.419s] -- Found ament_cmake: 2.5.4 (/opt/ros/jazzy/share/ament_cmake/cmake)
[0.590s] -- Found Python3: /usr/bin/python3 (found version "3.12.3") found components: Interpreter 
[0.820s] -- Configuring done (0.8s)
[0.823s] -- Generating done (0.0s)
[0.825s] -- Build files have been written to: /media/roboserver/DATA/axbot_ws/build/axbot_navigation
[0.830s] Invoked command in '/media/roboserver/DATA/axbot_ws/build/axbot_navigation' returned '0': CMAKE_PREFIX_PATH=${CMAKE_PREFIX_PATH}:/media/roboserver/DATA/axbot_ws/install/pc2_listener:/media/roboserver/DATA/axbot_ws/install/axbot_examples:/media/roboserver/DATA/axbot_ws/install/axbot_driver:/media/roboserver/DATA/autox_ws/install/fielder_teleop:/media/roboserver/DATA/autox_ws/install/fielder_odometry:/media/roboserver/DATA/autox_ws/install/fielder_navigation:/opt/ros/jazzy DEBUGINFOD_URLS=https://debuginfod.ubuntu.com /usr/bin/cmake /media/roboserver/DATA/axbot_ws/src/axbot_navigation -DCMAKE_INSTALL_PREFIX=/media/roboserver/DATA/axbot_ws/install/axbot_navigation
[0.832s] Invoking command in '/media/roboserver/DATA/axbot_ws/build/axbot_navigation': CMAKE_PREFIX_PATH=${CMAKE_PREFIX_PATH}:/media/roboserver/DATA/axbot_ws/install/pc2_listener:/media/roboserver/DATA/axbot_ws/install/axbot_examples:/media/roboserver/DATA/axbot_ws/install/axbot_driver:/media/roboserver/DATA/autox_ws/install/fielder_teleop:/media/roboserver/DATA/autox_ws/install/fielder_odometry:/media/roboserver/DATA/autox_ws/install/fielder_navigation:/opt/ros/jazzy DEBUGINFOD_URLS=https://debuginfod.ubuntu.com /usr/bin/cmake --build /media/roboserver/DATA/axbot_ws/build/axbot_navigation -- -j8 -l8
[0.874s] Invoked command in '/media/roboserver/DATA/axbot_ws/build/axbot_navigation' returned '0': CMAKE_PREFIX_PATH=${CMAKE_PREFIX_PATH}:/media/roboserver/DATA/axbot_ws/install/pc2_listener:/media/roboserver/DATA/axbot_ws/install/axbot_examples:/media/roboserver/DATA/axbot_ws/install/axbot_driver:/media/roboserver/DATA/autox_ws/install/fielder_teleop:/media/roboserver/DATA/autox_ws/install/fielder_odometry:/media/roboserver/DATA/autox_ws/install/fielder_navigation:/opt/ros/jazzy DEBUGINFOD_URLS=https://debuginfod.ubuntu.com /usr/bin/cmake --build /media/roboserver/DATA/axbot_ws/build/axbot_navigation -- -j8 -l8
[0.885s] Invoking command in '/media/roboserver/DATA/axbot_ws/build/axbot_navigation': CMAKE_PREFIX_PATH=${CMAKE_PREFIX_PATH}:/media/roboserver/DATA/axbot_ws/install/pc2_listener:/media/roboserver/DATA/axbot_ws/install/axbot_examples:/media/roboserver/DATA/axbot_ws/install/axbot_driver:/media/roboserver/DATA/autox_ws/install/fielder_teleop:/media/roboserver/DATA/autox_ws/install/fielder_odometry:/media/roboserver/DATA/autox_ws/install/fielder_navigation:/opt/ros/jazzy DEBUGINFOD_URLS=https://debuginfod.ubuntu.com /usr/bin/cmake --install /media/roboserver/DATA/axbot_ws/build/axbot_navigation
[0.894s] -- Install configuration: ""
[0.895s] -- Installing: /media/roboserver/DATA/axbot_ws/install/axbot_navigation/share/axbot_navigation/config
[0.895s] -- Installing: /media/roboserver/DATA/axbot_ws/install/axbot_navigation/share/axbot_navigation/config/nav2_params.yaml
[0.895s] -- Installing: /media/roboserver/DATA/axbot_ws/install/axbot_navigation/share/axbot_navigation/config/slam_toolbox.yaml
[0.895s] -- Installing: /media/roboserver/DATA/axbot_ws/install/axbot_navigation/share/axbot_navigation/launch
[0.895s] -- Installing: /media/roboserver/DATA/axbot_ws/install/axbot_navigation/share/axbot_navigation/launch/navigation.launch.py
[0.895s] -- Installing: /media/roboserver/DATA/axbot_ws/install/axbot_navigation/share/axbot_navigation/launch/slam.launch.py
[0.896s] -- Installing: /media/roboserver/DATA/axbot_ws/install/axbot_navigation/share/axbot_navigation/launch/slam_activated.launch.py
[0.896s] -- Installing: /media/roboserver/DATA/axbot_ws/install/axbot_navigation/share/axbot_navigation/launch/slam_navigation.launch.py
[0.896s] -- Installing: /media/roboserver/DATA/axbot_ws/install/axbot_navigation/share/axbot_navigation/maps
[0.896s] -- Installing: /media/roboserver/DATA/axbot_ws/install/axbot_navigation/share/ament_index/resource_index/package_run_dependencies/axbot_navigation
[0.896s] -- Installing: /media/roboserver/DATA/axbot_ws/install/axbot_navigation/share/ament_index/resource_index/parent_prefix_path/axbot_navigation
[0.896s] -- Installing: /media/roboserver/DATA/axbot_ws/install/axbot_navigation/share/axbot_navigation/environment/ament_prefix_path.sh
[0.897s] -- Installing: /media/roboserver/DATA/axbot_ws/install/axbot_navigation/share/axbot_navigation/environment/ament_prefix_path.dsv
[0.897s] -- Installing: /media/roboserver/DATA/axbot_ws/install/axbot_navigation/share/axbot_navigation/environment/path.sh
[0.897s] -- Installing: /media/roboserver/DATA/axbot_ws/install/axbot_navigation/share/axbot_navigation/environment/path.dsv
[0.897s] -- Installing: /media/roboserver/DATA/axbot_ws/install/axbot_navigation/share/axbot_navigation/local_setup.bash
[0.897s] -- Installing: /media/roboserver/DATA/axbot_ws/install/axbot_navigation/share/axbot_navigation/local_setup.sh
[0.898s] -- Installing: /media/roboserver/DATA/axbot_ws/install/axbot_navigation/share/axbot_navigation/local_setup.zsh
[0.898s] -- Installing: /media/roboserver/DATA/axbot_ws/install/axbot_navigation/share/axbot_navigation/local_setup.dsv
[0.898s] -- Installing: /media/roboserver/DATA/axbot_ws/install/axbot_navigation/share/axbot_navigation/package.dsv
[0.898s] -- Installing: /media/roboserver/DATA/axbot_ws/install/axbot_navigation/share/ament_index/resource_index/packages/axbot_navigation
[0.898s] -- Installing: /media/roboserver/DATA/axbot_ws/install/axbot_navigation/share/axbot_navigation/cmake/axbot_navigationConfig.cmake
[0.898s] -- Installing: /media/roboserver/DATA/axbot_ws/install/axbot_navigation/share/axbot_navigation/cmake/axbot_navigationConfig-version.cmake
[0.899s] -- Installing: /media/roboserver/DATA/axbot_ws/install/axbot_navigation/share/axbot_navigation/package.xml
[0.902s] Invoked command in '/media/roboserver/DATA/axbot_ws/build/axbot_navigation' returned '0': CMAKE_PREFIX_PATH=${CMAKE_PREFIX_PATH}:/media/roboserver/DATA/axbot_ws/install/pc2_listener:/media/roboserver/DATA/axbot_ws/install/axbot_examples:/media/roboserver/DATA/axbot_ws/install/axbot_driver:/media/roboserver/DATA/autox_ws/install/fielder_teleop:/media/roboserver/DATA/autox_ws/install/fielder_odometry:/media/roboserver/DATA/autox_ws/install/fielder_navigation:/opt/ros/jazzy DEBUGINFOD_URLS=https://debuginfod.ubuntu.com /usr/bin/cmake --install /media/roboserver/DATA/axbot_ws/build/axbot_navigation
