running develop
Removing /media/roboserver/DATA/axbot_ws/install/axbot_driver/lib/python3.12/site-packages/axbot-driver.egg-link (link to .)
running egg_info
writing ../../build/axbot_driver/axbot_driver.egg-info/PKG-INFO
writing dependency_links to ../../build/axbot_driver/axbot_driver.egg-info/dependency_links.txt
writing entry points to ../../build/axbot_driver/axbot_driver.egg-info/entry_points.txt
writing requirements to ../../build/axbot_driver/axbot_driver.egg-info/requires.txt
writing top-level names to ../../build/axbot_driver/axbot_driver.egg-info/top_level.txt
reading manifest file '../../build/axbot_driver/axbot_driver.egg-info/SOURCES.txt'
writing manifest file '../../build/axbot_driver/axbot_driver.egg-info/SOURCES.txt'
running build
running build_py
creating /media/roboserver/DATA/axbot_ws/build/axbot_driver/build
creating /media/roboserver/DATA/axbot_ws/build/axbot_driver/build/lib
creating /media/roboserver/DATA/axbot_ws/build/axbot_driver/build/lib/axbot_driver
copying axbot_driver/axbot_node.py -> /media/roboserver/DATA/axbot_ws/build/axbot_driver/build/lib/axbot_driver
copying axbot_driver/pointcloud_to_scan.py -> /media/roboserver/DATA/axbot_ws/build/axbot_driver/build/lib/axbot_driver
copying axbot_driver/rest_client.py -> /media/roboserver/DATA/axbot_ws/build/axbot_driver/build/lib/axbot_driver
copying axbot_driver/scan_bridge.py -> /media/roboserver/DATA/axbot_ws/build/axbot_driver/build/lib/axbot_driver
copying axbot_driver/websocket_client.py -> /media/roboserver/DATA/axbot_ws/build/axbot_driver/build/lib/axbot_driver
copying axbot_driver/__init__.py -> /media/roboserver/DATA/axbot_ws/build/axbot_driver/build/lib/axbot_driver
running install
running install_lib
creating /media/roboserver/DATA/axbot_ws/install/axbot_driver/lib/python3.12/site-packages/axbot_driver
copying /media/roboserver/DATA/axbot_ws/build/axbot_driver/build/lib/axbot_driver/axbot_node.py -> /media/roboserver/DATA/axbot_ws/install/axbot_driver/lib/python3.12/site-packages/axbot_driver
copying /media/roboserver/DATA/axbot_ws/build/axbot_driver/build/lib/axbot_driver/pointcloud_to_scan.py -> /media/roboserver/DATA/axbot_ws/install/axbot_driver/lib/python3.12/site-packages/axbot_driver
copying /media/roboserver/DATA/axbot_ws/build/axbot_driver/build/lib/axbot_driver/rest_client.py -> /media/roboserver/DATA/axbot_ws/install/axbot_driver/lib/python3.12/site-packages/axbot_driver
copying /media/roboserver/DATA/axbot_ws/build/axbot_driver/build/lib/axbot_driver/scan_bridge.py -> /media/roboserver/DATA/axbot_ws/install/axbot_driver/lib/python3.12/site-packages/axbot_driver
copying /media/roboserver/DATA/axbot_ws/build/axbot_driver/build/lib/axbot_driver/websocket_client.py -> /media/roboserver/DATA/axbot_ws/install/axbot_driver/lib/python3.12/site-packages/axbot_driver
copying /media/roboserver/DATA/axbot_ws/build/axbot_driver/build/lib/axbot_driver/__init__.py -> /media/roboserver/DATA/axbot_ws/install/axbot_driver/lib/python3.12/site-packages/axbot_driver
byte-compiling /media/roboserver/DATA/axbot_ws/install/axbot_driver/lib/python3.12/site-packages/axbot_driver/axbot_node.py to axbot_node.cpython-312.pyc
byte-compiling /media/roboserver/DATA/axbot_ws/install/axbot_driver/lib/python3.12/site-packages/axbot_driver/pointcloud_to_scan.py to pointcloud_to_scan.cpython-312.pyc
byte-compiling /media/roboserver/DATA/axbot_ws/install/axbot_driver/lib/python3.12/site-packages/axbot_driver/rest_client.py to rest_client.cpython-312.pyc
byte-compiling /media/roboserver/DATA/axbot_ws/install/axbot_driver/lib/python3.12/site-packages/axbot_driver/scan_bridge.py to scan_bridge.cpython-312.pyc
byte-compiling /media/roboserver/DATA/axbot_ws/install/axbot_driver/lib/python3.12/site-packages/axbot_driver/websocket_client.py to websocket_client.cpython-312.pyc
byte-compiling /media/roboserver/DATA/axbot_ws/install/axbot_driver/lib/python3.12/site-packages/axbot_driver/__init__.py to __init__.cpython-312.pyc
running install_data
copying resource/axbot_driver -> /media/roboserver/DATA/axbot_ws/install/axbot_driver/share/ament_index/resource_index/packages
copying package.xml -> /media/roboserver/DATA/axbot_ws/install/axbot_driver/share/axbot_driver
copying launch/axbot_driver.launch.py -> /media/roboserver/DATA/axbot_ws/install/axbot_driver/share/axbot_driver/launch
copying launch/bringup.launch.py -> /media/roboserver/DATA/axbot_ws/install/axbot_driver/share/axbot_driver/launch
copying launch/bringup_complete.launch.py -> /media/roboserver/DATA/axbot_ws/install/axbot_driver/share/axbot_driver/launch
copying launch/complete_bringup.launch.py -> /media/roboserver/DATA/axbot_ws/install/axbot_driver/share/axbot_driver/launch
copying launch/rviz.launch.py -> /media/roboserver/DATA/axbot_ws/install/axbot_driver/share/axbot_driver/launch
copying launch/slam_bringup.launch.py -> /media/roboserver/DATA/axbot_ws/install/axbot_driver/share/axbot_driver/launch
copying config/axbot_params.yaml -> /media/roboserver/DATA/axbot_ws/install/axbot_driver/share/axbot_driver/config
copying rviz/slam_view.rviz -> /media/roboserver/DATA/axbot_ws/install/axbot_driver/share/axbot_driver/rviz
copying rviz/slam_view.rviz -> /media/roboserver/DATA/axbot_ws/install/axbot_driver/share/axbot_driver/rviz
running install_egg_info
Copying ../../build/axbot_driver/axbot_driver.egg-info to /media/roboserver/DATA/axbot_ws/install/axbot_driver/lib/python3.12/site-packages/axbot_driver-1.0.0-py3.12.egg-info
running install_scripts
Installing axbot_node script to /media/roboserver/DATA/axbot_ws/install/axbot_driver/lib/axbot_driver
Installing scan_bridge script to /media/roboserver/DATA/axbot_ws/install/axbot_driver/lib/axbot_driver
writing list of installed files to '/media/roboserver/DATA/axbot_ws/build/axbot_driver/install.log'
