[1.182s] Invoking command in '/media/roboserver/DATA/axbot_ws/build/axbot_driver': CMAKE_PREFIX_PATH=/media/roboserver/DATA/axbot_ws/install/axbot_interfaces:/media/roboserver/DATA/axbot_ws/install/axbot_navigation:/media/roboserver/DATA/axbot_ws/install/axbot_description:/opt/ros/jazzy/opt/gz_sim_vendor:/opt/ros/jazzy/opt/gz_sensors_vendor:/opt/ros/jazzy/opt/gz_physics_vendor:/opt/ros/jazzy/opt/sdformat_vendor:/opt/ros/jazzy/opt/gz_gui_vendor:/opt/ros/jazzy/opt/gz_transport_vendor:/opt/ros/jazzy/opt/gz_rendering_vendor:/opt/ros/jazzy/opt/gz_plugin_vendor:/opt/ros/jazzy/opt/gz_fuel_tools_vendor:/opt/ros/jazzy/opt/gz_msgs_vendor:/opt/ros/jazzy/opt/gz_common_vendor:/opt/ros/jazzy/opt/gz_math_vendor:/opt/ros/jazzy/opt/gz_utils_vendor:/opt/ros/jazzy/opt/gz_tools_vendor:/opt/ros/jazzy/opt/gz_ogre_next_vendor:/opt/ros/jazzy/opt/gz_dartsim_vendor:/opt/ros/jazzy/opt/gz_cmake_vendor DEBUGINFOD_URLS=https://debuginfod.ubuntu.com PYTHONPATH=/media/roboserver/DATA/axbot_ws/build/axbot_driver/prefix_override:/usr/lib/python3/dist-packages/colcon_core/task/python/colcon_distutils_commands:/media/roboserver/DATA/axbot_ws/install/axbot_driver/lib/python3.12/site-packages:/media/roboserver/DATA/axbot_ws/install/axbot_interfaces/lib/python3.12/site-packages:/media/roboserver/DATA/axbot_ws/build/pc2_listener:/media/roboserver/DATA/axbot_ws/install/pc2_listener/lib/python3.12/site-packages:/media/roboserver/DATA/axbot_ws/build/axbot_examples:/media/roboserver/DATA/axbot_ws/install/axbot_examples/lib/python3.12/site-packages:/media/roboserver/DATA/axbot_ws/build/axbot_driver:/media/roboserver/DATA/axbot_ws/install/axbot_driver/lib/python3.12/site-packages:/media/roboserver/DATA/autox_ws/build/fielder_teleop:/media/roboserver/DATA/autox_ws/install/fielder_teleop/lib/python3.12/site-packages:/media/roboserver/DATA/autox_ws/build/fielder_odometry:/media/roboserver/DATA/autox_ws/install/fielder_odometry/lib/python3.12/site-packages:/media/roboserver/DATA/autox_ws/build/fielder_navigation:/media/roboserver/DATA/autox_ws/install/fielder_navigation/lib/python3.12/site-packages:/opt/ros/jazzy/lib/python3.12/site-packages /usr/bin/python3 -W ignore:setup.py install is deprecated -W ignore:easy_install command is deprecated setup.py develop --uninstall --editable --build-directory /media/roboserver/DATA/axbot_ws/build/axbot_driver/build
[1.528s] running develop
[1.781s] Removing /media/roboserver/DATA/axbot_ws/install/axbot_driver/lib/python3.12/site-packages/axbot-driver.egg-link (link to .)
[1.820s] Invoked command in '/media/roboserver/DATA/axbot_ws/build/axbot_driver' returned '0': CMAKE_PREFIX_PATH=/media/roboserver/DATA/axbot_ws/install/axbot_interfaces:/media/roboserver/DATA/axbot_ws/install/axbot_navigation:/media/roboserver/DATA/axbot_ws/install/axbot_description:/opt/ros/jazzy/opt/gz_sim_vendor:/opt/ros/jazzy/opt/gz_sensors_vendor:/opt/ros/jazzy/opt/gz_physics_vendor:/opt/ros/jazzy/opt/sdformat_vendor:/opt/ros/jazzy/opt/gz_gui_vendor:/opt/ros/jazzy/opt/gz_transport_vendor:/opt/ros/jazzy/opt/gz_rendering_vendor:/opt/ros/jazzy/opt/gz_plugin_vendor:/opt/ros/jazzy/opt/gz_fuel_tools_vendor:/opt/ros/jazzy/opt/gz_msgs_vendor:/opt/ros/jazzy/opt/gz_common_vendor:/opt/ros/jazzy/opt/gz_math_vendor:/opt/ros/jazzy/opt/gz_utils_vendor:/opt/ros/jazzy/opt/gz_tools_vendor:/opt/ros/jazzy/opt/gz_ogre_next_vendor:/opt/ros/jazzy/opt/gz_dartsim_vendor:/opt/ros/jazzy/opt/gz_cmake_vendor DEBUGINFOD_URLS=https://debuginfod.ubuntu.com PYTHONPATH=/media/roboserver/DATA/axbot_ws/build/axbot_driver/prefix_override:/usr/lib/python3/dist-packages/colcon_core/task/python/colcon_distutils_commands:/media/roboserver/DATA/axbot_ws/install/axbot_driver/lib/python3.12/site-packages:/media/roboserver/DATA/axbot_ws/install/axbot_interfaces/lib/python3.12/site-packages:/media/roboserver/DATA/axbot_ws/build/pc2_listener:/media/roboserver/DATA/axbot_ws/install/pc2_listener/lib/python3.12/site-packages:/media/roboserver/DATA/axbot_ws/build/axbot_examples:/media/roboserver/DATA/axbot_ws/install/axbot_examples/lib/python3.12/site-packages:/media/roboserver/DATA/axbot_ws/build/axbot_driver:/media/roboserver/DATA/axbot_ws/install/axbot_driver/lib/python3.12/site-packages:/media/roboserver/DATA/autox_ws/build/fielder_teleop:/media/roboserver/DATA/autox_ws/install/fielder_teleop/lib/python3.12/site-packages:/media/roboserver/DATA/autox_ws/build/fielder_odometry:/media/roboserver/DATA/autox_ws/install/fielder_odometry/lib/python3.12/site-packages:/media/roboserver/DATA/autox_ws/build/fielder_navigation:/media/roboserver/DATA/autox_ws/install/fielder_navigation/lib/python3.12/site-packages:/opt/ros/jazzy/lib/python3.12/site-packages /usr/bin/python3 -W ignore:setup.py install is deprecated -W ignore:easy_install command is deprecated setup.py develop --uninstall --editable --build-directory /media/roboserver/DATA/axbot_ws/build/axbot_driver/build
[1.822s] Invoking command in '/media/roboserver/DATA/axbot_ws/src/axbot_driver': CMAKE_PREFIX_PATH=/media/roboserver/DATA/axbot_ws/install/axbot_interfaces:/media/roboserver/DATA/axbot_ws/install/axbot_navigation:/media/roboserver/DATA/axbot_ws/install/axbot_description:/opt/ros/jazzy/opt/gz_sim_vendor:/opt/ros/jazzy/opt/gz_sensors_vendor:/opt/ros/jazzy/opt/gz_physics_vendor:/opt/ros/jazzy/opt/sdformat_vendor:/opt/ros/jazzy/opt/gz_gui_vendor:/opt/ros/jazzy/opt/gz_transport_vendor:/opt/ros/jazzy/opt/gz_rendering_vendor:/opt/ros/jazzy/opt/gz_plugin_vendor:/opt/ros/jazzy/opt/gz_fuel_tools_vendor:/opt/ros/jazzy/opt/gz_msgs_vendor:/opt/ros/jazzy/opt/gz_common_vendor:/opt/ros/jazzy/opt/gz_math_vendor:/opt/ros/jazzy/opt/gz_utils_vendor:/opt/ros/jazzy/opt/gz_tools_vendor:/opt/ros/jazzy/opt/gz_ogre_next_vendor:/opt/ros/jazzy/opt/gz_dartsim_vendor:/opt/ros/jazzy/opt/gz_cmake_vendor DEBUGINFOD_URLS=https://debuginfod.ubuntu.com PYTHONPATH=/media/roboserver/DATA/axbot_ws/build/axbot_driver/prefix_override:/usr/lib/python3/dist-packages/colcon_core/task/python/colcon_distutils_commands:/media/roboserver/DATA/axbot_ws/install/axbot_driver/lib/python3.12/site-packages:/media/roboserver/DATA/axbot_ws/install/axbot_interfaces/lib/python3.12/site-packages:/media/roboserver/DATA/axbot_ws/build/pc2_listener:/media/roboserver/DATA/axbot_ws/install/pc2_listener/lib/python3.12/site-packages:/media/roboserver/DATA/axbot_ws/build/axbot_examples:/media/roboserver/DATA/axbot_ws/install/axbot_examples/lib/python3.12/site-packages:/media/roboserver/DATA/axbot_ws/build/axbot_driver:/media/roboserver/DATA/axbot_ws/install/axbot_driver/lib/python3.12/site-packages:/media/roboserver/DATA/autox_ws/build/fielder_teleop:/media/roboserver/DATA/autox_ws/install/fielder_teleop/lib/python3.12/site-packages:/media/roboserver/DATA/autox_ws/build/fielder_odometry:/media/roboserver/DATA/autox_ws/install/fielder_odometry/lib/python3.12/site-packages:/media/roboserver/DATA/autox_ws/build/fielder_navigation:/media/roboserver/DATA/autox_ws/install/fielder_navigation/lib/python3.12/site-packages:/opt/ros/jazzy/lib/python3.12/site-packages /usr/bin/python3 -W ignore:setup.py install is deprecated -W ignore:easy_install command is deprecated setup.py egg_info --egg-base ../../build/axbot_driver build --build-base /media/roboserver/DATA/axbot_ws/build/axbot_driver/build install --record /media/roboserver/DATA/axbot_ws/build/axbot_driver/install.log --single-version-externally-managed install_data --force
[2.122s] running egg_info
[2.147s] writing ../../build/axbot_driver/axbot_driver.egg-info/PKG-INFO
[2.147s] writing dependency_links to ../../build/axbot_driver/axbot_driver.egg-info/dependency_links.txt
[2.147s] writing entry points to ../../build/axbot_driver/axbot_driver.egg-info/entry_points.txt
[2.148s] writing requirements to ../../build/axbot_driver/axbot_driver.egg-info/requires.txt
[2.148s] writing top-level names to ../../build/axbot_driver/axbot_driver.egg-info/top_level.txt
[2.196s] reading manifest file '../../build/axbot_driver/axbot_driver.egg-info/SOURCES.txt'
[2.197s] writing manifest file '../../build/axbot_driver/axbot_driver.egg-info/SOURCES.txt'
[2.197s] running build
[2.197s] running build_py
[2.197s] creating /media/roboserver/DATA/axbot_ws/build/axbot_driver/build
[2.198s] creating /media/roboserver/DATA/axbot_ws/build/axbot_driver/build/lib
[2.198s] creating /media/roboserver/DATA/axbot_ws/build/axbot_driver/build/lib/axbot_driver
[2.198s] copying axbot_driver/axbot_node.py -> /media/roboserver/DATA/axbot_ws/build/axbot_driver/build/lib/axbot_driver
[2.198s] copying axbot_driver/pointcloud_to_scan.py -> /media/roboserver/DATA/axbot_ws/build/axbot_driver/build/lib/axbot_driver
[2.198s] copying axbot_driver/rest_client.py -> /media/roboserver/DATA/axbot_ws/build/axbot_driver/build/lib/axbot_driver
[2.198s] copying axbot_driver/scan_bridge.py -> /media/roboserver/DATA/axbot_ws/build/axbot_driver/build/lib/axbot_driver
[2.198s] copying axbot_driver/websocket_client.py -> /media/roboserver/DATA/axbot_ws/build/axbot_driver/build/lib/axbot_driver
[2.199s] copying axbot_driver/__init__.py -> /media/roboserver/DATA/axbot_ws/build/axbot_driver/build/lib/axbot_driver
[2.199s] running install
[2.204s] running install_lib
[2.229s] creating /media/roboserver/DATA/axbot_ws/install/axbot_driver/lib/python3.12/site-packages/axbot_driver
[2.229s] copying /media/roboserver/DATA/axbot_ws/build/axbot_driver/build/lib/axbot_driver/axbot_node.py -> /media/roboserver/DATA/axbot_ws/install/axbot_driver/lib/python3.12/site-packages/axbot_driver
[2.229s] copying /media/roboserver/DATA/axbot_ws/build/axbot_driver/build/lib/axbot_driver/pointcloud_to_scan.py -> /media/roboserver/DATA/axbot_ws/install/axbot_driver/lib/python3.12/site-packages/axbot_driver
[2.230s] copying /media/roboserver/DATA/axbot_ws/build/axbot_driver/build/lib/axbot_driver/rest_client.py -> /media/roboserver/DATA/axbot_ws/install/axbot_driver/lib/python3.12/site-packages/axbot_driver
[2.230s] copying /media/roboserver/DATA/axbot_ws/build/axbot_driver/build/lib/axbot_driver/scan_bridge.py -> /media/roboserver/DATA/axbot_ws/install/axbot_driver/lib/python3.12/site-packages/axbot_driver
[2.230s] copying /media/roboserver/DATA/axbot_ws/build/axbot_driver/build/lib/axbot_driver/websocket_client.py -> /media/roboserver/DATA/axbot_ws/install/axbot_driver/lib/python3.12/site-packages/axbot_driver
[2.230s] copying /media/roboserver/DATA/axbot_ws/build/axbot_driver/build/lib/axbot_driver/__init__.py -> /media/roboserver/DATA/axbot_ws/install/axbot_driver/lib/python3.12/site-packages/axbot_driver
[2.230s] byte-compiling /media/roboserver/DATA/axbot_ws/install/axbot_driver/lib/python3.12/site-packages/axbot_driver/axbot_node.py to axbot_node.cpython-312.pyc
[2.233s] byte-compiling /media/roboserver/DATA/axbot_ws/install/axbot_driver/lib/python3.12/site-packages/axbot_driver/pointcloud_to_scan.py to pointcloud_to_scan.cpython-312.pyc
[2.234s] byte-compiling /media/roboserver/DATA/axbot_ws/install/axbot_driver/lib/python3.12/site-packages/axbot_driver/rest_client.py to rest_client.cpython-312.pyc
[2.235s] byte-compiling /media/roboserver/DATA/axbot_ws/install/axbot_driver/lib/python3.12/site-packages/axbot_driver/scan_bridge.py to scan_bridge.cpython-312.pyc
[2.235s] byte-compiling /media/roboserver/DATA/axbot_ws/install/axbot_driver/lib/python3.12/site-packages/axbot_driver/websocket_client.py to websocket_client.cpython-312.pyc
[2.236s] byte-compiling /media/roboserver/DATA/axbot_ws/install/axbot_driver/lib/python3.12/site-packages/axbot_driver/__init__.py to __init__.cpython-312.pyc
[2.236s] running install_data
[2.237s] copying resource/axbot_driver -> /media/roboserver/DATA/axbot_ws/install/axbot_driver/share/ament_index/resource_index/packages
[2.237s] copying package.xml -> /media/roboserver/DATA/axbot_ws/install/axbot_driver/share/axbot_driver
[2.237s] copying launch/axbot_driver.launch.py -> /media/roboserver/DATA/axbot_ws/install/axbot_driver/share/axbot_driver/launch
[2.237s] copying launch/bringup.launch.py -> /media/roboserver/DATA/axbot_ws/install/axbot_driver/share/axbot_driver/launch
[2.237s] copying launch/bringup_complete.launch.py -> /media/roboserver/DATA/axbot_ws/install/axbot_driver/share/axbot_driver/launch
[2.237s] copying launch/complete_bringup.launch.py -> /media/roboserver/DATA/axbot_ws/install/axbot_driver/share/axbot_driver/launch
[2.238s] copying launch/rviz.launch.py -> /media/roboserver/DATA/axbot_ws/install/axbot_driver/share/axbot_driver/launch
[2.238s] copying launch/slam_bringup.launch.py -> /media/roboserver/DATA/axbot_ws/install/axbot_driver/share/axbot_driver/launch
[2.238s] copying config/axbot_params.yaml -> /media/roboserver/DATA/axbot_ws/install/axbot_driver/share/axbot_driver/config
[2.238s] copying rviz/slam_view.rviz -> /media/roboserver/DATA/axbot_ws/install/axbot_driver/share/axbot_driver/rviz
[2.238s] copying rviz/slam_view.rviz -> /media/roboserver/DATA/axbot_ws/install/axbot_driver/share/axbot_driver/rviz
[2.238s] running install_egg_info
[2.264s] Copying ../../build/axbot_driver/axbot_driver.egg-info to /media/roboserver/DATA/axbot_ws/install/axbot_driver/lib/python3.12/site-packages/axbot_driver-1.0.0-py3.12.egg-info
[2.265s] running install_scripts
[2.423s] Installing axbot_node script to /media/roboserver/DATA/axbot_ws/install/axbot_driver/lib/axbot_driver
[2.423s] Installing scan_bridge script to /media/roboserver/DATA/axbot_ws/install/axbot_driver/lib/axbot_driver
[2.423s] writing list of installed files to '/media/roboserver/DATA/axbot_ws/build/axbot_driver/install.log'
[2.457s] Invoked command in '/media/roboserver/DATA/axbot_ws/src/axbot_driver' returned '0': CMAKE_PREFIX_PATH=/media/roboserver/DATA/axbot_ws/install/axbot_interfaces:/media/roboserver/DATA/axbot_ws/install/axbot_navigation:/media/roboserver/DATA/axbot_ws/install/axbot_description:/opt/ros/jazzy/opt/gz_sim_vendor:/opt/ros/jazzy/opt/gz_sensors_vendor:/opt/ros/jazzy/opt/gz_physics_vendor:/opt/ros/jazzy/opt/sdformat_vendor:/opt/ros/jazzy/opt/gz_gui_vendor:/opt/ros/jazzy/opt/gz_transport_vendor:/opt/ros/jazzy/opt/gz_rendering_vendor:/opt/ros/jazzy/opt/gz_plugin_vendor:/opt/ros/jazzy/opt/gz_fuel_tools_vendor:/opt/ros/jazzy/opt/gz_msgs_vendor:/opt/ros/jazzy/opt/gz_common_vendor:/opt/ros/jazzy/opt/gz_math_vendor:/opt/ros/jazzy/opt/gz_utils_vendor:/opt/ros/jazzy/opt/gz_tools_vendor:/opt/ros/jazzy/opt/gz_ogre_next_vendor:/opt/ros/jazzy/opt/gz_dartsim_vendor:/opt/ros/jazzy/opt/gz_cmake_vendor DEBUGINFOD_URLS=https://debuginfod.ubuntu.com PYTHONPATH=/media/roboserver/DATA/axbot_ws/build/axbot_driver/prefix_override:/usr/lib/python3/dist-packages/colcon_core/task/python/colcon_distutils_commands:/media/roboserver/DATA/axbot_ws/install/axbot_driver/lib/python3.12/site-packages:/media/roboserver/DATA/axbot_ws/install/axbot_interfaces/lib/python3.12/site-packages:/media/roboserver/DATA/axbot_ws/build/pc2_listener:/media/roboserver/DATA/axbot_ws/install/pc2_listener/lib/python3.12/site-packages:/media/roboserver/DATA/axbot_ws/build/axbot_examples:/media/roboserver/DATA/axbot_ws/install/axbot_examples/lib/python3.12/site-packages:/media/roboserver/DATA/axbot_ws/build/axbot_driver:/media/roboserver/DATA/axbot_ws/install/axbot_driver/lib/python3.12/site-packages:/media/roboserver/DATA/autox_ws/build/fielder_teleop:/media/roboserver/DATA/autox_ws/install/fielder_teleop/lib/python3.12/site-packages:/media/roboserver/DATA/autox_ws/build/fielder_odometry:/media/roboserver/DATA/autox_ws/install/fielder_odometry/lib/python3.12/site-packages:/media/roboserver/DATA/autox_ws/build/fielder_navigation:/media/roboserver/DATA/autox_ws/install/fielder_navigation/lib/python3.12/site-packages:/opt/ros/jazzy/lib/python3.12/site-packages /usr/bin/python3 -W ignore:setup.py install is deprecated -W ignore:easy_install command is deprecated setup.py egg_info --egg-base ../../build/axbot_driver build --build-base /media/roboserver/DATA/axbot_ws/build/axbot_driver/build install --record /media/roboserver/DATA/axbot_ws/build/axbot_driver/install.log --single-version-externally-managed install_data --force
