-- The C compiler identification is GNU 13.3.0
-- The CXX compiler identification is GNU 13.3.0
-- Detecting C compiler ABI info
-- Detecting C compiler ABI info - done
-- Check for working C compiler: /usr/bin/cc - skipped
-- Detecting C compile features
-- Detecting C compile features - done
-- Detecting CXX compiler ABI info
-- Detecting CXX compiler ABI info - done
-- Check for working CXX compiler: /usr/bin/c++ - skipped
-- Detecting CXX compile features
-- Detecting CXX compile features - done
-- Found ament_cmake: 2.5.4 (/opt/ros/jazzy/share/ament_cmake/cmake)
-- Found Python3: /usr/bin/python3 (found version "3.12.3") found components: Interpreter 
-- Override CMake install command with custom implementation using symlinks instead of copying resources
-- Found std_msgs: 5.3.6 (/opt/ros/jazzy/share/std_msgs/cmake)
-- Found rosidl_generator_c: 4.6.6 (/opt/ros/jazzy/share/rosidl_generator_c/cmake)
-- Found rosidl_generator_cpp: 4.6.6 (/opt/ros/jazzy/share/rosidl_generator_cpp/cmake)
-- Using all available rosidl_typesupport_c: rosidl_typesupport_fastrtps_c;rosidl_typesupport_introspection_c
-- Using all available rosidl_typesupport_cpp: rosidl_typesupport_fastrtps_cpp;rosidl_typesupport_introspection_cpp
-- Found geometry_msgs: 5.3.6 (/opt/ros/jazzy/share/geometry_msgs/cmake)
-- Found rosidl_default_generators: 1.6.0 (/opt/ros/jazzy/share/rosidl_default_generators/cmake)
-- Found rosidl_adapter: 4.6.6 (/opt/ros/jazzy/share/rosidl_adapter/cmake)
-- Found ament_cmake_ros: 0.12.0 (/opt/ros/jazzy/share/ament_cmake_ros/cmake)
-- Using all available rosidl_typesupport_c: rosidl_typesupport_fastrtps_c;rosidl_typesupport_introspection_c
-- Using all available rosidl_typesupport_cpp: rosidl_typesupport_fastrtps_cpp;rosidl_typesupport_introspection_cpp
-- Found python_cmake_module: 0.11.1 (/opt/ros/jazzy/share/python_cmake_module/cmake)
-- Found PythonExtra: /usr/bin/python3  
-- Found Python3: /usr/bin/python3 (found version "3.12.3") found components: Interpreter Development NumPy Development.Module Development.Embed 
-- Configuring done (3.5s)
-- Generating done (0.0s)
-- Build files have been written to: /media/roboserver/DATA/axbot_ws/build/axbot_interfaces
[  1%] [34m[1mGenerating type hashes for ROS interfaces[0m
[  1%] Built target ament_cmake_python_symlink_axbot_interfaces
running egg_info
creating axbot_interfaces.egg-info
writing axbot_interfaces.egg-info/PKG-INFO
writing dependency_links to axbot_interfaces.egg-info/dependency_links.txt
writing top-level names to axbot_interfaces.egg-info/top_level.txt
writing manifest file 'axbot_interfaces.egg-info/SOURCES.txt'
[  1%] Built target axbot_interfaces__rosidl_generator_type_description
[  1%] [34m[1mGenerating C code for ROS interfaces[0m
[  1%] [34m[1mGenerating C++ code for ROS interfaces[0m
reading manifest file 'axbot_interfaces.egg-info/SOURCES.txt'
writing manifest file 'axbot_interfaces.egg-info/SOURCES.txt'
[  1%] Built target ament_cmake_python_build_axbot_interfaces_egg
[  1%] Built target axbot_interfaces__cpp
[  1%] [32mBuilding C object CMakeFiles/axbot_interfaces__rosidl_generator_c.dir/rosidl_generator_c/axbot_interfaces/msg/detail/device_info__description.c.o[0m
[  1%] [32mBuilding C object CMakeFiles/axbot_interfaces__rosidl_generator_c.dir/rosidl_generator_c/axbot_interfaces/msg/detail/wheel_state__description.c.o[0m
[  1%] [32mBuilding C object CMakeFiles/axbot_interfaces__rosidl_generator_c.dir/rosidl_generator_c/axbot_interfaces/msg/detail/device_info__type_support.c.o[0m
[  1%] [32mBuilding C object CMakeFiles/axbot_interfaces__rosidl_generator_c.dir/rosidl_generator_c/axbot_interfaces/msg/detail/device_info__functions.c.o[0m
[  1%] [32mBuilding C object CMakeFiles/axbot_interfaces__rosidl_generator_c.dir/rosidl_generator_c/axbot_interfaces/msg/detail/slam_state__description.c.o[0m
[  1%] [32mBuilding C object CMakeFiles/axbot_interfaces__rosidl_generator_c.dir/rosidl_generator_c/axbot_interfaces/msg/detail/wheel_state__type_support.c.o[0m
[  1%] [32mBuilding C object CMakeFiles/axbot_interfaces__rosidl_generator_c.dir/rosidl_generator_c/axbot_interfaces/msg/detail/wheel_state__functions.c.o[0m
[  1%] [32mBuilding C object CMakeFiles/axbot_interfaces__rosidl_generator_c.dir/rosidl_generator_c/axbot_interfaces/msg/detail/slam_state__functions.c.o[0m
[  1%] [32mBuilding C object CMakeFiles/axbot_interfaces__rosidl_generator_c.dir/rosidl_generator_c/axbot_interfaces/msg/detail/slam_state__type_support.c.o[0m
[  1%] [32mBuilding C object CMakeFiles/axbot_interfaces__rosidl_generator_c.dir/rosidl_generator_c/axbot_interfaces/msg/detail/planning_state__description.c.o[0m
[  1%] [32mBuilding C object CMakeFiles/axbot_interfaces__rosidl_generator_c.dir/rosidl_generator_c/axbot_interfaces/msg/detail/planning_state__functions.c.o[0m
[  1%] [32mBuilding C object CMakeFiles/axbot_interfaces__rosidl_generator_c.dir/rosidl_generator_c/axbot_interfaces/msg/detail/robot_pose__description.c.o[0m
[  1%] [32mBuilding C object CMakeFiles/axbot_interfaces__rosidl_generator_c.dir/rosidl_generator_c/axbot_interfaces/msg/detail/planning_state__type_support.c.o[0m
[  1%] [32mBuilding C object CMakeFiles/axbot_interfaces__rosidl_generator_c.dir/rosidl_generator_c/axbot_interfaces/msg/detail/robot_pose__functions.c.o[0m
[  1%] [32mBuilding C object CMakeFiles/axbot_interfaces__rosidl_generator_c.dir/rosidl_generator_c/axbot_interfaces/msg/detail/robot_pose__type_support.c.o[0m
[  1%] [32mBuilding C object CMakeFiles/axbot_interfaces__rosidl_generator_c.dir/rosidl_generator_c/axbot_interfaces/srv/detail/set_control_mode__description.c.o[0m
[  1%] [32mBuilding C object CMakeFiles/axbot_interfaces__rosidl_generator_c.dir/rosidl_generator_c/axbot_interfaces/srv/detail/set_control_mode__functions.c.o[0m
[  1%] [32mBuilding C object CMakeFiles/axbot_interfaces__rosidl_generator_c.dir/rosidl_generator_c/axbot_interfaces/srv/detail/set_control_mode__type_support.c.o[0m
[  1%] [32mBuilding C object CMakeFiles/axbot_interfaces__rosidl_generator_c.dir/rosidl_generator_c/axbot_interfaces/srv/detail/set_emergency_stop__description.c.o[0m
[  1%] [32mBuilding C object CMakeFiles/axbot_interfaces__rosidl_generator_c.dir/rosidl_generator_c/axbot_interfaces/srv/detail/set_emergency_stop__functions.c.o[0m
[  1%] [32mBuilding C object CMakeFiles/axbot_interfaces__rosidl_generator_c.dir/rosidl_generator_c/axbot_interfaces/srv/detail/set_emergency_stop__type_support.c.o[0m
[  1%] [32mBuilding C object CMakeFiles/axbot_interfaces__rosidl_generator_c.dir/rosidl_generator_c/axbot_interfaces/srv/detail/get_device_info__description.c.o[0m
[  1%] [32mBuilding C object CMakeFiles/axbot_interfaces__rosidl_generator_c.dir/rosidl_generator_c/axbot_interfaces/srv/detail/get_device_info__functions.c.o[0m
[  1%] [32mBuilding C object CMakeFiles/axbot_interfaces__rosidl_generator_c.dir/rosidl_generator_c/axbot_interfaces/srv/detail/get_device_info__type_support.c.o[0m
[  1%] [32m[1mLinking C shared library libaxbot_interfaces__rosidl_generator_c.so[0m
[  1%] Built target axbot_interfaces__rosidl_generator_c
[  1%] [34m[1mGenerating C introspection for ROS interfaces[0m
[  1%] [34m[1mGenerating C++ introspection for ROS interfaces[0m
[  1%] [34m[1mGenerating C++ type support for eProsima Fast-RTPS[0m
[  1%] [34m[1mGenerating C type support dispatch for ROS interfaces[0m
[  1%] [34m[1mGenerating C++ type support dispatch for ROS interfaces[0m
[  1%] [34m[1mGenerating C type support for eProsima Fast-RTPS[0m
[  1%] [32mBuilding CXX object CMakeFiles/axbot_interfaces__rosidl_typesupport_cpp.dir/rosidl_typesupport_cpp/axbot_interfaces/msg/slam_state__type_support.cpp.o[0m
[  1%] [32mBuilding CXX object CMakeFiles/axbot_interfaces__rosidl_typesupport_cpp.dir/rosidl_typesupport_cpp/axbot_interfaces/msg/device_info__type_support.cpp.o[0m
[  1%] [32mBuilding CXX object CMakeFiles/axbot_interfaces__rosidl_typesupport_cpp.dir/rosidl_typesupport_cpp/axbot_interfaces/msg/wheel_state__type_support.cpp.o[0m
[  1%] [32mBuilding CXX object CMakeFiles/axbot_interfaces__rosidl_typesupport_c.dir/rosidl_typesupport_c/axbot_interfaces/msg/device_info__type_support.cpp.o[0m
[  1%] [32mBuilding C object CMakeFiles/axbot_interfaces__rosidl_typesupport_introspection_c.dir/rosidl_typesupport_introspection_c/axbot_interfaces/msg/detail/device_info__type_support.c.o[0m
[  1%] [32mBuilding CXX object CMakeFiles/axbot_interfaces__rosidl_typesupport_c.dir/rosidl_typesupport_c/axbot_interfaces/msg/wheel_state__type_support.cpp.o[0m
[  1%] [32mBuilding C object CMakeFiles/axbot_interfaces__rosidl_typesupport_introspection_c.dir/rosidl_typesupport_introspection_c/axbot_interfaces/msg/detail/wheel_state__type_support.c.o[0m
[  1%] [32mBuilding C object CMakeFiles/axbot_interfaces__rosidl_typesupport_introspection_c.dir/rosidl_typesupport_introspection_c/axbot_interfaces/msg/detail/slam_state__type_support.c.o[0m
[  1%] [32mBuilding C object CMakeFiles/axbot_interfaces__rosidl_typesupport_introspection_c.dir/rosidl_typesupport_introspection_c/axbot_interfaces/msg/detail/planning_state__type_support.c.o[0m
[  1%] [32mBuilding CXX object CMakeFiles/axbot_interfaces__rosidl_typesupport_c.dir/rosidl_typesupport_c/axbot_interfaces/msg/slam_state__type_support.cpp.o[0m
[  1%] [32mBuilding CXX object CMakeFiles/axbot_interfaces__rosidl_typesupport_cpp.dir/rosidl_typesupport_cpp/axbot_interfaces/msg/planning_state__type_support.cpp.o[0m
[  1%] [32mBuilding CXX object CMakeFiles/axbot_interfaces__rosidl_typesupport_c.dir/rosidl_typesupport_c/axbot_interfaces/msg/planning_state__type_support.cpp.o[0m
[  1%] [32mBuilding CXX object CMakeFiles/axbot_interfaces__rosidl_typesupport_c.dir/rosidl_typesupport_c/axbot_interfaces/msg/robot_pose__type_support.cpp.o[0m
[  1%] [32mBuilding C object CMakeFiles/axbot_interfaces__rosidl_typesupport_introspection_c.dir/rosidl_typesupport_introspection_c/axbot_interfaces/msg/detail/robot_pose__type_support.c.o[0m
[  1%] [32mBuilding CXX object CMakeFiles/axbot_interfaces__rosidl_typesupport_cpp.dir/rosidl_typesupport_cpp/axbot_interfaces/msg/robot_pose__type_support.cpp.o[0m
[  1%] [32mBuilding C object CMakeFiles/axbot_interfaces__rosidl_typesupport_introspection_c.dir/rosidl_typesupport_introspection_c/axbot_interfaces/srv/detail/set_control_mode__type_support.c.o[0m
[  1%] [32mBuilding C object CMakeFiles/axbot_interfaces__rosidl_typesupport_introspection_c.dir/rosidl_typesupport_introspection_c/axbot_interfaces/srv/detail/set_emergency_stop__type_support.c.o[0m
[  1%] [32mBuilding CXX object CMakeFiles/axbot_interfaces__rosidl_typesupport_c.dir/rosidl_typesupport_c/axbot_interfaces/srv/set_control_mode__type_support.cpp.o[0m
[  1%] [32mBuilding CXX object CMakeFiles/axbot_interfaces__rosidl_typesupport_introspection_cpp.dir/rosidl_typesupport_introspection_cpp/axbot_interfaces/msg/detail/device_info__type_support.cpp.o[0m
[  1%] [32mBuilding CXX object CMakeFiles/axbot_interfaces__rosidl_typesupport_cpp.dir/rosidl_typesupport_cpp/axbot_interfaces/srv/set_control_mode__type_support.cpp.o[0m
[  1%] [32mBuilding CXX object CMakeFiles/axbot_interfaces__rosidl_typesupport_c.dir/rosidl_typesupport_c/axbot_interfaces/srv/set_emergency_stop__type_support.cpp.o[0m
[  1%] [32mBuilding C object CMakeFiles/axbot_interfaces__rosidl_typesupport_introspection_c.dir/rosidl_typesupport_introspection_c/axbot_interfaces/srv/detail/get_device_info__type_support.c.o[0m
[  1%] [32mBuilding CXX object CMakeFiles/axbot_interfaces__rosidl_typesupport_c.dir/rosidl_typesupport_c/axbot_interfaces/srv/get_device_info__type_support.cpp.o[0m
[  1%] [32m[1mLinking C shared library libaxbot_interfaces__rosidl_typesupport_introspection_c.so[0m
[  1%] Built target axbot_interfaces__rosidl_typesupport_introspection_c
[  1%] [32m[1mLinking CXX shared library libaxbot_interfaces__rosidl_typesupport_c.so[0m
[  1%] [32mBuilding CXX object CMakeFiles/axbot_interfaces__rosidl_typesupport_cpp.dir/rosidl_typesupport_cpp/axbot_interfaces/srv/set_emergency_stop__type_support.cpp.o[0m
[  1%] Built target axbot_interfaces__rosidl_typesupport_c
[  1%] [32mBuilding CXX object CMakeFiles/axbot_interfaces__rosidl_typesupport_cpp.dir/rosidl_typesupport_cpp/axbot_interfaces/srv/get_device_info__type_support.cpp.o[0m
[  1%] [32mBuilding CXX object CMakeFiles/axbot_interfaces__rosidl_typesupport_introspection_cpp.dir/rosidl_typesupport_introspection_cpp/axbot_interfaces/msg/detail/wheel_state__type_support.cpp.o[0m
[  1%] [32mBuilding CXX object CMakeFiles/axbot_interfaces__rosidl_typesupport_fastrtps_cpp.dir/rosidl_typesupport_fastrtps_cpp/axbot_interfaces/msg/detail/dds_fastrtps/device_info__type_support.cpp.o[0m
[  1%] [32mBuilding CXX object CMakeFiles/axbot_interfaces__rosidl_typesupport_fastrtps_c.dir/rosidl_typesupport_fastrtps_c/axbot_interfaces/msg/detail/device_info__type_support_c.cpp.o[0m
[  1%] [32mBuilding CXX object CMakeFiles/axbot_interfaces__rosidl_typesupport_introspection_cpp.dir/rosidl_typesupport_introspection_cpp/axbot_interfaces/msg/detail/slam_state__type_support.cpp.o[0m
[  1%] [32mBuilding CXX object CMakeFiles/axbot_interfaces__rosidl_typesupport_introspection_cpp.dir/rosidl_typesupport_introspection_cpp/axbot_interfaces/msg/detail/planning_state__type_support.cpp.o[0m
[  1%] [32mBuilding CXX object CMakeFiles/axbot_interfaces__rosidl_typesupport_fastrtps_cpp.dir/rosidl_typesupport_fastrtps_cpp/axbot_interfaces/msg/detail/dds_fastrtps/wheel_state__type_support.cpp.o[0m
[  1%] [32mBuilding CXX object CMakeFiles/axbot_interfaces__rosidl_typesupport_fastrtps_c.dir/rosidl_typesupport_fastrtps_c/axbot_interfaces/msg/detail/wheel_state__type_support_c.cpp.o[0m
[  1%] [32mBuilding CXX object CMakeFiles/axbot_interfaces__rosidl_typesupport_introspection_cpp.dir/rosidl_typesupport_introspection_cpp/axbot_interfaces/msg/detail/robot_pose__type_support.cpp.o[0m
[  1%] [32m[1mLinking CXX shared library libaxbot_interfaces__rosidl_typesupport_cpp.so[0m
[  1%] [32mBuilding CXX object CMakeFiles/axbot_interfaces__rosidl_typesupport_fastrtps_cpp.dir/rosidl_typesupport_fastrtps_cpp/axbot_interfaces/msg/detail/dds_fastrtps/slam_state__type_support.cpp.o[0m
[  1%] Built target axbot_interfaces__rosidl_typesupport_cpp
[  1%] [32mBuilding CXX object CMakeFiles/axbot_interfaces__rosidl_typesupport_fastrtps_cpp.dir/rosidl_typesupport_fastrtps_cpp/axbot_interfaces/msg/detail/dds_fastrtps/planning_state__type_support.cpp.o[0m
[  1%] [32mBuilding CXX object CMakeFiles/axbot_interfaces__rosidl_typesupport_fastrtps_c.dir/rosidl_typesupport_fastrtps_c/axbot_interfaces/msg/detail/slam_state__type_support_c.cpp.o[0m
[  1%] [32mBuilding CXX object CMakeFiles/axbot_interfaces__rosidl_typesupport_fastrtps_cpp.dir/rosidl_typesupport_fastrtps_cpp/axbot_interfaces/msg/detail/dds_fastrtps/robot_pose__type_support.cpp.o[0m
[  1%] [32mBuilding CXX object CMakeFiles/axbot_interfaces__rosidl_typesupport_introspection_cpp.dir/rosidl_typesupport_introspection_cpp/axbot_interfaces/srv/detail/set_control_mode__type_support.cpp.o[0m
[  1%] [32mBuilding CXX object CMakeFiles/axbot_interfaces__rosidl_typesupport_fastrtps_cpp.dir/rosidl_typesupport_fastrtps_cpp/axbot_interfaces/srv/detail/dds_fastrtps/set_control_mode__type_support.cpp.o[0m
[  1%] [32mBuilding CXX object CMakeFiles/axbot_interfaces__rosidl_typesupport_fastrtps_c.dir/rosidl_typesupport_fastrtps_c/axbot_interfaces/msg/detail/planning_state__type_support_c.cpp.o[0m
[  1%] [32mBuilding CXX object CMakeFiles/axbot_interfaces__rosidl_typesupport_introspection_cpp.dir/rosidl_typesupport_introspection_cpp/axbot_interfaces/srv/detail/set_emergency_stop__type_support.cpp.o[0m
[  1%] [32mBuilding CXX object CMakeFiles/axbot_interfaces__rosidl_typesupport_fastrtps_c.dir/rosidl_typesupport_fastrtps_c/axbot_interfaces/msg/detail/robot_pose__type_support_c.cpp.o[0m
[  1%] [32mBuilding CXX object CMakeFiles/axbot_interfaces__rosidl_typesupport_introspection_cpp.dir/rosidl_typesupport_introspection_cpp/axbot_interfaces/srv/detail/get_device_info__type_support.cpp.o[0m
[  1%] [32mBuilding CXX object CMakeFiles/axbot_interfaces__rosidl_typesupport_fastrtps_c.dir/rosidl_typesupport_fastrtps_c/axbot_interfaces/srv/detail/set_control_mode__type_support_c.cpp.o[0m
[  1%] [32mBuilding CXX object CMakeFiles/axbot_interfaces__rosidl_typesupport_fastrtps_cpp.dir/rosidl_typesupport_fastrtps_cpp/axbot_interfaces/srv/detail/dds_fastrtps/set_emergency_stop__type_support.cpp.o[0m
[  1%] [32mBuilding CXX object CMakeFiles/axbot_interfaces__rosidl_typesupport_fastrtps_c.dir/rosidl_typesupport_fastrtps_c/axbot_interfaces/srv/detail/set_emergency_stop__type_support_c.cpp.o[0m
[  1%] [32mBuilding CXX object CMakeFiles/axbot_interfaces__rosidl_typesupport_fastrtps_cpp.dir/rosidl_typesupport_fastrtps_cpp/axbot_interfaces/srv/detail/dds_fastrtps/get_device_info__type_support.cpp.o[0m
[  1%] [32mBuilding CXX object CMakeFiles/axbot_interfaces__rosidl_typesupport_fastrtps_c.dir/rosidl_typesupport_fastrtps_c/axbot_interfaces/srv/detail/get_device_info__type_support_c.cpp.o[0m
[  1%] [32m[1mLinking CXX shared library libaxbot_interfaces__rosidl_typesupport_introspection_cpp.so[0m
[  1%] Built target axbot_interfaces__rosidl_typesupport_introspection_cpp
[  1%] [32m[1mLinking CXX shared library libaxbot_interfaces__rosidl_typesupport_fastrtps_c.so[0m
[  1%] [32m[1mLinking CXX shared library libaxbot_interfaces__rosidl_typesupport_fastrtps_cpp.so[0m
[  1%] Built target axbot_interfaces__rosidl_typesupport_fastrtps_c
[  1%] Built target axbot_interfaces__rosidl_typesupport_fastrtps_cpp
[  1%] Built target axbot_interfaces
[  1%] [34m[1mGenerating Python code for ROS interfaces[0m
[  1%] Built target axbot_interfaces__py
[  1%] [32mBuilding C object CMakeFiles/axbot_interfaces__rosidl_generator_py.dir/rosidl_generator_py/axbot_interfaces/msg/_slam_state_s.c.o[0m
[  1%] [32mBuilding C object CMakeFiles/axbot_interfaces__rosidl_generator_py.dir/rosidl_generator_py/axbot_interfaces/msg/_device_info_s.c.o[0m
[  1%] [32mBuilding C object CMakeFiles/axbot_interfaces__rosidl_generator_py.dir/rosidl_generator_py/axbot_interfaces/msg/_planning_state_s.c.o[0m
[  1%] [32mBuilding C object CMakeFiles/axbot_interfaces__rosidl_generator_py.dir/rosidl_generator_py/axbot_interfaces/msg/_wheel_state_s.c.o[0m
[  1%] [32mBuilding C object CMakeFiles/axbot_interfaces__rosidl_generator_py.dir/rosidl_generator_py/axbot_interfaces/msg/_robot_pose_s.c.o[0m
[  1%] [32mBuilding C object CMakeFiles/axbot_interfaces__rosidl_generator_py.dir/rosidl_generator_py/axbot_interfaces/srv/_set_control_mode_s.c.o[0m
[  1%] [32mBuilding C object CMakeFiles/axbot_interfaces__rosidl_generator_py.dir/rosidl_generator_py/axbot_interfaces/srv/_set_emergency_stop_s.c.o[0m
[  1%] [32mBuilding C object CMakeFiles/axbot_interfaces__rosidl_generator_py.dir/rosidl_generator_py/axbot_interfaces/srv/_get_device_info_s.c.o[0m
[  1%] [32m[1mLinking C shared library libaxbot_interfaces__rosidl_generator_py.so[0m
[  1%] Built target axbot_interfaces__rosidl_generator_py
[  1%] [32mBuilding C object CMakeFiles/axbot_interfaces_s__rosidl_typesupport_fastrtps_c.dir/rosidl_generator_py/axbot_interfaces/_axbot_interfaces_s.ep.rosidl_typesupport_fastrtps_c.c.o[0m
[  1%] [32mBuilding C object CMakeFiles/axbot_interfaces_s__rosidl_typesupport_introspection_c.dir/rosidl_generator_py/axbot_interfaces/_axbot_interfaces_s.ep.rosidl_typesupport_introspection_c.c.o[0m
[  1%] [32mBuilding C object CMakeFiles/axbot_interfaces_s__rosidl_typesupport_c.dir/rosidl_generator_py/axbot_interfaces/_axbot_interfaces_s.ep.rosidl_typesupport_c.c.o[0m
[  1%] [32m[1mLinking C shared module rosidl_generator_py/axbot_interfaces/axbot_interfaces_s__rosidl_typesupport_c.so[0m
[  1%] [32m[1mLinking C shared module rosidl_generator_py/axbot_interfaces/axbot_interfaces_s__rosidl_typesupport_introspection_c.so[0m
[  1%] [32m[1mLinking C shared module rosidl_generator_py/axbot_interfaces/axbot_interfaces_s__rosidl_typesupport_fastrtps_c.so[0m
[  1%] Built target axbot_interfaces_s__rosidl_typesupport_c
[  1%] Built target axbot_interfaces_s__rosidl_typesupport_introspection_c
[  1%] Built target axbot_interfaces_s__rosidl_typesupport_fastrtps_c
-- Install configuration: ""
-- Execute custom install script
-- Symlinking: /media/roboserver/DATA/axbot_ws/install/axbot_interfaces/share/ament_index/resource_index/rosidl_interfaces/axbot_interfaces
-- Symlinking: /media/roboserver/DATA/axbot_ws/install/axbot_interfaces/share/axbot_interfaces/msg/DeviceInfo.json
-- Symlinking: /media/roboserver/DATA/axbot_ws/install/axbot_interfaces/share/axbot_interfaces/msg/WheelState.json
-- Symlinking: /media/roboserver/DATA/axbot_ws/install/axbot_interfaces/share/axbot_interfaces/msg/SlamState.json
-- Symlinking: /media/roboserver/DATA/axbot_ws/install/axbot_interfaces/share/axbot_interfaces/msg/PlanningState.json
-- Symlinking: /media/roboserver/DATA/axbot_ws/install/axbot_interfaces/share/axbot_interfaces/msg/RobotPose.json
-- Symlinking: /media/roboserver/DATA/axbot_ws/install/axbot_interfaces/share/axbot_interfaces/srv/SetControlMode.json
-- Symlinking: /media/roboserver/DATA/axbot_ws/install/axbot_interfaces/share/axbot_interfaces/srv/SetEmergencyStop.json
-- Symlinking: /media/roboserver/DATA/axbot_ws/install/axbot_interfaces/share/axbot_interfaces/srv/GetDeviceInfo.json
-- Symlinking: /media/roboserver/DATA/axbot_ws/install/axbot_interfaces/include/axbot_interfaces/axbot_interfaces/msg/detail/device_info__functions.h
-- Symlinking: /media/roboserver/DATA/axbot_ws/install/axbot_interfaces/include/axbot_interfaces/axbot_interfaces/msg/detail/device_info__struct.h
-- Symlinking: /media/roboserver/DATA/axbot_ws/install/axbot_interfaces/include/axbot_interfaces/axbot_interfaces/msg/detail/device_info__type_support.h
-- Symlinking: /media/roboserver/DATA/axbot_ws/install/axbot_interfaces/include/axbot_interfaces/axbot_interfaces/msg/detail/planning_state__functions.h
-- Symlinking: /media/roboserver/DATA/axbot_ws/install/axbot_interfaces/include/axbot_interfaces/axbot_interfaces/msg/detail/planning_state__struct.h
-- Symlinking: /media/roboserver/DATA/axbot_ws/install/axbot_interfaces/include/axbot_interfaces/axbot_interfaces/msg/detail/planning_state__type_support.h
-- Symlinking: /media/roboserver/DATA/axbot_ws/install/axbot_interfaces/include/axbot_interfaces/axbot_interfaces/msg/detail/robot_pose__functions.h
-- Symlinking: /media/roboserver/DATA/axbot_ws/install/axbot_interfaces/include/axbot_interfaces/axbot_interfaces/msg/detail/robot_pose__struct.h
-- Symlinking: /media/roboserver/DATA/axbot_ws/install/axbot_interfaces/include/axbot_interfaces/axbot_interfaces/msg/detail/robot_pose__type_support.h
-- Symlinking: /media/roboserver/DATA/axbot_ws/install/axbot_interfaces/include/axbot_interfaces/axbot_interfaces/msg/detail/slam_state__functions.h
-- Symlinking: /media/roboserver/DATA/axbot_ws/install/axbot_interfaces/include/axbot_interfaces/axbot_interfaces/msg/detail/slam_state__struct.h
-- Symlinking: /media/roboserver/DATA/axbot_ws/install/axbot_interfaces/include/axbot_interfaces/axbot_interfaces/msg/detail/slam_state__type_support.h
-- Symlinking: /media/roboserver/DATA/axbot_ws/install/axbot_interfaces/include/axbot_interfaces/axbot_interfaces/msg/detail/wheel_state__functions.h
-- Symlinking: /media/roboserver/DATA/axbot_ws/install/axbot_interfaces/include/axbot_interfaces/axbot_interfaces/msg/detail/wheel_state__struct.h
-- Symlinking: /media/roboserver/DATA/axbot_ws/install/axbot_interfaces/include/axbot_interfaces/axbot_interfaces/msg/detail/wheel_state__type_support.h
-- Symlinking: /media/roboserver/DATA/axbot_ws/install/axbot_interfaces/include/axbot_interfaces/axbot_interfaces/msg/device_info.h
-- Symlinking: /media/roboserver/DATA/axbot_ws/install/axbot_interfaces/include/axbot_interfaces/axbot_interfaces/msg/planning_state.h
-- Symlinking: /media/roboserver/DATA/axbot_ws/install/axbot_interfaces/include/axbot_interfaces/axbot_interfaces/msg/robot_pose.h
-- Symlinking: /media/roboserver/DATA/axbot_ws/install/axbot_interfaces/include/axbot_interfaces/axbot_interfaces/msg/rosidl_generator_c__visibility_control.h
-- Symlinking: /media/roboserver/DATA/axbot_ws/install/axbot_interfaces/include/axbot_interfaces/axbot_interfaces/msg/slam_state.h
-- Symlinking: /media/roboserver/DATA/axbot_ws/install/axbot_interfaces/include/axbot_interfaces/axbot_interfaces/msg/wheel_state.h
-- Symlinking: /media/roboserver/DATA/axbot_ws/install/axbot_interfaces/include/axbot_interfaces/axbot_interfaces/srv/detail/get_device_info__functions.h
-- Symlinking: /media/roboserver/DATA/axbot_ws/install/axbot_interfaces/include/axbot_interfaces/axbot_interfaces/srv/detail/get_device_info__struct.h
-- Symlinking: /media/roboserver/DATA/axbot_ws/install/axbot_interfaces/include/axbot_interfaces/axbot_interfaces/srv/detail/get_device_info__type_support.h
-- Symlinking: /media/roboserver/DATA/axbot_ws/install/axbot_interfaces/include/axbot_interfaces/axbot_interfaces/srv/detail/set_control_mode__functions.h
-- Symlinking: /media/roboserver/DATA/axbot_ws/install/axbot_interfaces/include/axbot_interfaces/axbot_interfaces/srv/detail/set_control_mode__struct.h
-- Symlinking: /media/roboserver/DATA/axbot_ws/install/axbot_interfaces/include/axbot_interfaces/axbot_interfaces/srv/detail/set_control_mode__type_support.h
-- Symlinking: /media/roboserver/DATA/axbot_ws/install/axbot_interfaces/include/axbot_interfaces/axbot_interfaces/srv/detail/set_emergency_stop__functions.h
-- Symlinking: /media/roboserver/DATA/axbot_ws/install/axbot_interfaces/include/axbot_interfaces/axbot_interfaces/srv/detail/set_emergency_stop__struct.h
-- Symlinking: /media/roboserver/DATA/axbot_ws/install/axbot_interfaces/include/axbot_interfaces/axbot_interfaces/srv/detail/set_emergency_stop__type_support.h
-- Symlinking: /media/roboserver/DATA/axbot_ws/install/axbot_interfaces/include/axbot_interfaces/axbot_interfaces/srv/get_device_info.h
-- Symlinking: /media/roboserver/DATA/axbot_ws/install/axbot_interfaces/include/axbot_interfaces/axbot_interfaces/srv/set_control_mode.h
-- Symlinking: /media/roboserver/DATA/axbot_ws/install/axbot_interfaces/include/axbot_interfaces/axbot_interfaces/srv/set_emergency_stop.h
-- Symlinking: /media/roboserver/DATA/axbot_ws/install/axbot_interfaces/share/axbot_interfaces/environment/library_path.sh
-- Symlinking: /media/roboserver/DATA/axbot_ws/install/axbot_interfaces/share/axbot_interfaces/environment/library_path.dsv
-- Symlinking: /media/roboserver/DATA/axbot_ws/install/axbot_interfaces/include/axbot_interfaces/axbot_interfaces/msg/detail/device_info__rosidl_typesupport_fastrtps_c.h
-- Symlinking: /media/roboserver/DATA/axbot_ws/install/axbot_interfaces/include/axbot_interfaces/axbot_interfaces/msg/detail/planning_state__rosidl_typesupport_fastrtps_c.h
-- Symlinking: /media/roboserver/DATA/axbot_ws/install/axbot_interfaces/include/axbot_interfaces/axbot_interfaces/msg/detail/robot_pose__rosidl_typesupport_fastrtps_c.h
-- Symlinking: /media/roboserver/DATA/axbot_ws/install/axbot_interfaces/include/axbot_interfaces/axbot_interfaces/msg/detail/slam_state__rosidl_typesupport_fastrtps_c.h
-- Symlinking: /media/roboserver/DATA/axbot_ws/install/axbot_interfaces/include/axbot_interfaces/axbot_interfaces/msg/detail/wheel_state__rosidl_typesupport_fastrtps_c.h
-- Symlinking: /media/roboserver/DATA/axbot_ws/install/axbot_interfaces/include/axbot_interfaces/axbot_interfaces/msg/rosidl_typesupport_fastrtps_c__visibility_control.h
-- Symlinking: /media/roboserver/DATA/axbot_ws/install/axbot_interfaces/include/axbot_interfaces/axbot_interfaces/srv/detail/get_device_info__rosidl_typesupport_fastrtps_c.h
-- Symlinking: /media/roboserver/DATA/axbot_ws/install/axbot_interfaces/include/axbot_interfaces/axbot_interfaces/srv/detail/set_control_mode__rosidl_typesupport_fastrtps_c.h
-- Symlinking: /media/roboserver/DATA/axbot_ws/install/axbot_interfaces/include/axbot_interfaces/axbot_interfaces/srv/detail/set_emergency_stop__rosidl_typesupport_fastrtps_c.h
-- Symlinking: /media/roboserver/DATA/axbot_ws/install/axbot_interfaces/include/axbot_interfaces/axbot_interfaces/msg/detail/device_info__builder.hpp
-- Symlinking: /media/roboserver/DATA/axbot_ws/install/axbot_interfaces/include/axbot_interfaces/axbot_interfaces/msg/detail/device_info__struct.hpp
-- Symlinking: /media/roboserver/DATA/axbot_ws/install/axbot_interfaces/include/axbot_interfaces/axbot_interfaces/msg/detail/device_info__traits.hpp
-- Symlinking: /media/roboserver/DATA/axbot_ws/install/axbot_interfaces/include/axbot_interfaces/axbot_interfaces/msg/detail/device_info__type_support.hpp
-- Symlinking: /media/roboserver/DATA/axbot_ws/install/axbot_interfaces/include/axbot_interfaces/axbot_interfaces/msg/detail/planning_state__builder.hpp
-- Symlinking: /media/roboserver/DATA/axbot_ws/install/axbot_interfaces/include/axbot_interfaces/axbot_interfaces/msg/detail/planning_state__struct.hpp
-- Symlinking: /media/roboserver/DATA/axbot_ws/install/axbot_interfaces/include/axbot_interfaces/axbot_interfaces/msg/detail/planning_state__traits.hpp
-- Symlinking: /media/roboserver/DATA/axbot_ws/install/axbot_interfaces/include/axbot_interfaces/axbot_interfaces/msg/detail/planning_state__type_support.hpp
-- Symlinking: /media/roboserver/DATA/axbot_ws/install/axbot_interfaces/include/axbot_interfaces/axbot_interfaces/msg/detail/robot_pose__builder.hpp
-- Symlinking: /media/roboserver/DATA/axbot_ws/install/axbot_interfaces/include/axbot_interfaces/axbot_interfaces/msg/detail/robot_pose__struct.hpp
-- Symlinking: /media/roboserver/DATA/axbot_ws/install/axbot_interfaces/include/axbot_interfaces/axbot_interfaces/msg/detail/robot_pose__traits.hpp
-- Symlinking: /media/roboserver/DATA/axbot_ws/install/axbot_interfaces/include/axbot_interfaces/axbot_interfaces/msg/detail/robot_pose__type_support.hpp
-- Symlinking: /media/roboserver/DATA/axbot_ws/install/axbot_interfaces/include/axbot_interfaces/axbot_interfaces/msg/detail/slam_state__builder.hpp
-- Symlinking: /media/roboserver/DATA/axbot_ws/install/axbot_interfaces/include/axbot_interfaces/axbot_interfaces/msg/detail/slam_state__struct.hpp
-- Symlinking: /media/roboserver/DATA/axbot_ws/install/axbot_interfaces/include/axbot_interfaces/axbot_interfaces/msg/detail/slam_state__traits.hpp
-- Symlinking: /media/roboserver/DATA/axbot_ws/install/axbot_interfaces/include/axbot_interfaces/axbot_interfaces/msg/detail/slam_state__type_support.hpp
-- Symlinking: /media/roboserver/DATA/axbot_ws/install/axbot_interfaces/include/axbot_interfaces/axbot_interfaces/msg/detail/wheel_state__builder.hpp
-- Symlinking: /media/roboserver/DATA/axbot_ws/install/axbot_interfaces/include/axbot_interfaces/axbot_interfaces/msg/detail/wheel_state__struct.hpp
-- Symlinking: /media/roboserver/DATA/axbot_ws/install/axbot_interfaces/include/axbot_interfaces/axbot_interfaces/msg/detail/wheel_state__traits.hpp
-- Symlinking: /media/roboserver/DATA/axbot_ws/install/axbot_interfaces/include/axbot_interfaces/axbot_interfaces/msg/detail/wheel_state__type_support.hpp
-- Symlinking: /media/roboserver/DATA/axbot_ws/install/axbot_interfaces/include/axbot_interfaces/axbot_interfaces/msg/device_info.hpp
-- Symlinking: /media/roboserver/DATA/axbot_ws/install/axbot_interfaces/include/axbot_interfaces/axbot_interfaces/msg/planning_state.hpp
-- Symlinking: /media/roboserver/DATA/axbot_ws/install/axbot_interfaces/include/axbot_interfaces/axbot_interfaces/msg/robot_pose.hpp
-- Symlinking: /media/roboserver/DATA/axbot_ws/install/axbot_interfaces/include/axbot_interfaces/axbot_interfaces/msg/rosidl_generator_cpp__visibility_control.hpp
-- Symlinking: /media/roboserver/DATA/axbot_ws/install/axbot_interfaces/include/axbot_interfaces/axbot_interfaces/msg/slam_state.hpp
-- Symlinking: /media/roboserver/DATA/axbot_ws/install/axbot_interfaces/include/axbot_interfaces/axbot_interfaces/msg/wheel_state.hpp
-- Symlinking: /media/roboserver/DATA/axbot_ws/install/axbot_interfaces/include/axbot_interfaces/axbot_interfaces/srv/detail/get_device_info__builder.hpp
-- Symlinking: /media/roboserver/DATA/axbot_ws/install/axbot_interfaces/include/axbot_interfaces/axbot_interfaces/srv/detail/get_device_info__struct.hpp
-- Symlinking: /media/roboserver/DATA/axbot_ws/install/axbot_interfaces/include/axbot_interfaces/axbot_interfaces/srv/detail/get_device_info__traits.hpp
-- Symlinking: /media/roboserver/DATA/axbot_ws/install/axbot_interfaces/include/axbot_interfaces/axbot_interfaces/srv/detail/get_device_info__type_support.hpp
-- Symlinking: /media/roboserver/DATA/axbot_ws/install/axbot_interfaces/include/axbot_interfaces/axbot_interfaces/srv/detail/set_control_mode__builder.hpp
-- Symlinking: /media/roboserver/DATA/axbot_ws/install/axbot_interfaces/include/axbot_interfaces/axbot_interfaces/srv/detail/set_control_mode__struct.hpp
-- Symlinking: /media/roboserver/DATA/axbot_ws/install/axbot_interfaces/include/axbot_interfaces/axbot_interfaces/srv/detail/set_control_mode__traits.hpp
-- Symlinking: /media/roboserver/DATA/axbot_ws/install/axbot_interfaces/include/axbot_interfaces/axbot_interfaces/srv/detail/set_control_mode__type_support.hpp
-- Symlinking: /media/roboserver/DATA/axbot_ws/install/axbot_interfaces/include/axbot_interfaces/axbot_interfaces/srv/detail/set_emergency_stop__builder.hpp
-- Symlinking: /media/roboserver/DATA/axbot_ws/install/axbot_interfaces/include/axbot_interfaces/axbot_interfaces/srv/detail/set_emergency_stop__struct.hpp
-- Symlinking: /media/roboserver/DATA/axbot_ws/install/axbot_interfaces/include/axbot_interfaces/axbot_interfaces/srv/detail/set_emergency_stop__traits.hpp
-- Symlinking: /media/roboserver/DATA/axbot_ws/install/axbot_interfaces/include/axbot_interfaces/axbot_interfaces/srv/detail/set_emergency_stop__type_support.hpp
-- Symlinking: /media/roboserver/DATA/axbot_ws/install/axbot_interfaces/include/axbot_interfaces/axbot_interfaces/srv/get_device_info.hpp
-- Symlinking: /media/roboserver/DATA/axbot_ws/install/axbot_interfaces/include/axbot_interfaces/axbot_interfaces/srv/set_control_mode.hpp
-- Symlinking: /media/roboserver/DATA/axbot_ws/install/axbot_interfaces/include/axbot_interfaces/axbot_interfaces/srv/set_emergency_stop.hpp
-- Symlinking: /media/roboserver/DATA/axbot_ws/install/axbot_interfaces/include/axbot_interfaces/axbot_interfaces/msg/detail/device_info__rosidl_typesupport_fastrtps_cpp.hpp
-- Symlinking: /media/roboserver/DATA/axbot_ws/install/axbot_interfaces/include/axbot_interfaces/axbot_interfaces/msg/detail/planning_state__rosidl_typesupport_fastrtps_cpp.hpp
-- Symlinking: /media/roboserver/DATA/axbot_ws/install/axbot_interfaces/include/axbot_interfaces/axbot_interfaces/msg/detail/robot_pose__rosidl_typesupport_fastrtps_cpp.hpp
-- Symlinking: /media/roboserver/DATA/axbot_ws/install/axbot_interfaces/include/axbot_interfaces/axbot_interfaces/msg/detail/slam_state__rosidl_typesupport_fastrtps_cpp.hpp
-- Symlinking: /media/roboserver/DATA/axbot_ws/install/axbot_interfaces/include/axbot_interfaces/axbot_interfaces/msg/detail/wheel_state__rosidl_typesupport_fastrtps_cpp.hpp
-- Symlinking: /media/roboserver/DATA/axbot_ws/install/axbot_interfaces/include/axbot_interfaces/axbot_interfaces/msg/rosidl_typesupport_fastrtps_cpp__visibility_control.h
-- Symlinking: /media/roboserver/DATA/axbot_ws/install/axbot_interfaces/include/axbot_interfaces/axbot_interfaces/srv/detail/get_device_info__rosidl_typesupport_fastrtps_cpp.hpp
-- Symlinking: /media/roboserver/DATA/axbot_ws/install/axbot_interfaces/include/axbot_interfaces/axbot_interfaces/srv/detail/set_control_mode__rosidl_typesupport_fastrtps_cpp.hpp
-- Symlinking: /media/roboserver/DATA/axbot_ws/install/axbot_interfaces/include/axbot_interfaces/axbot_interfaces/srv/detail/set_emergency_stop__rosidl_typesupport_fastrtps_cpp.hpp
-- Symlinking: /media/roboserver/DATA/axbot_ws/install/axbot_interfaces/include/axbot_interfaces/axbot_interfaces/msg/detail/device_info__rosidl_typesupport_introspection_c.h
-- Symlinking: /media/roboserver/DATA/axbot_ws/install/axbot_interfaces/include/axbot_interfaces/axbot_interfaces/msg/detail/planning_state__rosidl_typesupport_introspection_c.h
-- Symlinking: /media/roboserver/DATA/axbot_ws/install/axbot_interfaces/include/axbot_interfaces/axbot_interfaces/msg/detail/robot_pose__rosidl_typesupport_introspection_c.h
-- Symlinking: /media/roboserver/DATA/axbot_ws/install/axbot_interfaces/include/axbot_interfaces/axbot_interfaces/msg/detail/slam_state__rosidl_typesupport_introspection_c.h
-- Symlinking: /media/roboserver/DATA/axbot_ws/install/axbot_interfaces/include/axbot_interfaces/axbot_interfaces/msg/detail/wheel_state__rosidl_typesupport_introspection_c.h
-- Symlinking: /media/roboserver/DATA/axbot_ws/install/axbot_interfaces/include/axbot_interfaces/axbot_interfaces/msg/rosidl_typesupport_introspection_c__visibility_control.h
-- Symlinking: /media/roboserver/DATA/axbot_ws/install/axbot_interfaces/include/axbot_interfaces/axbot_interfaces/srv/detail/get_device_info__rosidl_typesupport_introspection_c.h
-- Symlinking: /media/roboserver/DATA/axbot_ws/install/axbot_interfaces/include/axbot_interfaces/axbot_interfaces/srv/detail/set_control_mode__rosidl_typesupport_introspection_c.h
-- Symlinking: /media/roboserver/DATA/axbot_ws/install/axbot_interfaces/include/axbot_interfaces/axbot_interfaces/srv/detail/set_emergency_stop__rosidl_typesupport_introspection_c.h
-- Symlinking: /media/roboserver/DATA/axbot_ws/install/axbot_interfaces/include/axbot_interfaces/axbot_interfaces/msg/detail/device_info__rosidl_typesupport_introspection_cpp.hpp
-- Symlinking: /media/roboserver/DATA/axbot_ws/install/axbot_interfaces/include/axbot_interfaces/axbot_interfaces/msg/detail/planning_state__rosidl_typesupport_introspection_cpp.hpp
-- Symlinking: /media/roboserver/DATA/axbot_ws/install/axbot_interfaces/include/axbot_interfaces/axbot_interfaces/msg/detail/robot_pose__rosidl_typesupport_introspection_cpp.hpp
-- Symlinking: /media/roboserver/DATA/axbot_ws/install/axbot_interfaces/include/axbot_interfaces/axbot_interfaces/msg/detail/slam_state__rosidl_typesupport_introspection_cpp.hpp
-- Symlinking: /media/roboserver/DATA/axbot_ws/install/axbot_interfaces/include/axbot_interfaces/axbot_interfaces/msg/detail/wheel_state__rosidl_typesupport_introspection_cpp.hpp
-- Symlinking: /media/roboserver/DATA/axbot_ws/install/axbot_interfaces/include/axbot_interfaces/axbot_interfaces/srv/detail/get_device_info__rosidl_typesupport_introspection_cpp.hpp
-- Symlinking: /media/roboserver/DATA/axbot_ws/install/axbot_interfaces/include/axbot_interfaces/axbot_interfaces/srv/detail/set_control_mode__rosidl_typesupport_introspection_cpp.hpp
-- Symlinking: /media/roboserver/DATA/axbot_ws/install/axbot_interfaces/include/axbot_interfaces/axbot_interfaces/srv/detail/set_emergency_stop__rosidl_typesupport_introspection_cpp.hpp
-- Symlinking: /media/roboserver/DATA/axbot_ws/install/axbot_interfaces/share/axbot_interfaces/environment/pythonpath.sh
-- Symlinking: /media/roboserver/DATA/axbot_ws/install/axbot_interfaces/share/axbot_interfaces/environment/pythonpath.dsv
-- Symlinking: /media/roboserver/DATA/axbot_ws/install/axbot_interfaces/lib/python3.12/site-packages/axbot_interfaces-1.0.0-py3.12.egg-info/PKG-INFO
-- Symlinking: /media/roboserver/DATA/axbot_ws/install/axbot_interfaces/lib/python3.12/site-packages/axbot_interfaces-1.0.0-py3.12.egg-info/SOURCES.txt
-- Symlinking: /media/roboserver/DATA/axbot_ws/install/axbot_interfaces/lib/python3.12/site-packages/axbot_interfaces-1.0.0-py3.12.egg-info/dependency_links.txt
-- Symlinking: /media/roboserver/DATA/axbot_ws/install/axbot_interfaces/lib/python3.12/site-packages/axbot_interfaces-1.0.0-py3.12.egg-info/top_level.txt
-- Symlinking: /media/roboserver/DATA/axbot_ws/install/axbot_interfaces/lib/python3.12/site-packages/axbot_interfaces/__init__.py
-- Symlinking: /media/roboserver/DATA/axbot_ws/install/axbot_interfaces/lib/python3.12/site-packages/axbot_interfaces/_axbot_interfaces_s.ep.rosidl_typesupport_c.c
-- Symlinking: /media/roboserver/DATA/axbot_ws/install/axbot_interfaces/lib/python3.12/site-packages/axbot_interfaces/_axbot_interfaces_s.ep.rosidl_typesupport_fastrtps_c.c
-- Symlinking: /media/roboserver/DATA/axbot_ws/install/axbot_interfaces/lib/python3.12/site-packages/axbot_interfaces/_axbot_interfaces_s.ep.rosidl_typesupport_introspection_c.c
-- Symlinking: /media/roboserver/DATA/axbot_ws/install/axbot_interfaces/lib/python3.12/site-packages/axbot_interfaces/axbot_interfaces_s__rosidl_typesupport_c.so
-- Symlinking: /media/roboserver/DATA/axbot_ws/install/axbot_interfaces/lib/python3.12/site-packages/axbot_interfaces/axbot_interfaces_s__rosidl_typesupport_fastrtps_c.so
-- Symlinking: /media/roboserver/DATA/axbot_ws/install/axbot_interfaces/lib/python3.12/site-packages/axbot_interfaces/axbot_interfaces_s__rosidl_typesupport_introspection_c.so
-- Symlinking: /media/roboserver/DATA/axbot_ws/install/axbot_interfaces/lib/python3.12/site-packages/axbot_interfaces/msg/__init__.py
-- Symlinking: /media/roboserver/DATA/axbot_ws/install/axbot_interfaces/lib/python3.12/site-packages/axbot_interfaces/msg/_device_info.py
-- Symlinking: /media/roboserver/DATA/axbot_ws/install/axbot_interfaces/lib/python3.12/site-packages/axbot_interfaces/msg/_device_info_s.c
-- Symlinking: /media/roboserver/DATA/axbot_ws/install/axbot_interfaces/lib/python3.12/site-packages/axbot_interfaces/msg/_planning_state.py
-- Symlinking: /media/roboserver/DATA/axbot_ws/install/axbot_interfaces/lib/python3.12/site-packages/axbot_interfaces/msg/_planning_state_s.c
-- Symlinking: /media/roboserver/DATA/axbot_ws/install/axbot_interfaces/lib/python3.12/site-packages/axbot_interfaces/msg/_robot_pose.py
-- Symlinking: /media/roboserver/DATA/axbot_ws/install/axbot_interfaces/lib/python3.12/site-packages/axbot_interfaces/msg/_robot_pose_s.c
-- Symlinking: /media/roboserver/DATA/axbot_ws/install/axbot_interfaces/lib/python3.12/site-packages/axbot_interfaces/msg/_slam_state.py
-- Symlinking: /media/roboserver/DATA/axbot_ws/install/axbot_interfaces/lib/python3.12/site-packages/axbot_interfaces/msg/_slam_state_s.c
-- Symlinking: /media/roboserver/DATA/axbot_ws/install/axbot_interfaces/lib/python3.12/site-packages/axbot_interfaces/msg/_wheel_state.py
-- Symlinking: /media/roboserver/DATA/axbot_ws/install/axbot_interfaces/lib/python3.12/site-packages/axbot_interfaces/msg/_wheel_state_s.c
-- Symlinking: /media/roboserver/DATA/axbot_ws/install/axbot_interfaces/lib/python3.12/site-packages/axbot_interfaces/srv/__init__.py
-- Symlinking: /media/roboserver/DATA/axbot_ws/install/axbot_interfaces/lib/python3.12/site-packages/axbot_interfaces/srv/_get_device_info.py
-- Symlinking: /media/roboserver/DATA/axbot_ws/install/axbot_interfaces/lib/python3.12/site-packages/axbot_interfaces/srv/_get_device_info_s.c
-- Symlinking: /media/roboserver/DATA/axbot_ws/install/axbot_interfaces/lib/python3.12/site-packages/axbot_interfaces/srv/_set_control_mode.py
-- Symlinking: /media/roboserver/DATA/axbot_ws/install/axbot_interfaces/lib/python3.12/site-packages/axbot_interfaces/srv/_set_control_mode_s.c
-- Symlinking: /media/roboserver/DATA/axbot_ws/install/axbot_interfaces/lib/python3.12/site-packages/axbot_interfaces/srv/_set_emergency_stop.py
-- Symlinking: /media/roboserver/DATA/axbot_ws/install/axbot_interfaces/lib/python3.12/site-packages/axbot_interfaces/srv/_set_emergency_stop_s.c
-- Up-to-date symlink: /media/roboserver/DATA/axbot_ws/install/axbot_interfaces/lib/python3.12/site-packages/axbot_interfaces/axbot_interfaces_s__rosidl_typesupport_fastrtps_c.so
-- Up-to-date symlink: /media/roboserver/DATA/axbot_ws/install/axbot_interfaces/lib/python3.12/site-packages/axbot_interfaces/axbot_interfaces_s__rosidl_typesupport_introspection_c.so
-- Up-to-date symlink: /media/roboserver/DATA/axbot_ws/install/axbot_interfaces/lib/python3.12/site-packages/axbot_interfaces/axbot_interfaces_s__rosidl_typesupport_c.so
-- Symlinking: /media/roboserver/DATA/axbot_ws/install/axbot_interfaces/share/axbot_interfaces/msg/DeviceInfo.idl
-- Symlinking: /media/roboserver/DATA/axbot_ws/install/axbot_interfaces/share/axbot_interfaces/msg/WheelState.idl
-- Symlinking: /media/roboserver/DATA/axbot_ws/install/axbot_interfaces/share/axbot_interfaces/msg/SlamState.idl
-- Symlinking: /media/roboserver/DATA/axbot_ws/install/axbot_interfaces/share/axbot_interfaces/msg/PlanningState.idl
-- Symlinking: /media/roboserver/DATA/axbot_ws/install/axbot_interfaces/share/axbot_interfaces/msg/RobotPose.idl
-- Symlinking: /media/roboserver/DATA/axbot_ws/install/axbot_interfaces/share/axbot_interfaces/srv/SetControlMode.idl
-- Symlinking: /media/roboserver/DATA/axbot_ws/install/axbot_interfaces/share/axbot_interfaces/srv/SetEmergencyStop.idl
-- Symlinking: /media/roboserver/DATA/axbot_ws/install/axbot_interfaces/share/axbot_interfaces/srv/GetDeviceInfo.idl
-- Symlinking: /media/roboserver/DATA/axbot_ws/install/axbot_interfaces/share/axbot_interfaces/msg/DeviceInfo.msg
-- Symlinking: /media/roboserver/DATA/axbot_ws/install/axbot_interfaces/share/axbot_interfaces/msg/WheelState.msg
-- Symlinking: /media/roboserver/DATA/axbot_ws/install/axbot_interfaces/share/axbot_interfaces/msg/SlamState.msg
-- Symlinking: /media/roboserver/DATA/axbot_ws/install/axbot_interfaces/share/axbot_interfaces/msg/PlanningState.msg
-- Symlinking: /media/roboserver/DATA/axbot_ws/install/axbot_interfaces/share/axbot_interfaces/msg/RobotPose.msg
-- Symlinking: /media/roboserver/DATA/axbot_ws/install/axbot_interfaces/share/axbot_interfaces/srv/SetControlMode.srv
-- Symlinking: /media/roboserver/DATA/axbot_ws/install/axbot_interfaces/share/axbot_interfaces/srv/SetEmergencyStop.srv
-- Symlinking: /media/roboserver/DATA/axbot_ws/install/axbot_interfaces/share/axbot_interfaces/srv/GetDeviceInfo.srv
-- Symlinking: /media/roboserver/DATA/axbot_ws/install/axbot_interfaces/share/ament_index/resource_index/package_run_dependencies/axbot_interfaces
-- Symlinking: /media/roboserver/DATA/axbot_ws/install/axbot_interfaces/share/ament_index/resource_index/parent_prefix_path/axbot_interfaces
-- Symlinking: /media/roboserver/DATA/axbot_ws/install/axbot_interfaces/share/axbot_interfaces/environment/ament_prefix_path.sh
-- Symlinking: /media/roboserver/DATA/axbot_ws/install/axbot_interfaces/share/axbot_interfaces/environment/ament_prefix_path.dsv
-- Symlinking: /media/roboserver/DATA/axbot_ws/install/axbot_interfaces/share/axbot_interfaces/environment/path.sh
-- Symlinking: /media/roboserver/DATA/axbot_ws/install/axbot_interfaces/share/axbot_interfaces/environment/path.dsv
-- Symlinking: /media/roboserver/DATA/axbot_ws/install/axbot_interfaces/share/axbot_interfaces/local_setup.bash
-- Symlinking: /media/roboserver/DATA/axbot_ws/install/axbot_interfaces/share/axbot_interfaces/local_setup.sh
-- Symlinking: /media/roboserver/DATA/axbot_ws/install/axbot_interfaces/share/axbot_interfaces/local_setup.zsh
-- Symlinking: /media/roboserver/DATA/axbot_ws/install/axbot_interfaces/share/axbot_interfaces/local_setup.dsv
-- Symlinking: /media/roboserver/DATA/axbot_ws/install/axbot_interfaces/share/axbot_interfaces/package.dsv
-- Symlinking: /media/roboserver/DATA/axbot_ws/install/axbot_interfaces/share/ament_index/resource_index/packages/axbot_interfaces
-- Symlinking: /media/roboserver/DATA/axbot_ws/install/axbot_interfaces/share/axbot_interfaces/cmake/rosidl_cmake-extras.cmake
-- Symlinking: /media/roboserver/DATA/axbot_ws/install/axbot_interfaces/share/axbot_interfaces/cmake/ament_cmake_export_dependencies-extras.cmake
-- Symlinking: /media/roboserver/DATA/axbot_ws/install/axbot_interfaces/share/axbot_interfaces/cmake/ament_cmake_export_include_directories-extras.cmake
-- Symlinking: /media/roboserver/DATA/axbot_ws/install/axbot_interfaces/share/axbot_interfaces/cmake/ament_cmake_export_libraries-extras.cmake
-- Symlinking: /media/roboserver/DATA/axbot_ws/install/axbot_interfaces/share/axbot_interfaces/cmake/ament_cmake_export_targets-extras.cmake
-- Symlinking: /media/roboserver/DATA/axbot_ws/install/axbot_interfaces/share/axbot_interfaces/cmake/rosidl_cmake_export_typesupport_targets-extras.cmake
-- Symlinking: /media/roboserver/DATA/axbot_ws/install/axbot_interfaces/share/axbot_interfaces/cmake/rosidl_cmake_export_typesupport_libraries-extras.cmake
-- Symlinking: /media/roboserver/DATA/axbot_ws/install/axbot_interfaces/share/axbot_interfaces/cmake/axbot_interfacesConfig.cmake
-- Symlinking: /media/roboserver/DATA/axbot_ws/install/axbot_interfaces/share/axbot_interfaces/cmake/axbot_interfacesConfig-version.cmake
-- Symlinking: /media/roboserver/DATA/axbot_ws/install/axbot_interfaces/share/axbot_interfaces/package.xml
-- Installing: /media/roboserver/DATA/axbot_ws/install/axbot_interfaces/lib/libaxbot_interfaces__rosidl_generator_c.so
-- Set non-toolchain portion of runtime path of "/media/roboserver/DATA/axbot_ws/install/axbot_interfaces/lib/libaxbot_interfaces__rosidl_generator_c.so" to ""
-- Installing: /media/roboserver/DATA/axbot_ws/install/axbot_interfaces/lib/libaxbot_interfaces__rosidl_typesupport_fastrtps_c.so
-- Set non-toolchain portion of runtime path of "/media/roboserver/DATA/axbot_ws/install/axbot_interfaces/lib/libaxbot_interfaces__rosidl_typesupport_fastrtps_c.so" to ""
-- Installing: /media/roboserver/DATA/axbot_ws/install/axbot_interfaces/lib/libaxbot_interfaces__rosidl_typesupport_fastrtps_cpp.so
-- Set non-toolchain portion of runtime path of "/media/roboserver/DATA/axbot_ws/install/axbot_interfaces/lib/libaxbot_interfaces__rosidl_typesupport_fastrtps_cpp.so" to ""
-- Installing: /media/roboserver/DATA/axbot_ws/install/axbot_interfaces/lib/libaxbot_interfaces__rosidl_typesupport_introspection_c.so
-- Set non-toolchain portion of runtime path of "/media/roboserver/DATA/axbot_ws/install/axbot_interfaces/lib/libaxbot_interfaces__rosidl_typesupport_introspection_c.so" to ""
-- Installing: /media/roboserver/DATA/axbot_ws/install/axbot_interfaces/lib/libaxbot_interfaces__rosidl_typesupport_c.so
-- Set non-toolchain portion of runtime path of "/media/roboserver/DATA/axbot_ws/install/axbot_interfaces/lib/libaxbot_interfaces__rosidl_typesupport_c.so" to ""
-- Installing: /media/roboserver/DATA/axbot_ws/install/axbot_interfaces/lib/libaxbot_interfaces__rosidl_typesupport_introspection_cpp.so
-- Set non-toolchain portion of runtime path of "/media/roboserver/DATA/axbot_ws/install/axbot_interfaces/lib/libaxbot_interfaces__rosidl_typesupport_introspection_cpp.so" to ""
-- Installing: /media/roboserver/DATA/axbot_ws/install/axbot_interfaces/lib/libaxbot_interfaces__rosidl_typesupport_cpp.so
-- Set non-toolchain portion of runtime path of "/media/roboserver/DATA/axbot_ws/install/axbot_interfaces/lib/libaxbot_interfaces__rosidl_typesupport_cpp.so" to ""
Listing '/media/roboserver/DATA/axbot_ws/install/axbot_interfaces/lib/python3.12/site-packages/axbot_interfaces'...
Compiling '/media/roboserver/DATA/axbot_ws/install/axbot_interfaces/lib/python3.12/site-packages/axbot_interfaces/__init__.py'...
Listing '/media/roboserver/DATA/axbot_ws/install/axbot_interfaces/lib/python3.12/site-packages/axbot_interfaces/msg'...
Compiling '/media/roboserver/DATA/axbot_ws/install/axbot_interfaces/lib/python3.12/site-packages/axbot_interfaces/msg/__init__.py'...
Compiling '/media/roboserver/DATA/axbot_ws/install/axbot_interfaces/lib/python3.12/site-packages/axbot_interfaces/msg/_device_info.py'...
Compiling '/media/roboserver/DATA/axbot_ws/install/axbot_interfaces/lib/python3.12/site-packages/axbot_interfaces/msg/_planning_state.py'...
Compiling '/media/roboserver/DATA/axbot_ws/install/axbot_interfaces/lib/python3.12/site-packages/axbot_interfaces/msg/_robot_pose.py'...
Compiling '/media/roboserver/DATA/axbot_ws/install/axbot_interfaces/lib/python3.12/site-packages/axbot_interfaces/msg/_slam_state.py'...
Compiling '/media/roboserver/DATA/axbot_ws/install/axbot_interfaces/lib/python3.12/site-packages/axbot_interfaces/msg/_wheel_state.py'...
Listing '/media/roboserver/DATA/axbot_ws/install/axbot_interfaces/lib/python3.12/site-packages/axbot_interfaces/srv'...
Compiling '/media/roboserver/DATA/axbot_ws/install/axbot_interfaces/lib/python3.12/site-packages/axbot_interfaces/srv/__init__.py'...
Compiling '/media/roboserver/DATA/axbot_ws/install/axbot_interfaces/lib/python3.12/site-packages/axbot_interfaces/srv/_get_device_info.py'...
Compiling '/media/roboserver/DATA/axbot_ws/install/axbot_interfaces/lib/python3.12/site-packages/axbot_interfaces/srv/_set_control_mode.py'...
Compiling '/media/roboserver/DATA/axbot_ws/install/axbot_interfaces/lib/python3.12/site-packages/axbot_interfaces/srv/_set_emergency_stop.py'...
-- Installing: /media/roboserver/DATA/axbot_ws/install/axbot_interfaces/lib/libaxbot_interfaces__rosidl_generator_py.so
-- Set non-toolchain portion of runtime path of "/media/roboserver/DATA/axbot_ws/install/axbot_interfaces/lib/libaxbot_interfaces__rosidl_generator_py.so" to ""
-- Installing: /media/roboserver/DATA/axbot_ws/install/axbot_interfaces/share/axbot_interfaces/cmake/export_axbot_interfaces__rosidl_generator_cExport.cmake
-- Installing: /media/roboserver/DATA/axbot_ws/install/axbot_interfaces/share/axbot_interfaces/cmake/export_axbot_interfaces__rosidl_generator_cExport-noconfig.cmake
-- Installing: /media/roboserver/DATA/axbot_ws/install/axbot_interfaces/share/axbot_interfaces/cmake/export_axbot_interfaces__rosidl_typesupport_fastrtps_cExport.cmake
-- Installing: /media/roboserver/DATA/axbot_ws/install/axbot_interfaces/share/axbot_interfaces/cmake/export_axbot_interfaces__rosidl_typesupport_fastrtps_cExport-noconfig.cmake
-- Installing: /media/roboserver/DATA/axbot_ws/install/axbot_interfaces/share/axbot_interfaces/cmake/export_axbot_interfaces__rosidl_generator_cppExport.cmake
-- Installing: /media/roboserver/DATA/axbot_ws/install/axbot_interfaces/share/axbot_interfaces/cmake/export_axbot_interfaces__rosidl_typesupport_fastrtps_cppExport.cmake
-- Installing: /media/roboserver/DATA/axbot_ws/install/axbot_interfaces/share/axbot_interfaces/cmake/export_axbot_interfaces__rosidl_typesupport_fastrtps_cppExport-noconfig.cmake
-- Installing: /media/roboserver/DATA/axbot_ws/install/axbot_interfaces/share/axbot_interfaces/cmake/axbot_interfaces__rosidl_typesupport_introspection_cExport.cmake
-- Installing: /media/roboserver/DATA/axbot_ws/install/axbot_interfaces/share/axbot_interfaces/cmake/axbot_interfaces__rosidl_typesupport_introspection_cExport-noconfig.cmake
-- Installing: /media/roboserver/DATA/axbot_ws/install/axbot_interfaces/share/axbot_interfaces/cmake/axbot_interfaces__rosidl_typesupport_cExport.cmake
-- Installing: /media/roboserver/DATA/axbot_ws/install/axbot_interfaces/share/axbot_interfaces/cmake/axbot_interfaces__rosidl_typesupport_cExport-noconfig.cmake
-- Installing: /media/roboserver/DATA/axbot_ws/install/axbot_interfaces/share/axbot_interfaces/cmake/axbot_interfaces__rosidl_typesupport_introspection_cppExport.cmake
-- Installing: /media/roboserver/DATA/axbot_ws/install/axbot_interfaces/share/axbot_interfaces/cmake/axbot_interfaces__rosidl_typesupport_introspection_cppExport-noconfig.cmake
-- Installing: /media/roboserver/DATA/axbot_ws/install/axbot_interfaces/share/axbot_interfaces/cmake/axbot_interfaces__rosidl_typesupport_cppExport.cmake
-- Installing: /media/roboserver/DATA/axbot_ws/install/axbot_interfaces/share/axbot_interfaces/cmake/axbot_interfaces__rosidl_typesupport_cppExport-noconfig.cmake
-- Installing: /media/roboserver/DATA/axbot_ws/install/axbot_interfaces/share/axbot_interfaces/cmake/export_axbot_interfaces__rosidl_generator_pyExport.cmake
-- Installing: /media/roboserver/DATA/axbot_ws/install/axbot_interfaces/share/axbot_interfaces/cmake/export_axbot_interfaces__rosidl_generator_pyExport-noconfig.cmake
