/media/roboserver/DATA/axbot_ws/install/axbot_examples/lib/python3.12/site-packages/axbot_examples/bag_recorder.py
/media/roboserver/DATA/axbot_ws/install/axbot_examples/lib/python3.12/site-packages/axbot_examples/device_info_reader.py
/media/roboserver/DATA/axbot_ws/install/axbot_examples/lib/python3.12/site-packages/axbot_examples/pose_logger.py
/media/roboserver/DATA/axbot_ws/install/axbot_examples/lib/python3.12/site-packages/axbot_examples/square_mover.py
/media/roboserver/DATA/axbot_ws/install/axbot_examples/lib/python3.12/site-packages/axbot_examples/teleop_keyboard.py
/media/roboserver/DATA/axbot_ws/install/axbot_examples/lib/python3.12/site-packages/axbot_examples/__init__.py
/media/roboserver/DATA/axbot_ws/install/axbot_examples/lib/python3.12/site-packages/axbot_examples/__pycache__/bag_recorder.cpython-312.pyc
/media/roboserver/DATA/axbot_ws/install/axbot_examples/lib/python3.12/site-packages/axbot_examples/__pycache__/device_info_reader.cpython-312.pyc
/media/roboserver/DATA/axbot_ws/install/axbot_examples/lib/python3.12/site-packages/axbot_examples/__pycache__/pose_logger.cpython-312.pyc
/media/roboserver/DATA/axbot_ws/install/axbot_examples/lib/python3.12/site-packages/axbot_examples/__pycache__/square_mover.cpython-312.pyc
/media/roboserver/DATA/axbot_ws/install/axbot_examples/lib/python3.12/site-packages/axbot_examples/__pycache__/teleop_keyboard.cpython-312.pyc
/media/roboserver/DATA/axbot_ws/install/axbot_examples/lib/python3.12/site-packages/axbot_examples/__pycache__/__init__.cpython-312.pyc
/media/roboserver/DATA/axbot_ws/install/axbot_examples/share/ament_index/resource_index/packages/axbot_examples
/media/roboserver/DATA/axbot_ws/install/axbot_examples/share/axbot_examples/package.xml
/media/roboserver/DATA/axbot_ws/install/axbot_examples/lib/python3.12/site-packages/axbot_examples-1.0.0-py3.12.egg-info/dependency_links.txt
/media/roboserver/DATA/axbot_ws/install/axbot_examples/lib/python3.12/site-packages/axbot_examples-1.0.0-py3.12.egg-info/entry_points.txt
/media/roboserver/DATA/axbot_ws/install/axbot_examples/lib/python3.12/site-packages/axbot_examples-1.0.0-py3.12.egg-info/PKG-INFO
/media/roboserver/DATA/axbot_ws/install/axbot_examples/lib/python3.12/site-packages/axbot_examples-1.0.0-py3.12.egg-info/requires.txt
/media/roboserver/DATA/axbot_ws/install/axbot_examples/lib/python3.12/site-packages/axbot_examples-1.0.0-py3.12.egg-info/SOURCES.txt
/media/roboserver/DATA/axbot_ws/install/axbot_examples/lib/python3.12/site-packages/axbot_examples-1.0.0-py3.12.egg-info/top_level.txt
/media/roboserver/DATA/axbot_ws/install/axbot_examples/lib/python3.12/site-packages/axbot_examples-1.0.0-py3.12.egg-info/zip-safe
/media/roboserver/DATA/axbot_ws/install/axbot_examples/lib/axbot_examples/device_info_reader
/media/roboserver/DATA/axbot_ws/install/axbot_examples/lib/axbot_examples/pose_logger
/media/roboserver/DATA/axbot_ws/install/axbot_examples/lib/axbot_examples/square_mover
/media/roboserver/DATA/axbot_ws/install/axbot_examples/lib/axbot_examples/teleop_keyboard
