[0.022s] Invoking command in '/media/roboserver/DATA/axbot_ws/build/axbot_description': CMAKE_PREFIX_PATH=${CMAKE_PREFIX_PATH}:/media/roboserver/DATA/axbot_ws/install/pc2_listener:/media/roboserver/DATA/axbot_ws/install/axbot_examples:/media/roboserver/DATA/axbot_ws/install/axbot_driver:/media/roboserver/DATA/autox_ws/install/fielder_teleop:/media/roboserver/DATA/autox_ws/install/fielder_odometry:/media/roboserver/DATA/autox_ws/install/fielder_navigation:/opt/ros/jazzy DEBUGINFOD_URLS=https://debuginfod.ubuntu.com /usr/bin/cmake /media/roboserver/DATA/axbot_ws/src/axbot_description -DAMENT_CMAKE_SYMLINK_INSTALL=1 -DCMAKE_INSTALL_PREFIX=/media/roboserver/DATA/axbot_ws/install/axbot_description
[0.084s] -- The C compiler identification is GNU 13.3.0
[0.146s] -- The CXX compiler identification is GNU 13.3.0
[0.161s] -- Detecting C compiler ABI info
[0.253s] -- Detecting C compiler ABI info - done
[0.271s] -- Check for working C compiler: /usr/bin/cc - skipped
[0.271s] -- Detecting C compile features
[0.272s] -- Detecting C compile features - done
[0.283s] -- Detecting CXX compiler ABI info
[0.396s] -- Detecting CXX compiler ABI info - done
[0.405s] -- Check for working CXX compiler: /usr/bin/c++ - skipped
[0.406s] -- Detecting CXX compile features
[0.406s] -- Detecting CXX compile features - done
[0.412s] -- Found ament_cmake: 2.5.4 (/opt/ros/jazzy/share/ament_cmake/cmake)
[0.588s] -- Found Python3: /usr/bin/python3 (found version "3.12.3") found components: Interpreter 
[0.681s] -- Override CMake install command with custom implementation using symlinks instead of copying resources
[0.853s] -- Configuring done (0.8s)
[0.856s] -- Generating done (0.0s)
[0.858s] -- Build files have been written to: /media/roboserver/DATA/axbot_ws/build/axbot_description
[0.864s] Invoked command in '/media/roboserver/DATA/axbot_ws/build/axbot_description' returned '0': CMAKE_PREFIX_PATH=${CMAKE_PREFIX_PATH}:/media/roboserver/DATA/axbot_ws/install/pc2_listener:/media/roboserver/DATA/axbot_ws/install/axbot_examples:/media/roboserver/DATA/axbot_ws/install/axbot_driver:/media/roboserver/DATA/autox_ws/install/fielder_teleop:/media/roboserver/DATA/autox_ws/install/fielder_odometry:/media/roboserver/DATA/autox_ws/install/fielder_navigation:/opt/ros/jazzy DEBUGINFOD_URLS=https://debuginfod.ubuntu.com /usr/bin/cmake /media/roboserver/DATA/axbot_ws/src/axbot_description -DAMENT_CMAKE_SYMLINK_INSTALL=1 -DCMAKE_INSTALL_PREFIX=/media/roboserver/DATA/axbot_ws/install/axbot_description
[0.865s] Invoking command in '/media/roboserver/DATA/axbot_ws/build/axbot_description': CMAKE_PREFIX_PATH=${CMAKE_PREFIX_PATH}:/media/roboserver/DATA/axbot_ws/install/pc2_listener:/media/roboserver/DATA/axbot_ws/install/axbot_examples:/media/roboserver/DATA/axbot_ws/install/axbot_driver:/media/roboserver/DATA/autox_ws/install/fielder_teleop:/media/roboserver/DATA/autox_ws/install/fielder_odometry:/media/roboserver/DATA/autox_ws/install/fielder_navigation:/opt/ros/jazzy DEBUGINFOD_URLS=https://debuginfod.ubuntu.com /usr/bin/cmake --build /media/roboserver/DATA/axbot_ws/build/axbot_description -- -j8 -l8
[0.947s] Invoked command in '/media/roboserver/DATA/axbot_ws/build/axbot_description' returned '0': CMAKE_PREFIX_PATH=${CMAKE_PREFIX_PATH}:/media/roboserver/DATA/axbot_ws/install/pc2_listener:/media/roboserver/DATA/axbot_ws/install/axbot_examples:/media/roboserver/DATA/axbot_ws/install/axbot_driver:/media/roboserver/DATA/autox_ws/install/fielder_teleop:/media/roboserver/DATA/autox_ws/install/fielder_odometry:/media/roboserver/DATA/autox_ws/install/fielder_navigation:/opt/ros/jazzy DEBUGINFOD_URLS=https://debuginfod.ubuntu.com /usr/bin/cmake --build /media/roboserver/DATA/axbot_ws/build/axbot_description -- -j8 -l8
[0.949s] Invoking command in '/media/roboserver/DATA/axbot_ws/build/axbot_description': CMAKE_PREFIX_PATH=${CMAKE_PREFIX_PATH}:/media/roboserver/DATA/axbot_ws/install/pc2_listener:/media/roboserver/DATA/axbot_ws/install/axbot_examples:/media/roboserver/DATA/axbot_ws/install/axbot_driver:/media/roboserver/DATA/autox_ws/install/fielder_teleop:/media/roboserver/DATA/autox_ws/install/fielder_odometry:/media/roboserver/DATA/autox_ws/install/fielder_navigation:/opt/ros/jazzy DEBUGINFOD_URLS=https://debuginfod.ubuntu.com /usr/bin/cmake --install /media/roboserver/DATA/axbot_ws/build/axbot_description
[0.961s] -- Install configuration: ""
[0.963s] -- Execute custom install script
[0.964s] -- Symlinking: /media/roboserver/DATA/axbot_ws/install/axbot_description/share/axbot_description/urdf/axbot.urdf
[0.977s] -- Symlinking: /media/roboserver/DATA/axbot_ws/install/axbot_description/share/axbot_description/launch/display.launch.py
[0.992s] -- Symlinking: /media/roboserver/DATA/axbot_ws/install/axbot_description/share/ament_index/resource_index/package_run_dependencies/axbot_description
[1.011s] -- Symlinking: /media/roboserver/DATA/axbot_ws/install/axbot_description/share/ament_index/resource_index/parent_prefix_path/axbot_description
[1.028s] -- Symlinking: /media/roboserver/DATA/axbot_ws/install/axbot_description/share/axbot_description/environment/ament_prefix_path.sh
[1.045s] -- Symlinking: /media/roboserver/DATA/axbot_ws/install/axbot_description/share/axbot_description/environment/ament_prefix_path.dsv
[1.061s] -- Symlinking: /media/roboserver/DATA/axbot_ws/install/axbot_description/share/axbot_description/environment/path.sh
[1.075s] -- Symlinking: /media/roboserver/DATA/axbot_ws/install/axbot_description/share/axbot_description/environment/path.dsv
[1.088s] -- Symlinking: /media/roboserver/DATA/axbot_ws/install/axbot_description/share/axbot_description/local_setup.bash
[1.109s] -- Symlinking: /media/roboserver/DATA/axbot_ws/install/axbot_description/share/axbot_description/local_setup.sh
[1.122s] -- Symlinking: /media/roboserver/DATA/axbot_ws/install/axbot_description/share/axbot_description/local_setup.zsh
[1.142s] -- Symlinking: /media/roboserver/DATA/axbot_ws/install/axbot_description/share/axbot_description/local_setup.dsv
[1.159s] -- Symlinking: /media/roboserver/DATA/axbot_ws/install/axbot_description/share/axbot_description/package.dsv
[1.176s] -- Symlinking: /media/roboserver/DATA/axbot_ws/install/axbot_description/share/ament_index/resource_index/packages/axbot_description
[1.191s] -- Symlinking: /media/roboserver/DATA/axbot_ws/install/axbot_description/share/axbot_description/cmake/axbot_descriptionConfig.cmake
[1.208s] -- Symlinking: /media/roboserver/DATA/axbot_ws/install/axbot_description/share/axbot_description/cmake/axbot_descriptionConfig-version.cmake
[1.221s] -- Symlinking: /media/roboserver/DATA/axbot_ws/install/axbot_description/share/axbot_description/package.xml
[1.244s] Invoked command in '/media/roboserver/DATA/axbot_ws/build/axbot_description' returned '0': CMAKE_PREFIX_PATH=${CMAKE_PREFIX_PATH}:/media/roboserver/DATA/axbot_ws/install/pc2_listener:/media/roboserver/DATA/axbot_ws/install/axbot_examples:/media/roboserver/DATA/axbot_ws/install/axbot_driver:/media/roboserver/DATA/autox_ws/install/fielder_teleop:/media/roboserver/DATA/autox_ws/install/fielder_odometry:/media/roboserver/DATA/autox_ws/install/fielder_navigation:/opt/ros/jazzy DEBUGINFOD_URLS=https://debuginfod.ubuntu.com /usr/bin/cmake --install /media/roboserver/DATA/axbot_ws/build/axbot_description
