running egg_info
writing ../../build/axbot_examples/axbot_examples.egg-info/PKG-INFO
writing dependency_links to ../../build/axbot_examples/axbot_examples.egg-info/dependency_links.txt
writing entry points to ../../build/axbot_examples/axbot_examples.egg-info/entry_points.txt
writing requirements to ../../build/axbot_examples/axbot_examples.egg-info/requires.txt
writing top-level names to ../../build/axbot_examples/axbot_examples.egg-info/top_level.txt
reading manifest file '../../build/axbot_examples/axbot_examples.egg-info/SOURCES.txt'
writing manifest file '../../build/axbot_examples/axbot_examples.egg-info/SOURCES.txt'
running build
running build_py
running install
running install_lib
running install_data
running install_egg_info
removing '/media/roboserver/DATA/axbot_ws/install/axbot_examples/lib/python3.12/site-packages/axbot_examples-1.0.0-py3.12.egg-info' (and everything under it)
Copying ../../build/axbot_examples/axbot_examples.egg-info to /media/roboserver/DATA/axbot_ws/install/axbot_examples/lib/python3.12/site-packages/axbot_examples-1.0.0-py3.12.egg-info
running install_scripts
Installing device_info_reader script to /media/roboserver/DATA/axbot_ws/install/axbot_examples/lib/axbot_examples
Installing pose_logger script to /media/roboserver/DATA/axbot_ws/install/axbot_examples/lib/axbot_examples
Installing square_mover script to /media/roboserver/DATA/axbot_ws/install/axbot_examples/lib/axbot_examples
Installing teleop_keyboard script to /media/roboserver/DATA/axbot_ws/install/axbot_examples/lib/axbot_examples
writing list of installed files to '/media/roboserver/DATA/axbot_ws/build/axbot_examples/install.log'
