[1.157s] Invoking command in '/media/roboserver/DATA/axbot_ws/src/axbot_examples': CMAKE_PREFIX_PATH=/media/roboserver/DATA/axbot_ws/install/axbot_interfaces:/media/roboserver/DATA/axbot_ws/install/axbot_navigation:/media/roboserver/DATA/axbot_ws/install/axbot_description:/opt/ros/jazzy/opt/gz_sim_vendor:/opt/ros/jazzy/opt/gz_sensors_vendor:/opt/ros/jazzy/opt/gz_physics_vendor:/opt/ros/jazzy/opt/sdformat_vendor:/opt/ros/jazzy/opt/gz_gui_vendor:/opt/ros/jazzy/opt/gz_transport_vendor:/opt/ros/jazzy/opt/gz_rendering_vendor:/opt/ros/jazzy/opt/gz_plugin_vendor:/opt/ros/jazzy/opt/gz_fuel_tools_vendor:/opt/ros/jazzy/opt/gz_msgs_vendor:/opt/ros/jazzy/opt/gz_common_vendor:/opt/ros/jazzy/opt/gz_math_vendor:/opt/ros/jazzy/opt/gz_utils_vendor:/opt/ros/jazzy/opt/gz_tools_vendor:/opt/ros/jazzy/opt/gz_ogre_next_vendor:/opt/ros/jazzy/opt/gz_dartsim_vendor:/opt/ros/jazzy/opt/gz_cmake_vendor DEBUGINFOD_URLS=https://debuginfod.ubuntu.com PYTHONPATH=/media/roboserver/DATA/axbot_ws/build/axbot_examples/prefix_override:/usr/lib/python3/dist-packages/colcon_core/task/python/colcon_distutils_commands:/media/roboserver/DATA/axbot_ws/install/axbot_examples/lib/python3.12/site-packages:/media/roboserver/DATA/axbot_ws/install/axbot_interfaces/lib/python3.12/site-packages:/media/roboserver/DATA/axbot_ws/install/pc2_listener/lib/python3.12/site-packages:/media/roboserver/DATA/axbot_ws/install/axbot_examples/lib/python3.12/site-packages:/media/roboserver/DATA/axbot_ws/install/axbot_driver/lib/python3.12/site-packages:/media/roboserver/DATA/autox_ws/build/fielder_teleop:/media/roboserver/DATA/autox_ws/install/fielder_teleop/lib/python3.12/site-packages:/media/roboserver/DATA/autox_ws/build/fielder_odometry:/media/roboserver/DATA/autox_ws/install/fielder_odometry/lib/python3.12/site-packages:/media/roboserver/DATA/autox_ws/build/fielder_navigation:/media/roboserver/DATA/autox_ws/install/fielder_navigation/lib/python3.12/site-packages:/opt/ros/jazzy/lib/python3.12/site-packages /usr/bin/python3 -W ignore:setup.py install is deprecated -W ignore:easy_install command is deprecated setup.py egg_info --egg-base ../../build/axbot_examples build --build-base /media/roboserver/DATA/axbot_ws/build/axbot_examples/build install --record /media/roboserver/DATA/axbot_ws/build/axbot_examples/install.log --single-version-externally-managed install_data
[1.456s] running egg_info
[1.456s] creating ../../build/axbot_examples/axbot_examples.egg-info
[1.479s] writing ../../build/axbot_examples/axbot_examples.egg-info/PKG-INFO
[1.480s] writing dependency_links to ../../build/axbot_examples/axbot_examples.egg-info/dependency_links.txt
[1.480s] writing entry points to ../../build/axbot_examples/axbot_examples.egg-info/entry_points.txt
[1.480s] writing requirements to ../../build/axbot_examples/axbot_examples.egg-info/requires.txt
[1.480s] writing top-level names to ../../build/axbot_examples/axbot_examples.egg-info/top_level.txt
[1.480s] writing manifest file '../../build/axbot_examples/axbot_examples.egg-info/SOURCES.txt'
[1.530s] reading manifest file '../../build/axbot_examples/axbot_examples.egg-info/SOURCES.txt'
[1.530s] writing manifest file '../../build/axbot_examples/axbot_examples.egg-info/SOURCES.txt'
[1.530s] running build
[1.531s] running build_py
[1.531s] creating /media/roboserver/DATA/axbot_ws/build/axbot_examples/build
[1.531s] creating /media/roboserver/DATA/axbot_ws/build/axbot_examples/build/lib
[1.531s] creating /media/roboserver/DATA/axbot_ws/build/axbot_examples/build/lib/axbot_examples
[1.531s] copying axbot_examples/bag_recorder.py -> /media/roboserver/DATA/axbot_ws/build/axbot_examples/build/lib/axbot_examples
[1.531s] copying axbot_examples/device_info_reader.py -> /media/roboserver/DATA/axbot_ws/build/axbot_examples/build/lib/axbot_examples
[1.532s] copying axbot_examples/pose_logger.py -> /media/roboserver/DATA/axbot_ws/build/axbot_examples/build/lib/axbot_examples
[1.532s] copying axbot_examples/square_mover.py -> /media/roboserver/DATA/axbot_ws/build/axbot_examples/build/lib/axbot_examples
[1.532s] copying axbot_examples/teleop_keyboard.py -> /media/roboserver/DATA/axbot_ws/build/axbot_examples/build/lib/axbot_examples
[1.532s] copying axbot_examples/__init__.py -> /media/roboserver/DATA/axbot_ws/build/axbot_examples/build/lib/axbot_examples
[1.532s] running install
[1.541s] running install_lib
[1.566s] creating /media/roboserver/DATA/axbot_ws/install/axbot_examples/lib/python3.12/site-packages/axbot_examples
[1.566s] copying /media/roboserver/DATA/axbot_ws/build/axbot_examples/build/lib/axbot_examples/bag_recorder.py -> /media/roboserver/DATA/axbot_ws/install/axbot_examples/lib/python3.12/site-packages/axbot_examples
[1.566s] copying /media/roboserver/DATA/axbot_ws/build/axbot_examples/build/lib/axbot_examples/device_info_reader.py -> /media/roboserver/DATA/axbot_ws/install/axbot_examples/lib/python3.12/site-packages/axbot_examples
[1.566s] copying /media/roboserver/DATA/axbot_ws/build/axbot_examples/build/lib/axbot_examples/pose_logger.py -> /media/roboserver/DATA/axbot_ws/install/axbot_examples/lib/python3.12/site-packages/axbot_examples
[1.566s] copying /media/roboserver/DATA/axbot_ws/build/axbot_examples/build/lib/axbot_examples/square_mover.py -> /media/roboserver/DATA/axbot_ws/install/axbot_examples/lib/python3.12/site-packages/axbot_examples
[1.566s] copying /media/roboserver/DATA/axbot_ws/build/axbot_examples/build/lib/axbot_examples/teleop_keyboard.py -> /media/roboserver/DATA/axbot_ws/install/axbot_examples/lib/python3.12/site-packages/axbot_examples
[1.567s] copying /media/roboserver/DATA/axbot_ws/build/axbot_examples/build/lib/axbot_examples/__init__.py -> /media/roboserver/DATA/axbot_ws/install/axbot_examples/lib/python3.12/site-packages/axbot_examples
[1.567s] byte-compiling /media/roboserver/DATA/axbot_ws/install/axbot_examples/lib/python3.12/site-packages/axbot_examples/bag_recorder.py to bag_recorder.cpython-312.pyc
[1.568s] byte-compiling /media/roboserver/DATA/axbot_ws/install/axbot_examples/lib/python3.12/site-packages/axbot_examples/device_info_reader.py to device_info_reader.cpython-312.pyc
[1.568s] byte-compiling /media/roboserver/DATA/axbot_ws/install/axbot_examples/lib/python3.12/site-packages/axbot_examples/pose_logger.py to pose_logger.cpython-312.pyc
[1.569s] byte-compiling /media/roboserver/DATA/axbot_ws/install/axbot_examples/lib/python3.12/site-packages/axbot_examples/square_mover.py to square_mover.cpython-312.pyc
[1.571s] byte-compiling /media/roboserver/DATA/axbot_ws/install/axbot_examples/lib/python3.12/site-packages/axbot_examples/teleop_keyboard.py to teleop_keyboard.cpython-312.pyc
[1.572s] byte-compiling /media/roboserver/DATA/axbot_ws/install/axbot_examples/lib/python3.12/site-packages/axbot_examples/__init__.py to __init__.cpython-312.pyc
[1.572s] running install_data
[1.572s] creating /media/roboserver/DATA/axbot_ws/install/axbot_examples/share/ament_index
[1.572s] creating /media/roboserver/DATA/axbot_ws/install/axbot_examples/share/ament_index/resource_index
[1.573s] creating /media/roboserver/DATA/axbot_ws/install/axbot_examples/share/ament_index/resource_index/packages
[1.573s] copying resource/axbot_examples -> /media/roboserver/DATA/axbot_ws/install/axbot_examples/share/ament_index/resource_index/packages
[1.573s] copying package.xml -> /media/roboserver/DATA/axbot_ws/install/axbot_examples/share/axbot_examples
[1.573s] running install_egg_info
[1.601s] Copying ../../build/axbot_examples/axbot_examples.egg-info to /media/roboserver/DATA/axbot_ws/install/axbot_examples/lib/python3.12/site-packages/axbot_examples-1.0.0-py3.12.egg-info
[1.602s] running install_scripts
[1.760s] Installing device_info_reader script to /media/roboserver/DATA/axbot_ws/install/axbot_examples/lib/axbot_examples
[1.761s] Installing pose_logger script to /media/roboserver/DATA/axbot_ws/install/axbot_examples/lib/axbot_examples
[1.761s] Installing square_mover script to /media/roboserver/DATA/axbot_ws/install/axbot_examples/lib/axbot_examples
[1.761s] Installing teleop_keyboard script to /media/roboserver/DATA/axbot_ws/install/axbot_examples/lib/axbot_examples
[1.761s] writing list of installed files to '/media/roboserver/DATA/axbot_ws/build/axbot_examples/install.log'
[1.794s] Invoked command in '/media/roboserver/DATA/axbot_ws/src/axbot_examples' returned '0': CMAKE_PREFIX_PATH=/media/roboserver/DATA/axbot_ws/install/axbot_interfaces:/media/roboserver/DATA/axbot_ws/install/axbot_navigation:/media/roboserver/DATA/axbot_ws/install/axbot_description:/opt/ros/jazzy/opt/gz_sim_vendor:/opt/ros/jazzy/opt/gz_sensors_vendor:/opt/ros/jazzy/opt/gz_physics_vendor:/opt/ros/jazzy/opt/sdformat_vendor:/opt/ros/jazzy/opt/gz_gui_vendor:/opt/ros/jazzy/opt/gz_transport_vendor:/opt/ros/jazzy/opt/gz_rendering_vendor:/opt/ros/jazzy/opt/gz_plugin_vendor:/opt/ros/jazzy/opt/gz_fuel_tools_vendor:/opt/ros/jazzy/opt/gz_msgs_vendor:/opt/ros/jazzy/opt/gz_common_vendor:/opt/ros/jazzy/opt/gz_math_vendor:/opt/ros/jazzy/opt/gz_utils_vendor:/opt/ros/jazzy/opt/gz_tools_vendor:/opt/ros/jazzy/opt/gz_ogre_next_vendor:/opt/ros/jazzy/opt/gz_dartsim_vendor:/opt/ros/jazzy/opt/gz_cmake_vendor DEBUGINFOD_URLS=https://debuginfod.ubuntu.com PYTHONPATH=/media/roboserver/DATA/axbot_ws/build/axbot_examples/prefix_override:/usr/lib/python3/dist-packages/colcon_core/task/python/colcon_distutils_commands:/media/roboserver/DATA/axbot_ws/install/axbot_examples/lib/python3.12/site-packages:/media/roboserver/DATA/axbot_ws/install/axbot_interfaces/lib/python3.12/site-packages:/media/roboserver/DATA/axbot_ws/install/pc2_listener/lib/python3.12/site-packages:/media/roboserver/DATA/axbot_ws/install/axbot_examples/lib/python3.12/site-packages:/media/roboserver/DATA/axbot_ws/install/axbot_driver/lib/python3.12/site-packages:/media/roboserver/DATA/autox_ws/build/fielder_teleop:/media/roboserver/DATA/autox_ws/install/fielder_teleop/lib/python3.12/site-packages:/media/roboserver/DATA/autox_ws/build/fielder_odometry:/media/roboserver/DATA/autox_ws/install/fielder_odometry/lib/python3.12/site-packages:/media/roboserver/DATA/autox_ws/build/fielder_navigation:/media/roboserver/DATA/autox_ws/install/fielder_navigation/lib/python3.12/site-packages:/opt/ros/jazzy/lib/python3.12/site-packages /usr/bin/python3 -W ignore:setup.py install is deprecated -W ignore:easy_install command is deprecated setup.py egg_info --egg-base ../../build/axbot_examples build --build-base /media/roboserver/DATA/axbot_ws/build/axbot_examples/build install --record /media/roboserver/DATA/axbot_ws/build/axbot_examples/install.log --single-version-externally-managed install_data
