[0.027s] Invoking command in '/media/roboserver/DATA/axbot_ws/build/axbot_interfaces': CMAKE_PREFIX_PATH=${CMAKE_PREFIX_PATH}:/media/roboserver/DATA/axbot_ws/install/pc2_listener:/media/roboserver/DATA/axbot_ws/install/axbot_examples:/media/roboserver/DATA/axbot_ws/install/axbot_driver:/media/roboserver/DATA/autox_ws/install/fielder_teleop:/media/roboserver/DATA/autox_ws/install/fielder_odometry:/media/roboserver/DATA/autox_ws/install/fielder_navigation:/opt/ros/jazzy DEBUGINFOD_URLS=https://debuginfod.ubuntu.com /usr/bin/cmake --build /media/roboserver/DATA/axbot_ws/build/axbot_interfaces -- -j8 -l8
[0.087s] [  1%] Built target axbot_interfaces__rosidl_generator_type_description
[0.099s] [  1%] Built target ament_cmake_python_copy_axbot_interfaces
[0.112s] [  1%] Built target axbot_interfaces__cpp
[0.126s] [ 26%] Built target axbot_interfaces__rosidl_generator_c
[0.169s] [ 45%] Built target axbot_interfaces__rosidl_typesupport_c
[0.169s] [ 45%] Built target axbot_interfaces__rosidl_typesupport_introspection_c
[0.178s] [ 54%] Built target axbot_interfaces__rosidl_typesupport_cpp
[0.181s] [ 64%] Built target axbot_interfaces__rosidl_typesupport_fastrtps_cpp
[0.181s] [ 74%] Built target axbot_interfaces__rosidl_typesupport_introspection_cpp
[0.182s] [ 84%] Built target axbot_interfaces__rosidl_typesupport_fastrtps_c
[0.206s] [ 84%] Built target axbot_interfaces
[0.229s] [ 85%] Built target axbot_interfaces__py
[0.263s] [ 94%] Built target axbot_interfaces__rosidl_generator_py
[0.292s] [ 96%] Built target axbot_interfaces_s__rosidl_typesupport_fastrtps_c
[0.294s] [ 98%] Built target axbot_interfaces_s__rosidl_typesupport_introspection_c
[0.299s] [100%] Built target axbot_interfaces_s__rosidl_typesupport_c
[0.398s] running egg_info
[0.425s] writing axbot_interfaces.egg-info/PKG-INFO
[0.425s] writing dependency_links to axbot_interfaces.egg-info/dependency_links.txt
[0.425s] writing top-level names to axbot_interfaces.egg-info/top_level.txt
[0.498s] reading manifest file 'axbot_interfaces.egg-info/SOURCES.txt'
[0.499s] writing manifest file 'axbot_interfaces.egg-info/SOURCES.txt'
[0.528s] [100%] Built target ament_cmake_python_build_axbot_interfaces_egg
