[0.008s] Invoking command in '/media/roboserver/DATA/axbot_ws/build/axbot_description': /usr/bin/cmake --build /media/roboserver/DATA/axbot_ws/build/axbot_description -- -j8 -l8
[0.054s] Invoked command in '/media/roboserver/DATA/axbot_ws/build/axbot_description' returned '0': /usr/bin/cmake --build /media/roboserver/DATA/axbot_ws/build/axbot_description -- -j8 -l8
[0.064s] Invoking command in '/media/roboserver/DATA/axbot_ws/build/axbot_description': /usr/bin/cmake --install /media/roboserver/DATA/axbot_ws/build/axbot_description
[0.073s] -- Install configuration: ""
[0.074s] -- Execute custom install script
[0.074s] -- Up-to-date symlink: /media/roboserver/DATA/axbot_ws/install/axbot_description/share/axbot_description/urdf/axbot.urdf
[0.074s] -- Up-to-date symlink: /media/roboserver/DATA/axbot_ws/install/axbot_description/share/axbot_description/launch/display.launch.py
[0.075s] -- Up-to-date symlink: /media/roboserver/DATA/axbot_ws/install/axbot_description/share/ament_index/resource_index/package_run_dependencies/axbot_description
[0.075s] -- Up-to-date symlink: /media/roboserver/DATA/axbot_ws/install/axbot_description/share/ament_index/resource_index/parent_prefix_path/axbot_description
[0.075s] -- Up-to-date symlink: /media/roboserver/DATA/axbot_ws/install/axbot_description/share/axbot_description/environment/ament_prefix_path.sh
[0.076s] -- Up-to-date symlink: /media/roboserver/DATA/axbot_ws/install/axbot_description/share/axbot_description/environment/ament_prefix_path.dsv
[0.076s] -- Up-to-date symlink: /media/roboserver/DATA/axbot_ws/install/axbot_description/share/axbot_description/environment/path.sh
[0.076s] -- Up-to-date symlink: /media/roboserver/DATA/axbot_ws/install/axbot_description/share/axbot_description/environment/path.dsv
[0.077s] -- Up-to-date symlink: /media/roboserver/DATA/axbot_ws/install/axbot_description/share/axbot_description/local_setup.bash
[0.078s] -- Up-to-date symlink: /media/roboserver/DATA/axbot_ws/install/axbot_description/share/axbot_description/local_setup.sh
[0.078s] -- Up-to-date symlink: /media/roboserver/DATA/axbot_ws/install/axbot_description/share/axbot_description/local_setup.zsh
[0.078s] -- Up-to-date symlink: /media/roboserver/DATA/axbot_ws/install/axbot_description/share/axbot_description/local_setup.dsv
[0.078s] -- Symlinking: /media/roboserver/DATA/axbot_ws/install/axbot_description/share/axbot_description/package.dsv
[0.085s] -- Up-to-date symlink: /media/roboserver/DATA/axbot_ws/install/axbot_description/share/ament_index/resource_index/packages/axbot_description
[0.085s] -- Up-to-date symlink: /media/roboserver/DATA/axbot_ws/install/axbot_description/share/axbot_description/cmake/axbot_descriptionConfig.cmake
[0.085s] -- Up-to-date symlink: /media/roboserver/DATA/axbot_ws/install/axbot_description/share/axbot_description/cmake/axbot_descriptionConfig-version.cmake
[0.086s] -- Up-to-date symlink: /media/roboserver/DATA/axbot_ws/install/axbot_description/share/axbot_description/package.xml
