[  1%] [34m[1mGenerating type hashes for ROS interfaces[0m
[  1%] Built target ament_cmake_python_copy_axbot_interfaces
running egg_info
creating axbot_interfaces.egg-info
writing axbot_interfaces.egg-info/PKG-INFO
writing dependency_links to axbot_interfaces.egg-info/dependency_links.txt
writing top-level names to axbot_interfaces.egg-info/top_level.txt
writing manifest file 'axbot_interfaces.egg-info/SOURCES.txt'
reading manifest file 'axbot_interfaces.egg-info/SOURCES.txt'
writing manifest file 'axbot_interfaces.egg-info/SOURCES.txt'
[  1%] Built target ament_cmake_python_build_axbot_interfaces_egg
[  1%] Built target axbot_interfaces__rosidl_generator_type_description
[  2%] [34m[1mGenerating C code for ROS interfaces[0m
[  2%] [34m[1mGenerating C++ code for ROS interfaces[0m
[  2%] Built target axbot_interfaces__cpp
[  3%] [32mBuilding C object CMakeFiles/axbot_interfaces__rosidl_generator_c.dir/rosidl_generator_c/axbot_interfaces/msg/detail/device_info__functions.c.o[0m
[  5%] [32mBuilding C object CMakeFiles/axbot_interfaces__rosidl_generator_c.dir/rosidl_generator_c/axbot_interfaces/msg/detail/wheel_state__description.c.o[0m
[  6%] [32mBuilding C object CMakeFiles/axbot_interfaces__rosidl_generator_c.dir/rosidl_generator_c/axbot_interfaces/msg/detail/wheel_state__type_support.c.o[0m
[  7%] [32mBuilding C object CMakeFiles/axbot_interfaces__rosidl_generator_c.dir/rosidl_generator_c/axbot_interfaces/msg/detail/slam_state__description.c.o[0m
[  4%] [32mBuilding C object CMakeFiles/axbot_interfaces__rosidl_generator_c.dir/rosidl_generator_c/axbot_interfaces/msg/detail/device_info__type_support.c.o[0m
[  8%] [32mBuilding C object CMakeFiles/axbot_interfaces__rosidl_generator_c.dir/rosidl_generator_c/axbot_interfaces/msg/detail/device_info__description.c.o[0m
[  9%] [32mBuilding C object CMakeFiles/axbot_interfaces__rosidl_generator_c.dir/rosidl_generator_c/axbot_interfaces/msg/detail/wheel_state__functions.c.o[0m
[ 10%] [32mBuilding C object CMakeFiles/axbot_interfaces__rosidl_generator_c.dir/rosidl_generator_c/axbot_interfaces/msg/detail/slam_state__functions.c.o[0m
[ 11%] [32mBuilding C object CMakeFiles/axbot_interfaces__rosidl_generator_c.dir/rosidl_generator_c/axbot_interfaces/msg/detail/planning_state__description.c.o[0m
[ 12%] [32mBuilding C object CMakeFiles/axbot_interfaces__rosidl_generator_c.dir/rosidl_generator_c/axbot_interfaces/msg/detail/slam_state__type_support.c.o[0m
[ 13%] [32mBuilding C object CMakeFiles/axbot_interfaces__rosidl_generator_c.dir/rosidl_generator_c/axbot_interfaces/msg/detail/planning_state__functions.c.o[0m
[ 15%] [32mBuilding C object CMakeFiles/axbot_interfaces__rosidl_generator_c.dir/rosidl_generator_c/axbot_interfaces/msg/detail/robot_pose__description.c.o[0m
[ 15%] [32mBuilding C object CMakeFiles/axbot_interfaces__rosidl_generator_c.dir/rosidl_generator_c/axbot_interfaces/msg/detail/planning_state__type_support.c.o[0m
[ 16%] [32mBuilding C object CMakeFiles/axbot_interfaces__rosidl_generator_c.dir/rosidl_generator_c/axbot_interfaces/msg/detail/robot_pose__functions.c.o[0m
[ 17%] [32mBuilding C object CMakeFiles/axbot_interfaces__rosidl_generator_c.dir/rosidl_generator_c/axbot_interfaces/msg/detail/robot_pose__type_support.c.o[0m
[ 18%] [32mBuilding C object CMakeFiles/axbot_interfaces__rosidl_generator_c.dir/rosidl_generator_c/axbot_interfaces/srv/detail/set_control_mode__description.c.o[0m
[ 19%] [32mBuilding C object CMakeFiles/axbot_interfaces__rosidl_generator_c.dir/rosidl_generator_c/axbot_interfaces/srv/detail/set_control_mode__functions.c.o[0m
[ 20%] [32mBuilding C object CMakeFiles/axbot_interfaces__rosidl_generator_c.dir/rosidl_generator_c/axbot_interfaces/srv/detail/set_control_mode__type_support.c.o[0m
[ 21%] [32mBuilding C object CMakeFiles/axbot_interfaces__rosidl_generator_c.dir/rosidl_generator_c/axbot_interfaces/srv/detail/set_emergency_stop__description.c.o[0m
[ 23%] [32mBuilding C object CMakeFiles/axbot_interfaces__rosidl_generator_c.dir/rosidl_generator_c/axbot_interfaces/srv/detail/set_emergency_stop__type_support.c.o[0m
[ 23%] [32mBuilding C object CMakeFiles/axbot_interfaces__rosidl_generator_c.dir/rosidl_generator_c/axbot_interfaces/srv/detail/set_emergency_stop__functions.c.o[0m
[ 24%] [32mBuilding C object CMakeFiles/axbot_interfaces__rosidl_generator_c.dir/rosidl_generator_c/axbot_interfaces/srv/detail/get_device_info__functions.c.o[0m
[ 25%] [32mBuilding C object CMakeFiles/axbot_interfaces__rosidl_generator_c.dir/rosidl_generator_c/axbot_interfaces/srv/detail/get_device_info__description.c.o[0m
[ 25%] [32mBuilding C object CMakeFiles/axbot_interfaces__rosidl_generator_c.dir/rosidl_generator_c/axbot_interfaces/srv/detail/get_device_info__type_support.c.o[0m
[ 26%] [32m[1mLinking C shared library libaxbot_interfaces__rosidl_generator_c.so[0m
[ 26%] Built target axbot_interfaces__rosidl_generator_c
[ 27%] [34m[1mGenerating C++ type support dispatch for ROS interfaces[0m
[ 28%] [34m[1mGenerating C++ type support for eProsima Fast-RTPS[0m
[ 30%] [34m[1mGenerating C introspection for ROS interfaces[0m
[ 30%] [34m[1mGenerating C type support for eProsima Fast-RTPS[0m
[ 30%] [34m[1mGenerating C type support dispatch for ROS interfaces[0m
[ 31%] [34m[1mGenerating C++ introspection for ROS interfaces[0m
[ 34%] [32mBuilding CXX object CMakeFiles/axbot_interfaces__rosidl_typesupport_c.dir/rosidl_typesupport_c/axbot_interfaces/msg/device_info__type_support.cpp.o[0m
[ 34%] [32mBuilding CXX object CMakeFiles/axbot_interfaces__rosidl_typesupport_c.dir/rosidl_typesupport_c/axbot_interfaces/msg/wheel_state__type_support.cpp.o[0m
[ 34%] [32mBuilding CXX object CMakeFiles/axbot_interfaces__rosidl_typesupport_c.dir/rosidl_typesupport_c/axbot_interfaces/msg/slam_state__type_support.cpp.o[0m
[ 35%] [32mBuilding CXX object CMakeFiles/axbot_interfaces__rosidl_typesupport_c.dir/rosidl_typesupport_c/axbot_interfaces/msg/planning_state__type_support.cpp.o[0m
[ 37%] [32mBuilding CXX object CMakeFiles/axbot_interfaces__rosidl_typesupport_c.dir/rosidl_typesupport_c/axbot_interfaces/srv/set_control_mode__type_support.cpp.o[0m
[ 37%] [32mBuilding CXX object CMakeFiles/axbot_interfaces__rosidl_typesupport_c.dir/rosidl_typesupport_c/axbot_interfaces/msg/robot_pose__type_support.cpp.o[0m
[ 38%] [32mBuilding CXX object CMakeFiles/axbot_interfaces__rosidl_typesupport_c.dir/rosidl_typesupport_c/axbot_interfaces/srv/get_device_info__type_support.cpp.o[0m
[ 39%] [32mBuilding CXX object CMakeFiles/axbot_interfaces__rosidl_typesupport_c.dir/rosidl_typesupport_c/axbot_interfaces/srv/set_emergency_stop__type_support.cpp.o[0m
[ 41%] [32mBuilding CXX object CMakeFiles/axbot_interfaces__rosidl_typesupport_cpp.dir/rosidl_typesupport_cpp/axbot_interfaces/msg/wheel_state__type_support.cpp.o[0m
[ 41%] [32mBuilding CXX object CMakeFiles/axbot_interfaces__rosidl_typesupport_cpp.dir/rosidl_typesupport_cpp/axbot_interfaces/msg/device_info__type_support.cpp.o[0m
[ 43%] [32mBuilding CXX object CMakeFiles/axbot_interfaces__rosidl_typesupport_cpp.dir/rosidl_typesupport_cpp/axbot_interfaces/msg/slam_state__type_support.cpp.o[0m
[ 43%] [32m[1mLinking CXX shared library libaxbot_interfaces__rosidl_typesupport_c.so[0m
[ 43%] Built target axbot_interfaces__rosidl_typesupport_c
[ 44%] [32mBuilding CXX object CMakeFiles/axbot_interfaces__rosidl_typesupport_fastrtps_cpp.dir/rosidl_typesupport_fastrtps_cpp/axbot_interfaces/msg/detail/dds_fastrtps/device_info__type_support.cpp.o[0m
[ 45%] [32mBuilding CXX object CMakeFiles/axbot_interfaces__rosidl_typesupport_fastrtps_cpp.dir/rosidl_typesupport_fastrtps_cpp/axbot_interfaces/msg/detail/dds_fastrtps/wheel_state__type_support.cpp.o[0m
[ 46%] [32mBuilding CXX object CMakeFiles/axbot_interfaces__rosidl_typesupport_introspection_cpp.dir/rosidl_typesupport_introspection_cpp/axbot_interfaces/msg/detail/device_info__type_support.cpp.o[0m
[ 47%] [32mBuilding C object CMakeFiles/axbot_interfaces__rosidl_typesupport_introspection_c.dir/rosidl_typesupport_introspection_c/axbot_interfaces/msg/detail/device_info__type_support.c.o[0m
[ 48%] [32mBuilding C object CMakeFiles/axbot_interfaces__rosidl_typesupport_introspection_c.dir/rosidl_typesupport_introspection_c/axbot_interfaces/msg/detail/wheel_state__type_support.c.o[0m
[ 49%] [32mBuilding C object CMakeFiles/axbot_interfaces__rosidl_typesupport_introspection_c.dir/rosidl_typesupport_introspection_c/axbot_interfaces/msg/detail/slam_state__type_support.c.o[0m
[ 50%] [32mBuilding C object CMakeFiles/axbot_interfaces__rosidl_typesupport_introspection_c.dir/rosidl_typesupport_introspection_c/axbot_interfaces/msg/detail/planning_state__type_support.c.o[0m
[ 51%] [32mBuilding CXX object CMakeFiles/axbot_interfaces__rosidl_typesupport_fastrtps_c.dir/rosidl_typesupport_fastrtps_c/axbot_interfaces/msg/detail/device_info__type_support_c.cpp.o[0m
[ 52%] [32mBuilding C object CMakeFiles/axbot_interfaces__rosidl_typesupport_introspection_c.dir/rosidl_typesupport_introspection_c/axbot_interfaces/msg/detail/robot_pose__type_support.c.o[0m
[ 53%] [32mBuilding C object CMakeFiles/axbot_interfaces__rosidl_typesupport_introspection_c.dir/rosidl_typesupport_introspection_c/axbot_interfaces/srv/detail/set_control_mode__type_support.c.o[0m
[ 54%] [32mBuilding C object CMakeFiles/axbot_interfaces__rosidl_typesupport_introspection_c.dir/rosidl_typesupport_introspection_c/axbot_interfaces/srv/detail/set_emergency_stop__type_support.c.o[0m
[ 55%] [32mBuilding C object CMakeFiles/axbot_interfaces__rosidl_typesupport_introspection_c.dir/rosidl_typesupport_introspection_c/axbot_interfaces/srv/detail/get_device_info__type_support.c.o[0m
[ 56%] [32m[1mLinking C shared library libaxbot_interfaces__rosidl_typesupport_introspection_c.so[0m
[ 56%] Built target axbot_interfaces__rosidl_typesupport_introspection_c
[ 56%] [32mBuilding CXX object CMakeFiles/axbot_interfaces__rosidl_typesupport_cpp.dir/rosidl_typesupport_cpp/axbot_interfaces/msg/planning_state__type_support.cpp.o[0m
[ 59%] [32mBuilding CXX object CMakeFiles/axbot_interfaces__rosidl_typesupport_introspection_cpp.dir/rosidl_typesupport_introspection_cpp/axbot_interfaces/msg/detail/wheel_state__type_support.cpp.o[0m
[ 59%] [32mBuilding CXX object CMakeFiles/axbot_interfaces__rosidl_typesupport_cpp.dir/rosidl_typesupport_cpp/axbot_interfaces/msg/robot_pose__type_support.cpp.o[0m
[ 59%] [32mBuilding CXX object CMakeFiles/axbot_interfaces__rosidl_typesupport_fastrtps_c.dir/rosidl_typesupport_fastrtps_c/axbot_interfaces/msg/detail/wheel_state__type_support_c.cpp.o[0m
[ 60%] [32mBuilding CXX object CMakeFiles/axbot_interfaces__rosidl_typesupport_introspection_cpp.dir/rosidl_typesupport_introspection_cpp/axbot_interfaces/msg/detail/slam_state__type_support.cpp.o[0m
[ 61%] [32mBuilding CXX object CMakeFiles/axbot_interfaces__rosidl_typesupport_fastrtps_cpp.dir/rosidl_typesupport_fastrtps_cpp/axbot_interfaces/msg/detail/dds_fastrtps/slam_state__type_support.cpp.o[0m
[ 62%] [32mBuilding CXX object CMakeFiles/axbot_interfaces__rosidl_typesupport_fastrtps_c.dir/rosidl_typesupport_fastrtps_c/axbot_interfaces/msg/detail/slam_state__type_support_c.cpp.o[0m
[ 63%] [32mBuilding CXX object CMakeFiles/axbot_interfaces__rosidl_typesupport_fastrtps_c.dir/rosidl_typesupport_fastrtps_c/axbot_interfaces/msg/detail/planning_state__type_support_c.cpp.o[0m
[ 64%] [32mBuilding CXX object CMakeFiles/axbot_interfaces__rosidl_typesupport_introspection_cpp.dir/rosidl_typesupport_introspection_cpp/axbot_interfaces/msg/detail/planning_state__type_support.cpp.o[0m
[ 65%] [32mBuilding CXX object CMakeFiles/axbot_interfaces__rosidl_typesupport_cpp.dir/rosidl_typesupport_cpp/axbot_interfaces/srv/set_control_mode__type_support.cpp.o[0m
[ 66%] [32mBuilding CXX object CMakeFiles/axbot_interfaces__rosidl_typesupport_fastrtps_cpp.dir/rosidl_typesupport_fastrtps_cpp/axbot_interfaces/msg/detail/dds_fastrtps/planning_state__type_support.cpp.o[0m
[ 67%] [32mBuilding CXX object CMakeFiles/axbot_interfaces__rosidl_typesupport_fastrtps_c.dir/rosidl_typesupport_fastrtps_c/axbot_interfaces/msg/detail/robot_pose__type_support_c.cpp.o[0m
[ 68%] [32mBuilding CXX object CMakeFiles/axbot_interfaces__rosidl_typesupport_cpp.dir/rosidl_typesupport_cpp/axbot_interfaces/srv/set_emergency_stop__type_support.cpp.o[0m
[ 69%] [32mBuilding CXX object CMakeFiles/axbot_interfaces__rosidl_typesupport_fastrtps_c.dir/rosidl_typesupport_fastrtps_c/axbot_interfaces/srv/detail/set_control_mode__type_support_c.cpp.o[0m
[ 70%] [32mBuilding CXX object CMakeFiles/axbot_interfaces__rosidl_typesupport_introspection_cpp.dir/rosidl_typesupport_introspection_cpp/axbot_interfaces/msg/detail/robot_pose__type_support.cpp.o[0m
[ 71%] [32mBuilding CXX object CMakeFiles/axbot_interfaces__rosidl_typesupport_cpp.dir/rosidl_typesupport_cpp/axbot_interfaces/srv/get_device_info__type_support.cpp.o[0m
[ 72%] [32mBuilding CXX object CMakeFiles/axbot_interfaces__rosidl_typesupport_introspection_cpp.dir/rosidl_typesupport_introspection_cpp/axbot_interfaces/srv/detail/set_control_mode__type_support.cpp.o[0m
[ 73%] [32mBuilding CXX object CMakeFiles/axbot_interfaces__rosidl_typesupport_introspection_cpp.dir/rosidl_typesupport_introspection_cpp/axbot_interfaces/srv/detail/set_emergency_stop__type_support.cpp.o[0m
[ 74%] [32mBuilding CXX object CMakeFiles/axbot_interfaces__rosidl_typesupport_fastrtps_cpp.dir/rosidl_typesupport_fastrtps_cpp/axbot_interfaces/msg/detail/dds_fastrtps/robot_pose__type_support.cpp.o[0m
[ 75%] [32mBuilding CXX object CMakeFiles/axbot_interfaces__rosidl_typesupport_introspection_cpp.dir/rosidl_typesupport_introspection_cpp/axbot_interfaces/srv/detail/get_device_info__type_support.cpp.o[0m
[ 76%] [32mBuilding CXX object CMakeFiles/axbot_interfaces__rosidl_typesupport_fastrtps_c.dir/rosidl_typesupport_fastrtps_c/axbot_interfaces/srv/detail/set_emergency_stop__type_support_c.cpp.o[0m
[ 77%] [32mBuilding CXX object CMakeFiles/axbot_interfaces__rosidl_typesupport_fastrtps_c.dir/rosidl_typesupport_fastrtps_c/axbot_interfaces/srv/detail/get_device_info__type_support_c.cpp.o[0m
[ 78%] [32m[1mLinking CXX shared library libaxbot_interfaces__rosidl_typesupport_cpp.so[0m
[ 79%] [32mBuilding CXX object CMakeFiles/axbot_interfaces__rosidl_typesupport_fastrtps_cpp.dir/rosidl_typesupport_fastrtps_cpp/axbot_interfaces/srv/detail/dds_fastrtps/set_control_mode__type_support.cpp.o[0m
[ 80%] [32mBuilding CXX object CMakeFiles/axbot_interfaces__rosidl_typesupport_fastrtps_cpp.dir/rosidl_typesupport_fastrtps_cpp/axbot_interfaces/srv/detail/dds_fastrtps/set_emergency_stop__type_support.cpp.o[0m
[ 81%] [32mBuilding CXX object CMakeFiles/axbot_interfaces__rosidl_typesupport_fastrtps_cpp.dir/rosidl_typesupport_fastrtps_cpp/axbot_interfaces/srv/detail/dds_fastrtps/get_device_info__type_support.cpp.o[0m
[ 81%] Built target axbot_interfaces__rosidl_typesupport_cpp
[ 82%] [32m[1mLinking CXX shared library libaxbot_interfaces__rosidl_typesupport_introspection_cpp.so[0m
[ 82%] Built target axbot_interfaces__rosidl_typesupport_introspection_cpp
[ 83%] [32m[1mLinking CXX shared library libaxbot_interfaces__rosidl_typesupport_fastrtps_c.so[0m
[ 83%] Built target axbot_interfaces__rosidl_typesupport_fastrtps_c
[ 84%] [32m[1mLinking CXX shared library libaxbot_interfaces__rosidl_typesupport_fastrtps_cpp.so[0m
[ 84%] Built target axbot_interfaces__rosidl_typesupport_fastrtps_cpp
[ 84%] Built target axbot_interfaces
[ 85%] [34m[1mGenerating Python code for ROS interfaces[0m
[ 85%] Built target axbot_interfaces__py
[ 88%] [32mBuilding C object CMakeFiles/axbot_interfaces__rosidl_generator_py.dir/rosidl_generator_py/axbot_interfaces/msg/_wheel_state_s.c.o[0m
[ 88%] [32mBuilding C object CMakeFiles/axbot_interfaces__rosidl_generator_py.dir/rosidl_generator_py/axbot_interfaces/msg/_slam_state_s.c.o[0m
[ 90%] [32mBuilding C object CMakeFiles/axbot_interfaces__rosidl_generator_py.dir/rosidl_generator_py/axbot_interfaces/msg/_robot_pose_s.c.o[0m
[ 88%] [32mBuilding C object CMakeFiles/axbot_interfaces__rosidl_generator_py.dir/rosidl_generator_py/axbot_interfaces/msg/_planning_state_s.c.o[0m
[ 91%] [32mBuilding C object CMakeFiles/axbot_interfaces__rosidl_generator_py.dir/rosidl_generator_py/axbot_interfaces/srv/_get_device_info_s.c.o[0m
[ 92%] [32mBuilding C object CMakeFiles/axbot_interfaces__rosidl_generator_py.dir/rosidl_generator_py/axbot_interfaces/srv/_set_control_mode_s.c.o[0m
[ 90%] [32mBuilding C object CMakeFiles/axbot_interfaces__rosidl_generator_py.dir/rosidl_generator_py/axbot_interfaces/msg/_device_info_s.c.o[0m
[ 93%] [32mBuilding C object CMakeFiles/axbot_interfaces__rosidl_generator_py.dir/rosidl_generator_py/axbot_interfaces/srv/_set_emergency_stop_s.c.o[0m
[ 94%] [32m[1mLinking C shared library libaxbot_interfaces__rosidl_generator_py.so[0m
[ 94%] Built target axbot_interfaces__rosidl_generator_py
[ 97%] [32mBuilding C object CMakeFiles/axbot_interfaces_s__rosidl_typesupport_introspection_c.dir/rosidl_generator_py/axbot_interfaces/_axbot_interfaces_s.ep.rosidl_typesupport_introspection_c.c.o[0m
[ 97%] [32mBuilding C object CMakeFiles/axbot_interfaces_s__rosidl_typesupport_c.dir/rosidl_generator_py/axbot_interfaces/_axbot_interfaces_s.ep.rosidl_typesupport_c.c.o[0m
[ 97%] [32mBuilding C object CMakeFiles/axbot_interfaces_s__rosidl_typesupport_fastrtps_c.dir/rosidl_generator_py/axbot_interfaces/_axbot_interfaces_s.ep.rosidl_typesupport_fastrtps_c.c.o[0m
[ 98%] [32m[1mLinking C shared module rosidl_generator_py/axbot_interfaces/axbot_interfaces_s__rosidl_typesupport_c.so[0m
[ 99%] [32m[1mLinking C shared module rosidl_generator_py/axbot_interfaces/axbot_interfaces_s__rosidl_typesupport_introspection_c.so[0m
[100%] [32m[1mLinking C shared module rosidl_generator_py/axbot_interfaces/axbot_interfaces_s__rosidl_typesupport_fastrtps_c.so[0m
[100%] Built target axbot_interfaces_s__rosidl_typesupport_c
[100%] Built target axbot_interfaces_s__rosidl_typesupport_introspection_c
[100%] Built target axbot_interfaces_s__rosidl_typesupport_fastrtps_c
-- Install configuration: ""
-- Installing: /media/roboserver/DATA/axbot_ws/install/axbot_interfaces/share/ament_index/resource_index/rosidl_interfaces/axbot_interfaces
-- Installing: /media/roboserver/DATA/axbot_ws/install/axbot_interfaces/share/axbot_interfaces/msg/DeviceInfo.json
-- Installing: /media/roboserver/DATA/axbot_ws/install/axbot_interfaces/share/axbot_interfaces/msg/WheelState.json
-- Installing: /media/roboserver/DATA/axbot_ws/install/axbot_interfaces/share/axbot_interfaces/msg/SlamState.json
-- Installing: /media/roboserver/DATA/axbot_ws/install/axbot_interfaces/share/axbot_interfaces/msg/PlanningState.json
-- Installing: /media/roboserver/DATA/axbot_ws/install/axbot_interfaces/share/axbot_interfaces/msg/RobotPose.json
-- Installing: /media/roboserver/DATA/axbot_ws/install/axbot_interfaces/share/axbot_interfaces/srv/SetControlMode.json
-- Installing: /media/roboserver/DATA/axbot_ws/install/axbot_interfaces/share/axbot_interfaces/srv/SetEmergencyStop.json
-- Installing: /media/roboserver/DATA/axbot_ws/install/axbot_interfaces/share/axbot_interfaces/srv/GetDeviceInfo.json
-- Installing: /media/roboserver/DATA/axbot_ws/install/axbot_interfaces/include/axbot_interfaces/axbot_interfaces
-- Installing: /media/roboserver/DATA/axbot_ws/install/axbot_interfaces/include/axbot_interfaces/axbot_interfaces/msg
-- Installing: /media/roboserver/DATA/axbot_ws/install/axbot_interfaces/include/axbot_interfaces/axbot_interfaces/msg/detail
-- Installing: /media/roboserver/DATA/axbot_ws/install/axbot_interfaces/include/axbot_interfaces/axbot_interfaces/msg/detail/robot_pose__functions.h
-- Installing: /media/roboserver/DATA/axbot_ws/install/axbot_interfaces/include/axbot_interfaces/axbot_interfaces/msg/detail/robot_pose__struct.h
-- Installing: /media/roboserver/DATA/axbot_ws/install/axbot_interfaces/include/axbot_interfaces/axbot_interfaces/msg/detail/robot_pose__type_support.c
-- Installing: /media/roboserver/DATA/axbot_ws/install/axbot_interfaces/include/axbot_interfaces/axbot_interfaces/msg/detail/robot_pose__type_support.h
-- Installing: /media/roboserver/DATA/axbot_ws/install/axbot_interfaces/include/axbot_interfaces/axbot_interfaces/msg/detail/slam_state__description.c
-- Installing: /media/roboserver/DATA/axbot_ws/install/axbot_interfaces/include/axbot_interfaces/axbot_interfaces/msg/detail/slam_state__functions.c
-- Installing: /media/roboserver/DATA/axbot_ws/install/axbot_interfaces/include/axbot_interfaces/axbot_interfaces/msg/detail/slam_state__functions.h
-- Installing: /media/roboserver/DATA/axbot_ws/install/axbot_interfaces/include/axbot_interfaces/axbot_interfaces/msg/detail/slam_state__struct.h
-- Installing: /media/roboserver/DATA/axbot_ws/install/axbot_interfaces/include/axbot_interfaces/axbot_interfaces/msg/detail/slam_state__type_support.c
-- Installing: /media/roboserver/DATA/axbot_ws/install/axbot_interfaces/include/axbot_interfaces/axbot_interfaces/msg/detail/slam_state__type_support.h
-- Installing: /media/roboserver/DATA/axbot_ws/install/axbot_interfaces/include/axbot_interfaces/axbot_interfaces/msg/detail/wheel_state__description.c
-- Installing: /media/roboserver/DATA/axbot_ws/install/axbot_interfaces/include/axbot_interfaces/axbot_interfaces/msg/detail/wheel_state__functions.c
-- Installing: /media/roboserver/DATA/axbot_ws/install/axbot_interfaces/include/axbot_interfaces/axbot_interfaces/msg/detail/wheel_state__functions.h
-- Installing: /media/roboserver/DATA/axbot_ws/install/axbot_interfaces/include/axbot_interfaces/axbot_interfaces/msg/detail/wheel_state__struct.h
-- Installing: /media/roboserver/DATA/axbot_ws/install/axbot_interfaces/include/axbot_interfaces/axbot_interfaces/msg/detail/wheel_state__type_support.c
-- Installing: /media/roboserver/DATA/axbot_ws/install/axbot_interfaces/include/axbot_interfaces/axbot_interfaces/msg/detail/wheel_state__type_support.h
-- Installing: /media/roboserver/DATA/axbot_ws/install/axbot_interfaces/include/axbot_interfaces/axbot_interfaces/msg/detail/device_info__description.c
-- Installing: /media/roboserver/DATA/axbot_ws/install/axbot_interfaces/include/axbot_interfaces/axbot_interfaces/msg/detail/device_info__functions.c
-- Installing: /media/roboserver/DATA/axbot_ws/install/axbot_interfaces/include/axbot_interfaces/axbot_interfaces/msg/detail/device_info__functions.h
-- Installing: /media/roboserver/DATA/axbot_ws/install/axbot_interfaces/include/axbot_interfaces/axbot_interfaces/msg/detail/device_info__struct.h
-- Installing: /media/roboserver/DATA/axbot_ws/install/axbot_interfaces/include/axbot_interfaces/axbot_interfaces/msg/detail/device_info__type_support.c
-- Installing: /media/roboserver/DATA/axbot_ws/install/axbot_interfaces/include/axbot_interfaces/axbot_interfaces/msg/detail/device_info__type_support.h
-- Installing: /media/roboserver/DATA/axbot_ws/install/axbot_interfaces/include/axbot_interfaces/axbot_interfaces/msg/detail/planning_state__description.c
-- Installing: /media/roboserver/DATA/axbot_ws/install/axbot_interfaces/include/axbot_interfaces/axbot_interfaces/msg/detail/planning_state__functions.c
-- Installing: /media/roboserver/DATA/axbot_ws/install/axbot_interfaces/include/axbot_interfaces/axbot_interfaces/msg/detail/planning_state__functions.h
-- Installing: /media/roboserver/DATA/axbot_ws/install/axbot_interfaces/include/axbot_interfaces/axbot_interfaces/msg/detail/planning_state__struct.h
-- Installing: /media/roboserver/DATA/axbot_ws/install/axbot_interfaces/include/axbot_interfaces/axbot_interfaces/msg/detail/planning_state__type_support.c
-- Installing: /media/roboserver/DATA/axbot_ws/install/axbot_interfaces/include/axbot_interfaces/axbot_interfaces/msg/detail/planning_state__type_support.h
-- Installing: /media/roboserver/DATA/axbot_ws/install/axbot_interfaces/include/axbot_interfaces/axbot_interfaces/msg/detail/robot_pose__description.c
-- Installing: /media/roboserver/DATA/axbot_ws/install/axbot_interfaces/include/axbot_interfaces/axbot_interfaces/msg/detail/robot_pose__functions.c
-- Installing: /media/roboserver/DATA/axbot_ws/install/axbot_interfaces/include/axbot_interfaces/axbot_interfaces/msg/device_info.h
-- Installing: /media/roboserver/DATA/axbot_ws/install/axbot_interfaces/include/axbot_interfaces/axbot_interfaces/msg/planning_state.h
-- Installing: /media/roboserver/DATA/axbot_ws/install/axbot_interfaces/include/axbot_interfaces/axbot_interfaces/msg/robot_pose.h
-- Installing: /media/roboserver/DATA/axbot_ws/install/axbot_interfaces/include/axbot_interfaces/axbot_interfaces/msg/rosidl_generator_c__visibility_control.h
-- Installing: /media/roboserver/DATA/axbot_ws/install/axbot_interfaces/include/axbot_interfaces/axbot_interfaces/msg/slam_state.h
-- Installing: /media/roboserver/DATA/axbot_ws/install/axbot_interfaces/include/axbot_interfaces/axbot_interfaces/msg/wheel_state.h
-- Installing: /media/roboserver/DATA/axbot_ws/install/axbot_interfaces/include/axbot_interfaces/axbot_interfaces/srv
-- Installing: /media/roboserver/DATA/axbot_ws/install/axbot_interfaces/include/axbot_interfaces/axbot_interfaces/srv/detail
-- Installing: /media/roboserver/DATA/axbot_ws/install/axbot_interfaces/include/axbot_interfaces/axbot_interfaces/srv/detail/get_device_info__description.c
-- Installing: /media/roboserver/DATA/axbot_ws/install/axbot_interfaces/include/axbot_interfaces/axbot_interfaces/srv/detail/get_device_info__functions.c
-- Installing: /media/roboserver/DATA/axbot_ws/install/axbot_interfaces/include/axbot_interfaces/axbot_interfaces/srv/detail/get_device_info__functions.h
-- Installing: /media/roboserver/DATA/axbot_ws/install/axbot_interfaces/include/axbot_interfaces/axbot_interfaces/srv/detail/get_device_info__struct.h
-- Installing: /media/roboserver/DATA/axbot_ws/install/axbot_interfaces/include/axbot_interfaces/axbot_interfaces/srv/detail/get_device_info__type_support.c
-- Installing: /media/roboserver/DATA/axbot_ws/install/axbot_interfaces/include/axbot_interfaces/axbot_interfaces/srv/detail/get_device_info__type_support.h
-- Installing: /media/roboserver/DATA/axbot_ws/install/axbot_interfaces/include/axbot_interfaces/axbot_interfaces/srv/detail/set_control_mode__description.c
-- Installing: /media/roboserver/DATA/axbot_ws/install/axbot_interfaces/include/axbot_interfaces/axbot_interfaces/srv/detail/set_control_mode__functions.c
-- Installing: /media/roboserver/DATA/axbot_ws/install/axbot_interfaces/include/axbot_interfaces/axbot_interfaces/srv/detail/set_control_mode__functions.h
-- Installing: /media/roboserver/DATA/axbot_ws/install/axbot_interfaces/include/axbot_interfaces/axbot_interfaces/srv/detail/set_control_mode__struct.h
-- Installing: /media/roboserver/DATA/axbot_ws/install/axbot_interfaces/include/axbot_interfaces/axbot_interfaces/srv/detail/set_control_mode__type_support.c
-- Installing: /media/roboserver/DATA/axbot_ws/install/axbot_interfaces/include/axbot_interfaces/axbot_interfaces/srv/detail/set_control_mode__type_support.h
-- Installing: /media/roboserver/DATA/axbot_ws/install/axbot_interfaces/include/axbot_interfaces/axbot_interfaces/srv/detail/set_emergency_stop__description.c
-- Installing: /media/roboserver/DATA/axbot_ws/install/axbot_interfaces/include/axbot_interfaces/axbot_interfaces/srv/detail/set_emergency_stop__functions.c
-- Installing: /media/roboserver/DATA/axbot_ws/install/axbot_interfaces/include/axbot_interfaces/axbot_interfaces/srv/detail/set_emergency_stop__functions.h
-- Installing: /media/roboserver/DATA/axbot_ws/install/axbot_interfaces/include/axbot_interfaces/axbot_interfaces/srv/detail/set_emergency_stop__struct.h
-- Installing: /media/roboserver/DATA/axbot_ws/install/axbot_interfaces/include/axbot_interfaces/axbot_interfaces/srv/detail/set_emergency_stop__type_support.c
-- Installing: /media/roboserver/DATA/axbot_ws/install/axbot_interfaces/include/axbot_interfaces/axbot_interfaces/srv/detail/set_emergency_stop__type_support.h
-- Installing: /media/roboserver/DATA/axbot_ws/install/axbot_interfaces/include/axbot_interfaces/axbot_interfaces/srv/get_device_info.h
-- Installing: /media/roboserver/DATA/axbot_ws/install/axbot_interfaces/include/axbot_interfaces/axbot_interfaces/srv/set_control_mode.h
-- Installing: /media/roboserver/DATA/axbot_ws/install/axbot_interfaces/include/axbot_interfaces/axbot_interfaces/srv/set_emergency_stop.h
-- Installing: /media/roboserver/DATA/axbot_ws/install/axbot_interfaces/share/axbot_interfaces/environment/library_path.sh
-- Installing: /media/roboserver/DATA/axbot_ws/install/axbot_interfaces/share/axbot_interfaces/environment/library_path.dsv
-- Installing: /media/roboserver/DATA/axbot_ws/install/axbot_interfaces/lib/libaxbot_interfaces__rosidl_generator_c.so
-- Set non-toolchain portion of runtime path of "/media/roboserver/DATA/axbot_ws/install/axbot_interfaces/lib/libaxbot_interfaces__rosidl_generator_c.so" to ""
-- Up-to-date: /media/roboserver/DATA/axbot_ws/install/axbot_interfaces/include/axbot_interfaces/axbot_interfaces
-- Up-to-date: /media/roboserver/DATA/axbot_ws/install/axbot_interfaces/include/axbot_interfaces/axbot_interfaces/msg
-- Up-to-date: /media/roboserver/DATA/axbot_ws/install/axbot_interfaces/include/axbot_interfaces/axbot_interfaces/msg/detail
-- Installing: /media/roboserver/DATA/axbot_ws/install/axbot_interfaces/include/axbot_interfaces/axbot_interfaces/msg/detail/device_info__rosidl_typesupport_fastrtps_c.h
-- Installing: /media/roboserver/DATA/axbot_ws/install/axbot_interfaces/include/axbot_interfaces/axbot_interfaces/msg/detail/planning_state__rosidl_typesupport_fastrtps_c.h
-- Installing: /media/roboserver/DATA/axbot_ws/install/axbot_interfaces/include/axbot_interfaces/axbot_interfaces/msg/detail/robot_pose__rosidl_typesupport_fastrtps_c.h
-- Installing: /media/roboserver/DATA/axbot_ws/install/axbot_interfaces/include/axbot_interfaces/axbot_interfaces/msg/detail/slam_state__rosidl_typesupport_fastrtps_c.h
-- Installing: /media/roboserver/DATA/axbot_ws/install/axbot_interfaces/include/axbot_interfaces/axbot_interfaces/msg/detail/wheel_state__rosidl_typesupport_fastrtps_c.h
-- Installing: /media/roboserver/DATA/axbot_ws/install/axbot_interfaces/include/axbot_interfaces/axbot_interfaces/msg/rosidl_typesupport_fastrtps_c__visibility_control.h
-- Up-to-date: /media/roboserver/DATA/axbot_ws/install/axbot_interfaces/include/axbot_interfaces/axbot_interfaces/srv
-- Up-to-date: /media/roboserver/DATA/axbot_ws/install/axbot_interfaces/include/axbot_interfaces/axbot_interfaces/srv/detail
-- Installing: /media/roboserver/DATA/axbot_ws/install/axbot_interfaces/include/axbot_interfaces/axbot_interfaces/srv/detail/get_device_info__rosidl_typesupport_fastrtps_c.h
-- Installing: /media/roboserver/DATA/axbot_ws/install/axbot_interfaces/include/axbot_interfaces/axbot_interfaces/srv/detail/set_control_mode__rosidl_typesupport_fastrtps_c.h
-- Installing: /media/roboserver/DATA/axbot_ws/install/axbot_interfaces/include/axbot_interfaces/axbot_interfaces/srv/detail/set_emergency_stop__rosidl_typesupport_fastrtps_c.h
-- Installing: /media/roboserver/DATA/axbot_ws/install/axbot_interfaces/lib/libaxbot_interfaces__rosidl_typesupport_fastrtps_c.so
-- Set non-toolchain portion of runtime path of "/media/roboserver/DATA/axbot_ws/install/axbot_interfaces/lib/libaxbot_interfaces__rosidl_typesupport_fastrtps_c.so" to ""
-- Up-to-date: /media/roboserver/DATA/axbot_ws/install/axbot_interfaces/include/axbot_interfaces/axbot_interfaces
-- Up-to-date: /media/roboserver/DATA/axbot_ws/install/axbot_interfaces/include/axbot_interfaces/axbot_interfaces/msg
-- Up-to-date: /media/roboserver/DATA/axbot_ws/install/axbot_interfaces/include/axbot_interfaces/axbot_interfaces/msg/detail
-- Installing: /media/roboserver/DATA/axbot_ws/install/axbot_interfaces/include/axbot_interfaces/axbot_interfaces/msg/detail/device_info__builder.hpp
-- Installing: /media/roboserver/DATA/axbot_ws/install/axbot_interfaces/include/axbot_interfaces/axbot_interfaces/msg/detail/device_info__struct.hpp
-- Installing: /media/roboserver/DATA/axbot_ws/install/axbot_interfaces/include/axbot_interfaces/axbot_interfaces/msg/detail/device_info__traits.hpp
-- Installing: /media/roboserver/DATA/axbot_ws/install/axbot_interfaces/include/axbot_interfaces/axbot_interfaces/msg/detail/device_info__type_support.hpp
-- Installing: /media/roboserver/DATA/axbot_ws/install/axbot_interfaces/include/axbot_interfaces/axbot_interfaces/msg/detail/planning_state__builder.hpp
-- Installing: /media/roboserver/DATA/axbot_ws/install/axbot_interfaces/include/axbot_interfaces/axbot_interfaces/msg/detail/planning_state__struct.hpp
-- Installing: /media/roboserver/DATA/axbot_ws/install/axbot_interfaces/include/axbot_interfaces/axbot_interfaces/msg/detail/planning_state__traits.hpp
-- Installing: /media/roboserver/DATA/axbot_ws/install/axbot_interfaces/include/axbot_interfaces/axbot_interfaces/msg/detail/planning_state__type_support.hpp
-- Installing: /media/roboserver/DATA/axbot_ws/install/axbot_interfaces/include/axbot_interfaces/axbot_interfaces/msg/detail/robot_pose__builder.hpp
-- Installing: /media/roboserver/DATA/axbot_ws/install/axbot_interfaces/include/axbot_interfaces/axbot_interfaces/msg/detail/robot_pose__struct.hpp
-- Installing: /media/roboserver/DATA/axbot_ws/install/axbot_interfaces/include/axbot_interfaces/axbot_interfaces/msg/detail/robot_pose__traits.hpp
-- Installing: /media/roboserver/DATA/axbot_ws/install/axbot_interfaces/include/axbot_interfaces/axbot_interfaces/msg/detail/robot_pose__type_support.hpp
-- Installing: /media/roboserver/DATA/axbot_ws/install/axbot_interfaces/include/axbot_interfaces/axbot_interfaces/msg/detail/slam_state__builder.hpp
-- Installing: /media/roboserver/DATA/axbot_ws/install/axbot_interfaces/include/axbot_interfaces/axbot_interfaces/msg/detail/slam_state__struct.hpp
-- Installing: /media/roboserver/DATA/axbot_ws/install/axbot_interfaces/include/axbot_interfaces/axbot_interfaces/msg/detail/slam_state__traits.hpp
-- Installing: /media/roboserver/DATA/axbot_ws/install/axbot_interfaces/include/axbot_interfaces/axbot_interfaces/msg/detail/slam_state__type_support.hpp
-- Installing: /media/roboserver/DATA/axbot_ws/install/axbot_interfaces/include/axbot_interfaces/axbot_interfaces/msg/detail/wheel_state__builder.hpp
-- Installing: /media/roboserver/DATA/axbot_ws/install/axbot_interfaces/include/axbot_interfaces/axbot_interfaces/msg/detail/wheel_state__struct.hpp
-- Installing: /media/roboserver/DATA/axbot_ws/install/axbot_interfaces/include/axbot_interfaces/axbot_interfaces/msg/detail/wheel_state__traits.hpp
-- Installing: /media/roboserver/DATA/axbot_ws/install/axbot_interfaces/include/axbot_interfaces/axbot_interfaces/msg/detail/wheel_state__type_support.hpp
-- Installing: /media/roboserver/DATA/axbot_ws/install/axbot_interfaces/include/axbot_interfaces/axbot_interfaces/msg/device_info.hpp
-- Installing: /media/roboserver/DATA/axbot_ws/install/axbot_interfaces/include/axbot_interfaces/axbot_interfaces/msg/planning_state.hpp
-- Installing: /media/roboserver/DATA/axbot_ws/install/axbot_interfaces/include/axbot_interfaces/axbot_interfaces/msg/robot_pose.hpp
-- Installing: /media/roboserver/DATA/axbot_ws/install/axbot_interfaces/include/axbot_interfaces/axbot_interfaces/msg/rosidl_generator_cpp__visibility_control.hpp
-- Installing: /media/roboserver/DATA/axbot_ws/install/axbot_interfaces/include/axbot_interfaces/axbot_interfaces/msg/slam_state.hpp
-- Installing: /media/roboserver/DATA/axbot_ws/install/axbot_interfaces/include/axbot_interfaces/axbot_interfaces/msg/wheel_state.hpp
-- Up-to-date: /media/roboserver/DATA/axbot_ws/install/axbot_interfaces/include/axbot_interfaces/axbot_interfaces/srv
-- Up-to-date: /media/roboserver/DATA/axbot_ws/install/axbot_interfaces/include/axbot_interfaces/axbot_interfaces/srv/detail
-- Installing: /media/roboserver/DATA/axbot_ws/install/axbot_interfaces/include/axbot_interfaces/axbot_interfaces/srv/detail/get_device_info__builder.hpp
-- Installing: /media/roboserver/DATA/axbot_ws/install/axbot_interfaces/include/axbot_interfaces/axbot_interfaces/srv/detail/get_device_info__struct.hpp
-- Installing: /media/roboserver/DATA/axbot_ws/install/axbot_interfaces/include/axbot_interfaces/axbot_interfaces/srv/detail/get_device_info__traits.hpp
-- Installing: /media/roboserver/DATA/axbot_ws/install/axbot_interfaces/include/axbot_interfaces/axbot_interfaces/srv/detail/get_device_info__type_support.hpp
-- Installing: /media/roboserver/DATA/axbot_ws/install/axbot_interfaces/include/axbot_interfaces/axbot_interfaces/srv/detail/set_control_mode__builder.hpp
-- Installing: /media/roboserver/DATA/axbot_ws/install/axbot_interfaces/include/axbot_interfaces/axbot_interfaces/srv/detail/set_control_mode__struct.hpp
-- Installing: /media/roboserver/DATA/axbot_ws/install/axbot_interfaces/include/axbot_interfaces/axbot_interfaces/srv/detail/set_control_mode__traits.hpp
-- Installing: /media/roboserver/DATA/axbot_ws/install/axbot_interfaces/include/axbot_interfaces/axbot_interfaces/srv/detail/set_control_mode__type_support.hpp
-- Installing: /media/roboserver/DATA/axbot_ws/install/axbot_interfaces/include/axbot_interfaces/axbot_interfaces/srv/detail/set_emergency_stop__builder.hpp
-- Installing: /media/roboserver/DATA/axbot_ws/install/axbot_interfaces/include/axbot_interfaces/axbot_interfaces/srv/detail/set_emergency_stop__struct.hpp
-- Installing: /media/roboserver/DATA/axbot_ws/install/axbot_interfaces/include/axbot_interfaces/axbot_interfaces/srv/detail/set_emergency_stop__traits.hpp
-- Installing: /media/roboserver/DATA/axbot_ws/install/axbot_interfaces/include/axbot_interfaces/axbot_interfaces/srv/detail/set_emergency_stop__type_support.hpp
-- Installing: /media/roboserver/DATA/axbot_ws/install/axbot_interfaces/include/axbot_interfaces/axbot_interfaces/srv/get_device_info.hpp
-- Installing: /media/roboserver/DATA/axbot_ws/install/axbot_interfaces/include/axbot_interfaces/axbot_interfaces/srv/set_control_mode.hpp
-- Installing: /media/roboserver/DATA/axbot_ws/install/axbot_interfaces/include/axbot_interfaces/axbot_interfaces/srv/set_emergency_stop.hpp
-- Up-to-date: /media/roboserver/DATA/axbot_ws/install/axbot_interfaces/include/axbot_interfaces/axbot_interfaces
-- Up-to-date: /media/roboserver/DATA/axbot_ws/install/axbot_interfaces/include/axbot_interfaces/axbot_interfaces/msg
-- Up-to-date: /media/roboserver/DATA/axbot_ws/install/axbot_interfaces/include/axbot_interfaces/axbot_interfaces/msg/detail
-- Installing: /media/roboserver/DATA/axbot_ws/install/axbot_interfaces/include/axbot_interfaces/axbot_interfaces/msg/detail/dds_fastrtps
-- Installing: /media/roboserver/DATA/axbot_ws/install/axbot_interfaces/include/axbot_interfaces/axbot_interfaces/msg/detail/device_info__rosidl_typesupport_fastrtps_cpp.hpp
-- Installing: /media/roboserver/DATA/axbot_ws/install/axbot_interfaces/include/axbot_interfaces/axbot_interfaces/msg/detail/planning_state__rosidl_typesupport_fastrtps_cpp.hpp
-- Installing: /media/roboserver/DATA/axbot_ws/install/axbot_interfaces/include/axbot_interfaces/axbot_interfaces/msg/detail/robot_pose__rosidl_typesupport_fastrtps_cpp.hpp
-- Installing: /media/roboserver/DATA/axbot_ws/install/axbot_interfaces/include/axbot_interfaces/axbot_interfaces/msg/detail/slam_state__rosidl_typesupport_fastrtps_cpp.hpp
-- Installing: /media/roboserver/DATA/axbot_ws/install/axbot_interfaces/include/axbot_interfaces/axbot_interfaces/msg/detail/wheel_state__rosidl_typesupport_fastrtps_cpp.hpp
-- Installing: /media/roboserver/DATA/axbot_ws/install/axbot_interfaces/include/axbot_interfaces/axbot_interfaces/msg/rosidl_typesupport_fastrtps_cpp__visibility_control.h
-- Up-to-date: /media/roboserver/DATA/axbot_ws/install/axbot_interfaces/include/axbot_interfaces/axbot_interfaces/srv
-- Up-to-date: /media/roboserver/DATA/axbot_ws/install/axbot_interfaces/include/axbot_interfaces/axbot_interfaces/srv/detail
-- Installing: /media/roboserver/DATA/axbot_ws/install/axbot_interfaces/include/axbot_interfaces/axbot_interfaces/srv/detail/dds_fastrtps
-- Installing: /media/roboserver/DATA/axbot_ws/install/axbot_interfaces/include/axbot_interfaces/axbot_interfaces/srv/detail/get_device_info__rosidl_typesupport_fastrtps_cpp.hpp
-- Installing: /media/roboserver/DATA/axbot_ws/install/axbot_interfaces/include/axbot_interfaces/axbot_interfaces/srv/detail/set_control_mode__rosidl_typesupport_fastrtps_cpp.hpp
-- Installing: /media/roboserver/DATA/axbot_ws/install/axbot_interfaces/include/axbot_interfaces/axbot_interfaces/srv/detail/set_emergency_stop__rosidl_typesupport_fastrtps_cpp.hpp
-- Installing: /media/roboserver/DATA/axbot_ws/install/axbot_interfaces/lib/libaxbot_interfaces__rosidl_typesupport_fastrtps_cpp.so
-- Set non-toolchain portion of runtime path of "/media/roboserver/DATA/axbot_ws/install/axbot_interfaces/lib/libaxbot_interfaces__rosidl_typesupport_fastrtps_cpp.so" to ""
-- Up-to-date: /media/roboserver/DATA/axbot_ws/install/axbot_interfaces/include/axbot_interfaces/axbot_interfaces
-- Up-to-date: /media/roboserver/DATA/axbot_ws/install/axbot_interfaces/include/axbot_interfaces/axbot_interfaces/msg
-- Up-to-date: /media/roboserver/DATA/axbot_ws/install/axbot_interfaces/include/axbot_interfaces/axbot_interfaces/msg/detail
-- Installing: /media/roboserver/DATA/axbot_ws/install/axbot_interfaces/include/axbot_interfaces/axbot_interfaces/msg/detail/device_info__rosidl_typesupport_introspection_c.h
-- Installing: /media/roboserver/DATA/axbot_ws/install/axbot_interfaces/include/axbot_interfaces/axbot_interfaces/msg/detail/device_info__type_support.c
-- Installing: /media/roboserver/DATA/axbot_ws/install/axbot_interfaces/include/axbot_interfaces/axbot_interfaces/msg/detail/planning_state__rosidl_typesupport_introspection_c.h
-- Installing: /media/roboserver/DATA/axbot_ws/install/axbot_interfaces/include/axbot_interfaces/axbot_interfaces/msg/detail/planning_state__type_support.c
-- Installing: /media/roboserver/DATA/axbot_ws/install/axbot_interfaces/include/axbot_interfaces/axbot_interfaces/msg/detail/robot_pose__rosidl_typesupport_introspection_c.h
-- Installing: /media/roboserver/DATA/axbot_ws/install/axbot_interfaces/include/axbot_interfaces/axbot_interfaces/msg/detail/robot_pose__type_support.c
-- Installing: /media/roboserver/DATA/axbot_ws/install/axbot_interfaces/include/axbot_interfaces/axbot_interfaces/msg/detail/slam_state__rosidl_typesupport_introspection_c.h
-- Installing: /media/roboserver/DATA/axbot_ws/install/axbot_interfaces/include/axbot_interfaces/axbot_interfaces/msg/detail/slam_state__type_support.c
-- Installing: /media/roboserver/DATA/axbot_ws/install/axbot_interfaces/include/axbot_interfaces/axbot_interfaces/msg/detail/wheel_state__rosidl_typesupport_introspection_c.h
-- Installing: /media/roboserver/DATA/axbot_ws/install/axbot_interfaces/include/axbot_interfaces/axbot_interfaces/msg/detail/wheel_state__type_support.c
-- Installing: /media/roboserver/DATA/axbot_ws/install/axbot_interfaces/include/axbot_interfaces/axbot_interfaces/msg/rosidl_typesupport_introspection_c__visibility_control.h
-- Up-to-date: /media/roboserver/DATA/axbot_ws/install/axbot_interfaces/include/axbot_interfaces/axbot_interfaces/srv
-- Up-to-date: /media/roboserver/DATA/axbot_ws/install/axbot_interfaces/include/axbot_interfaces/axbot_interfaces/srv/detail
-- Installing: /media/roboserver/DATA/axbot_ws/install/axbot_interfaces/include/axbot_interfaces/axbot_interfaces/srv/detail/get_device_info__rosidl_typesupport_introspection_c.h
-- Installing: /media/roboserver/DATA/axbot_ws/install/axbot_interfaces/include/axbot_interfaces/axbot_interfaces/srv/detail/get_device_info__type_support.c
-- Installing: /media/roboserver/DATA/axbot_ws/install/axbot_interfaces/include/axbot_interfaces/axbot_interfaces/srv/detail/set_control_mode__rosidl_typesupport_introspection_c.h
-- Installing: /media/roboserver/DATA/axbot_ws/install/axbot_interfaces/include/axbot_interfaces/axbot_interfaces/srv/detail/set_control_mode__type_support.c
-- Installing: /media/roboserver/DATA/axbot_ws/install/axbot_interfaces/include/axbot_interfaces/axbot_interfaces/srv/detail/set_emergency_stop__rosidl_typesupport_introspection_c.h
-- Installing: /media/roboserver/DATA/axbot_ws/install/axbot_interfaces/include/axbot_interfaces/axbot_interfaces/srv/detail/set_emergency_stop__type_support.c
-- Installing: /media/roboserver/DATA/axbot_ws/install/axbot_interfaces/lib/libaxbot_interfaces__rosidl_typesupport_introspection_c.so
-- Set non-toolchain portion of runtime path of "/media/roboserver/DATA/axbot_ws/install/axbot_interfaces/lib/libaxbot_interfaces__rosidl_typesupport_introspection_c.so" to ""
-- Installing: /media/roboserver/DATA/axbot_ws/install/axbot_interfaces/lib/libaxbot_interfaces__rosidl_typesupport_c.so
-- Set non-toolchain portion of runtime path of "/media/roboserver/DATA/axbot_ws/install/axbot_interfaces/lib/libaxbot_interfaces__rosidl_typesupport_c.so" to ""
-- Up-to-date: /media/roboserver/DATA/axbot_ws/install/axbot_interfaces/include/axbot_interfaces/axbot_interfaces
-- Up-to-date: /media/roboserver/DATA/axbot_ws/install/axbot_interfaces/include/axbot_interfaces/axbot_interfaces/msg
-- Up-to-date: /media/roboserver/DATA/axbot_ws/install/axbot_interfaces/include/axbot_interfaces/axbot_interfaces/msg/detail
-- Installing: /media/roboserver/DATA/axbot_ws/install/axbot_interfaces/include/axbot_interfaces/axbot_interfaces/msg/detail/device_info__rosidl_typesupport_introspection_cpp.hpp
-- Installing: /media/roboserver/DATA/axbot_ws/install/axbot_interfaces/include/axbot_interfaces/axbot_interfaces/msg/detail/device_info__type_support.cpp
-- Installing: /media/roboserver/DATA/axbot_ws/install/axbot_interfaces/include/axbot_interfaces/axbot_interfaces/msg/detail/planning_state__rosidl_typesupport_introspection_cpp.hpp
-- Installing: /media/roboserver/DATA/axbot_ws/install/axbot_interfaces/include/axbot_interfaces/axbot_interfaces/msg/detail/planning_state__type_support.cpp
-- Installing: /media/roboserver/DATA/axbot_ws/install/axbot_interfaces/include/axbot_interfaces/axbot_interfaces/msg/detail/robot_pose__rosidl_typesupport_introspection_cpp.hpp
-- Installing: /media/roboserver/DATA/axbot_ws/install/axbot_interfaces/include/axbot_interfaces/axbot_interfaces/msg/detail/robot_pose__type_support.cpp
-- Installing: /media/roboserver/DATA/axbot_ws/install/axbot_interfaces/include/axbot_interfaces/axbot_interfaces/msg/detail/slam_state__rosidl_typesupport_introspection_cpp.hpp
-- Installing: /media/roboserver/DATA/axbot_ws/install/axbot_interfaces/include/axbot_interfaces/axbot_interfaces/msg/detail/slam_state__type_support.cpp
-- Installing: /media/roboserver/DATA/axbot_ws/install/axbot_interfaces/include/axbot_interfaces/axbot_interfaces/msg/detail/wheel_state__rosidl_typesupport_introspection_cpp.hpp
-- Installing: /media/roboserver/DATA/axbot_ws/install/axbot_interfaces/include/axbot_interfaces/axbot_interfaces/msg/detail/wheel_state__type_support.cpp
-- Up-to-date: /media/roboserver/DATA/axbot_ws/install/axbot_interfaces/include/axbot_interfaces/axbot_interfaces/srv
-- Up-to-date: /media/roboserver/DATA/axbot_ws/install/axbot_interfaces/include/axbot_interfaces/axbot_interfaces/srv/detail
-- Installing: /media/roboserver/DATA/axbot_ws/install/axbot_interfaces/include/axbot_interfaces/axbot_interfaces/srv/detail/get_device_info__rosidl_typesupport_introspection_cpp.hpp
-- Installing: /media/roboserver/DATA/axbot_ws/install/axbot_interfaces/include/axbot_interfaces/axbot_interfaces/srv/detail/get_device_info__type_support.cpp
-- Installing: /media/roboserver/DATA/axbot_ws/install/axbot_interfaces/include/axbot_interfaces/axbot_interfaces/srv/detail/set_control_mode__rosidl_typesupport_introspection_cpp.hpp
-- Installing: /media/roboserver/DATA/axbot_ws/install/axbot_interfaces/include/axbot_interfaces/axbot_interfaces/srv/detail/set_control_mode__type_support.cpp
-- Installing: /media/roboserver/DATA/axbot_ws/install/axbot_interfaces/include/axbot_interfaces/axbot_interfaces/srv/detail/set_emergency_stop__rosidl_typesupport_introspection_cpp.hpp
-- Installing: /media/roboserver/DATA/axbot_ws/install/axbot_interfaces/include/axbot_interfaces/axbot_interfaces/srv/detail/set_emergency_stop__type_support.cpp
-- Installing: /media/roboserver/DATA/axbot_ws/install/axbot_interfaces/lib/libaxbot_interfaces__rosidl_typesupport_introspection_cpp.so
-- Set non-toolchain portion of runtime path of "/media/roboserver/DATA/axbot_ws/install/axbot_interfaces/lib/libaxbot_interfaces__rosidl_typesupport_introspection_cpp.so" to ""
-- Installing: /media/roboserver/DATA/axbot_ws/install/axbot_interfaces/lib/libaxbot_interfaces__rosidl_typesupport_cpp.so
-- Set non-toolchain portion of runtime path of "/media/roboserver/DATA/axbot_ws/install/axbot_interfaces/lib/libaxbot_interfaces__rosidl_typesupport_cpp.so" to ""
-- Installing: /media/roboserver/DATA/axbot_ws/install/axbot_interfaces/share/axbot_interfaces/environment/pythonpath.sh
-- Installing: /media/roboserver/DATA/axbot_ws/install/axbot_interfaces/share/axbot_interfaces/environment/pythonpath.dsv
-- Installing: /media/roboserver/DATA/axbot_ws/install/axbot_interfaces/lib/python3.12/site-packages/axbot_interfaces-1.0.0-py3.12.egg-info
-- Installing: /media/roboserver/DATA/axbot_ws/install/axbot_interfaces/lib/python3.12/site-packages/axbot_interfaces-1.0.0-py3.12.egg-info/dependency_links.txt
-- Installing: /media/roboserver/DATA/axbot_ws/install/axbot_interfaces/lib/python3.12/site-packages/axbot_interfaces-1.0.0-py3.12.egg-info/PKG-INFO
-- Installing: /media/roboserver/DATA/axbot_ws/install/axbot_interfaces/lib/python3.12/site-packages/axbot_interfaces-1.0.0-py3.12.egg-info/SOURCES.txt
-- Installing: /media/roboserver/DATA/axbot_ws/install/axbot_interfaces/lib/python3.12/site-packages/axbot_interfaces-1.0.0-py3.12.egg-info/top_level.txt
-- Installing: /media/roboserver/DATA/axbot_ws/install/axbot_interfaces/lib/python3.12/site-packages/axbot_interfaces
-- Installing: /media/roboserver/DATA/axbot_ws/install/axbot_interfaces/lib/python3.12/site-packages/axbot_interfaces/axbot_interfaces_s__rosidl_typesupport_c.so
-- Installing: /media/roboserver/DATA/axbot_ws/install/axbot_interfaces/lib/python3.12/site-packages/axbot_interfaces/axbot_interfaces_s__rosidl_typesupport_fastrtps_c.so
-- Installing: /media/roboserver/DATA/axbot_ws/install/axbot_interfaces/lib/python3.12/site-packages/axbot_interfaces/axbot_interfaces_s__rosidl_typesupport_introspection_c.so
-- Installing: /media/roboserver/DATA/axbot_ws/install/axbot_interfaces/lib/python3.12/site-packages/axbot_interfaces/msg
-- Installing: /media/roboserver/DATA/axbot_ws/install/axbot_interfaces/lib/python3.12/site-packages/axbot_interfaces/msg/_device_info.py
-- Installing: /media/roboserver/DATA/axbot_ws/install/axbot_interfaces/lib/python3.12/site-packages/axbot_interfaces/msg/_device_info_s.c
-- Installing: /media/roboserver/DATA/axbot_ws/install/axbot_interfaces/lib/python3.12/site-packages/axbot_interfaces/msg/_planning_state.py
-- Installing: /media/roboserver/DATA/axbot_ws/install/axbot_interfaces/lib/python3.12/site-packages/axbot_interfaces/msg/_planning_state_s.c
-- Installing: /media/roboserver/DATA/axbot_ws/install/axbot_interfaces/lib/python3.12/site-packages/axbot_interfaces/msg/_robot_pose.py
-- Installing: /media/roboserver/DATA/axbot_ws/install/axbot_interfaces/lib/python3.12/site-packages/axbot_interfaces/msg/_robot_pose_s.c
-- Installing: /media/roboserver/DATA/axbot_ws/install/axbot_interfaces/lib/python3.12/site-packages/axbot_interfaces/msg/_slam_state.py
-- Installing: /media/roboserver/DATA/axbot_ws/install/axbot_interfaces/lib/python3.12/site-packages/axbot_interfaces/msg/_slam_state_s.c
-- Installing: /media/roboserver/DATA/axbot_ws/install/axbot_interfaces/lib/python3.12/site-packages/axbot_interfaces/msg/_wheel_state.py
-- Installing: /media/roboserver/DATA/axbot_ws/install/axbot_interfaces/lib/python3.12/site-packages/axbot_interfaces/msg/_wheel_state_s.c
-- Installing: /media/roboserver/DATA/axbot_ws/install/axbot_interfaces/lib/python3.12/site-packages/axbot_interfaces/msg/__init__.py
-- Installing: /media/roboserver/DATA/axbot_ws/install/axbot_interfaces/lib/python3.12/site-packages/axbot_interfaces/srv
-- Installing: /media/roboserver/DATA/axbot_ws/install/axbot_interfaces/lib/python3.12/site-packages/axbot_interfaces/srv/_get_device_info.py
-- Installing: /media/roboserver/DATA/axbot_ws/install/axbot_interfaces/lib/python3.12/site-packages/axbot_interfaces/srv/_get_device_info_s.c
-- Installing: /media/roboserver/DATA/axbot_ws/install/axbot_interfaces/lib/python3.12/site-packages/axbot_interfaces/srv/_set_control_mode.py
-- Installing: /media/roboserver/DATA/axbot_ws/install/axbot_interfaces/lib/python3.12/site-packages/axbot_interfaces/srv/_set_control_mode_s.c
-- Installing: /media/roboserver/DATA/axbot_ws/install/axbot_interfaces/lib/python3.12/site-packages/axbot_interfaces/srv/_set_emergency_stop.py
-- Installing: /media/roboserver/DATA/axbot_ws/install/axbot_interfaces/lib/python3.12/site-packages/axbot_interfaces/srv/_set_emergency_stop_s.c
-- Installing: /media/roboserver/DATA/axbot_ws/install/axbot_interfaces/lib/python3.12/site-packages/axbot_interfaces/srv/__init__.py
-- Installing: /media/roboserver/DATA/axbot_ws/install/axbot_interfaces/lib/python3.12/site-packages/axbot_interfaces/_axbot_interfaces_s.ep.rosidl_typesupport_c.c
-- Installing: /media/roboserver/DATA/axbot_ws/install/axbot_interfaces/lib/python3.12/site-packages/axbot_interfaces/_axbot_interfaces_s.ep.rosidl_typesupport_fastrtps_c.c
-- Installing: /media/roboserver/DATA/axbot_ws/install/axbot_interfaces/lib/python3.12/site-packages/axbot_interfaces/_axbot_interfaces_s.ep.rosidl_typesupport_introspection_c.c
-- Installing: /media/roboserver/DATA/axbot_ws/install/axbot_interfaces/lib/python3.12/site-packages/axbot_interfaces/__init__.py
Listing '/media/roboserver/DATA/axbot_ws/install/axbot_interfaces/lib/python3.12/site-packages/axbot_interfaces'...
Compiling '/media/roboserver/DATA/axbot_ws/install/axbot_interfaces/lib/python3.12/site-packages/axbot_interfaces/__init__.py'...
Listing '/media/roboserver/DATA/axbot_ws/install/axbot_interfaces/lib/python3.12/site-packages/axbot_interfaces/msg'...
Compiling '/media/roboserver/DATA/axbot_ws/install/axbot_interfaces/lib/python3.12/site-packages/axbot_interfaces/msg/__init__.py'...
Compiling '/media/roboserver/DATA/axbot_ws/install/axbot_interfaces/lib/python3.12/site-packages/axbot_interfaces/msg/_device_info.py'...
Compiling '/media/roboserver/DATA/axbot_ws/install/axbot_interfaces/lib/python3.12/site-packages/axbot_interfaces/msg/_planning_state.py'...
Compiling '/media/roboserver/DATA/axbot_ws/install/axbot_interfaces/lib/python3.12/site-packages/axbot_interfaces/msg/_robot_pose.py'...
Compiling '/media/roboserver/DATA/axbot_ws/install/axbot_interfaces/lib/python3.12/site-packages/axbot_interfaces/msg/_slam_state.py'...
Compiling '/media/roboserver/DATA/axbot_ws/install/axbot_interfaces/lib/python3.12/site-packages/axbot_interfaces/msg/_wheel_state.py'...
Listing '/media/roboserver/DATA/axbot_ws/install/axbot_interfaces/lib/python3.12/site-packages/axbot_interfaces/srv'...
Compiling '/media/roboserver/DATA/axbot_ws/install/axbot_interfaces/lib/python3.12/site-packages/axbot_interfaces/srv/__init__.py'...
Compiling '/media/roboserver/DATA/axbot_ws/install/axbot_interfaces/lib/python3.12/site-packages/axbot_interfaces/srv/_get_device_info.py'...
Compiling '/media/roboserver/DATA/axbot_ws/install/axbot_interfaces/lib/python3.12/site-packages/axbot_interfaces/srv/_set_control_mode.py'...
Compiling '/media/roboserver/DATA/axbot_ws/install/axbot_interfaces/lib/python3.12/site-packages/axbot_interfaces/srv/_set_emergency_stop.py'...
-- Installing: /media/roboserver/DATA/axbot_ws/install/axbot_interfaces/lib/python3.12/site-packages/axbot_interfaces/axbot_interfaces_s__rosidl_typesupport_fastrtps_c.so
-- Set non-toolchain portion of runtime path of "/media/roboserver/DATA/axbot_ws/install/axbot_interfaces/lib/python3.12/site-packages/axbot_interfaces/axbot_interfaces_s__rosidl_typesupport_fastrtps_c.so" to ""
-- Installing: /media/roboserver/DATA/axbot_ws/install/axbot_interfaces/lib/python3.12/site-packages/axbot_interfaces/axbot_interfaces_s__rosidl_typesupport_introspection_c.so
-- Set non-toolchain portion of runtime path of "/media/roboserver/DATA/axbot_ws/install/axbot_interfaces/lib/python3.12/site-packages/axbot_interfaces/axbot_interfaces_s__rosidl_typesupport_introspection_c.so" to ""
-- Installing: /media/roboserver/DATA/axbot_ws/install/axbot_interfaces/lib/python3.12/site-packages/axbot_interfaces/axbot_interfaces_s__rosidl_typesupport_c.so
-- Set non-toolchain portion of runtime path of "/media/roboserver/DATA/axbot_ws/install/axbot_interfaces/lib/python3.12/site-packages/axbot_interfaces/axbot_interfaces_s__rosidl_typesupport_c.so" to ""
-- Installing: /media/roboserver/DATA/axbot_ws/install/axbot_interfaces/lib/libaxbot_interfaces__rosidl_generator_py.so
-- Set non-toolchain portion of runtime path of "/media/roboserver/DATA/axbot_ws/install/axbot_interfaces/lib/libaxbot_interfaces__rosidl_generator_py.so" to ""
-- Installing: /media/roboserver/DATA/axbot_ws/install/axbot_interfaces/share/axbot_interfaces/msg/DeviceInfo.idl
-- Installing: /media/roboserver/DATA/axbot_ws/install/axbot_interfaces/share/axbot_interfaces/msg/WheelState.idl
-- Installing: /media/roboserver/DATA/axbot_ws/install/axbot_interfaces/share/axbot_interfaces/msg/SlamState.idl
-- Installing: /media/roboserver/DATA/axbot_ws/install/axbot_interfaces/share/axbot_interfaces/msg/PlanningState.idl
-- Installing: /media/roboserver/DATA/axbot_ws/install/axbot_interfaces/share/axbot_interfaces/msg/RobotPose.idl
-- Installing: /media/roboserver/DATA/axbot_ws/install/axbot_interfaces/share/axbot_interfaces/srv/SetControlMode.idl
-- Installing: /media/roboserver/DATA/axbot_ws/install/axbot_interfaces/share/axbot_interfaces/srv/SetEmergencyStop.idl
-- Installing: /media/roboserver/DATA/axbot_ws/install/axbot_interfaces/share/axbot_interfaces/srv/GetDeviceInfo.idl
-- Installing: /media/roboserver/DATA/axbot_ws/install/axbot_interfaces/share/axbot_interfaces/msg/DeviceInfo.msg
-- Installing: /media/roboserver/DATA/axbot_ws/install/axbot_interfaces/share/axbot_interfaces/msg/WheelState.msg
-- Installing: /media/roboserver/DATA/axbot_ws/install/axbot_interfaces/share/axbot_interfaces/msg/SlamState.msg
-- Installing: /media/roboserver/DATA/axbot_ws/install/axbot_interfaces/share/axbot_interfaces/msg/PlanningState.msg
-- Installing: /media/roboserver/DATA/axbot_ws/install/axbot_interfaces/share/axbot_interfaces/msg/RobotPose.msg
-- Installing: /media/roboserver/DATA/axbot_ws/install/axbot_interfaces/share/axbot_interfaces/srv/SetControlMode.srv
-- Installing: /media/roboserver/DATA/axbot_ws/install/axbot_interfaces/share/axbot_interfaces/srv/SetEmergencyStop.srv
-- Installing: /media/roboserver/DATA/axbot_ws/install/axbot_interfaces/share/axbot_interfaces/srv/GetDeviceInfo.srv
-- Installing: /media/roboserver/DATA/axbot_ws/install/axbot_interfaces/share/ament_index/resource_index/package_run_dependencies/axbot_interfaces
-- Installing: /media/roboserver/DATA/axbot_ws/install/axbot_interfaces/share/ament_index/resource_index/parent_prefix_path/axbot_interfaces
-- Installing: /media/roboserver/DATA/axbot_ws/install/axbot_interfaces/share/axbot_interfaces/environment/ament_prefix_path.sh
-- Installing: /media/roboserver/DATA/axbot_ws/install/axbot_interfaces/share/axbot_interfaces/environment/ament_prefix_path.dsv
-- Installing: /media/roboserver/DATA/axbot_ws/install/axbot_interfaces/share/axbot_interfaces/environment/path.sh
-- Installing: /media/roboserver/DATA/axbot_ws/install/axbot_interfaces/share/axbot_interfaces/environment/path.dsv
-- Installing: /media/roboserver/DATA/axbot_ws/install/axbot_interfaces/share/axbot_interfaces/local_setup.bash
-- Installing: /media/roboserver/DATA/axbot_ws/install/axbot_interfaces/share/axbot_interfaces/local_setup.sh
-- Installing: /media/roboserver/DATA/axbot_ws/install/axbot_interfaces/share/axbot_interfaces/local_setup.zsh
-- Installing: /media/roboserver/DATA/axbot_ws/install/axbot_interfaces/share/axbot_interfaces/local_setup.dsv
-- Installing: /media/roboserver/DATA/axbot_ws/install/axbot_interfaces/share/axbot_interfaces/package.dsv
-- Installing: /media/roboserver/DATA/axbot_ws/install/axbot_interfaces/share/ament_index/resource_index/packages/axbot_interfaces
-- Installing: /media/roboserver/DATA/axbot_ws/install/axbot_interfaces/share/axbot_interfaces/cmake/export_axbot_interfaces__rosidl_generator_cExport.cmake
-- Installing: /media/roboserver/DATA/axbot_ws/install/axbot_interfaces/share/axbot_interfaces/cmake/export_axbot_interfaces__rosidl_generator_cExport-noconfig.cmake
-- Installing: /media/roboserver/DATA/axbot_ws/install/axbot_interfaces/share/axbot_interfaces/cmake/export_axbot_interfaces__rosidl_typesupport_fastrtps_cExport.cmake
-- Installing: /media/roboserver/DATA/axbot_ws/install/axbot_interfaces/share/axbot_interfaces/cmake/export_axbot_interfaces__rosidl_typesupport_fastrtps_cExport-noconfig.cmake
-- Installing: /media/roboserver/DATA/axbot_ws/install/axbot_interfaces/share/axbot_interfaces/cmake/export_axbot_interfaces__rosidl_generator_cppExport.cmake
-- Installing: /media/roboserver/DATA/axbot_ws/install/axbot_interfaces/share/axbot_interfaces/cmake/export_axbot_interfaces__rosidl_typesupport_fastrtps_cppExport.cmake
-- Installing: /media/roboserver/DATA/axbot_ws/install/axbot_interfaces/share/axbot_interfaces/cmake/export_axbot_interfaces__rosidl_typesupport_fastrtps_cppExport-noconfig.cmake
-- Installing: /media/roboserver/DATA/axbot_ws/install/axbot_interfaces/share/axbot_interfaces/cmake/axbot_interfaces__rosidl_typesupport_introspection_cExport.cmake
-- Installing: /media/roboserver/DATA/axbot_ws/install/axbot_interfaces/share/axbot_interfaces/cmake/axbot_interfaces__rosidl_typesupport_introspection_cExport-noconfig.cmake
-- Installing: /media/roboserver/DATA/axbot_ws/install/axbot_interfaces/share/axbot_interfaces/cmake/axbot_interfaces__rosidl_typesupport_cExport.cmake
-- Installing: /media/roboserver/DATA/axbot_ws/install/axbot_interfaces/share/axbot_interfaces/cmake/axbot_interfaces__rosidl_typesupport_cExport-noconfig.cmake
-- Installing: /media/roboserver/DATA/axbot_ws/install/axbot_interfaces/share/axbot_interfaces/cmake/axbot_interfaces__rosidl_typesupport_introspection_cppExport.cmake
-- Installing: /media/roboserver/DATA/axbot_ws/install/axbot_interfaces/share/axbot_interfaces/cmake/axbot_interfaces__rosidl_typesupport_introspection_cppExport-noconfig.cmake
-- Installing: /media/roboserver/DATA/axbot_ws/install/axbot_interfaces/share/axbot_interfaces/cmake/axbot_interfaces__rosidl_typesupport_cppExport.cmake
-- Installing: /media/roboserver/DATA/axbot_ws/install/axbot_interfaces/share/axbot_interfaces/cmake/axbot_interfaces__rosidl_typesupport_cppExport-noconfig.cmake
-- Installing: /media/roboserver/DATA/axbot_ws/install/axbot_interfaces/share/axbot_interfaces/cmake/export_axbot_interfaces__rosidl_generator_pyExport.cmake
-- Installing: /media/roboserver/DATA/axbot_ws/install/axbot_interfaces/share/axbot_interfaces/cmake/export_axbot_interfaces__rosidl_generator_pyExport-noconfig.cmake
-- Installing: /media/roboserver/DATA/axbot_ws/install/axbot_interfaces/share/axbot_interfaces/cmake/rosidl_cmake-extras.cmake
-- Installing: /media/roboserver/DATA/axbot_ws/install/axbot_interfaces/share/axbot_interfaces/cmake/ament_cmake_export_dependencies-extras.cmake
-- Installing: /media/roboserver/DATA/axbot_ws/install/axbot_interfaces/share/axbot_interfaces/cmake/ament_cmake_export_include_directories-extras.cmake
-- Installing: /media/roboserver/DATA/axbot_ws/install/axbot_interfaces/share/axbot_interfaces/cmake/ament_cmake_export_libraries-extras.cmake
-- Installing: /media/roboserver/DATA/axbot_ws/install/axbot_interfaces/share/axbot_interfaces/cmake/ament_cmake_export_targets-extras.cmake
-- Installing: /media/roboserver/DATA/axbot_ws/install/axbot_interfaces/share/axbot_interfaces/cmake/rosidl_cmake_export_typesupport_targets-extras.cmake
-- Installing: /media/roboserver/DATA/axbot_ws/install/axbot_interfaces/share/axbot_interfaces/cmake/rosidl_cmake_export_typesupport_libraries-extras.cmake
-- Installing: /media/roboserver/DATA/axbot_ws/install/axbot_interfaces/share/axbot_interfaces/cmake/axbot_interfacesConfig.cmake
-- Installing: /media/roboserver/DATA/axbot_ws/install/axbot_interfaces/share/axbot_interfaces/cmake/axbot_interfacesConfig-version.cmake
-- Installing: /media/roboserver/DATA/axbot_ws/install/axbot_interfaces/share/axbot_interfaces/package.xml
