[0.021s] Invoking command in '/media/roboserver/DATA/axbot_ws/build/axbot_navigation': CMAKE_PREFIX_PATH=${CMAKE_PREFIX_PATH}:/media/roboserver/DATA/axbot_ws/install/pc2_listener:/media/roboserver/DATA/axbot_ws/install/axbot_examples:/media/roboserver/DATA/axbot_ws/install/axbot_driver:/media/roboserver/DATA/autox_ws/install/fielder_teleop:/media/roboserver/DATA/autox_ws/install/fielder_odometry:/media/roboserver/DATA/autox_ws/install/fielder_navigation:/opt/ros/jazzy DEBUGINFOD_URLS=https://debuginfod.ubuntu.com /usr/bin/cmake --build /media/roboserver/DATA/axbot_ws/build/axbot_navigation -- -j8 -l8
[0.321s] Invoked command in '/media/roboserver/DATA/axbot_ws/build/axbot_navigation' returned '0': CMAKE_PREFIX_PATH=${CMAKE_PREFIX_PATH}:/media/roboserver/DATA/axbot_ws/install/pc2_listener:/media/roboserver/DATA/axbot_ws/install/axbot_examples:/media/roboserver/DATA/axbot_ws/install/axbot_driver:/media/roboserver/DATA/autox_ws/install/fielder_teleop:/media/roboserver/DATA/autox_ws/install/fielder_odometry:/media/roboserver/DATA/autox_ws/install/fielder_navigation:/opt/ros/jazzy DEBUGINFOD_URLS=https://debuginfod.ubuntu.com /usr/bin/cmake --build /media/roboserver/DATA/axbot_ws/build/axbot_navigation -- -j8 -l8
[0.333s] Invoking command in '/media/roboserver/DATA/axbot_ws/build/axbot_navigation': CMAKE_PREFIX_PATH=${CMAKE_PREFIX_PATH}:/media/roboserver/DATA/axbot_ws/install/pc2_listener:/media/roboserver/DATA/axbot_ws/install/axbot_examples:/media/roboserver/DATA/axbot_ws/install/axbot_driver:/media/roboserver/DATA/autox_ws/install/fielder_teleop:/media/roboserver/DATA/autox_ws/install/fielder_odometry:/media/roboserver/DATA/autox_ws/install/fielder_navigation:/opt/ros/jazzy DEBUGINFOD_URLS=https://debuginfod.ubuntu.com /usr/bin/cmake --install /media/roboserver/DATA/axbot_ws/build/axbot_navigation
[0.342s] -- Install configuration: ""
[0.343s] -- Execute custom install script
[0.343s] -- Up-to-date symlink: /media/roboserver/DATA/axbot_ws/install/axbot_navigation/share/axbot_navigation/config/nav2_params.yaml
[0.344s] -- Up-to-date symlink: /media/roboserver/DATA/axbot_ws/install/axbot_navigation/share/axbot_navigation/config/slam_toolbox.yaml
[0.344s] -- Up-to-date symlink: /media/roboserver/DATA/axbot_ws/install/axbot_navigation/share/axbot_navigation/launch/navigation.launch.py
[0.345s] -- Up-to-date symlink: /media/roboserver/DATA/axbot_ws/install/axbot_navigation/share/axbot_navigation/launch/slam.launch.py
[0.345s] -- Up-to-date symlink: /media/roboserver/DATA/axbot_ws/install/axbot_navigation/share/axbot_navigation/launch/slam_navigation.launch.py
[0.345s] -- Up-to-date symlink: /media/roboserver/DATA/axbot_ws/install/axbot_navigation/share/ament_index/resource_index/package_run_dependencies/axbot_navigation
[0.345s] -- Up-to-date symlink: /media/roboserver/DATA/axbot_ws/install/axbot_navigation/share/ament_index/resource_index/parent_prefix_path/axbot_navigation
[0.346s] -- Up-to-date symlink: /media/roboserver/DATA/axbot_ws/install/axbot_navigation/share/axbot_navigation/environment/ament_prefix_path.sh
[0.346s] -- Up-to-date symlink: /media/roboserver/DATA/axbot_ws/install/axbot_navigation/share/axbot_navigation/environment/ament_prefix_path.dsv
[0.346s] -- Up-to-date symlink: /media/roboserver/DATA/axbot_ws/install/axbot_navigation/share/axbot_navigation/environment/path.sh
[0.347s] -- Up-to-date symlink: /media/roboserver/DATA/axbot_ws/install/axbot_navigation/share/axbot_navigation/environment/path.dsv
[0.347s] -- Up-to-date symlink: /media/roboserver/DATA/axbot_ws/install/axbot_navigation/share/axbot_navigation/local_setup.bash
[0.347s] -- Up-to-date symlink: /media/roboserver/DATA/axbot_ws/install/axbot_navigation/share/axbot_navigation/local_setup.sh
[0.347s] -- Up-to-date symlink: /media/roboserver/DATA/axbot_ws/install/axbot_navigation/share/axbot_navigation/local_setup.zsh
[0.348s] -- Up-to-date symlink: /media/roboserver/DATA/axbot_ws/install/axbot_navigation/share/axbot_navigation/local_setup.dsv
[0.348s] -- Symlinking: /media/roboserver/DATA/axbot_ws/install/axbot_navigation/share/axbot_navigation/package.dsv
[0.358s] -- Up-to-date symlink: /media/roboserver/DATA/axbot_ws/install/axbot_navigation/share/ament_index/resource_index/packages/axbot_navigation
[0.359s] -- Up-to-date symlink: /media/roboserver/DATA/axbot_ws/install/axbot_navigation/share/axbot_navigation/cmake/axbot_navigationConfig.cmake
[0.359s] -- Up-to-date symlink: /media/roboserver/DATA/axbot_ws/install/axbot_navigation/share/axbot_navigation/cmake/axbot_navigationConfig-version.cmake
[0.359s] -- Up-to-date symlink: /media/roboserver/DATA/axbot_ws/install/axbot_navigation/share/axbot_navigation/package.xml
[0.378s] Invoked command in '/media/roboserver/DATA/axbot_ws/build/axbot_navigation' returned '0': CMAKE_PREFIX_PATH=${CMAKE_PREFIX_PATH}:/media/roboserver/DATA/axbot_ws/install/pc2_listener:/media/roboserver/DATA/axbot_ws/install/axbot_examples:/media/roboserver/DATA/axbot_ws/install/axbot_driver:/media/roboserver/DATA/autox_ws/install/fielder_teleop:/media/roboserver/DATA/autox_ws/install/fielder_odometry:/media/roboserver/DATA/autox_ws/install/fielder_navigation:/opt/ros/jazzy DEBUGINFOD_URLS=https://debuginfod.ubuntu.com /usr/bin/cmake --install /media/roboserver/DATA/axbot_ws/build/axbot_navigation
